2025-10-13 02:20:18,719 - INFO - ================================================================================
2025-10-13 02:20:18,719 - INFO - PromptEHR Synthetic Patient Generation
2025-10-13 02:20:18,719 - INFO - ================================================================================
2025-10-13 02:20:18,789 - INFO - Device: cpu
2025-10-13 02:20:18,789 - INFO - 
Loading vocabulary...
2025-10-13 02:20:18,789 - INFO - Loading MIMIC-III data files
2025-10-13 02:20:18,842 - INFO - Loaded 46520 patients
2025-10-13 02:20:18,971 - INFO - Loaded 58976 admissions
2025-10-13 02:20:19,293 - INFO - Loaded 651047 diagnosis records
2025-10-13 02:20:19,696 - INFO - Processing patient records
2025-10-13 02:20:21,336 - INFO - Loaded 3000 patient records
2025-10-13 02:20:21,336 - INFO - Diagnosis vocabulary size: 2823
2025-10-13 02:20:21,337 - INFO - Average visits per patient: 1.27
2025-10-13 02:20:21,337 - INFO - Average codes per visit: 9.27
2025-10-13 02:20:21,338 - INFO - Gender distribution: {'M': 1686, 'F': 1314}
2025-10-13 02:20:21,338 - INFO - Ethnicity distribution: {'WHITE': 1990, 'UNKNOWN/NOT SPECIFIED': 429, 'BLACK': 239, 'OTHER': 120, 'ASIAN': 119, 'HISPANIC OR LATINO': 103}
2025-10-13 02:20:21,355 - INFO - Tokenizer vocab size: 2829
2025-10-13 02:20:21,355 - INFO - Using checkpoint: checkpoints/best_model.pt
2025-10-13 02:20:21,355 - INFO - Loading model from checkpoints/best_model.pt
2025-10-13 02:20:23,589 - INFO - Model loaded from epoch 30
2025-10-13 02:20:23,589 - INFO - Validation loss: 0.0560
2025-10-13 02:20:23,653 - INFO - 
================================================================================
2025-10-13 02:20:23,653 - INFO - Generating Synthetic Patients
2025-10-13 02:20:23,653 - INFO - ================================================================================
2025-10-13 02:20:23,653 - INFO - 
────────────────────────────────────────────────────────────────────────────────
2025-10-13 02:20:23,653 - INFO - Patient 1:
2025-10-13 02:20:23,653 - INFO -   Demographics: 65.0yo WHITE M
2025-10-13 02:20:23,828 - INFO -   Generated Sequence:
2025-10-13 02:20:23,828 - INFO -     <BOS> <v> 97081 2250 2572 E9585 E8146 <END>
2025-10-13 02:20:23,829 - INFO -   Statistics:
2025-10-13 02:20:23,829 - INFO -     Visits: 1
2025-10-13 02:20:23,829 - INFO -     Diagnosis Codes: 7
2025-10-13 02:20:23,829 - INFO -     Avg Codes per Visit: 7.0
2025-10-13 02:20:23,829 - INFO - 
────────────────────────────────────────────────────────────────────────────────
2025-10-13 02:20:23,829 - INFO - Patient 2:
2025-10-13 02:20:23,829 - INFO -   Demographics: 45.0yo BLACK F
2025-10-13 02:20:24,860 - INFO -   Generated Sequence:
2025-10-13 02:20:24,860 - INFO -     <BOS> <v> 33182 86612 E8227 3693 86350 86113 5888 E8227 86100 25061 48249 E8130 E8227 V053 4401 <\v> <v> 8860 V4986 4262 5888 E8227 49392 07044 V1089 5533 53081 V290 V053 <\v> <v> 430 4210 V4986 4262 88002 85011 49392 <END>
2025-10-13 02:20:24,860 - INFO -   Statistics:
2025-10-13 02:20:24,860 - INFO -     Visits: 3
2025-10-13 02:20:24,860 - INFO -     Diagnosis Codes: 38
2025-10-13 02:20:24,860 - INFO -     Avg Codes per Visit: 12.7
2025-10-13 02:20:24,860 - INFO - 
────────────────────────────────────────────────────────────────────────────────
2025-10-13 02:20:24,860 - INFO - Patient 3:
2025-10-13 02:20:24,860 - INFO -   Demographics: 30.0yo HISPANIC M
2025-10-13 02:20:25,149 - INFO -   Generated Sequence:
2025-10-13 02:20:25,149 - INFO -     <BOS> <v> 82021 07044 86350 2861 88002 4784 73381 430 86113 6089 33811 E8851 85202 <END>
2025-10-13 02:20:25,149 - INFO -   Statistics:
2025-10-13 02:20:25,149 - INFO -     Visits: 1
2025-10-13 02:20:25,149 - INFO -     Diagnosis Codes: 15
2025-10-13 02:20:25,149 - INFO -     Avg Codes per Visit: 15.0
2025-10-13 02:20:25,149 - INFO - 
────────────────────────────────────────────────────────────────────────────────
2025-10-13 02:20:25,149 - INFO - Patient 4:
2025-10-13 02:20:25,149 - INFO -   Demographics: 70.0yo WHITE F
2025-10-13 02:20:25,426 - INFO -   Generated Sequence:
2025-10-13 02:20:25,426 - INFO -     <BOS> <v> E8136 430 E8130 82032 86804 1572 E8227 85306 E9585 82525 E8146 27541 V1089 2859 <END>
2025-10-13 02:20:25,426 - INFO -   Statistics:
2025-10-13 02:20:25,426 - INFO -     Visits: 1
2025-10-13 02:20:25,426 - INFO -     Diagnosis Codes: 16
2025-10-13 02:20:25,426 - INFO -     Avg Codes per Visit: 16.0
2025-10-13 02:20:25,426 - INFO - 
────────────────────────────────────────────────────────────────────────────────
2025-10-13 02:20:25,427 - INFO - Patient 5:
2025-10-13 02:20:25,427 - INFO -   Demographics: 55.0yo ASIAN M
2025-10-13 02:20:26,085 - INFO -   Generated Sequence:
2025-10-13 02:20:26,085 - INFO -     <BOS> <v> 82123 E9571 29040 86113 48249 7563 42610 55090 8713 430 44102 E8227 V553 30550 99702 <\v> <v> 00845 7948 4401 E9585 59582 V053 2572 E8809 <\v> <v> 72888 V053 V442 430 V3001 <END>
2025-10-13 02:20:26,085 - INFO -   Statistics:
2025-10-13 02:20:26,085 - INFO -     Visits: 3
2025-10-13 02:20:26,085 - INFO -     Diagnosis Codes: 32
2025-10-13 02:20:26,085 - INFO -     Avg Codes per Visit: 10.7
2025-10-13 02:20:26,085 - INFO - 
────────────────────────────────────────────────────────────────────────────────
2025-10-13 02:20:26,085 - INFO - Patient 6:
2025-10-13 02:20:26,085 - INFO -   Demographics: 80.0yo WHITE F
2025-10-13 02:20:26,592 - INFO -   Generated Sequence:
2025-10-13 02:20:26,592 - INFO -     <BOS> <v> 8240 80012 3236 E8146 E8227 80111 86113 <BOS> <BOS> 7994 E9585 <BOS> <BOS> <BOS> <BOS> <BOS> <BOS> <BOS> <BOS> <BOS> <BOS> 48249 2899 V5417 2859 <END>
2025-10-13 02:20:26,592 - INFO -   Statistics:
2025-10-13 02:20:26,592 - INFO -     Visits: 1
2025-10-13 02:20:26,592 - INFO -     Diagnosis Codes: 27
2025-10-13 02:20:26,592 - INFO -     Avg Codes per Visit: 27.0
2025-10-13 02:20:26,592 - INFO - 
────────────────────────────────────────────────────────────────────────────────
2025-10-13 02:20:26,592 - INFO - Patient 7:
2025-10-13 02:20:26,592 - INFO -   Demographics: 25.0yo HISPANIC F
2025-10-13 02:20:26,730 - INFO -   Generated Sequence:
2025-10-13 02:20:26,730 - INFO -     <BOS> <v> 2899 80012 42971 E9585 74101 73381 <END>
2025-10-13 02:20:26,730 - INFO -   Statistics:
2025-10-13 02:20:26,730 - INFO -     Visits: 1
2025-10-13 02:20:26,730 - INFO -     Diagnosis Codes: 8
2025-10-13 02:20:26,730 - INFO -     Avg Codes per Visit: 8.0
2025-10-13 02:20:26,730 - INFO - 
────────────────────────────────────────────────────────────────────────────────
2025-10-13 02:20:26,730 - INFO - Patient 8:
2025-10-13 02:20:26,730 - INFO -   Demographics: 60.0yo BLACK M
2025-10-13 02:20:27,025 - INFO -   Generated Sequence:
2025-10-13 02:20:27,025 - INFO -     <BOS> <v> 77982 86612 80125 48249 E8146 2899 2531 990 88002 2874 E9502 42610 <END>
2025-10-13 02:20:27,026 - INFO -   Statistics:
2025-10-13 02:20:27,026 - INFO -     Visits: 1
2025-10-13 02:20:27,026 - INFO -     Diagnosis Codes: 14
2025-10-13 02:20:27,026 - INFO -     Avg Codes per Visit: 14.0
2025-10-13 02:20:27,026 - INFO - 
────────────────────────────────────────────────────────────────────────────────
2025-10-13 02:20:27,026 - INFO - Patient 9:
2025-10-13 02:20:27,026 - INFO -   Demographics: 50.0yo OTHER F
2025-10-13 02:20:27,177 - INFO -   Generated Sequence:
2025-10-13 02:20:27,177 - INFO -     <BOS> <v> 57450 430 80601 E8227 72992 <END>
2025-10-13 02:20:27,177 - INFO -   Statistics:
2025-10-13 02:20:27,177 - INFO -     Visits: 1
2025-10-13 02:20:27,177 - INFO -     Diagnosis Codes: 7
2025-10-13 02:20:27,177 - INFO -     Avg Codes per Visit: 7.0
2025-10-13 02:20:27,177 - INFO - 
────────────────────────────────────────────────────────────────────────────────
2025-10-13 02:20:27,177 - INFO - Patient 10:
2025-10-13 02:20:27,177 - INFO -   Demographics: 75.0yo WHITE M
2025-10-13 02:20:27,321 - INFO -   Generated Sequence:
2025-10-13 02:20:27,321 - INFO -     <BOS> <v> 5920 30411 8240 29574 7718 80238 48249 <END>
2025-10-13 02:20:27,321 - INFO -   Statistics:
2025-10-13 02:20:27,321 - INFO -     Visits: 1
2025-10-13 02:20:27,321 - INFO -     Diagnosis Codes: 9
2025-10-13 02:20:27,321 - INFO -     Avg Codes per Visit: 9.0
2025-10-13 02:20:27,321 - INFO - 
================================================================================
2025-10-13 02:20:27,321 - INFO - Generation Complete!
2025-10-13 02:20:27,321 - INFO - ================================================================================
