2025-10-13 02:02:03,030 - INFO - ================================================================================
2025-10-13 02:02:03,030 - INFO - PromptEHR Synthetic Patient Generation
2025-10-13 02:02:03,030 - INFO - ================================================================================
2025-10-13 02:02:03,114 - INFO - Device: cpu
2025-10-13 02:02:03,114 - INFO - 
Loading vocabulary...
2025-10-13 02:02:03,114 - INFO - Loading MIMIC-III data files
2025-10-13 02:02:03,167 - INFO - Loaded 46520 patients
2025-10-13 02:02:03,699 - INFO - Loaded 58976 admissions
2025-10-13 02:02:03,845 - INFO - Loaded 651047 diagnosis records
2025-10-13 02:02:04,371 - INFO - Processing patient records
2025-10-13 02:02:06,017 - INFO - Loaded 3000 patient records
2025-10-13 02:02:06,017 - INFO - Diagnosis vocabulary size: 2823
2025-10-13 02:02:06,019 - INFO - Average visits per patient: 1.27
2025-10-13 02:02:06,019 - INFO - Average codes per visit: 9.27
2025-10-13 02:02:06,019 - INFO - Gender distribution: {'M': 1686, 'F': 1314}
2025-10-13 02:02:06,020 - INFO - Ethnicity distribution: {'WHITE': 1990, 'UNKNOWN/NOT SPECIFIED': 429, 'BLACK': 239, 'OTHER': 120, 'ASIAN': 119, 'HISPANIC OR LATINO': 103}
2025-10-13 02:02:06,036 - INFO - Tokenizer vocab size: 2829
2025-10-13 02:02:06,036 - INFO - Using checkpoint: checkpoints/best_model.pt
2025-10-13 02:02:06,036 - INFO - Loading model from checkpoints/best_model.pt
2025-10-13 02:02:08,228 - INFO - Model loaded from epoch 30
2025-10-13 02:02:08,228 - INFO - Validation loss: 0.0560
2025-10-13 02:02:08,290 - INFO - 
================================================================================
2025-10-13 02:02:08,290 - INFO - Generating Synthetic Patients
2025-10-13 02:02:08,290 - INFO - ================================================================================
2025-10-13 02:02:08,290 - INFO - 
────────────────────────────────────────────────────────────────────────────────
2025-10-13 02:02:08,290 - INFO - Patient 1:
2025-10-13 02:02:08,290 - INFO -   Demographics: 65.0yo WHITE M
2025-10-13 02:02:17,068 - INFO -   Generated Sequence:
2025-10-13 02:02:17,068 - INFO -     <BOS> <BOS> <v> 85202 97081 88002 1915 7511 <END> <END> <END> V5417 99671 E8130 58889 4401 4401 E8146 75010 7994 7994 E8809 97081 74343 7100 2859 2859 <END> 3229 2572 7948 V442 <END> <END> <END> 48249 86113 E8130 70219 4401 42610 27800 <END> <END> <END> <END> 430 430 <END> <END> <END> <END> <END> <END> <\v> <END> 430 2899 2899 71846 2839 86113 2859 V714 V714 72989 V1749 <\v> <END> <END> <END> <END> <END> <END> <END> <END> <END> <END> <END> 85202 4401 73342 73342 48249 7948 <END> <END> <END> <END> <END> <END> <\v> <END> <END> <END> <END> <END> <END> <END> <END> <END> <END> <END> <END> <END> <\v> <END> <END> <END> <END> <END> <END> <END> V1011 <\v> <END> <END> <END> <END> <END> <END> <END> <END> <END> <END> <END> <END> <END> <END> <END> <END> <END> <END> <END> <END> 2536 73300 <END> <END> <END> <END> <END> <END> <END> <END> 2859 29590 E8809 E8809 E8809 85202 <END> <END> <END> <END> <END> <END> <END> <END> <END> <END> <END> <END> <END> <END> <END> <END> <END> <END> <END> <END> <END> <END> 34590 2859 V061 <\v> <END> <END> <END> <END> <END> <END> <END> <END> <END> <END> <END> <END> <END> <END> <END> <END> <END> <END> <END> <END> 2859 V1089 <END> <END> <END> <END> <END> V4511 34590 2859 28860 <END> 85202 71846 71846 V053 V053 V4981 V4981 <END> <END> <END> <END> <END> <END> <END> <END> <END> <END> <END> <END> <END> <END> <END> <END> <END> <END> <END> <END> <END> <END> 30590 430 <END> <END> <END> <END> <END> <END> 430 <\v> <END> <END> <END> <END> <END> <END> <END> <END> <END>
2025-10-13 02:02:17,068 - INFO -   Statistics:
2025-10-13 02:02:17,068 - INFO -     Visits: 1
2025-10-13 02:02:17,068 - INFO -     Diagnosis Codes: 256
2025-10-13 02:02:17,068 - INFO -     Avg Codes per Visit: 256.0
2025-10-13 02:02:17,068 - INFO - 
────────────────────────────────────────────────────────────────────────────────
2025-10-13 02:02:17,068 - INFO - Patient 2:
2025-10-13 02:02:17,068 - INFO -   Demographics: 45.0yo BLACK F
2025-10-13 02:02:25,725 - INFO -   Generated Sequence:
2025-10-13 02:02:25,725 - INFO -     <BOS> <BOS> <v> 9238 E8227 E8130 85246 44022 74429 V1002 48249 430 V230 V230 2859 53081 29590 86415 48249 85181 85181 4262 80238 V4986 V1089 V0254 2899 4262 75679 8028 8028 88002 5307 07044 81221 99679 8860 E9585 V4986 <END> <END> 2899 2899 <\v> <END> 3693 5298 8028 2859 <\v> <END> <END> <END> <END> <END> <END> <BOS> <BOS> <BOS> <BOS> <v> 85181 72989 72989 34839 7336 4271 7336 <\v> <END> <END> 2859 2819 48249 72889 86113 2859 2859 V0254 85202 <\v> <END> <END> <END> <END> <END> <END> <END> <END> 2859 <END> 34839 <END> <END> 29590 29590 49392 <END> <END> <END> <END> 30301 2866 <END> 34590 2859 2859 2859 V1089 2899 <\v> <END> <END> <END> <END> <END> <END> 2899 2899 <END> 2859 2859 2859 <END> <END> <END> <END> <END> <END> 2859 4210 4210 E9342 2859 27541 <\v> <END> <END> <END> <END> <END> <END> <END> <END> <END> <END> <END> <END> <END> <END> <END> 85202 29590 <END> <END> <END> 49392 2899 <END> <END> <END> <END> <END> <END> <END> 4168 2874 49392 97081 58881 <\v> <END> <END> <END> 85202 27541 <\v> <END> <END> <END> V1089 V1089 2875 28521 <END> 2859 V1089 V1089 V1089 V1089 V1089 43811 97081 2768 07044 07044 07044 07044 07044 07044 <END> 2859 07044 1120 9694 2859 27541 <\v> <END> <END> <END> <END> <END> 2536 4271 <\v> <END> <END> 42789 97081 97081 <END> <END> <END> 2572 V290 <END> <END> <END> <END> <END> <END> <END> 99791 99791 V230 5264 2859 34839 4370 <END> <END> <END> <END> <END> <END> 75679 4582 07044 5264 5264 97081 8820 38611 8860 990 43811
2025-10-13 02:02:25,725 - INFO -   Statistics:
2025-10-13 02:02:25,725 - INFO -     Visits: 2
2025-10-13 02:02:25,725 - INFO -     Diagnosis Codes: 255
2025-10-13 02:02:25,725 - INFO -     Avg Codes per Visit: 127.5
2025-10-13 02:02:25,725 - INFO - 
────────────────────────────────────────────────────────────────────────────────
2025-10-13 02:02:25,725 - INFO - Patient 3:
2025-10-13 02:02:25,725 - INFO -   Demographics: 30.0yo HISPANIC M
2025-10-13 02:02:34,033 - INFO -   Generated Sequence:
2025-10-13 02:02:34,033 - INFO -     <BOS> <BOS> <v> 53100 E8130 E8130 82123 <END> <END> E8851 7101 99702 48249 48249 2899 V1089 <END> <END> <END> <END> <END> <END> <END> V230 <END> <END> <END> 2859 <END> 85306 <END> <END> E9359 85306 81201 79500 8860 E9198 V1011 2920 <END> V053 <\v> <END> <END> 4271 V553 V1209 30461 85202 41402 2859 2899 V610 7936 49392 9694 7580 2899 2859 29590 <END> <END> 7100 8240 30300 V610 E8768 E8851 E8851 V053 E8499 E8499 2899 8240 E8227 V610 2859 2531 V1279 30590 1915 V053 7101 1419 <END> 30300 4413 4413 4413 4413 4560 V1279 430 29590 29590 V5417 07044 07044 V1089 V1089 2859 2859 2859 78039 4413 <END> 55090 7936 <END> <END> <END> <END> <END> 5128 3599 3599 3599 79500 V061 71590 72888 70720 E918 45620 29590 29590 <END> 55090 1911 4359 57451 25200 V1089 30590 30590 30590 4271 V5417 <\v> <END> <END> <END> <END> <END> 99832 4413 1991 V3000 <END> <END> <END> <END> <END> 33811 1539 1539 1539 2899 2899 <\v> <END> <END> <END> <END> <END> <END> <END> 99529 8240 45620 29590 58389 V230 2899 2899 <\v> <END> <END> <END> 88002 88002 4271 4271 80625 80625 8240 4110 42091 <END> <END> <END> V462 V1089 V1089 V053 7621 7621 80111 9984 V1089 2859 2875 53081 85306 85306 E8227 4294 E9378 E9378 7462 E9393 30590 E9580 2899 2899 2899 E8851 E8499 72885 85202 4110 4560 3229 2859 53550 V230 V5417 <END> <END> <END> <END> 4370 4370 4370 8240 4560 1419 39890 7318 V610 V610 E8528 78039 <END> <END> <END> <END> 79500 70720 2572 V1089 V1089 V1089 V1089 V1089 4359
2025-10-13 02:02:34,033 - INFO -   Statistics:
2025-10-13 02:02:34,033 - INFO -     Visits: 1
2025-10-13 02:02:34,033 - INFO -     Diagnosis Codes: 256
2025-10-13 02:02:34,033 - INFO -     Avg Codes per Visit: 256.0
2025-10-13 02:02:34,033 - INFO - 
────────────────────────────────────────────────────────────────────────────────
2025-10-13 02:02:34,033 - INFO - Patient 4:
2025-10-13 02:02:34,033 - INFO -   Demographics: 70.0yo WHITE F
2025-10-13 02:02:45,410 - INFO -   Generated Sequence:
2025-10-13 02:02:45,410 - INFO -     <BOS> <BOS> <v> 07044 2250 E8130 <END> 7830 48249 7197 73381 38611 E9208 2250 38611 2572 2825 7830 7830 4262 <END> V1089 7197 V230 7580 7580 55090 <END> <END> 07044 2859 85202 <END> <END> <END> 88002 88002 <END> <END> E8809 8860 2859 <\v> <END> <END> <END> 2572 2899 41402 75981 2773 V1089 27549 V714 5184 75981 4271 30590 <END> <END> <END> V290 <\v> <END> <END> 4271 <END> <END> 2839 V1089 <END> <END> 41402 <END> 7100 4413 <END> <END> <END> 07044 2859 3341 2536 4370 34590 V290 2859 2859 82525 75451 E9585 85202 85202 80012 <\v> <END> 85202 85202 85202 86415 07044 <END> <END> <END> <\v> <END> <END> <END> <END> <END> <END> <END> <END> <END> <\v> <END> <END> <END> <END> <END> <END> <END> <END> <END> <END> <END> <END> <END> <END> <END> <END> <END> <END> <END> <END> <END> <END> <END> <END> <END> <END> <END> <END> <END> <END> <END> <END> <END> 82525 82525 82525 82525 82525 82525 97081 97081 5641 E9198 7935 58389 2839 990 V4511 E918 2859 5184 80601 85202 85202 85202 <\v> <END> <END> 2859 27541 27541 <\v> <END> <END> <END> <END> <END> <END> <END> <END> <END> <END> <END> <END> <END> <END> <END> <END> <END> <END> <END> <END> <END> <END> <END> <END> 3229 2866 2859 34590 07044 E8130 4401 4401 4401 55090 80705 V290 <\v> <END> 2572 2572 2572 2409 7197 34590 2859 2859 <\v> <END> <END> <END> 430 <END> <END> <END> <END> 3229 <END> <END> <END> <END> <END> 80238 <\v> <END> <END> <END> <END> <END> <END> <END> <END> <END> <END> V5417 41402 <END> <END> <END> <END> <END>
2025-10-13 02:02:45,410 - INFO -   Statistics:
2025-10-13 02:02:45,410 - INFO -     Visits: 1
2025-10-13 02:02:45,410 - INFO -     Diagnosis Codes: 256
2025-10-13 02:02:45,410 - INFO -     Avg Codes per Visit: 256.0
2025-10-13 02:02:45,410 - INFO - 
────────────────────────────────────────────────────────────────────────────────
2025-10-13 02:02:45,410 - INFO - Patient 5:
2025-10-13 02:02:45,410 - INFO -   Demographics: 55.0yo ASIAN M
2025-10-13 02:02:53,331 - INFO -   Generated Sequence:
2025-10-13 02:02:53,331 - INFO -     <BOS> <BOS> <v> 75010 5711 85246 48249 86100 3568 99791 48249 9694 80111 80111 <v> 07044 07044 61801 V291 V291 <END> 4271 <END> <END> V3001 V3001 2874 1991 7936 <v> 07044 <END> <END> <END> <END> <END> <END> <END> 07044 <END> <END> 1625 V714 80426 7802 <\v> <END> <END> 07041 <\v> <END> <END> <END> <END> V053 8240 28529 25062 72888 E8130 1572 07044 <END> <END> 5920 <\v> <END> <END> 79902 61801 29590 29590 5185 4271 V1259 V1259 <\v> <END> <END> <END> <END> <END> <END> E9393 5856 29590 2859 04186 2572 5920 E9393 25062 07044 57510 V053 <\v> <END> <END> <END> <END> 2874 <END> V0254 55090 <\v> <END> <END> <END> <END> <END> <END> <END> 1991 430 430 2572 2572 2572 2572 <END> <END> <END> 99832 48249 <END> 2859 <END> <END> <END> <END> <END> <END> <END> <END> <END> <END> <END> <END> 2839 <\v> <END> <END> <END> <END> <END> <END> <END> <END> <END> <END> <END> <END> <END> <END> <END> <END> <END> <END> <END> <END> <END> <END> <END> <END> <END> <END> <END> <END> 88002 8860 <\v> <END> <END> <END> <END> <END> <END> <END> <END> 00845 <END> <END> <END> <END> 5780 5780 5780 8082 E966 1991 V053 <END> <END> <END> <END> <END> <END> <END> <END> <END> <END> <END> <END> <END> <END> <END> <END> <END> <END> 25200 E8809 29590 29590 29590 29590 4413 <END> <END> <END> <END> <END> <END> <END> <END> <END> <END> <END> V053 <END> <END> <END> <END> 4370 4370 V5417 72888 V053 <\v> <END> <END> <END> <END> <END> <END> <END> <END> <END> <END> <END> <END> <END> <END> <END> <END> <END> <END> <END>
2025-10-13 02:02:53,331 - INFO -   Statistics:
2025-10-13 02:02:53,332 - INFO -     Visits: 3
2025-10-13 02:02:53,332 - INFO -     Diagnosis Codes: 254
2025-10-13 02:02:53,332 - INFO -     Avg Codes per Visit: 84.7
2025-10-13 02:02:53,332 - INFO - 
────────────────────────────────────────────────────────────────────────────────
2025-10-13 02:02:53,332 - INFO - Patient 6:
2025-10-13 02:02:53,332 - INFO -   Demographics: 80.0yo WHITE F
2025-10-13 02:03:02,033 - INFO -   Generated Sequence:
2025-10-13 02:03:02,033 - INFO -     <BOS> <BOS> <v> 4401 86612 56731 88002 99791 99791 8240 82123 30500 42971 E8227 E8902 E8902 E8227 E8227 430 430 7948 V5417 E9358 E9585 27800 2773 2839 71905 V1089 <\v> <END> <END> <END> 59389 V1009 71906 V553 V4365 <END> <END> <END> 44023 <END> 57510 <END> <END> 2874 V3000 <END> <END> <END> <END> 8860 8860 27549 430 8020 V290 V053 <\v> <END> V1082 7948 V0254 V0254 81221 <\v> <END> <END> <END> <END> <END> 430 <END> 7197 V230 7197 07044 E8146 2859 4210 <END> V1082 4465 7756 <END> <END> <END> <END> <END> <END> <END> <END> <END> <END> <END> <END> 55090 55090 34590 30000 V1209 2767 <\v> <END> <END> <END> <END> <END> <END> <END> <END> 72291 2572 71590 E8227 <END> <END> <END> <END> <END> <END> <END> <END> <END> <END> <END> <END> <END> <END> <END> <END> E8809 2859 34590 1173 2920 07044 07044 07044 <END> <END> <END> <END> <END> 4370 38611 8860 82525 82525 59389 75451 2536 2536 2859 4401 80705 81221 81221 81221 7948 4299 V553 <\v> <END> <END> <END> <END> <END> <END> <END> <END> <END> E8809 2859 71846 4271 99591 2920 430 8028 41402 34590 3229 <END> V1002 <\v> <END> <END> <END> <END> 2899 6989 <END> 27541 <\v> <END> <END> <END> <END> <END> <END> <END> <END> <END> <END> <END> <END> <END> <END> <END> <END> <END> <END> <END> <END> <END> <END> 82525 82525 5264 2859 85202 E8809 <END> 8860 E9342 <\v> <END> <END> <END> <END> <END> <END> 2773 29040 4262 4262 4262 2773 E8227 2753 <END> 430 430 <END> <END> <END> <END> <END> 2859 82525 <END> <END> <END> <END> <END>
2025-10-13 02:03:02,033 - INFO -   Statistics:
2025-10-13 02:03:02,033 - INFO -     Visits: 1
2025-10-13 02:03:02,033 - INFO -     Diagnosis Codes: 256
2025-10-13 02:03:02,033 - INFO -     Avg Codes per Visit: 256.0
2025-10-13 02:03:02,033 - INFO - 
────────────────────────────────────────────────────────────────────────────────
2025-10-13 02:03:02,033 - INFO - Patient 7:
2025-10-13 02:03:02,033 - INFO -   Demographics: 25.0yo HISPANIC F
2025-10-13 02:03:10,232 - INFO -   Generated Sequence:
2025-10-13 02:03:10,232 - INFO -     <BOS> <BOS> <v> 80426 9551 88002 75559 <END> <END> E8580 E9502 80114 7830 85181 2971 E8499 E8228 0090 8860 2899 80625 30400 585 V230 430 7197 8020 8240 5264 85306 135 85212 430 430 <END> <END> <END> 53241 82525 82525 7830 86509 E8130 V1002 2859 2859 2899 2929 80625 8860 V5417 55090 33811 E8499 E8499 7705 2825 2839 85202 <END> <END> <END> <END> V180 2971 2971 <\v> <END> V1089 V5417 72400 72400 29590 70720 82525 4441 <\v> <END> V1089 V1089 2859 V1089 27549 88002 55090 2900 2859 4019 27549 7812 7812 4465 4465 55090 430 7936 39890 75451 430 V553 56400 56400 2859 53081 29590 E8227 3009 9809 29590 2874 30300 E8809 2859 82525 4110 4110 4110 29590 <END> <END> <END> <END> <END> <END> 85202 85202 E8809 V5417 4370 53081 34839 72885 V1041 E8227 2859 2859 64804 2899 2899 430 57451 57451 57451 <END> <END> <END> 30300 30300 53370 V293 55090 27549 <END> <END> <END> <END> <END> <END> <END> <END> <END> <END> <END> 7336 9983 9983 3970 73710 27800 43811 2859 2773 V1279 V1089 V1089 V1089 V1089 78039 4582 59389 76496 76496 V290 <END> 30000 30000 V180 <\v> <END> <END> <END> <END> 70720 2859 7101 7101 <END> V1089 V1089 V1089 V1089 2859 4582 55090 <END> <END> 78039 4370 4370 2971 29590 <END> <END> 7842 E8499 E8499 7318 7336 29590 45620 <END> <END> <END> <END> <END> <END> <END> <END> <END> <END> <END> <END> <END> <END> 99791 99791 80625 85202 2899 2899 8240 56721 82525 85202 E9198 29590 V5417 80625 7197 75679 45620 27549 85011 85011 2929 80508 42613
2025-10-13 02:03:10,232 - INFO -   Statistics:
2025-10-13 02:03:10,233 - INFO -     Visits: 1
2025-10-13 02:03:10,233 - INFO -     Diagnosis Codes: 256
2025-10-13 02:03:10,233 - INFO -     Avg Codes per Visit: 256.0
2025-10-13 02:03:10,233 - INFO - 
────────────────────────────────────────────────────────────────────────────────
2025-10-13 02:03:10,233 - INFO - Patient 8:
2025-10-13 02:03:10,233 - INFO -   Demographics: 60.0yo BLACK M
2025-10-13 02:03:20,401 - INFO -   Generated Sequence:
2025-10-13 02:03:20,402 - INFO -     <BOS> <BOS> <v> V3000 48249 9041 42971 7718 88002 82525 31400 49392 E9502 8601 2859 V053 4262 <END> <END> <END> <END> 34839 34839 48249 430 <END> V1011 2839 99832 48249 32723 V714 07044 07044 07044 V230 30411 7705 55090 V5417 <END> V290 2899 07044 V053 <\v> <END> <END> <END> <END> <END> <END> <END> <END> <END> <END> 2859 76383 2859 2859 49392 <END> <END> 99832 2859 2899 8240 <END> <END> <END> <END> <END> <END> <END> <END> <END> 2859 37612 42610 99662 7100 85181 <END> <END> <END> <END> <END> <END> <END> <END> <END> 2899 2899 2572 2839 430 2859 V442 <END> <END> <\v> <END> 2859 <END> 2859 2859 V180 73300 29590 430 <END> <END> <END> <END> <END> <END> <END> 2899 2899 2899 39890 <END> <END> <END> <END> 9238 V230 E8495 <END> <END> <END> <END> <END> <END> <END> <END> <END> <END> <END> <END> <END> <END> <END> <END> <END> <END> 99832 2859 2859 07044 07044 07044 07044 48249 <END> <END> <END> <END> <END> 59389 <END> <END> <END> <END> <END> 99832 99832 V053 <\v> <END> <END> <END> <END> <END> <END> <END> <END> <END> <END> <END> <END> <END> <END> <END> <END> <END> <END> <END> <END> <END> <END> <END> <END> <END> 97081 <END> <END> 2971 88002 V180 <END> 2859 <END> <END> <END> <END> <END> <END> <END> <END> 51889 78659 V053 <\v> <END> V1251 <END> <END> <END> <END> <END> <END> <END> <END> <END> <END> <END> 2899 2899 E8851 V230 2536 <\v> <END> V5417 <BOS> <BOS> <BOS> <BOS> <BOS> <BOS> <BOS> <BOS> <BOS> <BOS> <BOS> 2899 2899 2899 2859 2859 34839 <END> <END> <END> <END> <END>
2025-10-13 02:03:20,402 - INFO -   Statistics:
2025-10-13 02:03:20,402 - INFO -     Visits: 1
2025-10-13 02:03:20,402 - INFO -     Diagnosis Codes: 256
2025-10-13 02:03:20,402 - INFO -     Avg Codes per Visit: 256.0
2025-10-13 02:03:20,402 - INFO - 
────────────────────────────────────────────────────────────────────────────────
2025-10-13 02:03:20,402 - INFO - Patient 9:
2025-10-13 02:03:20,402 - INFO -   Demographics: 50.0yo OTHER F
2025-10-13 02:04:07,598 - INFO -   Generated Sequence:
2025-10-13 02:04:07,598 - INFO -     <BOS> <BOS> <v> 85202 30490 9041 1915 59582 33811 <v> 9800 8860 7051 V291 33182 49392 29590 47825 V1089 2839 56213 58389 42610 88002 2859 72781 430 2788 74361 49392 58389 V171 80012 99662 85202 07041 V1301 V0254 V0254 <END> <END> V5417 <\v> <END> 430 85202 85202 30590 78039 <\v> <END> <END> <END> V171 3236 3501 2859 V1089 E8161 5184 5184 5184 V1051 78039 33182 2899 58881 <\v> <END> <END> <END> 8028 7336 25201 25201 E9502 <\v> <END> <END> V290 7318 2875 72781 72992 7756 7948 4370 5997 E9580 2536 07044 07044 07044 78791 1625 85202 79902 80601 80508 <\v> <END> <END> <END> <END> <END> V553 2788 45829 30122 <\v> <END> <END> E887 72400 430 25082 <\v> <END> <END> <END> V290 V053 V1089 E915 <\v> <END> <END> <END> <END> 8028 8028 7101 <\v> <END> <END> <END> <END> 2899 07044 <END> <END> <END> 30000 V1089 E915 27549 V290 V053 <\v> <END> <END> 55090 <END> <END> <END> <END> 49392 E8162 30461 30461 07044 07044 07044 07044 85202 5768 76496 22802 29560 29560 2875 33182 29410 75451 2518 2518 <END> 85202 85202 85202 99685 99685 5780 5780 5780 5780 V553 07044 <END> <END> 4401 4401 4370 4370 2874 <END> <END> <END> <END> <END> <END> 8028 8028 8028 8028 8028 8028 V4365 2859 72781 29560 <END> <END> 7336 87344 87344 80009 4465 430 4401 V1089 7948 7948 7948 4370 4370 4370 85202 2848 75981 75981 80009 8028 79902 78791 <END> <END> <END> <END> <END> <END> 4401 <END> V290 V291 430 2819 <END> <END> <END> 2859 V290 V053 <\v> <END> <END> <END>
2025-10-13 02:04:07,599 - INFO -   Statistics:
2025-10-13 02:04:07,599 - INFO -     Visits: 2
2025-10-13 02:04:07,599 - INFO -     Diagnosis Codes: 255
2025-10-13 02:04:07,599 - INFO -     Avg Codes per Visit: 127.5
2025-10-13 02:04:07,599 - INFO - 
────────────────────────────────────────────────────────────────────────────────
2025-10-13 02:04:07,599 - INFO - Patient 10:
2025-10-13 02:04:07,599 - INFO -   Demographics: 75.0yo WHITE M
2025-10-13 02:04:33,381 - INFO -   Generated Sequence:
2025-10-13 02:04:33,381 - INFO -     <BOS> <BOS> <v> 2859 20500 82123 V230 4262 E9585 75010 86350 42610 <BOS> <BOS> 2536 75010 V293 56731 86350 <END> 72291 <END> <END> 3578 72400 5997 2859 4271 85202 29590 2839 2839 <END> <END> <END> 88002 88002 2971 <END> <END> <END> 44023 72989 430 <END> 4110 29040 430 2859 5185 <END> <END> <END> <END> 2859 V053 77082 4262 <\v> <END> <END> <END> <END> 84503 84503 2536 <\v> <END> <END> <END> <END> <END> 34590 97081 2839 7841 2859 2859 80111 4168 <END> <END> <END> <END> <END> 2536 <END> <END> <END> <END> <END> <END> <END> <END> <END> <END> V290 <\v> <END> <END> <END> <END> <END> <END> <END> <END> <END> <END> <END> <END> <END> <END> <END> <END> <END> <END> <END> <END> <END> <END> <END> <END> <END> <END> <END> <END> <END> <END> <END> <END> <END> <END> <END> V053 76527 E8851 430 <END> <END> <END> <END> <END> <END> <END> <END> <END> 3051 0417 85202 85202 85202 <END> <END> <END> <END> <END> <END> <END> <END> <END> <END> <END> <END> <END> <END> <END> <END> <END> <END> <END> <END> <END> <END> <END> <END> <END> <END> <END> <END> <END> <END> <END> <END> <END> <END> 4110 <END> <END> <END> <END> <END> <END> <END> <END> <END> <END> <END> <END> <END> <END> <END> <END> <END> <END> <END> <END> <END> <END> <END> <END> <END> <END> <END> <END> <END> <END> <END> <END> 430 430 <END> <END> <END> <END> <END> <END> <END> <END> <END> <END> <END> <END> <END> <END> V1011 V180 V293 <END> 3051 <END> <END> <END> <END> <END> <END> <END> <END> <END> <END> <END> <END> <END> <END> <END> <END> <END> <END>
2025-10-13 02:04:33,381 - INFO -   Statistics:
2025-10-13 02:04:33,381 - INFO -     Visits: 1
2025-10-13 02:04:33,381 - INFO -     Diagnosis Codes: 256
2025-10-13 02:04:33,381 - INFO -     Avg Codes per Visit: 256.0
2025-10-13 02:04:33,381 - INFO - 
================================================================================
2025-10-13 02:04:33,381 - INFO - Generation Complete!
2025-10-13 02:04:33,381 - INFO - ================================================================================
