2025-10-09 04:25:15 | INFO     | <module>:562 | === EHR Generation Training Started ===
2025-10-09 04:25:15 | INFO     | <module>:583 | Configuration: {'model_name': 'facebook/bart-base', 'num_patients': 3000, 'max_seq_length': 256, 'batch_size': 16, 'num_epochs': 30, 'learning_rate': 5e-05, 'generation_temp': 1.5, 'generation_max_length': 256, 'num_warmup_steps': 0, 'top_k': 50, 'data_dir': 'data_files', 'mimic_paths': {'patients_path': 'data_files/PATIENTS.csv', 'admissions_path': 'data_files/ADMISSIONS.csv', 'diagnoses_path': 'data_files/DIAGNOSES_ICD.csv'}}
2025-10-09 04:25:16 | INFO     | <module>:587 | Using device: cuda
2025-10-09 04:25:16 | INFO     | <module>:590 | Loading pretrained BART model: facebook/bart-base
2025-10-09 04:25:16 | INFO     | <module>:599 | Added 3 special tokens: <v>, <\v>, <END>
2025-10-09 04:25:17 | INFO     | <module>:603 | Resized model embeddings to 50268 tokens
2025-10-09 04:25:17 | DEBUG    | <module>:606 | Token ID for <v>: 50265
2025-10-09 04:25:17 | DEBUG    | <module>:607 | Token ID for <\v>: 50266
2025-10-09 04:25:17 | DEBUG    | <module>:608 | Token ID for <END>: 50267
2025-10-09 04:25:17 | INFO     | load_and_format_mimic_data:147 | Loading MIMIC-III data files
2025-10-09 04:25:17 | DEBUG    | load_and_format_mimic_data:148 | Patients: data_files/PATIENTS.csv
2025-10-09 04:25:17 | DEBUG    | load_and_format_mimic_data:149 | Admissions: data_files/ADMISSIONS.csv
2025-10-09 04:25:17 | DEBUG    | load_and_format_mimic_data:150 | Diagnoses: data_files/DIAGNOSES_ICD.csv
2025-10-09 04:25:17 | INFO     | load_and_format_mimic_data:155 | Loaded 46520 patients
2025-10-09 04:25:17 | INFO     | load_and_format_mimic_data:158 | Loaded 58976 admissions
2025-10-09 04:25:17 | INFO     | load_and_format_mimic_data:161 | Loaded 651047 diagnosis records
2025-10-09 04:25:17 | INFO     | load_and_format_mimic_data:219 | Data processing complete. Formatting sequences...
2025-10-09 04:25:20 | INFO     | load_and_format_mimic_data:258 | Sequence formatting complete. Generated 3000 patient sequences
2025-10-09 04:25:20 | DEBUG    | load_and_format_mimic_data:262 | Sample sequence: 0 ASIAN M <demo> <v> V3001 V053 V290 <\v> <END>...
2025-10-09 04:25:20 | INFO     | load_and_format_mimic_data:267 | Average visits per patient: 1.27
2025-10-09 04:25:20 | INFO     | load_and_format_mimic_data:268 | Average tokens per sequence: 19.69
2025-10-09 04:25:20 | INFO     | <module>:622 | Sample patient sequences:
2025-10-09 04:25:20 | INFO     | <module>:624 | Sample 1: 71 WHITE F <demo> <v> 41011 99811 4280 78551 2765 41401 E8790 2720 73300 <\v> <END>...
2025-10-09 04:25:20 | INFO     | <module>:624 | Sample 2: 36 WHITE F <demo> <v> 49392 2554 2967 78057 27800 3051 4019 <\v> <END>...
2025-10-09 04:25:20 | INFO     | <module>:624 | Sample 3: 70 WHITE F <demo> <v> 78039 5722 5856 2760 5990 2761 2875 5715 V5413 28521 25080 5718 <\v> <v> 5722 5715 53783 5733 2869 2875 45620 40391 5856 42830 4...
2025-10-09 04:25:20 | INFO     | <module>:624 | Sample 4: 82 WHITE F <demo> <v> 4412 2875 9971 4260 5119 53081 5533 41401 4019 73300 9604 9671 <\v> <END>...
2025-10-09 04:25:20 | INFO     | <module>:624 | Sample 5: 75 WHITE F <demo> <v> 0389 78552 5849 5990 2762 591 99592 2859 5920 2768 4019 V1005 <\v> <END>...
2025-10-09 04:25:20 | DEBUG    | __init__:294 | First sequence length: 24 tokens
2025-10-09 04:25:20 | DEBUG    | __init__:295 | Pad token ID: 1
2025-10-09 04:25:20 | INFO     | <module>:628 | Created dataset with 3000 samples, 188 batches
2025-10-09 04:25:20 | INFO     | <module>:639 | Optimizer: AdamW with lr=5e-05
2025-10-09 04:25:20 | INFO     | <module>:640 | Scheduler: linear with 0 warmup steps
2025-10-09 04:25:20 | INFO     | train_model:351 | Starting model training for 30 epochs
2025-10-09 04:25:20 | INFO     | train_model:352 | Training steps: 5640
2025-10-09 04:25:20 | INFO     | train_model:353 | Device: cuda
2025-10-09 04:25:20 | DEBUG    | train_model:372 | First batch input_ids shape: torch.Size([16, 256])
2025-10-09 04:25:20 | DEBUG    | train_model:373 | First batch labels shape: torch.Size([16, 256])
2025-10-09 04:25:20 | DEBUG    | train_model:374 | First batch attention_mask shape: torch.Size([16, 256])
2025-10-09 04:25:20 | DEBUG    | train_model:375 | Initial loss: 2.3272
2025-10-09 04:25:20 | DEBUG    | train_model:382 | Special tokens in first batch: {'pad': 3390, 'masked_labels': 3390}
2025-10-09 04:26:07 | INFO     | train_model:401 | Epoch 1/30 completed | Avg Loss: 0.6381
2025-10-09 04:26:53 | INFO     | train_model:401 | Epoch 2/30 completed | Avg Loss: 0.1082
2025-10-09 04:27:40 | INFO     | train_model:401 | Epoch 3/30 completed | Avg Loss: 0.0342
2025-10-09 04:28:27 | INFO     | train_model:401 | Epoch 4/30 completed | Avg Loss: 0.0131
2025-10-09 04:29:13 | INFO     | train_model:401 | Epoch 5/30 completed | Avg Loss: 0.0079
2025-10-09 04:30:00 | INFO     | train_model:401 | Epoch 6/30 completed | Avg Loss: 0.0095
2025-10-09 04:30:46 | INFO     | train_model:401 | Epoch 7/30 completed | Avg Loss: 0.0289
2025-10-09 04:31:33 | INFO     | train_model:401 | Epoch 8/30 completed | Avg Loss: 0.0087
2025-10-09 04:32:19 | INFO     | train_model:401 | Epoch 9/30 completed | Avg Loss: 0.0040
2025-10-09 04:33:06 | INFO     | train_model:401 | Epoch 10/30 completed | Avg Loss: 0.0041
2025-10-09 04:33:53 | INFO     | train_model:401 | Epoch 11/30 completed | Avg Loss: 0.0034
2025-10-09 04:34:39 | INFO     | train_model:401 | Epoch 12/30 completed | Avg Loss: 0.0026
2025-10-09 04:35:26 | INFO     | train_model:401 | Epoch 13/30 completed | Avg Loss: 0.0028
2025-10-09 04:36:12 | INFO     | train_model:401 | Epoch 14/30 completed | Avg Loss: 0.0016
2025-10-09 04:36:59 | INFO     | train_model:401 | Epoch 15/30 completed | Avg Loss: 0.0015
2025-10-09 04:37:45 | INFO     | train_model:401 | Epoch 16/30 completed | Avg Loss: 0.0034
2025-10-09 04:38:32 | INFO     | train_model:401 | Epoch 17/30 completed | Avg Loss: 0.0012
2025-10-09 04:39:19 | INFO     | train_model:401 | Epoch 18/30 completed | Avg Loss: 0.0018
2025-10-09 04:40:05 | INFO     | train_model:401 | Epoch 19/30 completed | Avg Loss: 0.0009
2025-10-09 04:40:52 | INFO     | train_model:401 | Epoch 20/30 completed | Avg Loss: 0.0012
2025-10-09 04:41:38 | INFO     | train_model:401 | Epoch 21/30 completed | Avg Loss: 0.0007
2025-10-09 04:42:25 | INFO     | train_model:401 | Epoch 22/30 completed | Avg Loss: 0.0006
2025-10-09 04:43:11 | INFO     | train_model:401 | Epoch 23/30 completed | Avg Loss: 0.0013
2025-10-09 04:43:58 | INFO     | train_model:401 | Epoch 24/30 completed | Avg Loss: 0.0005
2025-10-09 04:44:44 | INFO     | train_model:401 | Epoch 25/30 completed | Avg Loss: 0.0006
2025-10-09 04:45:31 | INFO     | train_model:401 | Epoch 26/30 completed | Avg Loss: 0.0006
2025-10-09 04:46:18 | INFO     | train_model:401 | Epoch 27/30 completed | Avg Loss: 0.0013
2025-10-09 04:47:04 | INFO     | train_model:401 | Epoch 28/30 completed | Avg Loss: 0.0008
2025-10-09 04:47:51 | INFO     | train_model:401 | Epoch 29/30 completed | Avg Loss: 0.0006
2025-10-09 04:48:37 | INFO     | train_model:401 | Epoch 30/30 completed | Avg Loss: 0.0005
2025-10-09 04:48:37 | INFO     | train_model:403 | Training complete
2025-10-09 04:48:37 | INFO     | train_model:404 | Final average loss: 0.0005
2025-10-09 04:48:37 | DEBUG    | train_model:405 | Loss history: [0.638085719435773, 0.10815867827214459, 0.034172925260908746, 0.013146389632465992, 0.007891756026049522, 0.00947721636893743, 0.028856239713817598, 0.008672305956505179, 0.004042935614942256, 0.004069659161998177, 0.0033894309077716553, 0.0025827415041969792, 0.002763127249404243, 0.00164155954491357, 0.0015390096388650722, 0.0033614972797953125, 0.0011865429087459022, 0.0017641828180398505, 0.0008981742944439596, 0.001189790002830163, 0.0007147698146427307, 0.000641024989972914, 0.0012597261145546848, 0.00045132805860974144, 0.0005567843986005135, 0.0005795155544121294, 0.0012722680483498248, 0.0008044534447919355, 0.0005893282848270982, 0.0004910158697113845]
2025-10-09 04:48:37 | INFO     | <module>:654 | === Generating synthetic patient data ===
2025-10-09 04:48:37 | INFO     | <module>:663 | 
--- Sample 1/5 ---
2025-10-09 04:48:37 | INFO     | generate_patient_sequence:443 | Generating sequence for prompt: '24 UNKNOWN/NOT SPECIFIED F <demo>'
2025-10-09 04:48:37 | DEBUG    | generate_patient_sequence:447 | Prompt token IDs: [0, 1978, 2604, 47300, 73, 37049, 44921, 36482, 274, 28696, 12789, 139, 15698, 2]
2025-10-09 04:48:37 | DEBUG    | generate_patient_sequence:448 | Prompt tokens: ['<s>', '24', ' UN', 'KNOWN', '/', 'NOT', ' SPEC', 'IFIED', ' F', ' <', 'dem', 'o', '>', '</s>']
2025-10-09 04:48:37 | DEBUG    | generate_patient_sequence:457 | Special token IDs - <v>: 50265, <\v>: 50266, <END>: 50267, PAD: 1, EOS: 2
2025-10-09 04:48:37 | DEBUG    | generate_patient_sequence:464 | Initial decoder input (with forced <v>): [0, 1978, 2604, 47300, 73, 37049, 44921, 36482, 274, 28696, 12789, 139, 15698, 2, 50265]
2025-10-09 04:48:37 | DEBUG    | generate_patient_sequence:478 | After prompt, probability of <v>: 0.000017
2025-10-09 04:48:37 | DEBUG    | generate_patient_sequence:479 | After prompt, probability of <END>: 0.000033
2025-10-09 04:48:37 | DEBUG    | generate_patient_sequence:480 | After prompt, probability of PAD: 0.000000
2025-10-09 04:48:37 | DEBUG    | generate_patient_sequence:481 | After prompt, probability of EOS: 0.999819
2025-10-09 04:48:37 | DEBUG    | generate_patient_sequence:485 | Top 20 next token predictions after prompt:
2025-10-09 04:48:37 | DEBUG    | generate_patient_sequence:503 |   Rank 1: <EOS>                | Prob: 0.999819 | ID: 2
2025-10-09 04:48:37 | DEBUG    | generate_patient_sequence:503 |   Rank 2: <END>                | Prob: 0.000033 | ID: 50267
2025-10-09 04:48:37 | DEBUG    | generate_patient_sequence:503 |   Rank 3: dem                  | Prob: 0.000029 | ID: 12789
2025-10-09 04:48:37 | DEBUG    | generate_patient_sequence:503 |   Rank 4: <v>                  | Prob: 0.000017 | ID: 50265
2025-10-09 04:48:37 | DEBUG    | generate_patient_sequence:503 |   Rank 5: 24                   | Prob: 0.000012 | ID: 1978
2025-10-09 04:48:37 | DEBUG    | generate_patient_sequence:503 |   Rank 6: <\v>                 | Prob: 0.000009 | ID: 50266
2025-10-09 04:48:37 | DEBUG    | generate_patient_sequence:503 |   Rank 7: 0                    | Prob: 0.000009 | ID: 288
2025-10-09 04:48:37 | DEBUG    | generate_patient_sequence:503 |   Rank 8: 00                   | Prob: 0.000007 | ID: 612
2025-10-09 04:48:37 | DEBUG    | generate_patient_sequence:503 |   Rank 9:  UN                  | Prob: 0.000006 | ID: 2604
2025-10-09 04:48:37 | DEBUG    | generate_patient_sequence:503 |   Rank 10: 07                   | Prob: 0.000004 | ID: 3570
2025-10-09 04:48:37 | DEBUG    | generate_patient_sequence:503 |   Rank 11: P                    | Prob: 0.000004 | ID: 510
2025-10-09 04:48:37 | DEBUG    | generate_patient_sequence:503 |   Rank 12: AF                   | Prob: 0.000002 | ID: 8573
2025-10-09 04:48:37 | DEBUG    | generate_patient_sequence:503 |   Rank 13:  V                   | Prob: 0.000001 | ID: 468
2025-10-09 04:48:37 | DEBUG    | generate_patient_sequence:503 |   Rank 14: 01                   | Prob: 0.000001 | ID: 2663
2025-10-09 04:48:37 | DEBUG    | generate_patient_sequence:503 |   Rank 15: 2                    | Prob: 0.000001 | ID: 176
2025-10-09 04:48:37 | DEBUG    | generate_patient_sequence:503 |   Rank 16: NOT                  | Prob: 0.000001 | ID: 37049
2025-10-09 04:48:37 | DEBUG    | generate_patient_sequence:503 |   Rank 17:                      | Prob: 0.000001 | ID: 1437
2025-10-09 04:48:37 | DEBUG    | generate_patient_sequence:503 |   Rank 18: 000                  | Prob: 0.000001 | ID: 151
2025-10-09 04:48:37 | DEBUG    | generate_patient_sequence:503 |   Rank 19: 89                   | Prob: 0.000001 | ID: 5046
2025-10-09 04:48:37 | DEBUG    | generate_patient_sequence:503 |   Rank 20: 74                   | Prob: 0.000001 | ID: 5243
2025-10-09 04:48:37 | INFO     | generate_patient_sequence:507 | Starting generation with temp=1.5, top_k=50, max_length=256
2025-10-09 04:48:38 | DEBUG    | generate_patient_sequence:520 | Generated token IDs: [2, 0, 1978, 2604, 47300, 73, 37049, 44921, 36482, 274, 28696, 12789, 139, 15698, 2, 50265, 2, 50267]
2025-10-09 04:48:38 | DEBUG    | generate_patient_sequence:521 | Generated length: 18 tokens
2025-10-09 04:48:38 | INFO     | generate_patient_sequence:529 | Generated token counts - <v>: 1, <\v>: 0, <END>: 1
2025-10-09 04:48:38 | DEBUG    | generate_patient_sequence:537 | Raw generated sequence: </s><s>24 UNKNOWN/NOT SPECIFIED F <demo></s> <v> </s> <END>
2025-10-09 04:48:38 | INFO     | generate_patient_sequence:540 | Generated sequence (clean): 24 UNKNOWN/NOT SPECIFIED F <demo>
2025-10-09 04:48:38 | INFO     | <module>:663 | 
--- Sample 2/5 ---
2025-10-09 04:48:38 | INFO     | generate_patient_sequence:443 | Generating sequence for prompt: '53 OTHER M <demo>'
2025-10-09 04:48:38 | DEBUG    | generate_patient_sequence:447 | Prompt token IDs: [0, 4540, 16536, 256, 28696, 12789, 139, 15698, 2]
2025-10-09 04:48:38 | DEBUG    | generate_patient_sequence:448 | Prompt tokens: ['<s>', '53', ' OTHER', ' M', ' <', 'dem', 'o', '>', '</s>']
2025-10-09 04:48:38 | DEBUG    | generate_patient_sequence:457 | Special token IDs - <v>: 50265, <\v>: 50266, <END>: 50267, PAD: 1, EOS: 2
2025-10-09 04:48:38 | DEBUG    | generate_patient_sequence:464 | Initial decoder input (with forced <v>): [0, 4540, 16536, 256, 28696, 12789, 139, 15698, 2, 50265]
2025-10-09 04:48:38 | DEBUG    | generate_patient_sequence:478 | After prompt, probability of <v>: 0.000049
2025-10-09 04:48:38 | DEBUG    | generate_patient_sequence:479 | After prompt, probability of <END>: 0.000064
2025-10-09 04:48:38 | DEBUG    | generate_patient_sequence:480 | After prompt, probability of PAD: 0.000000
2025-10-09 04:48:38 | DEBUG    | generate_patient_sequence:481 | After prompt, probability of EOS: 0.988149
2025-10-09 04:48:38 | DEBUG    | generate_patient_sequence:485 | Top 20 next token predictions after prompt:
2025-10-09 04:48:38 | DEBUG    | generate_patient_sequence:503 |   Rank 1: <EOS>                | Prob: 0.988149 | ID: 2
2025-10-09 04:48:38 | DEBUG    | generate_patient_sequence:503 |   Rank 2: 53                   | Prob: 0.011288 | ID: 4540
2025-10-09 04:48:38 | DEBUG    | generate_patient_sequence:503 |   Rank 3: dem                  | Prob: 0.000109 | ID: 12789
2025-10-09 04:48:38 | DEBUG    | generate_patient_sequence:503 |   Rank 4: <END>                | Prob: 0.000064 | ID: 50267
2025-10-09 04:48:38 | DEBUG    | generate_patient_sequence:503 |   Rank 5: 52                   | Prob: 0.000059 | ID: 4429
2025-10-09 04:48:38 | DEBUG    | generate_patient_sequence:503 |   Rank 6: <v>                  | Prob: 0.000049 | ID: 50265
2025-10-09 04:48:38 | DEBUG    | generate_patient_sequence:503 |   Rank 7: 54                   | Prob: 0.000024 | ID: 4283
2025-10-09 04:48:38 | DEBUG    | generate_patient_sequence:503 |   Rank 8: 93                   | Prob: 0.000024 | ID: 6478
2025-10-09 04:48:38 | DEBUG    | generate_patient_sequence:503 |   Rank 9: <\v>                 | Prob: 0.000014 | ID: 50266
2025-10-09 04:48:38 | DEBUG    | generate_patient_sequence:503 |   Rank 10: 73                   | Prob: 0.000012 | ID: 5352
2025-10-09 04:48:38 | DEBUG    | generate_patient_sequence:503 |   Rank 11: 83                   | Prob: 0.000011 | ID: 6361
2025-10-09 04:48:38 | DEBUG    | generate_patient_sequence:503 |   Rank 12: 118                  | Prob: 0.000009 | ID: 21369
2025-10-09 04:48:38 | DEBUG    | generate_patient_sequence:503 |   Rank 13: 56                   | Prob: 0.000009 | ID: 4419
2025-10-09 04:48:38 | DEBUG    | generate_patient_sequence:503 |   Rank 14: 43                   | Prob: 0.000008 | ID: 3897
2025-10-09 04:48:38 | DEBUG    | generate_patient_sequence:503 |   Rank 15: 173                  | Prob: 0.000007 | ID: 30664
2025-10-09 04:48:38 | DEBUG    | generate_patient_sequence:503 |   Rank 16: 23                   | Prob: 0.000007 | ID: 1922
2025-10-09 04:48:38 | DEBUG    | generate_patient_sequence:503 |   Rank 17: 0                    | Prob: 0.000007 | ID: 288
2025-10-09 04:48:38 | DEBUG    | generate_patient_sequence:503 |   Rank 18: 74                   | Prob: 0.000006 | ID: 5243
2025-10-09 04:48:38 | DEBUG    | generate_patient_sequence:503 |   Rank 19: 3                    | Prob: 0.000005 | ID: 246
2025-10-09 04:48:38 | DEBUG    | generate_patient_sequence:503 |   Rank 20: 63                   | Prob: 0.000005 | ID: 5449
2025-10-09 04:48:38 | INFO     | generate_patient_sequence:507 | Starting generation with temp=1.5, top_k=50, max_length=256
2025-10-09 04:48:38 | DEBUG    | generate_patient_sequence:520 | Generated token IDs: [2, 0, 4540, 16536, 256, 28696, 12789, 139, 15698, 2, 50265, 2, 50267]
2025-10-09 04:48:38 | DEBUG    | generate_patient_sequence:521 | Generated length: 13 tokens
2025-10-09 04:48:38 | INFO     | generate_patient_sequence:529 | Generated token counts - <v>: 1, <\v>: 0, <END>: 1
2025-10-09 04:48:38 | DEBUG    | generate_patient_sequence:537 | Raw generated sequence: </s><s>53 OTHER M <demo></s> <v> </s> <END>
2025-10-09 04:48:38 | INFO     | generate_patient_sequence:540 | Generated sequence (clean): 53 OTHER M <demo>
2025-10-09 04:48:38 | INFO     | <module>:663 | 
--- Sample 3/5 ---
2025-10-09 04:48:38 | INFO     | generate_patient_sequence:443 | Generating sequence for prompt: '46 OTHER F <demo>'
2025-10-09 04:48:38 | DEBUG    | generate_patient_sequence:447 | Prompt token IDs: [0, 3761, 16536, 274, 28696, 12789, 139, 15698, 2]
2025-10-09 04:48:38 | DEBUG    | generate_patient_sequence:448 | Prompt tokens: ['<s>', '46', ' OTHER', ' F', ' <', 'dem', 'o', '>', '</s>']
2025-10-09 04:48:38 | DEBUG    | generate_patient_sequence:457 | Special token IDs - <v>: 50265, <\v>: 50266, <END>: 50267, PAD: 1, EOS: 2
2025-10-09 04:48:38 | DEBUG    | generate_patient_sequence:464 | Initial decoder input (with forced <v>): [0, 3761, 16536, 274, 28696, 12789, 139, 15698, 2, 50265]
2025-10-09 04:48:38 | DEBUG    | generate_patient_sequence:478 | After prompt, probability of <v>: 0.000038
2025-10-09 04:48:38 | DEBUG    | generate_patient_sequence:479 | After prompt, probability of <END>: 0.000043
2025-10-09 04:48:38 | DEBUG    | generate_patient_sequence:480 | After prompt, probability of PAD: 0.000000
2025-10-09 04:48:38 | DEBUG    | generate_patient_sequence:481 | After prompt, probability of EOS: 0.980472
2025-10-09 04:48:38 | DEBUG    | generate_patient_sequence:485 | Top 20 next token predictions after prompt:
2025-10-09 04:48:38 | DEBUG    | generate_patient_sequence:503 |   Rank 1: <EOS>                | Prob: 0.980472 | ID: 2
2025-10-09 04:48:38 | DEBUG    | generate_patient_sequence:503 |   Rank 2: 46                   | Prob: 0.018567 | ID: 3761
2025-10-09 04:48:38 | DEBUG    | generate_patient_sequence:503 |   Rank 3: dem                  | Prob: 0.000234 | ID: 12789
2025-10-09 04:48:38 | DEBUG    | generate_patient_sequence:503 |   Rank 4: L                    | Prob: 0.000129 | ID: 574
2025-10-09 04:48:38 | DEBUG    | generate_patient_sequence:503 |   Rank 5: 45                   | Prob: 0.000069 | ID: 1898
2025-10-09 04:48:38 | DEBUG    | generate_patient_sequence:503 |   Rank 6: <END>                | Prob: 0.000043 | ID: 50267
2025-10-09 04:48:38 | DEBUG    | generate_patient_sequence:503 |   Rank 7: <v>                  | Prob: 0.000038 | ID: 50265
2025-10-09 04:48:38 | DEBUG    | generate_patient_sequence:503 |   Rank 8: 96                   | Prob: 0.000021 | ID: 5607
2025-10-09 04:48:38 | DEBUG    | generate_patient_sequence:503 |   Rank 9: 26                   | Prob: 0.000017 | ID: 2481
2025-10-09 04:48:38 | DEBUG    | generate_patient_sequence:503 |   Rank 10: <\v>                 | Prob: 0.000016 | ID: 50266
2025-10-09 04:48:38 | DEBUG    | generate_patient_sequence:503 |   Rank 11: 44                   | Prob: 0.000013 | ID: 3305
2025-10-09 04:48:38 | DEBUG    | generate_patient_sequence:503 |   Rank 12: 07                   | Prob: 0.000013 | ID: 3570
2025-10-09 04:48:38 | DEBUG    | generate_patient_sequence:503 |   Rank 13: 86                   | Prob: 0.000012 | ID: 5334
2025-10-09 04:48:38 | DEBUG    | generate_patient_sequence:503 |   Rank 14: 47                   | Prob: 0.000011 | ID: 3706
2025-10-09 04:48:38 | DEBUG    | generate_patient_sequence:503 |   Rank 15: 88                   | Prob: 0.000011 | ID: 4652
2025-10-09 04:48:38 | DEBUG    | generate_patient_sequence:503 |   Rank 16: 76                   | Prob: 0.000011 | ID: 5067
2025-10-09 04:48:38 | DEBUG    | generate_patient_sequence:503 |   Rank 17: 109                  | Prob: 0.000010 | ID: 18616
2025-10-09 04:48:38 | DEBUG    | generate_patient_sequence:503 |   Rank 18: 54                   | Prob: 0.000010 | ID: 4283
2025-10-09 04:48:38 | DEBUG    | generate_patient_sequence:503 |   Rank 19: 74                   | Prob: 0.000009 | ID: 5243
2025-10-09 04:48:38 | DEBUG    | generate_patient_sequence:503 |   Rank 20: P                    | Prob: 0.000008 | ID: 510
2025-10-09 04:48:38 | INFO     | generate_patient_sequence:507 | Starting generation with temp=1.5, top_k=50, max_length=256
2025-10-09 04:48:38 | DEBUG    | generate_patient_sequence:520 | Generated token IDs: [2, 0, 3761, 16536, 274, 28696, 12789, 139, 15698, 2, 50265, 2, 2, 2, 50267]
2025-10-09 04:48:38 | DEBUG    | generate_patient_sequence:521 | Generated length: 15 tokens
2025-10-09 04:48:38 | INFO     | generate_patient_sequence:529 | Generated token counts - <v>: 1, <\v>: 0, <END>: 1
2025-10-09 04:48:38 | DEBUG    | generate_patient_sequence:537 | Raw generated sequence: </s><s>46 OTHER F <demo></s> <v> </s></s></s> <END>
2025-10-09 04:48:38 | INFO     | generate_patient_sequence:540 | Generated sequence (clean): 46 OTHER F <demo>
2025-10-09 04:48:38 | INFO     | <module>:663 | 
--- Sample 4/5 ---
2025-10-09 04:48:38 | INFO     | generate_patient_sequence:443 | Generating sequence for prompt: '44 OTHER F <demo>'
2025-10-09 04:48:38 | DEBUG    | generate_patient_sequence:447 | Prompt token IDs: [0, 3305, 16536, 274, 28696, 12789, 139, 15698, 2]
2025-10-09 04:48:38 | DEBUG    | generate_patient_sequence:448 | Prompt tokens: ['<s>', '44', ' OTHER', ' F', ' <', 'dem', 'o', '>', '</s>']
2025-10-09 04:48:38 | DEBUG    | generate_patient_sequence:457 | Special token IDs - <v>: 50265, <\v>: 50266, <END>: 50267, PAD: 1, EOS: 2
2025-10-09 04:48:38 | DEBUG    | generate_patient_sequence:464 | Initial decoder input (with forced <v>): [0, 3305, 16536, 274, 28696, 12789, 139, 15698, 2, 50265]
2025-10-09 04:48:38 | DEBUG    | generate_patient_sequence:478 | After prompt, probability of <v>: 0.000027
2025-10-09 04:48:38 | DEBUG    | generate_patient_sequence:479 | After prompt, probability of <END>: 0.000027
2025-10-09 04:48:38 | DEBUG    | generate_patient_sequence:480 | After prompt, probability of PAD: 0.000000
2025-10-09 04:48:38 | DEBUG    | generate_patient_sequence:481 | After prompt, probability of EOS: 0.996969
2025-10-09 04:48:38 | DEBUG    | generate_patient_sequence:485 | Top 20 next token predictions after prompt:
2025-10-09 04:48:38 | DEBUG    | generate_patient_sequence:503 |   Rank 1: <EOS>                | Prob: 0.996969 | ID: 2
2025-10-09 04:48:38 | DEBUG    | generate_patient_sequence:503 |   Rank 2: 44                   | Prob: 0.001915 | ID: 3305
2025-10-09 04:48:38 | DEBUG    | generate_patient_sequence:503 |   Rank 3:  OTHER               | Prob: 0.000643 | ID: 16536
2025-10-09 04:48:38 | DEBUG    | generate_patient_sequence:503 |   Rank 4: dem                  | Prob: 0.000054 | ID: 12789
2025-10-09 04:48:38 | DEBUG    | generate_patient_sequence:503 |   Rank 5: <END>                | Prob: 0.000027 | ID: 50267
2025-10-09 04:48:38 | DEBUG    | generate_patient_sequence:503 |   Rank 6: <v>                  | Prob: 0.000027 | ID: 50265
2025-10-09 04:48:38 | DEBUG    | generate_patient_sequence:503 |   Rank 7: 74                   | Prob: 0.000022 | ID: 5243
2025-10-09 04:48:38 | DEBUG    | generate_patient_sequence:503 |   Rank 8: 440                  | Prob: 0.000018 | ID: 26634
2025-10-09 04:48:38 | DEBUG    | generate_patient_sequence:503 |   Rank 9: 88                   | Prob: 0.000018 | ID: 4652
2025-10-09 04:48:38 | DEBUG    | generate_patient_sequence:503 |   Rank 10: 0                    | Prob: 0.000014 | ID: 288
2025-10-09 04:48:38 | DEBUG    | generate_patient_sequence:503 |   Rank 11: <\v>                 | Prob: 0.000013 | ID: 50266
2025-10-09 04:48:38 | DEBUG    | generate_patient_sequence:503 |   Rank 12: 98                   | Prob: 0.000010 | ID: 5208
2025-10-09 04:48:38 | DEBUG    | generate_patient_sequence:503 |   Rank 13: 45                   | Prob: 0.000009 | ID: 1898
2025-10-09 04:48:38 | DEBUG    | generate_patient_sequence:503 |   Rank 14: 01                   | Prob: 0.000008 | ID: 2663
2025-10-09 04:48:38 | DEBUG    | generate_patient_sequence:503 |   Rank 15:                      | Prob: 0.000007 | ID: 1437
2025-10-09 04:48:38 | DEBUG    | generate_patient_sequence:503 |   Rank 16: 52                   | Prob: 0.000006 | ID: 4429
2025-10-09 04:48:38 | DEBUG    | generate_patient_sequence:503 |   Rank 17: 71                   | Prob: 0.000006 | ID: 5339
2025-10-09 04:48:38 | DEBUG    | generate_patient_sequence:503 |   Rank 18: 104                  | Prob: 0.000005 | ID: 17573
2025-10-09 04:48:38 | DEBUG    | generate_patient_sequence:503 |   Rank 19: 4                    | Prob: 0.000005 | ID: 306
2025-10-09 04:48:38 | DEBUG    | generate_patient_sequence:503 |   Rank 20: 121                  | Prob: 0.000005 | ID: 22388
2025-10-09 04:48:38 | INFO     | generate_patient_sequence:507 | Starting generation with temp=1.5, top_k=50, max_length=256
2025-10-09 04:48:38 | DEBUG    | generate_patient_sequence:520 | Generated token IDs: [2, 0, 3305, 16536, 274, 28696, 12789, 139, 15698, 2, 50265, 2, 2, 2, 3305, 16536, 597, 28696, 12789, 1168, 15698, 2, 2, 50266, 2, 2, 50267]
2025-10-09 04:48:38 | DEBUG    | generate_patient_sequence:521 | Generated length: 27 tokens
2025-10-09 04:48:38 | INFO     | generate_patient_sequence:529 | Generated token counts - <v>: 1, <\v>: 1, <END>: 1
2025-10-09 04:48:38 | DEBUG    | generate_patient_sequence:537 | Raw generated sequence: </s><s>44 OTHER F <demo></s> <v> </s></s></s>44 OTHERF <demol></s></s> <\v> </s></s> <END>
2025-10-09 04:48:38 | INFO     | generate_patient_sequence:540 | Generated sequence (clean): 44 OTHER F <demo>44 OTHERF <demol>
2025-10-09 04:48:38 | INFO     | <module>:663 | 
--- Sample 5/5 ---
2025-10-09 04:48:38 | INFO     | generate_patient_sequence:443 | Generating sequence for prompt: '20 WHITE M <demo>'
2025-10-09 04:48:38 | DEBUG    | generate_patient_sequence:447 | Prompt token IDs: [0, 844, 38503, 256, 28696, 12789, 139, 15698, 2]
2025-10-09 04:48:38 | DEBUG    | generate_patient_sequence:448 | Prompt tokens: ['<s>', '20', ' WHITE', ' M', ' <', 'dem', 'o', '>', '</s>']
2025-10-09 04:48:38 | DEBUG    | generate_patient_sequence:457 | Special token IDs - <v>: 50265, <\v>: 50266, <END>: 50267, PAD: 1, EOS: 2
2025-10-09 04:48:38 | DEBUG    | generate_patient_sequence:464 | Initial decoder input (with forced <v>): [0, 844, 38503, 256, 28696, 12789, 139, 15698, 2, 50265]
2025-10-09 04:48:38 | DEBUG    | generate_patient_sequence:478 | After prompt, probability of <v>: 0.000032
2025-10-09 04:48:38 | DEBUG    | generate_patient_sequence:479 | After prompt, probability of <END>: 0.000044
2025-10-09 04:48:38 | DEBUG    | generate_patient_sequence:480 | After prompt, probability of PAD: 0.000000
2025-10-09 04:48:38 | DEBUG    | generate_patient_sequence:481 | After prompt, probability of EOS: 0.999107
2025-10-09 04:48:38 | DEBUG    | generate_patient_sequence:485 | Top 20 next token predictions after prompt:
2025-10-09 04:48:38 | DEBUG    | generate_patient_sequence:503 |   Rank 1: <EOS>                | Prob: 0.999107 | ID: 2
2025-10-09 04:48:38 | DEBUG    | generate_patient_sequence:503 |   Rank 2: dem                  | Prob: 0.000740 | ID: 12789
2025-10-09 04:48:38 | DEBUG    | generate_patient_sequence:503 |   Rank 3: <END>                | Prob: 0.000044 | ID: 50267
2025-10-09 04:48:38 | DEBUG    | generate_patient_sequence:503 |   Rank 4: <v>                  | Prob: 0.000032 | ID: 50265
2025-10-09 04:48:38 | DEBUG    | generate_patient_sequence:503 |   Rank 5: <\v>                 | Prob: 0.000011 | ID: 50266
2025-10-09 04:48:38 | DEBUG    | generate_patient_sequence:503 |   Rank 6: 20                   | Prob: 0.000005 | ID: 844
2025-10-09 04:48:38 | DEBUG    | generate_patient_sequence:503 |   Rank 7: 0                    | Prob: 0.000004 | ID: 288
2025-10-09 04:48:38 | DEBUG    | generate_patient_sequence:503 |   Rank 8: 89                   | Prob: 0.000002 | ID: 5046
2025-10-09 04:48:38 | DEBUG    | generate_patient_sequence:503 |   Rank 9: 24                   | Prob: 0.000002 | ID: 1978
2025-10-09 04:48:38 | DEBUG    | generate_patient_sequence:503 |   Rank 10:  WHITE               | Prob: 0.000002 | ID: 38503
2025-10-09 04:48:38 | DEBUG    | generate_patient_sequence:503 |   Rank 11: 07                   | Prob: 0.000001 | ID: 3570
2025-10-09 04:48:38 | DEBUG    | generate_patient_sequence:503 |   Rank 12: 00                   | Prob: 0.000001 | ID: 612
2025-10-09 04:48:38 | DEBUG    | generate_patient_sequence:503 |   Rank 13: 70                   | Prob: 0.000001 | ID: 3083
2025-10-09 04:48:38 | DEBUG    | generate_patient_sequence:503 |   Rank 14: 96                   | Prob: 0.000001 | ID: 5607
2025-10-09 04:48:38 | DEBUG    | generate_patient_sequence:503 |   Rank 15:                      | Prob: 0.000001 | ID: 1437
2025-10-09 04:48:38 | DEBUG    | generate_patient_sequence:503 |   Rank 16: 15                   | Prob: 0.000001 | ID: 996
2025-10-09 04:48:38 | DEBUG    | generate_patient_sequence:503 |   Rank 17: P                    | Prob: 0.000001 | ID: 510
2025-10-09 04:48:38 | DEBUG    | generate_patient_sequence:503 |   Rank 18: 002                  | Prob: 0.000001 | ID: 19130
2025-10-09 04:48:38 | DEBUG    | generate_patient_sequence:503 |   Rank 19: 45                   | Prob: 0.000001 | ID: 1898
2025-10-09 04:48:38 | DEBUG    | generate_patient_sequence:503 |   Rank 20: 74                   | Prob: 0.000001 | ID: 5243
2025-10-09 04:48:38 | INFO     | generate_patient_sequence:507 | Starting generation with temp=1.5, top_k=50, max_length=256
2025-10-09 04:48:38 | DEBUG    | generate_patient_sequence:520 | Generated token IDs: [2, 0, 844, 38503, 256, 28696, 12789, 139, 15698, 2, 50265, 2, 2, 50267]
2025-10-09 04:48:38 | DEBUG    | generate_patient_sequence:521 | Generated length: 14 tokens
2025-10-09 04:48:38 | INFO     | generate_patient_sequence:529 | Generated token counts - <v>: 1, <\v>: 0, <END>: 1
2025-10-09 04:48:38 | DEBUG    | generate_patient_sequence:537 | Raw generated sequence: </s><s>20 WHITE M <demo></s> <v> </s></s> <END>
2025-10-09 04:48:38 | INFO     | generate_patient_sequence:540 | Generated sequence (clean): 20 WHITE M <demo>
2025-10-09 04:48:38 | INFO     | <module>:677 | === Training and generation complete ===
