2025-10-09 04:23:02 | INFO     | <module>:562 | === EHR Generation Training Started ===
2025-10-09 04:23:02 | INFO     | <module>:583 | Configuration: {'model_name': 'facebook/bart-base', 'num_patients': 3000, 'max_seq_length': 256, 'batch_size': 16, 'num_epochs': 30, 'learning_rate': 5e-05, 'generation_temp': 1.5, 'generation_max_length': 256, 'num_warmup_steps': 0, 'top_k': 30, 'data_dir': 'data_files', 'mimic_paths': {'patients_path': 'data_files/PATIENTS.csv', 'admissions_path': 'data_files/ADMISSIONS.csv', 'diagnoses_path': 'data_files/DIAGNOSES_ICD.csv'}}
2025-10-09 04:23:02 | INFO     | <module>:587 | Using device: cuda
2025-10-09 04:23:02 | INFO     | <module>:590 | Loading pretrained BART model: facebook/bart-base
2025-10-09 04:23:03 | INFO     | <module>:599 | Added 3 special tokens: <v>, <\v>, <END>
2025-10-09 04:23:03 | INFO     | <module>:603 | Resized model embeddings to 50268 tokens
2025-10-09 04:23:03 | DEBUG    | <module>:606 | Token ID for <v>: 50265
2025-10-09 04:23:03 | DEBUG    | <module>:607 | Token ID for <\v>: 50266
2025-10-09 04:23:03 | DEBUG    | <module>:608 | Token ID for <END>: 50267
2025-10-09 04:23:03 | INFO     | load_and_format_mimic_data:147 | Loading MIMIC-III data files
2025-10-09 04:23:03 | DEBUG    | load_and_format_mimic_data:148 | Patients: data_files/PATIENTS.csv
2025-10-09 04:23:03 | DEBUG    | load_and_format_mimic_data:149 | Admissions: data_files/ADMISSIONS.csv
2025-10-09 04:23:03 | DEBUG    | load_and_format_mimic_data:150 | Diagnoses: data_files/DIAGNOSES_ICD.csv
2025-10-09 04:23:03 | INFO     | load_and_format_mimic_data:155 | Loaded 46520 patients
2025-10-09 04:23:03 | INFO     | load_and_format_mimic_data:158 | Loaded 58976 admissions
2025-10-09 04:23:03 | INFO     | load_and_format_mimic_data:161 | Loaded 651047 diagnosis records
2025-10-09 04:23:04 | INFO     | load_and_format_mimic_data:219 | Data processing complete. Formatting sequences...
2025-10-09 04:23:06 | INFO     | load_and_format_mimic_data:258 | Sequence formatting complete. Generated 3000 patient sequences
2025-10-09 04:23:06 | DEBUG    | load_and_format_mimic_data:262 | Sample sequence: 0 ASIAN M <demo> <v> V3001 V053 V290 <\v> <END>...
2025-10-09 04:23:06 | INFO     | load_and_format_mimic_data:267 | Average visits per patient: 1.27
2025-10-09 04:23:06 | INFO     | load_and_format_mimic_data:268 | Average tokens per sequence: 19.69
2025-10-09 04:23:06 | INFO     | <module>:622 | Sample patient sequences:
2025-10-09 04:23:06 | INFO     | <module>:624 | Sample 1: 86 WHITE M <demo> <v> 4413 80502 5185 99811 0389 9975 99662 99831 5849 <\v> <END>...
2025-10-09 04:23:06 | INFO     | <module>:624 | Sample 2: 0 BLACK/AFRICAN AMERICAN F <demo> <v> V3000 V290 V053 <\v> <END>...
2025-10-09 04:23:06 | INFO     | <module>:624 | Sample 3: 63 WHITE M <demo> <v> 430 3314 2763 5601 5180 72989 4359 56211 4019 5589 04184 <\v> <END>...
2025-10-09 04:23:06 | INFO     | <module>:624 | Sample 4: 57 WHITE M <demo> <v> V581 41071 9971 51881 5849 2875 4280 1970 V1052 2762 19889 78791 45829 V173 <\v> <END>...
2025-10-09 04:23:06 | INFO     | <module>:624 | Sample 5: 66 OTHER M <demo> <v> 2761 49121 2930 51881 <\v> <END>...
2025-10-09 04:23:06 | DEBUG    | __init__:294 | First sequence length: 24 tokens
2025-10-09 04:23:06 | DEBUG    | __init__:295 | Pad token ID: 1
2025-10-09 04:23:06 | INFO     | <module>:628 | Created dataset with 3000 samples, 188 batches
2025-10-09 04:23:06 | INFO     | <module>:639 | Optimizer: AdamW with lr=5e-05
2025-10-09 04:23:06 | INFO     | <module>:640 | Scheduler: linear with 0 warmup steps
2025-10-09 04:23:07 | INFO     | train_model:351 | Starting model training for 30 epochs
2025-10-09 04:23:07 | INFO     | train_model:352 | Training steps: 5640
2025-10-09 04:23:07 | INFO     | train_model:353 | Device: cuda
2025-10-09 04:23:07 | DEBUG    | train_model:372 | First batch input_ids shape: torch.Size([16, 256])
2025-10-09 04:23:07 | DEBUG    | train_model:373 | First batch labels shape: torch.Size([16, 256])
2025-10-09 04:23:07 | DEBUG    | train_model:374 | First batch attention_mask shape: torch.Size([16, 256])
2025-10-09 04:23:07 | DEBUG    | train_model:375 | Initial loss: 2.6820
2025-10-09 04:23:07 | DEBUG    | train_model:382 | Special tokens in first batch: {'pad': 2942, 'masked_labels': 2942}
2025-10-09 04:23:53 | INFO     | train_model:401 | Epoch 1/30 completed | Avg Loss: 0.6496
2025-10-09 04:24:40 | INFO     | train_model:401 | Epoch 2/30 completed | Avg Loss: 0.1018
2025-10-09 04:25:26 | INFO     | train_model:401 | Epoch 3/30 completed | Avg Loss: 0.0290
2025-10-09 04:26:13 | INFO     | train_model:401 | Epoch 4/30 completed | Avg Loss: 0.0112
2025-10-09 04:26:59 | INFO     | train_model:401 | Epoch 5/30 completed | Avg Loss: 0.0248
2025-10-09 04:27:46 | INFO     | train_model:401 | Epoch 6/30 completed | Avg Loss: 0.0092
2025-10-09 04:28:33 | INFO     | train_model:401 | Epoch 7/30 completed | Avg Loss: 0.0054
2025-10-09 04:29:19 | INFO     | train_model:401 | Epoch 8/30 completed | Avg Loss: 0.0029
2025-10-09 04:30:06 | INFO     | train_model:401 | Epoch 9/30 completed | Avg Loss: 0.0052
2025-10-09 04:30:52 | INFO     | train_model:401 | Epoch 10/30 completed | Avg Loss: 0.0035
2025-10-09 04:31:39 | INFO     | train_model:401 | Epoch 11/30 completed | Avg Loss: 0.0043
2025-10-09 04:32:25 | INFO     | train_model:401 | Epoch 12/30 completed | Avg Loss: 0.0033
2025-10-09 04:33:12 | INFO     | train_model:401 | Epoch 13/30 completed | Avg Loss: 0.0012
2025-10-09 04:33:58 | INFO     | train_model:401 | Epoch 14/30 completed | Avg Loss: 0.0013
2025-10-09 04:34:45 | INFO     | train_model:401 | Epoch 15/30 completed | Avg Loss: 0.0019
2025-10-09 04:35:31 | INFO     | train_model:401 | Epoch 16/30 completed | Avg Loss: 0.0022
2025-10-09 04:36:18 | INFO     | train_model:401 | Epoch 17/30 completed | Avg Loss: 0.0037
2025-10-09 04:37:04 | INFO     | train_model:401 | Epoch 18/30 completed | Avg Loss: 0.0026
2025-10-09 04:37:51 | INFO     | train_model:401 | Epoch 19/30 completed | Avg Loss: 0.0018
2025-10-09 04:38:37 | INFO     | train_model:401 | Epoch 20/30 completed | Avg Loss: 0.0009
2025-10-09 04:39:24 | INFO     | train_model:401 | Epoch 21/30 completed | Avg Loss: 0.0014
2025-10-09 04:40:10 | INFO     | train_model:401 | Epoch 22/30 completed | Avg Loss: 0.0008
2025-10-09 04:40:57 | INFO     | train_model:401 | Epoch 23/30 completed | Avg Loss: 0.0008
2025-10-09 04:41:43 | INFO     | train_model:401 | Epoch 24/30 completed | Avg Loss: 0.0010
2025-10-09 04:42:30 | INFO     | train_model:401 | Epoch 25/30 completed | Avg Loss: 0.0008
2025-10-09 04:43:16 | INFO     | train_model:401 | Epoch 26/30 completed | Avg Loss: 0.0005
2025-10-09 04:44:03 | INFO     | train_model:401 | Epoch 27/30 completed | Avg Loss: 0.0007
2025-10-09 04:44:49 | INFO     | train_model:401 | Epoch 28/30 completed | Avg Loss: 0.0004
2025-10-09 04:45:36 | INFO     | train_model:401 | Epoch 29/30 completed | Avg Loss: 0.0003
2025-10-09 04:46:22 | INFO     | train_model:401 | Epoch 30/30 completed | Avg Loss: 0.0003
2025-10-09 04:46:22 | INFO     | train_model:403 | Training complete
2025-10-09 04:46:22 | INFO     | train_model:404 | Final average loss: 0.0003
2025-10-09 04:46:22 | DEBUG    | train_model:405 | Loss history: [0.649591968454262, 0.1017946051037375, 0.02902849979124012, 0.011219789997298033, 0.02475194562476703, 0.009239222641050954, 0.00535809192088175, 0.002879710709787608, 0.0052300753406907844, 0.0035305659828814085, 0.004313908755764405, 0.0032762546179583296, 0.001246345310566075, 0.001312779591086276, 0.0019317007216623676, 0.002166809931990661, 0.0036790220650839323, 0.0026451119401633364, 0.001799179351748651, 0.000898858190881351, 0.0013743148332302573, 0.0008034000618360377, 0.0008008710901002756, 0.001014431072496549, 0.0008287741092839922, 0.0004830059236716826, 0.0006987755034757317, 0.0004441936509581555, 0.00026238495922100016, 0.0002571721264022462]
2025-10-09 04:46:22 | INFO     | <module>:654 | === Generating synthetic patient data ===
2025-10-09 04:46:22 | INFO     | <module>:663 | 
--- Sample 1/5 ---
2025-10-09 04:46:22 | INFO     | generate_patient_sequence:443 | Generating sequence for prompt: '27 WHITE M <demo>'
2025-10-09 04:46:22 | DEBUG    | generate_patient_sequence:447 | Prompt token IDs: [0, 2518, 38503, 256, 28696, 12789, 139, 15698, 2]
2025-10-09 04:46:22 | DEBUG    | generate_patient_sequence:448 | Prompt tokens: ['<s>', '27', ' WHITE', ' M', ' <', 'dem', 'o', '>', '</s>']
2025-10-09 04:46:22 | DEBUG    | generate_patient_sequence:457 | Special token IDs - <v>: 50265, <\v>: 50266, <END>: 50267, PAD: 1, EOS: 2
2025-10-09 04:46:22 | DEBUG    | generate_patient_sequence:464 | Initial decoder input (with forced <v>): [0, 2518, 38503, 256, 28696, 12789, 139, 15698, 2, 50265]
2025-10-09 04:46:22 | DEBUG    | generate_patient_sequence:478 | After prompt, probability of <v>: 0.000019
2025-10-09 04:46:22 | DEBUG    | generate_patient_sequence:479 | After prompt, probability of <END>: 0.000011
2025-10-09 04:46:22 | DEBUG    | generate_patient_sequence:480 | After prompt, probability of PAD: 0.000000
2025-10-09 04:46:22 | DEBUG    | generate_patient_sequence:481 | After prompt, probability of EOS: 0.012158
2025-10-09 04:46:22 | DEBUG    | generate_patient_sequence:485 | Top 20 next token predictions after prompt:
2025-10-09 04:46:22 | DEBUG    | generate_patient_sequence:503 |   Rank 1: 27                   | Prob: 0.985706 | ID: 2518
2025-10-09 04:46:22 | DEBUG    | generate_patient_sequence:503 |   Rank 2: <EOS>                | Prob: 0.012158 | ID: 2
2025-10-09 04:46:22 | DEBUG    | generate_patient_sequence:503 |   Rank 3: 89                   | Prob: 0.000293 | ID: 5046
2025-10-09 04:46:22 | DEBUG    | generate_patient_sequence:503 |   Rank 4: 57                   | Prob: 0.000207 | ID: 4390
2025-10-09 04:46:22 | DEBUG    | generate_patient_sequence:503 |   Rank 5: 87                   | Prob: 0.000114 | ID: 5677
2025-10-09 04:46:22 | DEBUG    | generate_patient_sequence:503 |   Rank 6: 17                   | Prob: 0.000079 | ID: 1360
2025-10-09 04:46:22 | DEBUG    | generate_patient_sequence:503 |   Rank 7: 37                   | Prob: 0.000075 | ID: 3272
2025-10-09 04:46:22 | DEBUG    | generate_patient_sequence:503 |   Rank 8: dem                  | Prob: 0.000073 | ID: 12789
2025-10-09 04:46:22 | DEBUG    | generate_patient_sequence:503 |   Rank 9: RIC                  | Prob: 0.000071 | ID: 36570
2025-10-09 04:46:22 | DEBUG    | generate_patient_sequence:503 |   Rank 10:  401                 | Prob: 0.000066 | ID: 17936
2025-10-09 04:46:22 | DEBUG    | generate_patient_sequence:503 |   Rank 11: 109                  | Prob: 0.000064 | ID: 18616
2025-10-09 04:46:22 | DEBUG    | generate_patient_sequence:503 |   Rank 12:  27                  | Prob: 0.000059 | ID: 974
2025-10-09 04:46:22 | DEBUG    | generate_patient_sequence:503 |   Rank 13: 07                   | Prob: 0.000048 | ID: 3570
2025-10-09 04:46:22 | DEBUG    | generate_patient_sequence:503 |   Rank 14: 401                  | Prob: 0.000031 | ID: 33871
2025-10-09 04:46:22 | DEBUG    | generate_patient_sequence:503 |   Rank 15: 280                  | Prob: 0.000030 | ID: 21070
2025-10-09 04:46:22 | DEBUG    | generate_patient_sequence:503 |   Rank 16: 14                   | Prob: 0.000028 | ID: 1570
2025-10-09 04:46:22 | DEBUG    | generate_patient_sequence:503 |   Rank 17: 29                   | Prob: 0.000023 | ID: 2890
2025-10-09 04:46:22 | DEBUG    | generate_patient_sequence:503 |   Rank 18: 59                   | Prob: 0.000023 | ID: 4156
2025-10-09 04:46:22 | DEBUG    | generate_patient_sequence:503 |   Rank 19: 80                   | Prob: 0.000022 | ID: 2940
2025-10-09 04:46:22 | DEBUG    | generate_patient_sequence:503 |   Rank 20:  BLACK               | Prob: 0.000022 | ID: 34101
2025-10-09 04:46:22 | INFO     | generate_patient_sequence:507 | Starting generation with temp=1.5, top_k=30, max_length=256
2025-10-09 04:46:23 | DEBUG    | generate_patient_sequence:520 | Generated token IDs: [2, 0, 2518, 38503, 256, 28696, 12789, 139, 15698, 2, 50265, 2518, 38503, 381, 28696, 12789, 366, 15698, 2, 2, 2, 50266, 2, 2, 50267]
2025-10-09 04:46:23 | DEBUG    | generate_patient_sequence:521 | Generated length: 25 tokens
2025-10-09 04:46:23 | INFO     | generate_patient_sequence:529 | Generated token counts - <v>: 1, <\v>: 1, <END>: 1
2025-10-09 04:46:23 | DEBUG    | generate_patient_sequence:537 | Raw generated sequence: </s><s>27 WHITE M <demo></s> <v> 27 WHITE E <demos></s></s></s> <\v> </s></s> <END>
2025-10-09 04:46:23 | INFO     | generate_patient_sequence:540 | Generated sequence (clean): 27 WHITE M <demo>27 WHITE E <demos>
2025-10-09 04:46:23 | INFO     | <module>:663 | 
--- Sample 2/5 ---
2025-10-09 04:46:23 | INFO     | generate_patient_sequence:443 | Generating sequence for prompt: '40 OTHER M <demo>'
2025-10-09 04:46:23 | DEBUG    | generate_patient_sequence:447 | Prompt token IDs: [0, 1749, 16536, 256, 28696, 12789, 139, 15698, 2]
2025-10-09 04:46:23 | DEBUG    | generate_patient_sequence:448 | Prompt tokens: ['<s>', '40', ' OTHER', ' M', ' <', 'dem', 'o', '>', '</s>']
2025-10-09 04:46:23 | DEBUG    | generate_patient_sequence:457 | Special token IDs - <v>: 50265, <\v>: 50266, <END>: 50267, PAD: 1, EOS: 2
2025-10-09 04:46:23 | DEBUG    | generate_patient_sequence:464 | Initial decoder input (with forced <v>): [0, 1749, 16536, 256, 28696, 12789, 139, 15698, 2, 50265]
2025-10-09 04:46:23 | DEBUG    | generate_patient_sequence:478 | After prompt, probability of <v>: 0.000000
2025-10-09 04:46:23 | DEBUG    | generate_patient_sequence:479 | After prompt, probability of <END>: 0.000000
2025-10-09 04:46:23 | DEBUG    | generate_patient_sequence:480 | After prompt, probability of PAD: 0.000000
2025-10-09 04:46:23 | DEBUG    | generate_patient_sequence:481 | After prompt, probability of EOS: 0.001411
2025-10-09 04:46:23 | DEBUG    | generate_patient_sequence:485 | Top 20 next token predictions after prompt:
2025-10-09 04:46:23 | DEBUG    | generate_patient_sequence:503 |   Rank 1: 40                   | Prob: 0.998342 | ID: 1749
2025-10-09 04:46:23 | DEBUG    | generate_patient_sequence:503 |   Rank 2: <EOS>                | Prob: 0.001411 | ID: 2
2025-10-09 04:46:23 | DEBUG    | generate_patient_sequence:503 |   Rank 3: 80                   | Prob: 0.000041 | ID: 2940
2025-10-09 04:46:23 | DEBUG    | generate_patient_sequence:503 |   Rank 4: 440                  | Prob: 0.000038 | ID: 26634
2025-10-09 04:46:23 | DEBUG    | generate_patient_sequence:503 |   Rank 5:  40                  | Prob: 0.000034 | ID: 843
2025-10-09 04:46:23 | DEBUG    | generate_patient_sequence:503 |   Rank 6: 240                  | Prob: 0.000030 | ID: 18847
2025-10-09 04:46:23 | DEBUG    | generate_patient_sequence:503 |   Rank 7: dem                  | Prob: 0.000014 | ID: 12789
2025-10-09 04:46:23 | DEBUG    | generate_patient_sequence:503 |   Rank 8: 140                  | Prob: 0.000006 | ID: 14753
2025-10-09 04:46:23 | DEBUG    | generate_patient_sequence:503 |   Rank 9: 60                   | Prob: 0.000005 | ID: 2466
2025-10-09 04:46:23 | DEBUG    | generate_patient_sequence:503 |   Rank 10: 160                  | Prob: 0.000005 | ID: 13726
2025-10-09 04:46:23 | DEBUG    | generate_patient_sequence:503 |   Rank 11: 390                  | Prob: 0.000005 | ID: 27873
2025-10-09 04:46:23 | DEBUG    | generate_patient_sequence:503 |   Rank 12: 89                   | Prob: 0.000004 | ID: 5046
2025-10-09 04:46:23 | DEBUG    | generate_patient_sequence:503 |   Rank 13: 41                   | Prob: 0.000004 | ID: 4006
2025-10-09 04:46:23 | DEBUG    | generate_patient_sequence:503 |   Rank 14: 39                   | Prob: 0.000003 | ID: 3416
2025-10-09 04:46:23 | DEBUG    | generate_patient_sequence:503 |   Rank 15:  1940                | Prob: 0.000002 | ID: 16863
2025-10-09 04:46:23 | DEBUG    | generate_patient_sequence:503 |   Rank 16: 290                  | Prob: 0.000002 | ID: 24675
2025-10-09 04:46:23 | DEBUG    | generate_patient_sequence:503 |   Rank 17: 38                   | Prob: 0.000002 | ID: 3170
2025-10-09 04:46:23 | DEBUG    | generate_patient_sequence:503 |   Rank 18: 70                   | Prob: 0.000002 | ID: 3083
2025-10-09 04:46:23 | DEBUG    | generate_patient_sequence:503 |   Rank 19: 120                  | Prob: 0.000002 | ID: 10213
2025-10-09 04:46:23 | DEBUG    | generate_patient_sequence:503 |   Rank 20: 85                   | Prob: 0.000001 | ID: 4531
2025-10-09 04:46:23 | INFO     | generate_patient_sequence:507 | Starting generation with temp=1.5, top_k=30, max_length=256
2025-10-09 04:46:23 | DEBUG    | generate_patient_sequence:520 | Generated token IDs: [2, 0, 1749, 16536, 256, 28696, 12789, 139, 15698, 2, 50265, 2, 2, 1749, 16536, 381, 28696, 12789, 366, 15698, 2, 2, 50266, 2, 2, 2, 31640, 16536, 256, 2, 2, 26634, 256, 2, 12789, 139, 2, 2, 3897, 16536, 256, 1437, 50267]
2025-10-09 04:46:23 | DEBUG    | generate_patient_sequence:521 | Generated length: 43 tokens
2025-10-09 04:46:23 | INFO     | generate_patient_sequence:529 | Generated token counts - <v>: 1, <\v>: 1, <END>: 1
2025-10-09 04:46:23 | DEBUG    | generate_patient_sequence:537 | Raw generated sequence: </s><s>40 OTHER M <demo></s> <v> </s></s>40 OTHER E <demos></s></s> <\v> </s></s></s>3000 OTHER M</s></s>440 M</s>demo</s></s>43 OTHER M  <END>
2025-10-09 04:46:23 | INFO     | generate_patient_sequence:540 | Generated sequence (clean): 40 OTHER M <demo>40 OTHER E <demos>3000 OTHER M440 Mdemo43 OTHER M 
2025-10-09 04:46:23 | INFO     | <module>:663 | 
--- Sample 3/5 ---
2025-10-09 04:46:23 | INFO     | generate_patient_sequence:443 | Generating sequence for prompt: '64 ASIAN M <demo>'
2025-10-09 04:46:23 | DEBUG    | generate_patient_sequence:447 | Prompt token IDs: [0, 4027, 6015, 10296, 256, 28696, 12789, 139, 15698, 2]
2025-10-09 04:46:23 | DEBUG    | generate_patient_sequence:448 | Prompt tokens: ['<s>', '64', ' AS', 'IAN', ' M', ' <', 'dem', 'o', '>', '</s>']
2025-10-09 04:46:23 | DEBUG    | generate_patient_sequence:457 | Special token IDs - <v>: 50265, <\v>: 50266, <END>: 50267, PAD: 1, EOS: 2
2025-10-09 04:46:23 | DEBUG    | generate_patient_sequence:464 | Initial decoder input (with forced <v>): [0, 4027, 6015, 10296, 256, 28696, 12789, 139, 15698, 2, 50265]
2025-10-09 04:46:23 | DEBUG    | generate_patient_sequence:478 | After prompt, probability of <v>: 0.000011
2025-10-09 04:46:23 | DEBUG    | generate_patient_sequence:479 | After prompt, probability of <END>: 0.000001
2025-10-09 04:46:23 | DEBUG    | generate_patient_sequence:480 | After prompt, probability of PAD: 0.000000
2025-10-09 04:46:23 | DEBUG    | generate_patient_sequence:481 | After prompt, probability of EOS: 0.000093
2025-10-09 04:46:23 | DEBUG    | generate_patient_sequence:485 | Top 20 next token predictions after prompt:
2025-10-09 04:46:23 | DEBUG    | generate_patient_sequence:503 |   Rank 1:  AS                  | Prob: 0.999386 | ID: 6015
2025-10-09 04:46:23 | DEBUG    | generate_patient_sequence:503 |   Rank 2: 64                   | Prob: 0.000113 | ID: 4027
2025-10-09 04:46:23 | DEBUG    | generate_patient_sequence:503 |   Rank 3: <EOS>                | Prob: 0.000093 | ID: 2
2025-10-09 04:46:23 | DEBUG    | generate_patient_sequence:503 |   Rank 4: AS                   | Prob: 0.000081 | ID: 2336
2025-10-09 04:46:23 | DEBUG    | generate_patient_sequence:503 |   Rank 5: dem                  | Prob: 0.000034 | ID: 12789
2025-10-09 04:46:23 | DEBUG    | generate_patient_sequence:503 |   Rank 6: >                    | Prob: 0.000032 | ID: 15698
2025-10-09 04:46:23 | DEBUG    | generate_patient_sequence:503 |   Rank 7: IAN                  | Prob: 0.000021 | ID: 10296
2025-10-09 04:46:23 | DEBUG    | generate_patient_sequence:503 |   Rank 8: ED                   | Prob: 0.000018 | ID: 1691
2025-10-09 04:46:23 | DEBUG    | generate_patient_sequence:503 |   Rank 9:  DI                  | Prob: 0.000017 | ID: 15795
2025-10-09 04:46:23 | DEBUG    | generate_patient_sequence:503 |   Rank 10: <v>                  | Prob: 0.000011 | ID: 50265
2025-10-09 04:46:23 | DEBUG    | generate_patient_sequence:503 |   Rank 11:  AMER                | Prob: 0.000007 | ID: 37501
2025-10-09 04:46:23 | DEBUG    | generate_patient_sequence:503 |   Rank 12:  E                   | Prob: 0.000007 | ID: 381
2025-10-09 04:46:23 | DEBUG    | generate_patient_sequence:503 |   Rank 13: AF                   | Prob: 0.000005 | ID: 8573
2025-10-09 04:46:23 | DEBUG    | generate_patient_sequence:503 |   Rank 14:                      | Prob: 0.000004 | ID: 1437
2025-10-09 04:46:23 | DEBUG    | generate_patient_sequence:503 |   Rank 15: 000                  | Prob: 0.000004 | ID: 151
2025-10-09 04:46:23 | DEBUG    | generate_patient_sequence:503 |   Rank 16:  16                  | Prob: 0.000004 | ID: 545
2025-10-09 04:46:23 | DEBUG    | generate_patient_sequence:503 |   Rank 17: 65                   | Prob: 0.000004 | ID: 3506
2025-10-09 04:46:23 | DEBUG    | generate_patient_sequence:503 |   Rank 18:  OTHER               | Prob: 0.000004 | ID: 16536
2025-10-09 04:46:23 | DEBUG    | generate_patient_sequence:503 |   Rank 19: 0                    | Prob: 0.000004 | ID: 288
2025-10-09 04:46:23 | DEBUG    | generate_patient_sequence:503 |   Rank 20: <s>                  | Prob: 0.000003 | ID: 0
2025-10-09 04:46:23 | INFO     | generate_patient_sequence:507 | Starting generation with temp=1.5, top_k=30, max_length=256
2025-10-09 04:46:23 | DEBUG    | generate_patient_sequence:520 | Generated token IDs: [2, 0, 4027, 6015, 10296, 256, 28696, 12789, 139, 15698, 2, 50265, 4430, 6015, 10296, 381, 28696, 12789, 1116, 15698, 2, 2, 2, 1437, 50267]
2025-10-09 04:46:23 | DEBUG    | generate_patient_sequence:521 | Generated length: 25 tokens
2025-10-09 04:46:23 | INFO     | generate_patient_sequence:529 | Generated token counts - <v>: 1, <\v>: 0, <END>: 1
2025-10-09 04:46:23 | DEBUG    | generate_patient_sequence:537 | Raw generated sequence: </s><s>64 ASIAN M <demo></s> <v>  64 ASIAN E <demof></s></s></s>  <END>
2025-10-09 04:46:23 | INFO     | generate_patient_sequence:540 | Generated sequence (clean): 64 ASIAN M <demo> 64 ASIAN E <demof> 
2025-10-09 04:46:23 | INFO     | <module>:663 | 
--- Sample 4/5 ---
2025-10-09 04:46:23 | INFO     | generate_patient_sequence:443 | Generating sequence for prompt: '73 WHITE M <demo>'
2025-10-09 04:46:23 | DEBUG    | generate_patient_sequence:447 | Prompt token IDs: [0, 5352, 38503, 256, 28696, 12789, 139, 15698, 2]
2025-10-09 04:46:23 | DEBUG    | generate_patient_sequence:448 | Prompt tokens: ['<s>', '73', ' WHITE', ' M', ' <', 'dem', 'o', '>', '</s>']
2025-10-09 04:46:23 | DEBUG    | generate_patient_sequence:457 | Special token IDs - <v>: 50265, <\v>: 50266, <END>: 50267, PAD: 1, EOS: 2
2025-10-09 04:46:23 | DEBUG    | generate_patient_sequence:464 | Initial decoder input (with forced <v>): [0, 5352, 38503, 256, 28696, 12789, 139, 15698, 2, 50265]
2025-10-09 04:46:23 | DEBUG    | generate_patient_sequence:478 | After prompt, probability of <v>: 0.000000
2025-10-09 04:46:23 | DEBUG    | generate_patient_sequence:479 | After prompt, probability of <END>: 0.000000
2025-10-09 04:46:23 | DEBUG    | generate_patient_sequence:480 | After prompt, probability of PAD: 0.000000
2025-10-09 04:46:23 | DEBUG    | generate_patient_sequence:481 | After prompt, probability of EOS: 0.000130
2025-10-09 04:46:23 | DEBUG    | generate_patient_sequence:485 | Top 20 next token predictions after prompt:
2025-10-09 04:46:23 | DEBUG    | generate_patient_sequence:503 |   Rank 1: 73                   | Prob: 0.999817 | ID: 5352
2025-10-09 04:46:23 | DEBUG    | generate_patient_sequence:503 |   Rank 2: <EOS>                | Prob: 0.000130 | ID: 2
2025-10-09 04:46:23 | DEBUG    | generate_patient_sequence:503 |   Rank 3:  73                  | Prob: 0.000024 | ID: 6521
2025-10-09 04:46:23 | DEBUG    | generate_patient_sequence:503 |   Rank 4: 72                   | Prob: 0.000003 | ID: 4956
2025-10-09 04:46:23 | DEBUG    | generate_patient_sequence:503 |   Rank 5: 70                   | Prob: 0.000003 | ID: 3083
2025-10-09 04:46:23 | DEBUG    | generate_patient_sequence:503 |   Rank 6: 63                   | Prob: 0.000002 | ID: 5449
2025-10-09 04:46:23 | DEBUG    | generate_patient_sequence:503 |   Rank 7: 83                   | Prob: 0.000002 | ID: 6361
2025-10-09 04:46:23 | DEBUG    | generate_patient_sequence:503 |   Rank 8: 3                    | Prob: 0.000002 | ID: 246
2025-10-09 04:46:23 | DEBUG    | generate_patient_sequence:503 |   Rank 9: 173                  | Prob: 0.000001 | ID: 30664
2025-10-09 04:46:23 | DEBUG    | generate_patient_sequence:503 |   Rank 10: 75                   | Prob: 0.000001 | ID: 2545
2025-10-09 04:46:23 | DEBUG    | generate_patient_sequence:503 |   Rank 11: 78                   | Prob: 0.000001 | ID: 5479
2025-10-09 04:46:23 | DEBUG    | generate_patient_sequence:503 |   Rank 12: 74                   | Prob: 0.000001 | ID: 5243
2025-10-09 04:46:23 | DEBUG    | generate_patient_sequence:503 |   Rank 13: 53                   | Prob: 0.000001 | ID: 4540
2025-10-09 04:46:23 | DEBUG    | generate_patient_sequence:503 |   Rank 14: 59                   | Prob: 0.000001 | ID: 4156
2025-10-09 04:46:23 | DEBUG    | generate_patient_sequence:503 |   Rank 15: 103                  | Prob: 0.000001 | ID: 18159
2025-10-09 04:46:23 | DEBUG    | generate_patient_sequence:503 |   Rank 16: 76                   | Prob: 0.000001 | ID: 5067
2025-10-09 04:46:23 | DEBUG    | generate_patient_sequence:503 |   Rank 17: 1973                 | Prob: 0.000001 | ID: 44521
2025-10-09 04:46:23 | DEBUG    | generate_patient_sequence:503 |   Rank 18: 81                   | Prob: 0.000001 | ID: 6668
2025-10-09 04:46:23 | DEBUG    | generate_patient_sequence:503 |   Rank 19: 700                  | Prob: 0.000000 | ID: 5987
2025-10-09 04:46:23 | DEBUG    | generate_patient_sequence:503 |   Rank 20: 263                  | Prob: 0.000000 | ID: 29969
2025-10-09 04:46:23 | INFO     | generate_patient_sequence:507 | Starting generation with temp=1.5, top_k=30, max_length=256
2025-10-09 04:46:24 | DEBUG    | generate_patient_sequence:520 | Generated token IDs: [2, 0, 5352, 38503, 256, 28696, 12789, 139, 15698, 2, 50265, 5352, 38503, 381, 28696, 12789, 22730, 15698, 2, 2, 2, 38503, 256, 2, 12789, 139, 2, 2, 50267]
2025-10-09 04:46:24 | DEBUG    | generate_patient_sequence:521 | Generated length: 29 tokens
2025-10-09 04:46:24 | INFO     | generate_patient_sequence:529 | Generated token counts - <v>: 1, <\v>: 0, <END>: 1
2025-10-09 04:46:24 | DEBUG    | generate_patient_sequence:537 | Raw generated sequence: </s><s>73 WHITE M <demo></s> <v> 73 WHITE E <democrat></s></s></s> WHITE M</s>demo</s></s> <END>
2025-10-09 04:46:24 | INFO     | generate_patient_sequence:540 | Generated sequence (clean): 73 WHITE M <demo>73 WHITE E <democrat> WHITE Mdemo
2025-10-09 04:46:24 | INFO     | <module>:663 | 
--- Sample 5/5 ---
2025-10-09 04:46:24 | INFO     | generate_patient_sequence:443 | Generating sequence for prompt: '62 OTHER M <demo>'
2025-10-09 04:46:24 | DEBUG    | generate_patient_sequence:447 | Prompt token IDs: [0, 5379, 16536, 256, 28696, 12789, 139, 15698, 2]
2025-10-09 04:46:24 | DEBUG    | generate_patient_sequence:448 | Prompt tokens: ['<s>', '62', ' OTHER', ' M', ' <', 'dem', 'o', '>', '</s>']
2025-10-09 04:46:24 | DEBUG    | generate_patient_sequence:457 | Special token IDs - <v>: 50265, <\v>: 50266, <END>: 50267, PAD: 1, EOS: 2
2025-10-09 04:46:24 | DEBUG    | generate_patient_sequence:464 | Initial decoder input (with forced <v>): [0, 5379, 16536, 256, 28696, 12789, 139, 15698, 2, 50265]
2025-10-09 04:46:24 | DEBUG    | generate_patient_sequence:478 | After prompt, probability of <v>: 0.000000
2025-10-09 04:46:24 | DEBUG    | generate_patient_sequence:479 | After prompt, probability of <END>: 0.000000
2025-10-09 04:46:24 | DEBUG    | generate_patient_sequence:480 | After prompt, probability of PAD: 0.000000
2025-10-09 04:46:24 | DEBUG    | generate_patient_sequence:481 | After prompt, probability of EOS: 0.000029
2025-10-09 04:46:24 | DEBUG    | generate_patient_sequence:485 | Top 20 next token predictions after prompt:
2025-10-09 04:46:24 | DEBUG    | generate_patient_sequence:503 |   Rank 1: 62                   | Prob: 0.999893 | ID: 5379
2025-10-09 04:46:24 | DEBUG    | generate_patient_sequence:503 |   Rank 2: <EOS>                | Prob: 0.000029 | ID: 2
2025-10-09 04:46:24 | DEBUG    | generate_patient_sequence:503 |   Rank 3:  1962                | Prob: 0.000012 | ID: 19515
2025-10-09 04:46:24 | DEBUG    | generate_patient_sequence:503 |   Rank 4: 61                   | Prob: 0.000009 | ID: 5606
2025-10-09 04:46:24 | DEBUG    | generate_patient_sequence:503 |   Rank 5: 82                   | Prob: 0.000008 | ID: 6551
2025-10-09 04:46:24 | DEBUG    | generate_patient_sequence:503 |   Rank 6: dem                  | Prob: 0.000007 | ID: 12789
2025-10-09 04:46:24 | DEBUG    | generate_patient_sequence:503 |   Rank 7: 57                   | Prob: 0.000005 | ID: 4390
2025-10-09 04:46:24 | DEBUG    | generate_patient_sequence:503 |   Rank 8: 63                   | Prob: 0.000004 | ID: 5449
2025-10-09 04:46:24 | DEBUG    | generate_patient_sequence:503 |   Rank 9: 72                   | Prob: 0.000004 | ID: 4956
2025-10-09 04:46:24 | DEBUG    | generate_patient_sequence:503 |   Rank 10: 59                   | Prob: 0.000003 | ID: 4156
2025-10-09 04:46:24 | DEBUG    | generate_patient_sequence:503 |   Rank 11: 122                  | Prob: 0.000002 | ID: 21948
2025-10-09 04:46:24 | DEBUG    | generate_patient_sequence:503 |   Rank 12: 52                   | Prob: 0.000002 | ID: 4429
2025-10-09 04:46:24 | DEBUG    | generate_patient_sequence:503 |   Rank 13: 102                  | Prob: 0.000002 | ID: 17024
2025-10-09 04:46:24 | DEBUG    | generate_patient_sequence:503 |   Rank 14: 662                  | Prob: 0.000002 | ID: 36577
2025-10-09 04:46:24 | DEBUG    | generate_patient_sequence:503 |   Rank 15: 42                   | Prob: 0.000001 | ID: 3714
2025-10-09 04:46:24 | DEBUG    | generate_patient_sequence:503 |   Rank 16: 60                   | Prob: 0.000001 | ID: 2466
2025-10-09 04:46:24 | DEBUG    | generate_patient_sequence:503 |   Rank 17: 53                   | Prob: 0.000001 | ID: 4540
2025-10-09 04:46:24 | DEBUG    | generate_patient_sequence:503 |   Rank 18: 65                   | Prob: 0.000001 | ID: 3506
2025-10-09 04:46:24 | DEBUG    | generate_patient_sequence:503 |   Rank 19: 74                   | Prob: 0.000001 | ID: 5243
2025-10-09 04:46:24 | DEBUG    | generate_patient_sequence:503 |   Rank 20: 89                   | Prob: 0.000000 | ID: 5046
2025-10-09 04:46:24 | INFO     | generate_patient_sequence:507 | Starting generation with temp=1.5, top_k=30, max_length=256
2025-10-09 04:46:24 | DEBUG    | generate_patient_sequence:520 | Generated token IDs: [2, 0, 5379, 16536, 256, 28696, 12789, 139, 15698, 2, 50265, 5379, 16536, 381, 28696, 12789, 1116, 15698, 2, 2, 2, 50266, 2, 2, 50265, 2, 2, 12789, 139, 2, 2, 50267]
2025-10-09 04:46:24 | DEBUG    | generate_patient_sequence:521 | Generated length: 32 tokens
2025-10-09 04:46:24 | INFO     | generate_patient_sequence:529 | Generated token counts - <v>: 2, <\v>: 1, <END>: 1
2025-10-09 04:46:24 | DEBUG    | generate_patient_sequence:537 | Raw generated sequence: </s><s>62 OTHER M <demo></s> <v> 62 OTHER E <demof></s></s></s> <\v> </s></s> <v> </s></s>demo</s></s> <END>
2025-10-09 04:46:24 | INFO     | generate_patient_sequence:540 | Generated sequence (clean): 62 OTHER M <demo>62 OTHER E <demof>demo
2025-10-09 04:46:24 | INFO     | <module>:677 | === Training and generation complete ===
