Job ID: 5183033
Job Name: ehr_lr0.0002_temp1.3_k100
Node: ccc0388
CUDA_VISIBLE_DEVICES: 0
Start Time: Thu Oct  9 05:09:56 CDT 2025
Working Directory: /u/jalenj4/pehr_scratch
Thu Oct  9 05:09:56 2025       
+-----------------------------------------------------------------------------------------+
| NVIDIA-SMI 580.95.05              Driver Version: 580.95.05      CUDA Version: 13.0     |
+-----------------------------------------+------------------------+----------------------+
| GPU  Name                 Persistence-M | Bus-Id          Disp.A | Volatile Uncorr. ECC |
| Fan  Temp   Perf          Pwr:Usage/Cap |           Memory-Usage | GPU-Util  Compute M. |
|                                         |                        |               MIG M. |
|=========================================+========================+======================|
|   0  NVIDIA A100-SXM4-80GB          On  |   00000000:81:00.0 Off |                    0 |
| N/A   46C    P0             93W /  500W |       0MiB /  81920MiB |      0%      Default |
|                                         |                        |             Disabled |
+-----------------------------------------+------------------------+----------------------+

+-----------------------------------------------------------------------------------------+
| Processes:                                                                              |
|  GPU   GI   CI              PID   Type   Process name                        GPU Memory |
|        ID   ID                                                               Usage      |
|=========================================================================================|
|  No running processes found                                                             |
+-----------------------------------------------------------------------------------------+
Parameters:
  NUM_PATIENTS: 3000
  BATCH_SIZE: 16
  NUM_EPOCHS: 30
  LEARNING_RATE: 0.0002
  GENERATION_TEMP: 1.3
  TOP_K: 100
INFO: === EHR Generation Training Started ===
INFO: Configuration: {'model_name': 'facebook/bart-base', 'num_patients': 3000, 'max_seq_length': 256, 'batch_size': 16, 'num_epochs': 30, 'learning_rate': 0.0002, 'generation_temp': 1.3, 'generation_max_length': 256, 'num_warmup_steps': 0, 'top_k': 100, 'data_dir': 'data_files', 'mimic_paths': {'patients_path': 'data_files/PATIENTS.csv', 'admissions_path': 'data_files/ADMISSIONS.csv', 'diagnoses_path': 'data_files/DIAGNOSES_ICD.csv'}}
INFO: Using device: cuda
INFO: Loading pretrained BART model: facebook/bart-base
INFO: Added 3 special tokens: <v>, <\v>, <END>
INFO: Resized model embeddings to 50268 tokens
INFO: Loading MIMIC-III data files
INFO: Loaded 46520 patients
INFO: Loaded 58976 admissions
INFO: Loaded 651047 diagnosis records
INFO: Data processing complete. Formatting sequences...
INFO: Sequence formatting complete. Generated 3000 patient sequences
INFO: Average visits per patient: 1.27
INFO: Average tokens per sequence: 19.69
INFO: Sample patient sequences:
INFO: Sample 1: 80 WHITE M <demo> <v> 41071 4280 42840 5180 501 V4502 4940 5771 <\v> <END>...
INFO: Sample 2: 79 WHITE M <demo> <v> 0389 78552 42731 496 1550 99592 4019 <\v> <END>...
INFO: Sample 3: 22 WHITE F <demo> <v> 25013 27651 V5867 <\v> <END>...
INFO: Sample 4: 0 WHITE M <demo> <v> V3001 7706 V290 <\v> <END>...
INFO: Sample 5: 76 WHITE M <demo> <v> 5781 2800 5849 585 5712 7907 2848 496 42830 <\v> <END>...
INFO: Created dataset with 3000 samples, 188 batches
INFO: Optimizer: AdamW with lr=0.0002
INFO: Scheduler: linear with 0 warmup steps
INFO: Starting model training for 30 epochs
INFO: Training steps: 5640
INFO: Device: cuda
INFO: Epoch 1/30 completed | Avg Loss: 0.4592
INFO: Epoch 2/30 completed | Avg Loss: 0.0688
INFO: Epoch 3/30 completed | Avg Loss: 0.0212
INFO: Epoch 4/30 completed | Avg Loss: 0.0185
INFO: Epoch 5/30 completed | Avg Loss: 0.0331
INFO: Epoch 6/30 completed | Avg Loss: 0.0341
INFO: Epoch 7/30 completed | Avg Loss: 0.0187
INFO: Epoch 8/30 completed | Avg Loss: 0.0166
INFO: Epoch 9/30 completed | Avg Loss: 0.0114
INFO: Epoch 10/30 completed | Avg Loss: 0.0097
INFO: Epoch 11/30 completed | Avg Loss: 0.0150
INFO: Epoch 12/30 completed | Avg Loss: 0.0076
INFO: Epoch 13/30 completed | Avg Loss: 0.0079
INFO: Epoch 14/30 completed | Avg Loss: 0.0067
INFO: Epoch 15/30 completed | Avg Loss: 0.0062
INFO: Epoch 16/30 completed | Avg Loss: 0.0100
INFO: Epoch 17/30 completed | Avg Loss: 0.0070
INFO: Epoch 18/30 completed | Avg Loss: 0.0055
INFO: Epoch 19/30 completed | Avg Loss: 0.0029
INFO: Epoch 20/30 completed | Avg Loss: 0.0016
INFO: Epoch 21/30 completed | Avg Loss: 0.0012
INFO: Epoch 22/30 completed | Avg Loss: 0.0023
INFO: Epoch 23/30 completed | Avg Loss: 0.0015
INFO: Epoch 24/30 completed | Avg Loss: 0.0008
INFO: Epoch 25/30 completed | Avg Loss: 0.0009
INFO: Epoch 26/30 completed | Avg Loss: 0.0010
INFO: Epoch 27/30 completed | Avg Loss: 0.0010
INFO: Epoch 28/30 completed | Avg Loss: 0.0010
INFO: Epoch 29/30 completed | Avg Loss: 0.0005
INFO: Epoch 30/30 completed | Avg Loss: 0.0005
INFO: Training complete
INFO: Final average loss: 0.0005
INFO: === Generating synthetic patient data ===
INFO: 
--- Sample 1/5 ---
INFO: Generating sequence for prompt: '54 UNABLE TO OBTAIN M <demo>'
INFO: Starting generation with temp=1.3, top_k=100, max_length=256
INFO: Generated token counts - <v>: 1, <\v>: 0, <END>: 1
INFO: Generated sequence (clean): 54 UNABLE TO OBTAIN M <demo>
INFO: 
--- Sample 2/5 ---
INFO: Generating sequence for prompt: '82 UNABLE TO OBTAIN M <demo>'
INFO: Starting generation with temp=1.3, top_k=100, max_length=256
INFO: Generated token counts - <v>: 1, <\v>: 0, <END>: 1
INFO: Generated sequence (clean): 82 UNABLE TO OBTAIN M <demo> OTHER19NABLETO OBTAIN F <demoa> 
INFO: 
--- Sample 3/5 ---
INFO: Generating sequence for prompt: '52 HISPANIC OR LATINO M <demo>'
INFO: Starting generation with temp=1.3, top_k=100, max_length=256
INFO: Generated token counts - <v>: 1, <\v>: 0, <END>: 1
INFO: Generated sequence (clean): 52 HISPANIC OR LATINO M <demo>7070> 
INFO: 
--- Sample 4/5 ---
INFO: Generating sequence for prompt: '40 UNKNOWN/NOT SPECIFIED M <demo>'
INFO: Starting generation with temp=1.3, top_k=100, max_length=256
INFO: Generated token counts - <v>: 1, <\v>: 1, <END>: 1
INFO: Generated sequence (clean): 40 UNKNOWN/NOT SPECIFIED M <demo>121551578081>  
INFO: 
--- Sample 5/5 ---
INFO: Generating sequence for prompt: '38 UNKNOWN/NOT SPECIFIED M <demo>'
INFO: Starting generation with temp=1.3, top_k=100, max_length=256
INFO: Generated token counts - <v>: 2, <\v>: 1, <END>: 1
INFO: Generated sequence (clean): 38 UNKNOWN/NOT SPECIFIED M <demo>5719o>  446206700  
INFO: === Training and generation complete ===
End Time: Thu Oct  9 05:33:26 CDT 2025
Exit Code: 0
