2025-10-09 03:35:54 | INFO     | <module>:562 | === EHR Generation Training Started ===
2025-10-09 03:35:54 | INFO     | <module>:583 | Configuration: {'model_name': 'facebook/bart-base', 'num_patients': 3000, 'max_seq_length': 256, 'batch_size': 16, 'num_epochs': 30, 'learning_rate': 0.0001, 'generation_temp': 1.5, 'generation_max_length': 256, 'num_warmup_steps': 0, 'top_k': 50, 'data_dir': 'data_files', 'mimic_paths': {'patients_path': 'data_files/PATIENTS.csv', 'admissions_path': 'data_files/ADMISSIONS.csv', 'diagnoses_path': 'data_files/DIAGNOSES_ICD.csv'}}
2025-10-09 03:35:55 | INFO     | <module>:587 | Using device: cuda
2025-10-09 03:35:55 | INFO     | <module>:590 | Loading pretrained BART model: facebook/bart-base
2025-10-09 03:35:55 | INFO     | <module>:599 | Added 3 special tokens: <v>, <\v>, <END>
2025-10-09 03:35:55 | INFO     | <module>:603 | Resized model embeddings to 50268 tokens
2025-10-09 03:35:55 | DEBUG    | <module>:606 | Token ID for <v>: 50265
2025-10-09 03:35:55 | DEBUG    | <module>:607 | Token ID for <\v>: 50266
2025-10-09 03:35:55 | DEBUG    | <module>:608 | Token ID for <END>: 50267
2025-10-09 03:35:55 | INFO     | load_and_format_mimic_data:147 | Loading MIMIC-III data files
2025-10-09 03:35:55 | DEBUG    | load_and_format_mimic_data:148 | Patients: data_files/PATIENTS.csv
2025-10-09 03:35:55 | DEBUG    | load_and_format_mimic_data:149 | Admissions: data_files/ADMISSIONS.csv
2025-10-09 03:35:55 | DEBUG    | load_and_format_mimic_data:150 | Diagnoses: data_files/DIAGNOSES_ICD.csv
2025-10-09 03:35:56 | INFO     | load_and_format_mimic_data:155 | Loaded 46520 patients
2025-10-09 03:35:56 | INFO     | load_and_format_mimic_data:158 | Loaded 58976 admissions
2025-10-09 03:35:56 | INFO     | load_and_format_mimic_data:161 | Loaded 651047 diagnosis records
2025-10-09 03:35:56 | INFO     | load_and_format_mimic_data:219 | Data processing complete. Formatting sequences...
2025-10-09 03:35:59 | INFO     | load_and_format_mimic_data:258 | Sequence formatting complete. Generated 3000 patient sequences
2025-10-09 03:35:59 | DEBUG    | load_and_format_mimic_data:262 | Sample sequence: 0 ASIAN M <demo> <v> V3001 V053 V290 <\v> <END>...
2025-10-09 03:35:59 | INFO     | load_and_format_mimic_data:267 | Average visits per patient: 1.27
2025-10-09 03:35:59 | INFO     | load_and_format_mimic_data:268 | Average tokens per sequence: 19.69
2025-10-09 03:35:59 | INFO     | <module>:622 | Sample patient sequences:
2025-10-09 03:35:59 | INFO     | <module>:624 | Sample 1: 37 ASIAN F <demo> <v> 66632 66612 64822 <\v> <END>...
2025-10-09 03:35:59 | INFO     | <module>:624 | Sample 2: 76 WHITE F <demo> <v> 43310 2449 2720 3051 <\v> <END>...
2025-10-09 03:35:59 | INFO     | <module>:624 | Sample 3: 0 WHITE M <demo> <v> V3001 76516 77981 7742 76526 77082 V290 77089 <\v> <END>...
2025-10-09 03:35:59 | INFO     | <module>:624 | Sample 4: 77 ASIAN M <demo> <v> 03849 51881 42731 1976 1518 78552 5849 2639 27651 2762 2848 99592 E9331 78791 V1052 V441 <\v> <END>...
2025-10-09 03:35:59 | INFO     | <module>:624 | Sample 5: 80 WHITE F <demo> <v> 41071 41401 9974 99889 25040 40391 24290 56989 4589 <\v> <v> 99831 40391 E8782 2720 25000 V4581 2449 2749 4439 <\v> <END>...
2025-10-09 03:35:59 | DEBUG    | __init__:294 | First sequence length: 24 tokens
2025-10-09 03:35:59 | DEBUG    | __init__:295 | Pad token ID: 1
2025-10-09 03:35:59 | INFO     | <module>:628 | Created dataset with 3000 samples, 188 batches
2025-10-09 03:35:59 | INFO     | <module>:639 | Optimizer: AdamW with lr=0.0001
2025-10-09 03:35:59 | INFO     | <module>:640 | Scheduler: linear with 0 warmup steps
2025-10-09 03:35:59 | INFO     | train_model:351 | Starting model training for 30 epochs
2025-10-09 03:35:59 | INFO     | train_model:352 | Training steps: 5640
2025-10-09 03:35:59 | INFO     | train_model:353 | Device: cuda
2025-10-09 03:35:59 | DEBUG    | train_model:372 | First batch input_ids shape: torch.Size([16, 256])
2025-10-09 03:35:59 | DEBUG    | train_model:373 | First batch labels shape: torch.Size([16, 256])
2025-10-09 03:35:59 | DEBUG    | train_model:374 | First batch attention_mask shape: torch.Size([16, 256])
2025-10-09 03:35:59 | DEBUG    | train_model:375 | Initial loss: 2.4025
2025-10-09 03:35:59 | DEBUG    | train_model:382 | Special tokens in first batch: {'pad': 3507, 'masked_labels': 3507}
2025-10-09 03:36:46 | INFO     | train_model:401 | Epoch 1/30 completed | Avg Loss: 0.6120
2025-10-09 03:37:32 | INFO     | train_model:401 | Epoch 2/30 completed | Avg Loss: 0.0670
2025-10-09 03:38:19 | INFO     | train_model:401 | Epoch 3/30 completed | Avg Loss: 0.0112
2025-10-09 03:39:05 | INFO     | train_model:401 | Epoch 4/30 completed | Avg Loss: 0.0074
2025-10-09 03:39:52 | INFO     | train_model:401 | Epoch 5/30 completed | Avg Loss: 0.0068
2025-10-09 03:40:38 | INFO     | train_model:401 | Epoch 6/30 completed | Avg Loss: 0.0083
2025-10-09 03:41:25 | INFO     | train_model:401 | Epoch 7/30 completed | Avg Loss: 0.0083
2025-10-09 03:42:11 | INFO     | train_model:401 | Epoch 8/30 completed | Avg Loss: 0.0044
2025-10-09 03:42:58 | INFO     | train_model:401 | Epoch 9/30 completed | Avg Loss: 0.0039
2025-10-09 03:43:44 | INFO     | train_model:401 | Epoch 10/30 completed | Avg Loss: 0.0037
2025-10-09 03:44:31 | INFO     | train_model:401 | Epoch 11/30 completed | Avg Loss: 0.0047
2025-10-09 03:45:18 | INFO     | train_model:401 | Epoch 12/30 completed | Avg Loss: 0.0071
2025-10-09 03:46:04 | INFO     | train_model:401 | Epoch 13/30 completed | Avg Loss: 0.0032
2025-10-09 03:46:51 | INFO     | train_model:401 | Epoch 14/30 completed | Avg Loss: 0.0056
2025-10-09 03:47:37 | INFO     | train_model:401 | Epoch 15/30 completed | Avg Loss: 0.0037
2025-10-09 03:48:24 | INFO     | train_model:401 | Epoch 16/30 completed | Avg Loss: 0.0028
2025-10-09 03:49:10 | INFO     | train_model:401 | Epoch 17/30 completed | Avg Loss: 0.0033
2025-10-09 03:49:57 | INFO     | train_model:401 | Epoch 18/30 completed | Avg Loss: 0.0025
2025-10-09 03:50:43 | INFO     | train_model:401 | Epoch 19/30 completed | Avg Loss: 0.0043
2025-10-09 03:51:30 | INFO     | train_model:401 | Epoch 20/30 completed | Avg Loss: 0.0019
2025-10-09 03:52:16 | INFO     | train_model:401 | Epoch 21/30 completed | Avg Loss: 0.0006
2025-10-09 03:53:03 | INFO     | train_model:401 | Epoch 22/30 completed | Avg Loss: 0.0025
2025-10-09 03:53:49 | INFO     | train_model:401 | Epoch 23/30 completed | Avg Loss: 0.0011
2025-10-09 03:54:36 | INFO     | train_model:401 | Epoch 24/30 completed | Avg Loss: 0.0012
2025-10-09 03:55:22 | INFO     | train_model:401 | Epoch 25/30 completed | Avg Loss: 0.0012
2025-10-09 03:56:09 | INFO     | train_model:401 | Epoch 26/30 completed | Avg Loss: 0.0007
2025-10-09 03:56:55 | INFO     | train_model:401 | Epoch 27/30 completed | Avg Loss: 0.0006
2025-10-09 03:57:42 | INFO     | train_model:401 | Epoch 28/30 completed | Avg Loss: 0.0004
2025-10-09 03:58:28 | INFO     | train_model:401 | Epoch 29/30 completed | Avg Loss: 0.0012
2025-10-09 03:59:15 | INFO     | train_model:401 | Epoch 30/30 completed | Avg Loss: 0.0003
2025-10-09 03:59:15 | INFO     | train_model:403 | Training complete
2025-10-09 03:59:15 | INFO     | train_model:404 | Final average loss: 0.0003
2025-10-09 03:59:15 | DEBUG    | train_model:405 | Loss history: [0.6120103824328869, 0.06696031418470468, 0.011187608601485795, 0.007410189676212464, 0.006831881978754647, 0.008297843638772858, 0.008323174327125208, 0.004420011648456219, 0.003923392095299626, 0.003733956679036752, 0.004655196636257584, 0.007117725051896141, 0.0032312099522622453, 0.005554311494129349, 0.003680227102991689, 0.0028089117614844656, 0.0032930523578970487, 0.002509076183877311, 0.004313697720793611, 0.0018904719157596466, 0.0006256814292700778, 0.0024879761451224924, 0.0010551875259013886, 0.001238871253279169, 0.0011752379073283357, 0.0006538622886550233, 0.0006254513686570212, 0.00041151421232535405, 0.0011583542394912505, 0.000332958479432025]
2025-10-09 03:59:15 | INFO     | <module>:654 | === Generating synthetic patient data ===
2025-10-09 03:59:15 | INFO     | <module>:663 | 
--- Sample 1/5 ---
2025-10-09 03:59:15 | INFO     | generate_patient_sequence:443 | Generating sequence for prompt: '71 ASIAN M <demo>'
2025-10-09 03:59:15 | DEBUG    | generate_patient_sequence:447 | Prompt token IDs: [0, 5339, 6015, 10296, 256, 28696, 12789, 139, 15698, 2]
2025-10-09 03:59:15 | DEBUG    | generate_patient_sequence:448 | Prompt tokens: ['<s>', '71', ' AS', 'IAN', ' M', ' <', 'dem', 'o', '>', '</s>']
2025-10-09 03:59:15 | DEBUG    | generate_patient_sequence:457 | Special token IDs - <v>: 50265, <\v>: 50266, <END>: 50267, PAD: 1, EOS: 2
2025-10-09 03:59:15 | DEBUG    | generate_patient_sequence:464 | Initial decoder input (with forced <v>): [0, 5339, 6015, 10296, 256, 28696, 12789, 139, 15698, 2, 50265]
2025-10-09 03:59:15 | DEBUG    | generate_patient_sequence:478 | After prompt, probability of <v>: 0.020253
2025-10-09 03:59:15 | DEBUG    | generate_patient_sequence:479 | After prompt, probability of <END>: 0.010387
2025-10-09 03:59:15 | DEBUG    | generate_patient_sequence:480 | After prompt, probability of PAD: 0.000000
2025-10-09 03:59:15 | DEBUG    | generate_patient_sequence:481 | After prompt, probability of EOS: 0.865563
2025-10-09 03:59:15 | DEBUG    | generate_patient_sequence:485 | Top 20 next token predictions after prompt:
2025-10-09 03:59:15 | DEBUG    | generate_patient_sequence:503 |   Rank 1: <EOS>                | Prob: 0.865563 | ID: 2
2025-10-09 03:59:15 | DEBUG    | generate_patient_sequence:503 |   Rank 2: 71                   | Prob: 0.086503 | ID: 5339
2025-10-09 03:59:15 | DEBUG    | generate_patient_sequence:503 |   Rank 3: <v>                  | Prob: 0.020253 | ID: 50265
2025-10-09 03:59:15 | DEBUG    | generate_patient_sequence:503 |   Rank 4: <END>                | Prob: 0.010387 | ID: 50267
2025-10-09 03:59:15 | DEBUG    | generate_patient_sequence:503 |   Rank 5: <\v>                 | Prob: 0.008691 | ID: 50266
2025-10-09 03:59:15 | DEBUG    | generate_patient_sequence:503 |   Rank 6:  1970                | Prob: 0.000684 | ID: 6200
2025-10-09 03:59:15 | DEBUG    | generate_patient_sequence:503 |   Rank 7: 707                  | Prob: 0.000383 | ID: 34877
2025-10-09 03:59:15 | DEBUG    | generate_patient_sequence:503 |   Rank 8: 148                  | Prob: 0.000220 | ID: 26300
2025-10-09 03:59:15 | DEBUG    | generate_patient_sequence:503 |   Rank 9: 70                   | Prob: 0.000209 | ID: 3083
2025-10-09 03:59:15 | DEBUG    | generate_patient_sequence:503 |   Rank 10: 686                  | Prob: 0.000202 | ID: 37289
2025-10-09 03:59:15 | DEBUG    | generate_patient_sequence:503 |   Rank 11: o                    | Prob: 0.000194 | ID: 139
2025-10-09 03:59:15 | DEBUG    | generate_patient_sequence:503 |   Rank 12: 391                  | Prob: 0.000161 | ID: 35848
2025-10-09 03:59:15 | DEBUG    | generate_patient_sequence:503 |   Rank 13:  71                  | Prob: 0.000149 | ID: 6121
2025-10-09 03:59:15 | DEBUG    | generate_patient_sequence:503 |   Rank 14: 373                  | Prob: 0.000121 | ID: 34099
2025-10-09 03:59:15 | DEBUG    | generate_patient_sequence:503 |   Rank 15: 372                  | Prob: 0.000119 | ID: 34322
2025-10-09 03:59:15 | DEBUG    | generate_patient_sequence:503 |   Rank 16: 121                  | Prob: 0.000116 | ID: 22388
2025-10-09 03:59:15 | DEBUG    | generate_patient_sequence:503 |   Rank 17: 181                  | Prob: 0.000114 | ID: 30818
2025-10-09 03:59:15 | DEBUG    | generate_patient_sequence:503 |   Rank 18: 73                   | Prob: 0.000113 | ID: 5352
2025-10-09 03:59:15 | DEBUG    | generate_patient_sequence:503 |   Rank 19: 651                  | Prob: 0.000107 | ID: 39060
2025-10-09 03:59:15 | DEBUG    | generate_patient_sequence:503 |   Rank 20: 671                  | Prob: 0.000103 | ID: 39392
2025-10-09 03:59:15 | INFO     | generate_patient_sequence:507 | Starting generation with temp=1.5, top_k=50, max_length=256
2025-10-09 03:59:15 | DEBUG    | generate_patient_sequence:520 | Generated token IDs: [2, 0, 5339, 6015, 10296, 256, 28696, 12789, 139, 15698, 2, 50265, 204, 10296, 256, 246, 15698, 2, 50266, 2, 2, 50267]
2025-10-09 03:59:15 | DEBUG    | generate_patient_sequence:521 | Generated length: 22 tokens
2025-10-09 03:59:15 | INFO     | generate_patient_sequence:529 | Generated token counts - <v>: 1, <\v>: 1, <END>: 1
2025-10-09 03:59:15 | DEBUG    | generate_patient_sequence:537 | Raw generated sequence: </s><s>71 ASIAN M <demo></s> <v>  4IAN M3></s> <\v> </s></s> <END>
2025-10-09 03:59:15 | INFO     | generate_patient_sequence:540 | Generated sequence (clean): 71 ASIAN M <demo> 4IAN M3>
2025-10-09 03:59:15 | INFO     | <module>:663 | 
--- Sample 2/5 ---
2025-10-09 03:59:15 | INFO     | generate_patient_sequence:443 | Generating sequence for prompt: '78 HISPANIC OR LATINO M <demo>'
2025-10-09 03:59:15 | DEBUG    | generate_patient_sequence:447 | Prompt token IDs: [0, 5479, 37350, 510, 1889, 2371, 6532, 21455, 30535, 256, 28696, 12789, 139, 15698, 2]
2025-10-09 03:59:15 | DEBUG    | generate_patient_sequence:448 | Prompt tokens: ['<s>', '78', ' HIS', 'P', 'AN', 'IC', ' OR', ' LAT', 'INO', ' M', ' <', 'dem', 'o', '>', '</s>']
2025-10-09 03:59:15 | DEBUG    | generate_patient_sequence:457 | Special token IDs - <v>: 50265, <\v>: 50266, <END>: 50267, PAD: 1, EOS: 2
2025-10-09 03:59:15 | DEBUG    | generate_patient_sequence:464 | Initial decoder input (with forced <v>): [0, 5479, 37350, 510, 1889, 2371, 6532, 21455, 30535, 256, 28696, 12789, 139, 15698, 2, 50265]
2025-10-09 03:59:15 | DEBUG    | generate_patient_sequence:478 | After prompt, probability of <v>: 0.348312
2025-10-09 03:59:15 | DEBUG    | generate_patient_sequence:479 | After prompt, probability of <END>: 0.226763
2025-10-09 03:59:15 | DEBUG    | generate_patient_sequence:480 | After prompt, probability of PAD: 0.000000
2025-10-09 03:59:15 | DEBUG    | generate_patient_sequence:481 | After prompt, probability of EOS: 0.295545
2025-10-09 03:59:15 | DEBUG    | generate_patient_sequence:485 | Top 20 next token predictions after prompt:
2025-10-09 03:59:15 | DEBUG    | generate_patient_sequence:503 |   Rank 1: <v>                  | Prob: 0.348312 | ID: 50265
2025-10-09 03:59:15 | DEBUG    | generate_patient_sequence:503 |   Rank 2: <EOS>                | Prob: 0.295545 | ID: 2
2025-10-09 03:59:15 | DEBUG    | generate_patient_sequence:503 |   Rank 3: <END>                | Prob: 0.226763 | ID: 50267
2025-10-09 03:59:15 | DEBUG    | generate_patient_sequence:503 |   Rank 4: <\v>                 | Prob: 0.104560 | ID: 50266
2025-10-09 03:59:15 | DEBUG    | generate_patient_sequence:503 |   Rank 5:  LAT                 | Prob: 0.017561 | ID: 21455
2025-10-09 03:59:15 | DEBUG    | generate_patient_sequence:503 |   Rank 6: dem                  | Prob: 0.001667 | ID: 12789
2025-10-09 03:59:15 | DEBUG    | generate_patient_sequence:503 |   Rank 7:  OTHER               | Prob: 0.000831 | ID: 16536
2025-10-09 03:59:15 | DEBUG    | generate_patient_sequence:503 |   Rank 8: RIC                  | Prob: 0.000495 | ID: 36570
2025-10-09 03:59:15 | DEBUG    | generate_patient_sequence:503 |   Rank 9: 686                  | Prob: 0.000211 | ID: 37289
2025-10-09 03:59:15 | DEBUG    | generate_patient_sequence:503 |   Rank 10: o                    | Prob: 0.000105 | ID: 139
2025-10-09 03:59:15 | DEBUG    | generate_patient_sequence:503 |   Rank 11:  BLACK               | Prob: 0.000082 | ID: 34101
2025-10-09 03:59:15 | DEBUG    | generate_patient_sequence:503 |   Rank 12: LIN                  | Prob: 0.000071 | ID: 13748
2025-10-09 03:59:15 | DEBUG    | generate_patient_sequence:503 |   Rank 13: 781                  | Prob: 0.000056 | ID: 40149
2025-10-09 03:59:15 | DEBUG    | generate_patient_sequence:503 |   Rank 14: 798                  | Prob: 0.000055 | ID: 40141
2025-10-09 03:59:15 | DEBUG    | generate_patient_sequence:503 |   Rank 15: 391                  | Prob: 0.000049 | ID: 35848
2025-10-09 03:59:15 | DEBUG    | generate_patient_sequence:503 |   Rank 16: 390                  | Prob: 0.000047 | ID: 27873
2025-10-09 03:59:15 | DEBUG    | generate_patient_sequence:503 |   Rank 17: 671                  | Prob: 0.000045 | ID: 39392
2025-10-09 03:59:15 | DEBUG    | generate_patient_sequence:503 |   Rank 18: 707                  | Prob: 0.000043 | ID: 34877
2025-10-09 03:59:15 | DEBUG    | generate_patient_sequence:503 |   Rank 19:  V                   | Prob: 0.000043 | ID: 468
2025-10-09 03:59:15 | DEBUG    | generate_patient_sequence:503 |   Rank 20:  1977                | Prob: 0.000042 | ID: 15386
2025-10-09 03:59:15 | INFO     | generate_patient_sequence:507 | Starting generation with temp=1.5, top_k=50, max_length=256
2025-10-09 03:59:15 | DEBUG    | generate_patient_sequence:520 | Generated token IDs: [2, 0, 5479, 37350, 510, 1889, 2371, 6532, 21455, 30535, 256, 28696, 12789, 139, 15698, 2, 50265, 2, 2, 2, 50267]
2025-10-09 03:59:15 | DEBUG    | generate_patient_sequence:521 | Generated length: 21 tokens
2025-10-09 03:59:15 | INFO     | generate_patient_sequence:529 | Generated token counts - <v>: 1, <\v>: 0, <END>: 1
2025-10-09 03:59:15 | DEBUG    | generate_patient_sequence:537 | Raw generated sequence: </s><s>78 HISPANIC OR LATINO M <demo></s> <v> </s></s></s> <END>
2025-10-09 03:59:15 | INFO     | generate_patient_sequence:540 | Generated sequence (clean): 78 HISPANIC OR LATINO M <demo>
2025-10-09 03:59:15 | INFO     | <module>:663 | 
--- Sample 3/5 ---
2025-10-09 03:59:15 | INFO     | generate_patient_sequence:443 | Generating sequence for prompt: '25 UNKNOWN/NOT SPECIFIED M <demo>'
2025-10-09 03:59:15 | DEBUG    | generate_patient_sequence:447 | Prompt token IDs: [0, 1244, 2604, 47300, 73, 37049, 44921, 36482, 256, 28696, 12789, 139, 15698, 2]
2025-10-09 03:59:15 | DEBUG    | generate_patient_sequence:448 | Prompt tokens: ['<s>', '25', ' UN', 'KNOWN', '/', 'NOT', ' SPEC', 'IFIED', ' M', ' <', 'dem', 'o', '>', '</s>']
2025-10-09 03:59:15 | DEBUG    | generate_patient_sequence:457 | Special token IDs - <v>: 50265, <\v>: 50266, <END>: 50267, PAD: 1, EOS: 2
2025-10-09 03:59:15 | DEBUG    | generate_patient_sequence:464 | Initial decoder input (with forced <v>): [0, 1244, 2604, 47300, 73, 37049, 44921, 36482, 256, 28696, 12789, 139, 15698, 2, 50265]
2025-10-09 03:59:15 | DEBUG    | generate_patient_sequence:478 | After prompt, probability of <v>: 0.003970
2025-10-09 03:59:15 | DEBUG    | generate_patient_sequence:479 | After prompt, probability of <END>: 0.003636
2025-10-09 03:59:15 | DEBUG    | generate_patient_sequence:480 | After prompt, probability of PAD: 0.000000
2025-10-09 03:59:15 | DEBUG    | generate_patient_sequence:481 | After prompt, probability of EOS: 0.952521
2025-10-09 03:59:15 | DEBUG    | generate_patient_sequence:485 | Top 20 next token predictions after prompt:
2025-10-09 03:59:15 | DEBUG    | generate_patient_sequence:503 |   Rank 1: <EOS>                | Prob: 0.952521 | ID: 2
2025-10-09 03:59:15 | DEBUG    | generate_patient_sequence:503 |   Rank 2: KNOWN                | Prob: 0.013428 | ID: 47300
2025-10-09 03:59:15 | DEBUG    | generate_patient_sequence:503 |   Rank 3: <\v>                 | Prob: 0.007376 | ID: 50266
2025-10-09 03:59:15 | DEBUG    | generate_patient_sequence:503 |   Rank 4:  UN                  | Prob: 0.005668 | ID: 2604
2025-10-09 03:59:15 | DEBUG    | generate_patient_sequence:503 |   Rank 5: dem                  | Prob: 0.004410 | ID: 12789
2025-10-09 03:59:15 | DEBUG    | generate_patient_sequence:503 |   Rank 6: <v>                  | Prob: 0.003970 | ID: 50265
2025-10-09 03:59:15 | DEBUG    | generate_patient_sequence:503 |   Rank 7: <END>                | Prob: 0.003636 | ID: 50267
2025-10-09 03:59:15 | DEBUG    | generate_patient_sequence:503 |   Rank 8:  OTHER               | Prob: 0.000771 | ID: 16536
2025-10-09 03:59:15 | DEBUG    | generate_patient_sequence:503 |   Rank 9: o                    | Prob: 0.000664 | ID: 139
2025-10-09 03:59:15 | DEBUG    | generate_patient_sequence:503 |   Rank 10:  DEM                 | Prob: 0.000351 | ID: 33474
2025-10-09 03:59:15 | DEBUG    | generate_patient_sequence:503 |   Rank 11: DEM                  | Prob: 0.000254 | ID: 46128
2025-10-09 03:59:15 | DEBUG    | generate_patient_sequence:503 |   Rank 12: 620                  | Prob: 0.000252 | ID: 32994
2025-10-09 03:59:15 | DEBUG    | generate_patient_sequence:503 |   Rank 13:  1970                | Prob: 0.000141 | ID: 6200
2025-10-09 03:59:15 | DEBUG    | generate_patient_sequence:503 |   Rank 14: 000                  | Prob: 0.000135 | ID: 151
2025-10-09 03:59:15 | DEBUG    | generate_patient_sequence:503 |   Rank 15: 440                  | Prob: 0.000130 | ID: 26634
2025-10-09 03:59:15 | DEBUG    | generate_patient_sequence:503 |   Rank 16: 290                  | Prob: 0.000123 | ID: 24675
2025-10-09 03:59:15 | DEBUG    | generate_patient_sequence:503 |   Rank 17: ED                   | Prob: 0.000106 | ID: 1691
2025-10-09 03:59:15 | DEBUG    | generate_patient_sequence:503 |   Rank 18: NOT                  | Prob: 0.000103 | ID: 37049
2025-10-09 03:59:15 | DEBUG    | generate_patient_sequence:503 |   Rank 19: 686                  | Prob: 0.000100 | ID: 37289
2025-10-09 03:59:15 | DEBUG    | generate_patient_sequence:503 |   Rank 20: 693                  | Prob: 0.000093 | ID: 40379
2025-10-09 03:59:15 | INFO     | generate_patient_sequence:507 | Starting generation with temp=1.5, top_k=50, max_length=256
2025-10-09 03:59:15 | DEBUG    | generate_patient_sequence:520 | Generated token IDs: [2, 0, 1244, 2604, 47300, 73, 37049, 44921, 36482, 256, 28696, 12789, 139, 15698, 2, 50265, 2, 2, 2, 50267]
2025-10-09 03:59:15 | DEBUG    | generate_patient_sequence:521 | Generated length: 20 tokens
2025-10-09 03:59:15 | INFO     | generate_patient_sequence:529 | Generated token counts - <v>: 1, <\v>: 0, <END>: 1
2025-10-09 03:59:15 | DEBUG    | generate_patient_sequence:537 | Raw generated sequence: </s><s>25 UNKNOWN/NOT SPECIFIED M <demo></s> <v> </s></s></s> <END>
2025-10-09 03:59:15 | INFO     | generate_patient_sequence:540 | Generated sequence (clean): 25 UNKNOWN/NOT SPECIFIED M <demo>
2025-10-09 03:59:15 | INFO     | <module>:663 | 
--- Sample 4/5 ---
2025-10-09 03:59:15 | INFO     | generate_patient_sequence:443 | Generating sequence for prompt: '48 UNABLE TO OBTAIN M <demo>'
2025-10-09 03:59:15 | DEBUG    | generate_patient_sequence:447 | Prompt token IDs: [0, 3818, 121, 4444, 30876, 3842, 28214, 23177, 256, 28696, 12789, 139, 15698, 2]
2025-10-09 03:59:15 | DEBUG    | generate_patient_sequence:448 | Prompt tokens: ['<s>', '48', ' U', 'NA', 'BLE', ' TO', ' OB', 'TAIN', ' M', ' <', 'dem', 'o', '>', '</s>']
2025-10-09 03:59:15 | DEBUG    | generate_patient_sequence:457 | Special token IDs - <v>: 50265, <\v>: 50266, <END>: 50267, PAD: 1, EOS: 2
2025-10-09 03:59:15 | DEBUG    | generate_patient_sequence:464 | Initial decoder input (with forced <v>): [0, 3818, 121, 4444, 30876, 3842, 28214, 23177, 256, 28696, 12789, 139, 15698, 2, 50265]
2025-10-09 03:59:15 | DEBUG    | generate_patient_sequence:478 | After prompt, probability of <v>: 0.013768
2025-10-09 03:59:15 | DEBUG    | generate_patient_sequence:479 | After prompt, probability of <END>: 0.009186
2025-10-09 03:59:15 | DEBUG    | generate_patient_sequence:480 | After prompt, probability of PAD: 0.000000
2025-10-09 03:59:15 | DEBUG    | generate_patient_sequence:481 | After prompt, probability of EOS: 0.946116
2025-10-09 03:59:15 | DEBUG    | generate_patient_sequence:485 | Top 20 next token predictions after prompt:
2025-10-09 03:59:15 | DEBUG    | generate_patient_sequence:503 |   Rank 1: <EOS>                | Prob: 0.946116 | ID: 2
2025-10-09 03:59:15 | DEBUG    | generate_patient_sequence:503 |   Rank 2: <\v>                 | Prob: 0.016090 | ID: 50266
2025-10-09 03:59:15 | DEBUG    | generate_patient_sequence:503 |   Rank 3: <v>                  | Prob: 0.013768 | ID: 50265
2025-10-09 03:59:15 | DEBUG    | generate_patient_sequence:503 |   Rank 4: <END>                | Prob: 0.009186 | ID: 50267
2025-10-09 03:59:15 | DEBUG    | generate_patient_sequence:503 |   Rank 5: dem                  | Prob: 0.004847 | ID: 12789
2025-10-09 03:59:15 | DEBUG    | generate_patient_sequence:503 |   Rank 6:  OTHER               | Prob: 0.000563 | ID: 16536
2025-10-09 03:59:15 | DEBUG    | generate_patient_sequence:503 |   Rank 7: DEM                  | Prob: 0.000244 | ID: 46128
2025-10-09 03:59:15 | DEBUG    | generate_patient_sequence:503 |   Rank 8: o                    | Prob: 0.000239 | ID: 139
2025-10-09 03:59:15 | DEBUG    | generate_patient_sequence:503 |   Rank 9: 290                  | Prob: 0.000238 | ID: 24675
2025-10-09 03:59:15 | DEBUG    | generate_patient_sequence:503 |   Rank 10: 686                  | Prob: 0.000232 | ID: 37289
2025-10-09 03:59:15 | DEBUG    | generate_patient_sequence:503 |   Rank 11: 440                  | Prob: 0.000180 | ID: 26634
2025-10-09 03:59:15 | DEBUG    | generate_patient_sequence:503 |   Rank 12: KNOWN                | Prob: 0.000161 | ID: 47300
2025-10-09 03:59:15 | DEBUG    | generate_patient_sequence:503 |   Rank 13: 390                  | Prob: 0.000160 | ID: 27873
2025-10-09 03:59:15 | DEBUG    | generate_patient_sequence:503 |   Rank 14: 88                   | Prob: 0.000143 | ID: 4652
2025-10-09 03:59:15 | DEBUG    | generate_patient_sequence:503 |   Rank 15: 7                    | Prob: 0.000093 | ID: 406
2025-10-09 03:59:15 | DEBUG    | generate_patient_sequence:503 |   Rank 16: 707                  | Prob: 0.000079 | ID: 34877
2025-10-09 03:59:15 | DEBUG    | generate_patient_sequence:503 |   Rank 17: IC                   | Prob: 0.000078 | ID: 2371
2025-10-09 03:59:15 | DEBUG    | generate_patient_sequence:503 |   Rank 18: RIC                  | Prob: 0.000077 | ID: 36570
2025-10-09 03:59:15 | DEBUG    | generate_patient_sequence:503 |   Rank 19: 262                  | Prob: 0.000073 | ID: 29630
2025-10-09 03:59:15 | DEBUG    | generate_patient_sequence:503 |   Rank 20: NOT                  | Prob: 0.000072 | ID: 37049
2025-10-09 03:59:15 | INFO     | generate_patient_sequence:507 | Starting generation with temp=1.5, top_k=50, max_length=256
2025-10-09 03:59:15 | DEBUG    | generate_patient_sequence:520 | Generated token IDs: [2, 0, 3818, 121, 4444, 30876, 3842, 28214, 23177, 256, 28696, 12789, 139, 15698, 2, 50265, 2, 50267]
2025-10-09 03:59:15 | DEBUG    | generate_patient_sequence:521 | Generated length: 18 tokens
2025-10-09 03:59:15 | INFO     | generate_patient_sequence:529 | Generated token counts - <v>: 1, <\v>: 0, <END>: 1
2025-10-09 03:59:15 | DEBUG    | generate_patient_sequence:537 | Raw generated sequence: </s><s>48 UNABLE TO OBTAIN M <demo></s> <v> </s> <END>
2025-10-09 03:59:15 | INFO     | generate_patient_sequence:540 | Generated sequence (clean): 48 UNABLE TO OBTAIN M <demo>
2025-10-09 03:59:15 | INFO     | <module>:663 | 
--- Sample 5/5 ---
2025-10-09 03:59:15 | INFO     | generate_patient_sequence:443 | Generating sequence for prompt: '47 WHITE F <demo>'
2025-10-09 03:59:15 | DEBUG    | generate_patient_sequence:447 | Prompt token IDs: [0, 3706, 38503, 274, 28696, 12789, 139, 15698, 2]
2025-10-09 03:59:16 | DEBUG    | generate_patient_sequence:448 | Prompt tokens: ['<s>', '47', ' WHITE', ' F', ' <', 'dem', 'o', '>', '</s>']
2025-10-09 03:59:16 | DEBUG    | generate_patient_sequence:457 | Special token IDs - <v>: 50265, <\v>: 50266, <END>: 50267, PAD: 1, EOS: 2
2025-10-09 03:59:16 | DEBUG    | generate_patient_sequence:464 | Initial decoder input (with forced <v>): [0, 3706, 38503, 274, 28696, 12789, 139, 15698, 2, 50265]
2025-10-09 03:59:16 | DEBUG    | generate_patient_sequence:478 | After prompt, probability of <v>: 0.017842
2025-10-09 03:59:16 | DEBUG    | generate_patient_sequence:479 | After prompt, probability of <END>: 0.007457
2025-10-09 03:59:16 | DEBUG    | generate_patient_sequence:480 | After prompt, probability of PAD: 0.000000
2025-10-09 03:59:16 | DEBUG    | generate_patient_sequence:481 | After prompt, probability of EOS: 0.960431
2025-10-09 03:59:16 | DEBUG    | generate_patient_sequence:485 | Top 20 next token predictions after prompt:
2025-10-09 03:59:16 | DEBUG    | generate_patient_sequence:503 |   Rank 1: <EOS>                | Prob: 0.960431 | ID: 2
2025-10-09 03:59:16 | DEBUG    | generate_patient_sequence:503 |   Rank 2: <v>                  | Prob: 0.017842 | ID: 50265
2025-10-09 03:59:16 | DEBUG    | generate_patient_sequence:503 |   Rank 3: <\v>                 | Prob: 0.008644 | ID: 50266
2025-10-09 03:59:16 | DEBUG    | generate_patient_sequence:503 |   Rank 4: <END>                | Prob: 0.007457 | ID: 50267
2025-10-09 03:59:16 | DEBUG    | generate_patient_sequence:503 |   Rank 5:  WHITE               | Prob: 0.000902 | ID: 38503
2025-10-09 03:59:16 | DEBUG    | generate_patient_sequence:503 |   Rank 6:  OTHER               | Prob: 0.000505 | ID: 16536
2025-10-09 03:59:16 | DEBUG    | generate_patient_sequence:503 |   Rank 7: 47                   | Prob: 0.000349 | ID: 3706
2025-10-09 03:59:16 | DEBUG    | generate_patient_sequence:503 |   Rank 8: o                    | Prob: 0.000172 | ID: 139
2025-10-09 03:59:16 | DEBUG    | generate_patient_sequence:503 |   Rank 9: 173                  | Prob: 0.000130 | ID: 30664
2025-10-09 03:59:16 | DEBUG    | generate_patient_sequence:503 |   Rank 10: 118                  | Prob: 0.000112 | ID: 21369
2025-10-09 03:59:16 | DEBUG    | generate_patient_sequence:503 |   Rank 11: P                    | Prob: 0.000085 | ID: 510
2025-10-09 03:59:16 | DEBUG    | generate_patient_sequence:503 |   Rank 12: 686                  | Prob: 0.000078 | ID: 37289
2025-10-09 03:59:16 | DEBUG    | generate_patient_sequence:503 |   Rank 13: RIC                  | Prob: 0.000072 | ID: 36570
2025-10-09 03:59:16 | DEBUG    | generate_patient_sequence:503 |   Rank 14: 707                  | Prob: 0.000070 | ID: 34877
2025-10-09 03:59:16 | DEBUG    | generate_patient_sequence:503 |   Rank 15: dem                  | Prob: 0.000063 | ID: 12789
2025-10-09 03:59:16 | DEBUG    | generate_patient_sequence:503 |   Rank 16: <s>                  | Prob: 0.000062 | ID: 0
2025-10-09 03:59:16 | DEBUG    | generate_patient_sequence:503 |   Rank 17: 73                   | Prob: 0.000059 | ID: 5352
2025-10-09 03:59:16 | DEBUG    | generate_patient_sequence:503 |   Rank 18: 390                  | Prob: 0.000058 | ID: 27873
2025-10-09 03:59:16 | DEBUG    | generate_patient_sequence:503 |   Rank 19: KNOWN                | Prob: 0.000051 | ID: 47300
2025-10-09 03:59:16 | DEBUG    | generate_patient_sequence:503 |   Rank 20: 262                  | Prob: 0.000050 | ID: 29630
2025-10-09 03:59:16 | INFO     | generate_patient_sequence:507 | Starting generation with temp=1.5, top_k=50, max_length=256
2025-10-09 03:59:16 | DEBUG    | generate_patient_sequence:520 | Generated token IDs: [2, 0, 3706, 38503, 274, 28696, 12789, 139, 15698, 2, 50265, 2, 2, 2, 50266, 2, 2, 50267]
2025-10-09 03:59:16 | DEBUG    | generate_patient_sequence:521 | Generated length: 18 tokens
2025-10-09 03:59:16 | INFO     | generate_patient_sequence:529 | Generated token counts - <v>: 1, <\v>: 1, <END>: 1
2025-10-09 03:59:16 | DEBUG    | generate_patient_sequence:537 | Raw generated sequence: </s><s>47 WHITE F <demo></s> <v> </s></s></s> <\v> </s></s> <END>
2025-10-09 03:59:16 | INFO     | generate_patient_sequence:540 | Generated sequence (clean): 47 WHITE F <demo>
2025-10-09 03:59:16 | INFO     | <module>:677 | === Training and generation complete ===
