2025-10-09 04:48:55 | INFO     | <module>:562 | === EHR Generation Training Started ===
2025-10-09 04:48:55 | INFO     | <module>:583 | Configuration: {'model_name': 'facebook/bart-base', 'num_patients': 3000, 'max_seq_length': 256, 'batch_size': 16, 'num_epochs': 30, 'learning_rate': 0.0002, 'generation_temp': 1.3, 'generation_max_length': 256, 'num_warmup_steps': 0, 'top_k': 30, 'data_dir': 'data_files', 'mimic_paths': {'patients_path': 'data_files/PATIENTS.csv', 'admissions_path': 'data_files/ADMISSIONS.csv', 'diagnoses_path': 'data_files/DIAGNOSES_ICD.csv'}}
2025-10-09 04:48:56 | INFO     | <module>:587 | Using device: cuda
2025-10-09 04:48:56 | INFO     | <module>:590 | Loading pretrained BART model: facebook/bart-base
2025-10-09 04:48:56 | INFO     | <module>:599 | Added 3 special tokens: <v>, <\v>, <END>
2025-10-09 04:48:56 | INFO     | <module>:603 | Resized model embeddings to 50268 tokens
2025-10-09 04:48:56 | DEBUG    | <module>:606 | Token ID for <v>: 50265
2025-10-09 04:48:56 | DEBUG    | <module>:607 | Token ID for <\v>: 50266
2025-10-09 04:48:56 | DEBUG    | <module>:608 | Token ID for <END>: 50267
2025-10-09 04:48:56 | INFO     | load_and_format_mimic_data:147 | Loading MIMIC-III data files
2025-10-09 04:48:56 | DEBUG    | load_and_format_mimic_data:148 | Patients: data_files/PATIENTS.csv
2025-10-09 04:48:56 | DEBUG    | load_and_format_mimic_data:149 | Admissions: data_files/ADMISSIONS.csv
2025-10-09 04:48:56 | DEBUG    | load_and_format_mimic_data:150 | Diagnoses: data_files/DIAGNOSES_ICD.csv
2025-10-09 04:48:56 | INFO     | load_and_format_mimic_data:155 | Loaded 46520 patients
2025-10-09 04:48:57 | INFO     | load_and_format_mimic_data:158 | Loaded 58976 admissions
2025-10-09 04:48:57 | INFO     | load_and_format_mimic_data:161 | Loaded 651047 diagnosis records
2025-10-09 04:48:57 | INFO     | load_and_format_mimic_data:219 | Data processing complete. Formatting sequences...
2025-10-09 04:49:00 | INFO     | load_and_format_mimic_data:258 | Sequence formatting complete. Generated 3000 patient sequences
2025-10-09 04:49:00 | DEBUG    | load_and_format_mimic_data:262 | Sample sequence: 0 ASIAN M <demo> <v> V3001 V053 V290 <\v> <END>...
2025-10-09 04:49:00 | INFO     | load_and_format_mimic_data:267 | Average visits per patient: 1.27
2025-10-09 04:49:00 | INFO     | load_and_format_mimic_data:268 | Average tokens per sequence: 19.69
2025-10-09 04:49:00 | INFO     | <module>:622 | Sample patient sequences:
2025-10-09 04:49:00 | INFO     | <module>:624 | Sample 1: 58 WHITE M <demo> <v> 5849 5609 7895 42731 99682 1550 2874 25080 2859 E8780 49390 E9331 <\v> <END>...
2025-10-09 04:49:00 | INFO     | <module>:624 | Sample 2: 51 WHITE M <demo> <v> 41041 41401 2720 3051 <\v> <END>...
2025-10-09 04:49:00 | INFO     | <module>:624 | Sample 3: 57 WHITE M <demo> <v> 486 4241 2765 25051 40391 25041 25061 36201 28521 <\v> <v> 51881 486 0389 25041 40391 4200 4280 5789 261 <\v> <END>...
2025-10-09 04:49:00 | INFO     | <module>:624 | Sample 4: 42 WHITE M <demo> <v> 9726 30500 30560 30490 E9504 <\v> <END>...
2025-10-09 04:49:00 | INFO     | <module>:624 | Sample 5: 90 WHITE M <demo> <v> 0389 51881 78552 5849 48241 4271 2760 2875 99592 3310 29410 2859 2720 4019 <\v> <END>...
2025-10-09 04:49:00 | DEBUG    | __init__:294 | First sequence length: 24 tokens
2025-10-09 04:49:00 | DEBUG    | __init__:295 | Pad token ID: 1
2025-10-09 04:49:00 | INFO     | <module>:628 | Created dataset with 3000 samples, 188 batches
2025-10-09 04:49:00 | INFO     | <module>:639 | Optimizer: AdamW with lr=0.0002
2025-10-09 04:49:00 | INFO     | <module>:640 | Scheduler: linear with 0 warmup steps
2025-10-09 04:49:00 | INFO     | train_model:351 | Starting model training for 30 epochs
2025-10-09 04:49:00 | INFO     | train_model:352 | Training steps: 5640
2025-10-09 04:49:00 | INFO     | train_model:353 | Device: cuda
2025-10-09 04:49:01 | DEBUG    | train_model:372 | First batch input_ids shape: torch.Size([16, 256])
2025-10-09 04:49:01 | DEBUG    | train_model:373 | First batch labels shape: torch.Size([16, 256])
2025-10-09 04:49:01 | DEBUG    | train_model:374 | First batch attention_mask shape: torch.Size([16, 256])
2025-10-09 04:49:01 | DEBUG    | train_model:375 | Initial loss: 2.3094
2025-10-09 04:49:01 | DEBUG    | train_model:382 | Special tokens in first batch: {'pad': 3345, 'masked_labels': 3345}
2025-10-09 04:49:47 | INFO     | train_model:401 | Epoch 1/30 completed | Avg Loss: 0.5127
2025-10-09 04:50:34 | INFO     | train_model:401 | Epoch 2/30 completed | Avg Loss: 0.0646
2025-10-09 04:51:20 | INFO     | train_model:401 | Epoch 3/30 completed | Avg Loss: 0.0221
2025-10-09 04:52:07 | INFO     | train_model:401 | Epoch 4/30 completed | Avg Loss: 0.0173
2025-10-09 04:52:54 | INFO     | train_model:401 | Epoch 5/30 completed | Avg Loss: 0.0250
2025-10-09 04:53:40 | INFO     | train_model:401 | Epoch 6/30 completed | Avg Loss: 0.0226
2025-10-09 04:54:27 | INFO     | train_model:401 | Epoch 7/30 completed | Avg Loss: 0.0157
2025-10-09 04:55:13 | INFO     | train_model:401 | Epoch 8/30 completed | Avg Loss: 0.0097
2025-10-09 04:56:00 | INFO     | train_model:401 | Epoch 9/30 completed | Avg Loss: 0.0155
2025-10-09 04:56:46 | INFO     | train_model:401 | Epoch 10/30 completed | Avg Loss: 0.0118
2025-10-09 04:57:33 | INFO     | train_model:401 | Epoch 11/30 completed | Avg Loss: 0.0112
2025-10-09 04:58:20 | INFO     | train_model:401 | Epoch 12/30 completed | Avg Loss: 0.0083
2025-10-09 04:59:06 | INFO     | train_model:401 | Epoch 13/30 completed | Avg Loss: 0.0053
2025-10-09 04:59:53 | INFO     | train_model:401 | Epoch 14/30 completed | Avg Loss: 0.0053
2025-10-09 05:00:39 | INFO     | train_model:401 | Epoch 15/30 completed | Avg Loss: 0.0056
2025-10-09 05:01:26 | INFO     | train_model:401 | Epoch 16/30 completed | Avg Loss: 0.0048
2025-10-09 05:02:13 | INFO     | train_model:401 | Epoch 17/30 completed | Avg Loss: 0.0028
2025-10-09 05:02:59 | INFO     | train_model:401 | Epoch 18/30 completed | Avg Loss: 0.0036
2025-10-09 05:03:46 | INFO     | train_model:401 | Epoch 19/30 completed | Avg Loss: 0.0051
2025-10-09 05:04:32 | INFO     | train_model:401 | Epoch 20/30 completed | Avg Loss: 0.0052
2025-10-09 05:05:19 | INFO     | train_model:401 | Epoch 21/30 completed | Avg Loss: 0.0024
2025-10-09 05:06:06 | INFO     | train_model:401 | Epoch 22/30 completed | Avg Loss: 0.0033
2025-10-09 05:06:52 | INFO     | train_model:401 | Epoch 23/30 completed | Avg Loss: 0.0012
2025-10-09 05:07:39 | INFO     | train_model:401 | Epoch 24/30 completed | Avg Loss: 0.0014
2025-10-09 05:08:25 | INFO     | train_model:401 | Epoch 25/30 completed | Avg Loss: 0.0013
2025-10-09 05:09:12 | INFO     | train_model:401 | Epoch 26/30 completed | Avg Loss: 0.0009
2025-10-09 05:09:58 | INFO     | train_model:401 | Epoch 27/30 completed | Avg Loss: 0.0007
2025-10-09 05:10:45 | INFO     | train_model:401 | Epoch 28/30 completed | Avg Loss: 0.0010
2025-10-09 05:11:32 | INFO     | train_model:401 | Epoch 29/30 completed | Avg Loss: 0.0007
2025-10-09 05:12:18 | INFO     | train_model:401 | Epoch 30/30 completed | Avg Loss: 0.0006
2025-10-09 05:12:18 | INFO     | train_model:403 | Training complete
2025-10-09 05:12:18 | INFO     | train_model:404 | Final average loss: 0.0006
2025-10-09 05:12:18 | DEBUG    | train_model:405 | Loss history: [0.5126754527891728, 0.06459794440579185, 0.022075703867929095, 0.017256825190765705, 0.024965292146241172, 0.022577203341457557, 0.015722945150473414, 0.009680549441443562, 0.01545445140947506, 0.011794585352230996, 0.011156623377981768, 0.008344018423157011, 0.005286141183611843, 0.005255628219450219, 0.005568318083223471, 0.004811306526654392, 0.0027994232655436596, 0.0036133190014686293, 0.005073625996219368, 0.0051623961743973, 0.0023974473014219413, 0.0033088294039771426, 0.001195154821443987, 0.0013545985686234533, 0.0012696600886440447, 0.0009442283220817037, 0.0006599823955958585, 0.0010289196303501934, 0.0007038662014120417, 0.0006457232385362156]
2025-10-09 05:12:18 | INFO     | <module>:654 | === Generating synthetic patient data ===
2025-10-09 05:12:18 | INFO     | <module>:663 | 
--- Sample 1/5 ---
2025-10-09 05:12:18 | INFO     | generate_patient_sequence:443 | Generating sequence for prompt: '42 UNABLE TO OBTAIN F <demo>'
2025-10-09 05:12:18 | DEBUG    | generate_patient_sequence:447 | Prompt token IDs: [0, 3714, 121, 4444, 30876, 3842, 28214, 23177, 274, 28696, 12789, 139, 15698, 2]
2025-10-09 05:12:18 | DEBUG    | generate_patient_sequence:448 | Prompt tokens: ['<s>', '42', ' U', 'NA', 'BLE', ' TO', ' OB', 'TAIN', ' F', ' <', 'dem', 'o', '>', '</s>']
2025-10-09 05:12:18 | DEBUG    | generate_patient_sequence:457 | Special token IDs - <v>: 50265, <\v>: 50266, <END>: 50267, PAD: 1, EOS: 2
2025-10-09 05:12:18 | DEBUG    | generate_patient_sequence:464 | Initial decoder input (with forced <v>): [0, 3714, 121, 4444, 30876, 3842, 28214, 23177, 274, 28696, 12789, 139, 15698, 2, 50265]
2025-10-09 05:12:18 | DEBUG    | generate_patient_sequence:478 | After prompt, probability of <v>: 0.000001
2025-10-09 05:12:18 | DEBUG    | generate_patient_sequence:479 | After prompt, probability of <END>: 0.000000
2025-10-09 05:12:18 | DEBUG    | generate_patient_sequence:480 | After prompt, probability of PAD: 0.000000
2025-10-09 05:12:18 | DEBUG    | generate_patient_sequence:481 | After prompt, probability of EOS: 0.000000
2025-10-09 05:12:18 | DEBUG    | generate_patient_sequence:485 | Top 20 next token predictions after prompt:
2025-10-09 05:12:18 | DEBUG    | generate_patient_sequence:503 |   Rank 1:  OB                  | Prob: 0.999975 | ID: 28214
2025-10-09 05:12:18 | DEBUG    | generate_patient_sequence:503 |   Rank 2: OB                   | Prob: 0.000004 | ID: 7912
2025-10-09 05:12:18 | DEBUG    | generate_patient_sequence:503 |   Rank 3:  ob                  | Prob: 0.000003 | ID: 6168
2025-10-09 05:12:18 | DEBUG    | generate_patient_sequence:503 |   Rank 4: <v>                  | Prob: 0.000001 | ID: 50265
2025-10-09 05:12:18 | DEBUG    | generate_patient_sequence:503 |   Rank 5:  Carlton             | Prob: 0.000001 | ID: 25192
2025-10-09 05:12:18 | DEBUG    | generate_patient_sequence:503 |   Rank 6: 690                  | Prob: 0.000001 | ID: 33636
2025-10-09 05:12:18 | DEBUG    | generate_patient_sequence:503 |   Rank 7:  HIS                 | Prob: 0.000000 | ID: 37350
2025-10-09 05:12:18 | DEBUG    | generate_patient_sequence:503 |   Rank 8: 271                  | Prob: 0.000000 | ID: 32145
2025-10-09 05:12:18 | DEBUG    | generate_patient_sequence:503 |   Rank 9:  obst                | Prob: 0.000000 | ID: 30896
2025-10-09 05:12:18 | DEBUG    | generate_patient_sequence:503 |   Rank 10:  autonomous          | Prob: 0.000000 | ID: 9551
2025-10-09 05:12:18 | DEBUG    | generate_patient_sequence:503 |   Rank 11:  1961                | Prob: 0.000000 | ID: 20990
2025-10-09 05:12:18 | DEBUG    | generate_patient_sequence:503 |   Rank 12:  BLACK               | Prob: 0.000000 | ID: 34101
2025-10-09 05:12:18 | DEBUG    | generate_patient_sequence:503 |   Rank 13: 552                  | Prob: 0.000000 | ID: 35544
2025-10-09 05:12:18 | DEBUG    | generate_patient_sequence:503 |   Rank 14:  AMER                | Prob: 0.000000 | ID: 37501
2025-10-09 05:12:18 | DEBUG    | generate_patient_sequence:503 |   Rank 15:  Abbott              | Prob: 0.000000 | ID: 11082
2025-10-09 05:12:18 | DEBUG    | generate_patient_sequence:503 |   Rank 16:  1919                | Prob: 0.000000 | ID: 35284
2025-10-09 05:12:18 | DEBUG    | generate_patient_sequence:503 |   Rank 17:  1960                | Prob: 0.000000 | ID: 7571
2025-10-09 05:12:18 | DEBUG    | generate_patient_sequence:503 |   Rank 18:  AN                  | Prob: 0.000000 | ID: 5102
2025-10-09 05:12:18 | DEBUG    | generate_patient_sequence:503 |   Rank 19: 680                  | Prob: 0.000000 | ID: 32036
2025-10-09 05:12:18 | DEBUG    | generate_patient_sequence:503 |   Rank 20:  low                 | Prob: 0.000000 | ID: 614
2025-10-09 05:12:18 | INFO     | generate_patient_sequence:507 | Starting generation with temp=1.3, top_k=30, max_length=256
2025-10-09 05:12:19 | DEBUG    | generate_patient_sequence:520 | Generated token IDs: [2, 0, 3714, 121, 4444, 30876, 3842, 28214, 23177, 274, 28696, 12789, 139, 15698, 2, 50265, 20990, 23177, 274, 37049, 30535, 15698, 1437, 50265, 2, 28214, 23177, 12569, 2, 2, 2, 3083, 30876, 1437, 50266, 1437, 50267]
2025-10-09 05:12:19 | DEBUG    | generate_patient_sequence:521 | Generated length: 37 tokens
2025-10-09 05:12:19 | INFO     | generate_patient_sequence:529 | Generated token counts - <v>: 2, <\v>: 1, <END>: 1
2025-10-09 05:12:19 | DEBUG    | generate_patient_sequence:537 | Raw generated sequence: </s><s>42 UNABLE TO OBTAIN F <demo></s> <v>  1961TAIN FNOTINO>  <v> </s> OBTAIN IND</s></s></s>70BLE  <\v>   <END>
2025-10-09 05:12:19 | INFO     | generate_patient_sequence:540 | Generated sequence (clean): 42 UNABLE TO OBTAIN F <demo> 1961TAIN FNOTINO>  OBTAIN IND70BLE  
2025-10-09 05:12:19 | INFO     | <module>:663 | 
--- Sample 2/5 ---
2025-10-09 05:12:19 | INFO     | generate_patient_sequence:443 | Generating sequence for prompt: '78 OTHER M <demo>'
2025-10-09 05:12:19 | DEBUG    | generate_patient_sequence:447 | Prompt token IDs: [0, 5479, 16536, 256, 28696, 12789, 139, 15698, 2]
2025-10-09 05:12:19 | DEBUG    | generate_patient_sequence:448 | Prompt tokens: ['<s>', '78', ' OTHER', ' M', ' <', 'dem', 'o', '>', '</s>']
2025-10-09 05:12:19 | DEBUG    | generate_patient_sequence:457 | Special token IDs - <v>: 50265, <\v>: 50266, <END>: 50267, PAD: 1, EOS: 2
2025-10-09 05:12:19 | DEBUG    | generate_patient_sequence:464 | Initial decoder input (with forced <v>): [0, 5479, 16536, 256, 28696, 12789, 139, 15698, 2, 50265]
2025-10-09 05:12:19 | DEBUG    | generate_patient_sequence:478 | After prompt, probability of <v>: 0.002691
2025-10-09 05:12:19 | DEBUG    | generate_patient_sequence:479 | After prompt, probability of <END>: 0.000070
2025-10-09 05:12:19 | DEBUG    | generate_patient_sequence:480 | After prompt, probability of PAD: 0.000000
2025-10-09 05:12:19 | DEBUG    | generate_patient_sequence:481 | After prompt, probability of EOS: 0.000090
2025-10-09 05:12:19 | DEBUG    | generate_patient_sequence:485 | Top 20 next token predictions after prompt:
2025-10-09 05:12:19 | DEBUG    | generate_patient_sequence:503 |   Rank 1:  OTHER               | Prob: 0.731236 | ID: 16536
2025-10-09 05:12:19 | DEBUG    | generate_patient_sequence:503 |   Rank 2: 78                   | Prob: 0.193703 | ID: 5479
2025-10-09 05:12:19 | DEBUG    | generate_patient_sequence:503 |   Rank 3: NOT                  | Prob: 0.027943 | ID: 37049
2025-10-09 05:12:19 | DEBUG    | generate_patient_sequence:503 |   Rank 4:  HIS                 | Prob: 0.011687 | ID: 37350
2025-10-09 05:12:19 | DEBUG    | generate_patient_sequence:503 |   Rank 5:  WHITE               | Prob: 0.003547 | ID: 38503
2025-10-09 05:12:19 | DEBUG    | generate_patient_sequence:503 |   Rank 6:  AMER                | Prob: 0.003245 | ID: 37501
2025-10-09 05:12:19 | DEBUG    | generate_patient_sequence:503 |   Rank 7: <v>                  | Prob: 0.002691 | ID: 50265
2025-10-09 05:12:19 | DEBUG    | generate_patient_sequence:503 |   Rank 8:  DEC                 | Prob: 0.002565 | ID: 16718
2025-10-09 05:12:19 | DEBUG    | generate_patient_sequence:503 |   Rank 9:  78                  | Prob: 0.001630 | ID: 7004
2025-10-09 05:12:19 | DEBUG    | generate_patient_sequence:503 |   Rank 10:  280                 | Prob: 0.001543 | ID: 20688
2025-10-09 05:12:19 | DEBUG    | generate_patient_sequence:503 |   Rank 11: ICAN                 | Prob: 0.001048 | ID: 25692
2025-10-09 05:12:19 | DEBUG    | generate_patient_sequence:503 |   Rank 12: 280                  | Prob: 0.000830 | ID: 21070
2025-10-09 05:12:19 | DEBUG    | generate_patient_sequence:503 |   Rank 13:  <                   | Prob: 0.000795 | ID: 28696
2025-10-09 05:12:19 | DEBUG    | generate_patient_sequence:503 |   Rank 14: 990                  | Prob: 0.000757 | ID: 27204
2025-10-09 05:12:19 | DEBUG    | generate_patient_sequence:503 |   Rank 15: 290                  | Prob: 0.000573 | ID: 24675
2025-10-09 05:12:19 | DEBUG    | generate_patient_sequence:503 |   Rank 16: 612                  | Prob: 0.000548 | ID: 38222
2025-10-09 05:12:19 | DEBUG    | generate_patient_sequence:503 |   Rank 17:  770                 | Prob: 0.000470 | ID: 39570
2025-10-09 05:12:19 | DEBUG    | generate_patient_sequence:503 |   Rank 18:  SPEC                | Prob: 0.000385 | ID: 44921
2025-10-09 05:12:19 | DEBUG    | generate_patient_sequence:503 |   Rank 19: 789                  | Prob: 0.000372 | ID: 39413
2025-10-09 05:12:19 | DEBUG    | generate_patient_sequence:503 |   Rank 20: 790                  | Prob: 0.000347 | ID: 34504
2025-10-09 05:12:19 | INFO     | generate_patient_sequence:507 | Starting generation with temp=1.3, top_k=30, max_length=256
2025-10-09 05:12:19 | DEBUG    | generate_patient_sequence:520 | Generated token IDs: [2, 0, 5479, 16536, 256, 28696, 12789, 139, 15698, 2, 50265, 16536, 256, 37049, 44921, 36482, 15698, 15698, 1437, 50267]
2025-10-09 05:12:19 | DEBUG    | generate_patient_sequence:521 | Generated length: 20 tokens
2025-10-09 05:12:19 | INFO     | generate_patient_sequence:529 | Generated token counts - <v>: 1, <\v>: 0, <END>: 1
2025-10-09 05:12:19 | DEBUG    | generate_patient_sequence:537 | Raw generated sequence: </s><s>78 OTHER M <demo></s> <v>  OTHER MNOT SPECIFIED>>  <END>
2025-10-09 05:12:19 | INFO     | generate_patient_sequence:540 | Generated sequence (clean): 78 OTHER M <demo> OTHER MNOT SPECIFIED>> 
2025-10-09 05:12:19 | INFO     | <module>:663 | 
--- Sample 3/5 ---
2025-10-09 05:12:19 | INFO     | generate_patient_sequence:443 | Generating sequence for prompt: '62 UNABLE TO OBTAIN F <demo>'
2025-10-09 05:12:19 | DEBUG    | generate_patient_sequence:447 | Prompt token IDs: [0, 5379, 121, 4444, 30876, 3842, 28214, 23177, 274, 28696, 12789, 139, 15698, 2]
2025-10-09 05:12:19 | DEBUG    | generate_patient_sequence:448 | Prompt tokens: ['<s>', '62', ' U', 'NA', 'BLE', ' TO', ' OB', 'TAIN', ' F', ' <', 'dem', 'o', '>', '</s>']
2025-10-09 05:12:19 | DEBUG    | generate_patient_sequence:457 | Special token IDs - <v>: 50265, <\v>: 50266, <END>: 50267, PAD: 1, EOS: 2
2025-10-09 05:12:19 | DEBUG    | generate_patient_sequence:464 | Initial decoder input (with forced <v>): [0, 5379, 121, 4444, 30876, 3842, 28214, 23177, 274, 28696, 12789, 139, 15698, 2, 50265]
2025-10-09 05:12:19 | DEBUG    | generate_patient_sequence:478 | After prompt, probability of <v>: 0.000001
2025-10-09 05:12:19 | DEBUG    | generate_patient_sequence:479 | After prompt, probability of <END>: 0.000000
2025-10-09 05:12:19 | DEBUG    | generate_patient_sequence:480 | After prompt, probability of PAD: 0.000000
2025-10-09 05:12:19 | DEBUG    | generate_patient_sequence:481 | After prompt, probability of EOS: 0.000000
2025-10-09 05:12:19 | DEBUG    | generate_patient_sequence:485 | Top 20 next token predictions after prompt:
2025-10-09 05:12:19 | DEBUG    | generate_patient_sequence:503 |   Rank 1:  OB                  | Prob: 0.999975 | ID: 28214
2025-10-09 05:12:19 | DEBUG    | generate_patient_sequence:503 |   Rank 2: OB                   | Prob: 0.000006 | ID: 7912
2025-10-09 05:12:19 | DEBUG    | generate_patient_sequence:503 |   Rank 3:  ob                  | Prob: 0.000003 | ID: 6168
2025-10-09 05:12:19 | DEBUG    | generate_patient_sequence:503 |   Rank 4: <v>                  | Prob: 0.000001 | ID: 50265
2025-10-09 05:12:19 | DEBUG    | generate_patient_sequence:503 |   Rank 5: 690                  | Prob: 0.000000 | ID: 33636
2025-10-09 05:12:19 | DEBUG    | generate_patient_sequence:503 |   Rank 6:  1961                | Prob: 0.000000 | ID: 20990
2025-10-09 05:12:19 | DEBUG    | generate_patient_sequence:503 |   Rank 7:  Carlton             | Prob: 0.000000 | ID: 25192
2025-10-09 05:12:19 | DEBUG    | generate_patient_sequence:503 |   Rank 8: 271                  | Prob: 0.000000 | ID: 32145
2025-10-09 05:12:19 | DEBUG    | generate_patient_sequence:503 |   Rank 9:  obst                | Prob: 0.000000 | ID: 30896
2025-10-09 05:12:19 | DEBUG    | generate_patient_sequence:503 |   Rank 10:  HIS                 | Prob: 0.000000 | ID: 37350
2025-10-09 05:12:19 | DEBUG    | generate_patient_sequence:503 |   Rank 11:  1960                | Prob: 0.000000 | ID: 7571
2025-10-09 05:12:19 | DEBUG    | generate_patient_sequence:503 |   Rank 12: 552                  | Prob: 0.000000 | ID: 35544
2025-10-09 05:12:19 | DEBUG    | generate_patient_sequence:503 |   Rank 13:  AMER                | Prob: 0.000000 | ID: 37501
2025-10-09 05:12:19 | DEBUG    | generate_patient_sequence:503 |   Rank 14:  autonomous          | Prob: 0.000000 | ID: 9551
2025-10-09 05:12:19 | DEBUG    | generate_patient_sequence:503 |   Rank 15: 680                  | Prob: 0.000000 | ID: 32036
2025-10-09 05:12:19 | DEBUG    | generate_patient_sequence:503 |   Rank 16:  im                  | Prob: 0.000000 | ID: 4356
2025-10-09 05:12:19 | DEBUG    | generate_patient_sequence:503 |   Rank 17:  BLACK               | Prob: 0.000000 | ID: 34101
2025-10-09 05:12:19 | DEBUG    | generate_patient_sequence:503 |   Rank 18:  1919                | Prob: 0.000000 | ID: 35284
2025-10-09 05:12:19 | DEBUG    | generate_patient_sequence:503 |   Rank 19:  low                 | Prob: 0.000000 | ID: 614
2025-10-09 05:12:19 | DEBUG    | generate_patient_sequence:503 |   Rank 20:  WTC                 | Prob: 0.000000 | ID: 46630
2025-10-09 05:12:19 | INFO     | generate_patient_sequence:507 | Starting generation with temp=1.3, top_k=30, max_length=256
2025-10-09 05:12:19 | DEBUG    | generate_patient_sequence:520 | Generated token IDs: [2, 0, 5379, 121, 4444, 30876, 3842, 28214, 23177, 274, 28696, 12789, 139, 15698, 2, 50265, 28214, 23177, 12569, 37049, 1437, 50265, 22599, 1437, 50266, 1437, 50267]
2025-10-09 05:12:19 | DEBUG    | generate_patient_sequence:521 | Generated length: 27 tokens
2025-10-09 05:12:19 | INFO     | generate_patient_sequence:529 | Generated token counts - <v>: 2, <\v>: 1, <END>: 1
2025-10-09 05:12:19 | DEBUG    | generate_patient_sequence:537 | Raw generated sequence: </s><s>62 UNABLE TO OBTAIN F <demo></s> <v>  OBTAIN INDNOT  <v>  570  <\v>   <END>
2025-10-09 05:12:19 | INFO     | generate_patient_sequence:540 | Generated sequence (clean): 62 UNABLE TO OBTAIN F <demo> OBTAIN INDNOT  570  
2025-10-09 05:12:19 | INFO     | <module>:663 | 
--- Sample 4/5 ---
2025-10-09 05:12:19 | INFO     | generate_patient_sequence:443 | Generating sequence for prompt: '35 BLACK M <demo>'
2025-10-09 05:12:19 | DEBUG    | generate_patient_sequence:447 | Prompt token IDs: [0, 2022, 34101, 256, 28696, 12789, 139, 15698, 2]
2025-10-09 05:12:19 | DEBUG    | generate_patient_sequence:448 | Prompt tokens: ['<s>', '35', ' BLACK', ' M', ' <', 'dem', 'o', '>', '</s>']
2025-10-09 05:12:19 | DEBUG    | generate_patient_sequence:457 | Special token IDs - <v>: 50265, <\v>: 50266, <END>: 50267, PAD: 1, EOS: 2
2025-10-09 05:12:19 | DEBUG    | generate_patient_sequence:464 | Initial decoder input (with forced <v>): [0, 2022, 34101, 256, 28696, 12789, 139, 15698, 2, 50265]
2025-10-09 05:12:19 | DEBUG    | generate_patient_sequence:478 | After prompt, probability of <v>: 0.000001
2025-10-09 05:12:19 | DEBUG    | generate_patient_sequence:479 | After prompt, probability of <END>: 0.000000
2025-10-09 05:12:19 | DEBUG    | generate_patient_sequence:480 | After prompt, probability of PAD: 0.000000
2025-10-09 05:12:19 | DEBUG    | generate_patient_sequence:481 | After prompt, probability of EOS: 0.000000
2025-10-09 05:12:19 | DEBUG    | generate_patient_sequence:485 | Top 20 next token predictions after prompt:
2025-10-09 05:12:19 | DEBUG    | generate_patient_sequence:503 |   Rank 1:  BLACK               | Prob: 0.999962 | ID: 34101
2025-10-09 05:12:19 | DEBUG    | generate_patient_sequence:503 |   Rank 2:  WHITE               | Prob: 0.000025 | ID: 38503
2025-10-09 05:12:19 | DEBUG    | generate_patient_sequence:503 |   Rank 3:  HIS                 | Prob: 0.000007 | ID: 37350
2025-10-09 05:12:19 | DEBUG    | generate_patient_sequence:503 |   Rank 4:  AMER                | Prob: 0.000001 | ID: 37501
2025-10-09 05:12:19 | DEBUG    | generate_patient_sequence:503 |   Rank 5: <v>                  | Prob: 0.000001 | ID: 50265
2025-10-09 05:12:19 | DEBUG    | generate_patient_sequence:503 |   Rank 6: ICAN                 | Prob: 0.000000 | ID: 25692
2025-10-09 05:12:19 | DEBUG    | generate_patient_sequence:503 |   Rank 7:  OTHER               | Prob: 0.000000 | ID: 16536
2025-10-09 05:12:19 | DEBUG    | generate_patient_sequence:503 |   Rank 8: KA                   | Prob: 0.000000 | ID: 14559
2025-10-09 05:12:19 | DEBUG    | generate_patient_sequence:503 |   Rank 9:  HOUSE               | Prob: 0.000000 | ID: 35923
2025-10-09 05:12:19 | DEBUG    | generate_patient_sequence:503 |   Rank 10:  OUR                 | Prob: 0.000000 | ID: 24975
2025-10-09 05:12:19 | DEBUG    | generate_patient_sequence:503 |   Rank 11: 875                  | Prob: 0.000000 | ID: 29271
2025-10-09 05:12:19 | DEBUG    | generate_patient_sequence:503 |   Rank 12:  SPEC                | Prob: 0.000000 | ID: 44921
2025-10-09 05:12:19 | DEBUG    | generate_patient_sequence:503 |   Rank 13: <EOS>                | Prob: 0.000000 | ID: 2
2025-10-09 05:12:19 | DEBUG    | generate_patient_sequence:503 |   Rank 14: <\v>                 | Prob: 0.000000 | ID: 50266
2025-10-09 05:12:19 | DEBUG    | generate_patient_sequence:503 |   Rank 15: <END>                | Prob: 0.000000 | ID: 50267
2025-10-09 05:12:19 | DEBUG    | generate_patient_sequence:503 |   Rank 16:  401                 | Prob: 0.000000 | ID: 17936
2025-10-09 05:12:19 | DEBUG    | generate_patient_sequence:503 |   Rank 17:  ZIP                 | Prob: 0.000000 | ID: 41989
2025-10-09 05:12:19 | DEBUG    | generate_patient_sequence:503 |   Rank 18: 582                  | Prob: 0.000000 | ID: 38020
2025-10-09 05:12:19 | DEBUG    | generate_patient_sequence:503 |   Rank 19:  414                 | Prob: 0.000000 | ID: 38456
2025-10-09 05:12:19 | DEBUG    | generate_patient_sequence:503 |   Rank 20:  THE                 | Prob: 0.000000 | ID: 1941
2025-10-09 05:12:19 | INFO     | generate_patient_sequence:507 | Starting generation with temp=1.3, top_k=30, max_length=256
2025-10-09 05:12:19 | DEBUG    | generate_patient_sequence:520 | Generated token IDs: [2, 0, 2022, 34101, 256, 28696, 12789, 139, 15698, 2, 50265, 34101, 256, 37049, 33474, 139, 15698, 15698, 1437, 50265, 22599, 34101, 17936, 398, 1437, 50266, 1437, 50267]
2025-10-09 05:12:19 | DEBUG    | generate_patient_sequence:521 | Generated length: 28 tokens
2025-10-09 05:12:19 | INFO     | generate_patient_sequence:529 | Generated token counts - <v>: 2, <\v>: 1, <END>: 1
2025-10-09 05:12:19 | DEBUG    | generate_patient_sequence:537 | Raw generated sequence: </s><s>35 BLACK M <demo></s> <v>  BLACK MNOT DEMo>>  <v>  570 BLACK 4018  <\v>   <END>
2025-10-09 05:12:19 | INFO     | generate_patient_sequence:540 | Generated sequence (clean): 35 BLACK M <demo> BLACK MNOT DEMo>>  570 BLACK 4018  
2025-10-09 05:12:19 | INFO     | <module>:663 | 
--- Sample 5/5 ---
2025-10-09 05:12:19 | INFO     | generate_patient_sequence:443 | Generating sequence for prompt: '86 UNABLE TO OBTAIN M <demo>'
2025-10-09 05:12:19 | DEBUG    | generate_patient_sequence:447 | Prompt token IDs: [0, 5334, 121, 4444, 30876, 3842, 28214, 23177, 256, 28696, 12789, 139, 15698, 2]
2025-10-09 05:12:19 | DEBUG    | generate_patient_sequence:448 | Prompt tokens: ['<s>', '86', ' U', 'NA', 'BLE', ' TO', ' OB', 'TAIN', ' M', ' <', 'dem', 'o', '>', '</s>']
2025-10-09 05:12:19 | DEBUG    | generate_patient_sequence:457 | Special token IDs - <v>: 50265, <\v>: 50266, <END>: 50267, PAD: 1, EOS: 2
2025-10-09 05:12:19 | DEBUG    | generate_patient_sequence:464 | Initial decoder input (with forced <v>): [0, 5334, 121, 4444, 30876, 3842, 28214, 23177, 256, 28696, 12789, 139, 15698, 2, 50265]
2025-10-09 05:12:19 | DEBUG    | generate_patient_sequence:478 | After prompt, probability of <v>: 0.000014
2025-10-09 05:12:19 | DEBUG    | generate_patient_sequence:479 | After prompt, probability of <END>: 0.000002
2025-10-09 05:12:19 | DEBUG    | generate_patient_sequence:480 | After prompt, probability of PAD: 0.000000
2025-10-09 05:12:19 | DEBUG    | generate_patient_sequence:481 | After prompt, probability of EOS: 0.000001
2025-10-09 05:12:19 | DEBUG    | generate_patient_sequence:485 | Top 20 next token predictions after prompt:
2025-10-09 05:12:19 | DEBUG    | generate_patient_sequence:503 |   Rank 1:  OB                  | Prob: 0.999752 | ID: 28214
2025-10-09 05:12:19 | DEBUG    | generate_patient_sequence:503 |   Rank 2: <v>                  | Prob: 0.000014 | ID: 50265
2025-10-09 05:12:19 | DEBUG    | generate_patient_sequence:503 |   Rank 3:  ob                  | Prob: 0.000013 | ID: 6168
2025-10-09 05:12:19 | DEBUG    | generate_patient_sequence:503 |   Rank 4: OB                   | Prob: 0.000011 | ID: 7912
2025-10-09 05:12:19 | DEBUG    | generate_patient_sequence:503 |   Rank 5: 690                  | Prob: 0.000009 | ID: 33636
2025-10-09 05:12:19 | DEBUG    | generate_patient_sequence:503 |   Rank 6:  HIS                 | Prob: 0.000007 | ID: 37350
2025-10-09 05:12:19 | DEBUG    | generate_patient_sequence:503 |   Rank 7:  AMER                | Prob: 0.000007 | ID: 37501
2025-10-09 05:12:19 | DEBUG    | generate_patient_sequence:503 |   Rank 8:  Carlton             | Prob: 0.000005 | ID: 25192
2025-10-09 05:12:19 | DEBUG    | generate_patient_sequence:503 |   Rank 9:  BLACK               | Prob: 0.000004 | ID: 34101
2025-10-09 05:12:19 | DEBUG    | generate_patient_sequence:503 |   Rank 10: 552                  | Prob: 0.000004 | ID: 35544
2025-10-09 05:12:19 | DEBUG    | generate_patient_sequence:503 |   Rank 11:  autonomous          | Prob: 0.000004 | ID: 9551
2025-10-09 05:12:19 | DEBUG    | generate_patient_sequence:503 |   Rank 12: 680                  | Prob: 0.000003 | ID: 32036
2025-10-09 05:12:19 | DEBUG    | generate_patient_sequence:503 |   Rank 13: 440                  | Prob: 0.000002 | ID: 26634
2025-10-09 05:12:19 | DEBUG    | generate_patient_sequence:503 |   Rank 14:  nan                 | Prob: 0.000002 | ID: 14770
2025-10-09 05:12:19 | DEBUG    | generate_patient_sequence:503 |   Rank 15:  AN                  | Prob: 0.000002 | ID: 5102
2025-10-09 05:12:19 | DEBUG    | generate_patient_sequence:503 |   Rank 16: 271                  | Prob: 0.000002 | ID: 32145
2025-10-09 05:12:19 | DEBUG    | generate_patient_sequence:503 |   Rank 17: <END>                | Prob: 0.000002 | ID: 50267
2025-10-09 05:12:19 | DEBUG    | generate_patient_sequence:503 |   Rank 18: ICAN                 | Prob: 0.000002 | ID: 25692
2025-10-09 05:12:19 | DEBUG    | generate_patient_sequence:503 |   Rank 19:  VER                 | Prob: 0.000002 | ID: 37616
2025-10-09 05:12:19 | DEBUG    | generate_patient_sequence:503 |   Rank 20:  1961                | Prob: 0.000002 | ID: 20990
2025-10-09 05:12:19 | INFO     | generate_patient_sequence:507 | Starting generation with temp=1.3, top_k=30, max_length=256
2025-10-09 05:12:19 | DEBUG    | generate_patient_sequence:520 | Generated token IDs: [2, 0, 5334, 121, 4444, 30876, 3842, 28214, 23177, 256, 28696, 12789, 139, 15698, 2, 50265, 28214, 23177, 37501, 25692, 256, 25938, 100, 15698, 1437, 50265, 2, 2, 2, 37501, 25692, 468, 2, 2, 1437, 50266, 1437, 50267]
2025-10-09 05:12:19 | DEBUG    | generate_patient_sequence:521 | Generated length: 38 tokens
2025-10-09 05:12:19 | INFO     | generate_patient_sequence:529 | Generated token counts - <v>: 2, <\v>: 1, <END>: 1
2025-10-09 05:12:19 | DEBUG    | generate_patient_sequence:537 | Raw generated sequence: </s><s>86 UNABLE TO OBTAIN M <demo></s> <v>  OBTAIN AMERICAN MULTI>  <v> </s></s></s> AMERICAN V</s></s>  <\v>   <END>
2025-10-09 05:12:19 | INFO     | generate_patient_sequence:540 | Generated sequence (clean): 86 UNABLE TO OBTAIN M <demo> OBTAIN AMERICAN MULTI>  AMERICAN V  
2025-10-09 05:12:19 | INFO     | <module>:677 | === Training and generation complete ===
