Job ID: 5183020
Job Name: ehr_lr0.00005_temp1.0_k50
Node: ccc0389
CUDA_VISIBLE_DEVICES: 0
Start Time: Thu Oct  9 03:37:55 CDT 2025
Working Directory: /u/jalenj4/pehr_scratch
Thu Oct  9 03:37:55 2025       
+-----------------------------------------------------------------------------------------+
| NVIDIA-SMI 575.57.08              Driver Version: 575.57.08      CUDA Version: 12.9     |
|-----------------------------------------+------------------------+----------------------+
| GPU  Name                 Persistence-M | Bus-Id          Disp.A | Volatile Uncorr. ECC |
| Fan  Temp   Perf          Pwr:Usage/Cap |           Memory-Usage | GPU-Util  Compute M. |
|                                         |                        |               MIG M. |
|=========================================+========================+======================|
|   0  NVIDIA A100-SXM4-80GB          Off |   00000000:41:00.0 Off |                    0 |
| N/A   43C    P0             69W /  500W |       0MiB /  81920MiB |      0%      Default |
|                                         |                        |             Disabled |
+-----------------------------------------+------------------------+----------------------+
                                                                                         
+-----------------------------------------------------------------------------------------+
| Processes:                                                                              |
|  GPU   GI   CI              PID   Type   Process name                        GPU Memory |
|        ID   ID                                                               Usage      |
|=========================================================================================|
|  No running processes found                                                             |
+-----------------------------------------------------------------------------------------+
Parameters:
  NUM_PATIENTS: 3000
  BATCH_SIZE: 16
  NUM_EPOCHS: 30
  LEARNING_RATE: 0.00005
  GENERATION_TEMP: 1.0
  TOP_K: 50
INFO: === EHR Generation Training Started ===
INFO: Configuration: {'model_name': 'facebook/bart-base', 'num_patients': 3000, 'max_seq_length': 256, 'batch_size': 16, 'num_epochs': 30, 'learning_rate': 5e-05, 'generation_temp': 1.0, 'generation_max_length': 256, 'num_warmup_steps': 0, 'top_k': 50, 'data_dir': 'data_files', 'mimic_paths': {'patients_path': 'data_files/PATIENTS.csv', 'admissions_path': 'data_files/ADMISSIONS.csv', 'diagnoses_path': 'data_files/DIAGNOSES_ICD.csv'}}
INFO: Using device: cuda
INFO: Loading pretrained BART model: facebook/bart-base
INFO: Added 3 special tokens: <v>, <\v>, <END>
INFO: Resized model embeddings to 50268 tokens
INFO: Loading MIMIC-III data files
INFO: Loaded 46520 patients
INFO: Loaded 58976 admissions
INFO: Loaded 651047 diagnosis records
INFO: Data processing complete. Formatting sequences...
INFO: Sequence formatting complete. Generated 3000 patient sequences
INFO: Average visits per patient: 1.27
INFO: Average tokens per sequence: 19.69
INFO: Sample patient sequences:
INFO: Sample 1: 86 WHITE F <demo> <v> 85221 42731 3960 3970 5990 2536 4019 E8859 <\v> <v> 85220 4280 42731 4241 4019 E8859 <\v> <END>...
INFO: Sample 2: 38 WHITE M <demo> <v> 9351 E911 53019 53560 <\v> <END>...
INFO: Sample 3: 0 WHITE F <demo> <v> V3101 7756 7793 76408 7783 V053 V290 V293 <\v> <END>...
INFO: Sample 4: 64 WHITE F <demo> <v> 4241 9971 42731 496 4280 4168 2859 <\v> <END>...
INFO: Sample 5: 0 ASIAN M <demo> <v> V3000 74860 77989 <\v> <END>...
INFO: Created dataset with 3000 samples, 188 batches
INFO: Optimizer: AdamW with lr=5e-05
INFO: Scheduler: linear with 0 warmup steps
INFO: Starting model training for 30 epochs
INFO: Training steps: 5640
INFO: Device: cuda
INFO: Epoch 1/30 completed | Avg Loss: 0.6678
INFO: Epoch 2/30 completed | Avg Loss: 0.0982
INFO: Epoch 3/30 completed | Avg Loss: 0.0307
INFO: Epoch 4/30 completed | Avg Loss: 0.0172
INFO: Epoch 5/30 completed | Avg Loss: 0.0138
INFO: Epoch 6/30 completed | Avg Loss: 0.0049
INFO: Epoch 7/30 completed | Avg Loss: 0.0102
INFO: Epoch 8/30 completed | Avg Loss: 0.0055
INFO: Epoch 9/30 completed | Avg Loss: 0.0039
INFO: Epoch 10/30 completed | Avg Loss: 0.0038
INFO: Epoch 11/30 completed | Avg Loss: 0.0028
INFO: Epoch 12/30 completed | Avg Loss: 0.0017
INFO: Epoch 13/30 completed | Avg Loss: 0.0016
INFO: Epoch 14/30 completed | Avg Loss: 0.0028
INFO: Epoch 15/30 completed | Avg Loss: 0.0025
INFO: Epoch 16/30 completed | Avg Loss: 0.0015
INFO: Epoch 17/30 completed | Avg Loss: 0.0011
INFO: Epoch 18/30 completed | Avg Loss: 0.0015
INFO: Epoch 19/30 completed | Avg Loss: 0.0014
INFO: Epoch 20/30 completed | Avg Loss: 0.0014
INFO: Epoch 21/30 completed | Avg Loss: 0.0013
INFO: Epoch 22/30 completed | Avg Loss: 0.0012
INFO: Epoch 23/30 completed | Avg Loss: 0.0012
INFO: Epoch 24/30 completed | Avg Loss: 0.0009
INFO: Epoch 25/30 completed | Avg Loss: 0.0008
INFO: Epoch 26/30 completed | Avg Loss: 0.0002
INFO: Epoch 27/30 completed | Avg Loss: 0.0007
INFO: Epoch 28/30 completed | Avg Loss: 0.0005
INFO: Epoch 29/30 completed | Avg Loss: 0.0002
INFO: Epoch 30/30 completed | Avg Loss: 0.0004
INFO: Training complete
INFO: Final average loss: 0.0004
INFO: === Generating synthetic patient data ===
INFO: 
--- Sample 1/5 ---
INFO: Generating sequence for prompt: '36 WHITE F <demo>'
INFO: Starting generation with temp=1.0, top_k=50, max_length=256
INFO: Generated token counts - <v>: 1, <\v>: 1, <END>: 1
INFO: Generated sequence (clean): 36 WHITE F <demo> WHITE F>demo
INFO: 
--- Sample 2/5 ---
INFO: Generating sequence for prompt: '23 UNABLE TO OBTAIN M <demo>'
INFO: Starting generation with temp=1.0, top_k=50, max_length=256
INFO: Generated token counts - <v>: 1, <\v>: 0, <END>: 1
INFO: Generated sequence (clean): 23 UNABLE TO OBTAIN M <demo>
INFO: 
--- Sample 3/5 ---
INFO: Generating sequence for prompt: '33 WHITE M <demo>'
INFO: Starting generation with temp=1.0, top_k=50, max_length=256
INFO: Generated token counts - <v>: 1, <\v>: 1, <END>: 1
INFO: Generated sequence (clean): 33 WHITE M <demo>
INFO: 
--- Sample 4/5 ---
INFO: Generating sequence for prompt: '30 HISPANIC OR LATINO F <demo>'
INFO: Starting generation with temp=1.0, top_k=50, max_length=256
INFO: Generated token counts - <v>: 1, <\v>: 1, <END>: 1
INFO: Generated sequence (clean): 30 HISPANIC OR LATINO F <demo>
INFO: 
--- Sample 5/5 ---
INFO: Generating sequence for prompt: '82 BLACK M <demo>'
INFO: Starting generation with temp=1.0, top_k=50, max_length=256
INFO: Generated token counts - <v>: 1, <\v>: 0, <END>: 1
INFO: Generated sequence (clean): 82 BLACK M <demo>
INFO: === Training and generation complete ===
End Time: Thu Oct  9 04:01:25 CDT 2025
Exit Code: 0
