2025-10-09 02:48:35 | INFO     | <module>:562 | === EHR Generation Training Started ===
2025-10-09 02:48:35 | INFO     | <module>:583 | Configuration: {'model_name': 'facebook/bart-base', 'num_patients': 3000, 'max_seq_length': 256, 'batch_size': 16, 'num_epochs': 30, 'learning_rate': 0.0001, 'generation_temp': 1.3, 'generation_max_length': 256, 'num_warmup_steps': 0, 'top_k': 50, 'data_dir': 'data_files', 'mimic_paths': {'patients_path': 'data_files/PATIENTS.csv', 'admissions_path': 'data_files/ADMISSIONS.csv', 'diagnoses_path': 'data_files/DIAGNOSES_ICD.csv'}}
2025-10-09 02:48:36 | INFO     | <module>:587 | Using device: cuda
2025-10-09 02:48:36 | INFO     | <module>:590 | Loading pretrained BART model: facebook/bart-base
2025-10-09 02:48:39 | INFO     | <module>:599 | Added 3 special tokens: <v>, <\v>, <END>
2025-10-09 02:48:40 | INFO     | <module>:603 | Resized model embeddings to 50268 tokens
2025-10-09 02:48:40 | DEBUG    | <module>:606 | Token ID for <v>: 50265
2025-10-09 02:48:40 | DEBUG    | <module>:607 | Token ID for <\v>: 50266
2025-10-09 02:48:40 | DEBUG    | <module>:608 | Token ID for <END>: 50267
2025-10-09 02:48:40 | INFO     | load_and_format_mimic_data:147 | Loading MIMIC-III data files
2025-10-09 02:48:40 | DEBUG    | load_and_format_mimic_data:148 | Patients: data_files/PATIENTS.csv
2025-10-09 02:48:40 | DEBUG    | load_and_format_mimic_data:149 | Admissions: data_files/ADMISSIONS.csv
2025-10-09 02:48:40 | DEBUG    | load_and_format_mimic_data:150 | Diagnoses: data_files/DIAGNOSES_ICD.csv
2025-10-09 02:48:40 | INFO     | load_and_format_mimic_data:155 | Loaded 46520 patients
2025-10-09 02:48:40 | INFO     | load_and_format_mimic_data:158 | Loaded 58976 admissions
2025-10-09 02:48:40 | INFO     | load_and_format_mimic_data:161 | Loaded 651047 diagnosis records
2025-10-09 02:48:41 | INFO     | load_and_format_mimic_data:219 | Data processing complete. Formatting sequences...
2025-10-09 02:48:43 | INFO     | load_and_format_mimic_data:258 | Sequence formatting complete. Generated 3000 patient sequences
2025-10-09 02:48:43 | DEBUG    | load_and_format_mimic_data:262 | Sample sequence: 0 ASIAN M <demo> <v> V3001 V053 V290 <\v> <END>...
2025-10-09 02:48:43 | INFO     | load_and_format_mimic_data:267 | Average visits per patient: 1.27
2025-10-09 02:48:43 | INFO     | load_and_format_mimic_data:268 | Average tokens per sequence: 19.69
2025-10-09 02:48:43 | INFO     | <module>:622 | Sample patient sequences:
2025-10-09 02:48:43 | INFO     | <module>:624 | Sample 1: 44 BLACK/AFRICAN AMERICAN F <demo> <v> 1800 19882 2851 5990 99674 4538 19889 9982 5680 6268 4019 4589 27801 <\v> <END>...
2025-10-09 02:48:43 | INFO     | <module>:624 | Sample 2: 83 UNKNOWN/NOT SPECIFIED F <demo> <v> 56983 5570 2851 9975 9971 42731 51881 7101 7885 <\v> <END>...
2025-10-09 02:48:43 | INFO     | <module>:624 | Sample 3: 81 UNKNOWN/NOT SPECIFIED F <demo> <v> 41071 49121 4280 4240 42731 2875 2765 51881 5849 <\v> <END>...
2025-10-09 02:48:43 | INFO     | <module>:624 | Sample 4: 55 WHITE M <demo> <v> 20280 2880 2875 5781 2851 2639 9998 5790 6930 <\v> <v> 20280 2848 99685 56983 5672 2762 0389 99591 2763 7994 1120 2765 4589 4273...
2025-10-09 02:48:43 | INFO     | <module>:624 | Sample 5: 63 WHITE F <demo> <v> 9986 5672 5119 6822 9983 2766 5180 99859 V552 <\v> <v> 56969 5609 2765 2762 2720 <\v> <v> V552 57410 5753 4280 9974 5601 2851 26...
2025-10-09 02:48:43 | DEBUG    | __init__:294 | First sequence length: 24 tokens
2025-10-09 02:48:43 | DEBUG    | __init__:295 | Pad token ID: 1
2025-10-09 02:48:43 | INFO     | <module>:628 | Created dataset with 3000 samples, 188 batches
2025-10-09 02:48:43 | INFO     | <module>:639 | Optimizer: AdamW with lr=0.0001
2025-10-09 02:48:43 | INFO     | <module>:640 | Scheduler: linear with 0 warmup steps
2025-10-09 02:48:44 | INFO     | train_model:351 | Starting model training for 30 epochs
2025-10-09 02:48:44 | INFO     | train_model:352 | Training steps: 5640
2025-10-09 02:48:44 | INFO     | train_model:353 | Device: cuda
2025-10-09 02:48:45 | DEBUG    | train_model:372 | First batch input_ids shape: torch.Size([16, 256])
2025-10-09 02:48:45 | DEBUG    | train_model:373 | First batch labels shape: torch.Size([16, 256])
2025-10-09 02:48:45 | DEBUG    | train_model:374 | First batch attention_mask shape: torch.Size([16, 256])
2025-10-09 02:48:45 | DEBUG    | train_model:375 | Initial loss: 2.3142
2025-10-09 02:48:45 | DEBUG    | train_model:382 | Special tokens in first batch: {'pad': 3488, 'masked_labels': 3488}
2025-10-09 02:49:31 | INFO     | train_model:401 | Epoch 1/30 completed | Avg Loss: 0.4460
2025-10-09 02:50:18 | INFO     | train_model:401 | Epoch 2/30 completed | Avg Loss: 0.0703
2025-10-09 02:51:04 | INFO     | train_model:401 | Epoch 3/30 completed | Avg Loss: 0.0387
2025-10-09 02:51:51 | INFO     | train_model:401 | Epoch 4/30 completed | Avg Loss: 0.0087
2025-10-09 02:52:37 | INFO     | train_model:401 | Epoch 5/30 completed | Avg Loss: 0.0064
2025-10-09 02:53:24 | INFO     | train_model:401 | Epoch 6/30 completed | Avg Loss: 0.0052
2025-10-09 02:54:11 | INFO     | train_model:401 | Epoch 7/30 completed | Avg Loss: 0.0075
2025-10-09 02:54:57 | INFO     | train_model:401 | Epoch 8/30 completed | Avg Loss: 0.0064
2025-10-09 02:55:44 | INFO     | train_model:401 | Epoch 9/30 completed | Avg Loss: 0.0066
2025-10-09 02:56:30 | INFO     | train_model:401 | Epoch 10/30 completed | Avg Loss: 0.0032
2025-10-09 02:57:17 | INFO     | train_model:401 | Epoch 11/30 completed | Avg Loss: 0.0036
2025-10-09 02:58:03 | INFO     | train_model:401 | Epoch 12/30 completed | Avg Loss: 0.0029
2025-10-09 02:58:50 | INFO     | train_model:401 | Epoch 13/30 completed | Avg Loss: 0.0042
2025-10-09 02:59:36 | INFO     | train_model:401 | Epoch 14/30 completed | Avg Loss: 0.0059
2025-10-09 03:00:23 | INFO     | train_model:401 | Epoch 15/30 completed | Avg Loss: 0.0027
2025-10-09 03:01:09 | INFO     | train_model:401 | Epoch 16/30 completed | Avg Loss: 0.0041
2025-10-09 03:01:56 | INFO     | train_model:401 | Epoch 17/30 completed | Avg Loss: 0.0025
2025-10-09 03:02:42 | INFO     | train_model:401 | Epoch 18/30 completed | Avg Loss: 0.0019
2025-10-09 03:03:29 | INFO     | train_model:401 | Epoch 19/30 completed | Avg Loss: 0.0017
2025-10-09 03:04:16 | INFO     | train_model:401 | Epoch 20/30 completed | Avg Loss: 0.0036
2025-10-09 03:05:02 | INFO     | train_model:401 | Epoch 21/30 completed | Avg Loss: 0.0019
2025-10-09 03:05:49 | INFO     | train_model:401 | Epoch 22/30 completed | Avg Loss: 0.0017
2025-10-09 03:06:35 | INFO     | train_model:401 | Epoch 23/30 completed | Avg Loss: 0.0051
2025-10-09 03:07:22 | INFO     | train_model:401 | Epoch 24/30 completed | Avg Loss: 0.0015
2025-10-09 03:08:08 | INFO     | train_model:401 | Epoch 25/30 completed | Avg Loss: 0.0007
2025-10-09 03:08:55 | INFO     | train_model:401 | Epoch 26/30 completed | Avg Loss: 0.0015
2025-10-09 03:09:41 | INFO     | train_model:401 | Epoch 27/30 completed | Avg Loss: 0.0013
2025-10-09 03:10:28 | INFO     | train_model:401 | Epoch 28/30 completed | Avg Loss: 0.0010
2025-10-09 03:11:14 | INFO     | train_model:401 | Epoch 29/30 completed | Avg Loss: 0.0008
2025-10-09 03:12:01 | INFO     | train_model:401 | Epoch 30/30 completed | Avg Loss: 0.0003
2025-10-09 03:12:01 | INFO     | train_model:403 | Training complete
2025-10-09 03:12:01 | INFO     | train_model:404 | Final average loss: 0.0003
2025-10-09 03:12:01 | DEBUG    | train_model:405 | Loss history: [0.4459963770622903, 0.07025825696690206, 0.03873891534192111, 0.008725408801531538, 0.006425178063936789, 0.005172553724712108, 0.007451080255200492, 0.0064188792363138614, 0.006587496325974303, 0.0032033542410453207, 0.0036040850066049817, 0.0028793939108003, 0.004235644081648949, 0.005893563267547622, 0.002726000221840916, 0.00412346728618549, 0.0025169781580343816, 0.0019126404401523611, 0.0016940355181237039, 0.003611901067686515, 0.0019349404811943346, 0.001719809181443626, 0.0051410939702188265, 0.001548572290088719, 0.0007045165315735465, 0.0015213352128720292, 0.001266395976965717, 0.00103258733574005, 0.0008467583225633172, 0.0003443923004793915]
2025-10-09 03:12:01 | INFO     | <module>:654 | === Generating synthetic patient data ===
2025-10-09 03:12:01 | INFO     | <module>:663 | 
--- Sample 1/5 ---
2025-10-09 03:12:01 | INFO     | generate_patient_sequence:443 | Generating sequence for prompt: '80 ASIAN M <demo>'
2025-10-09 03:12:01 | DEBUG    | generate_patient_sequence:447 | Prompt token IDs: [0, 2940, 6015, 10296, 256, 28696, 12789, 139, 15698, 2]
2025-10-09 03:12:01 | DEBUG    | generate_patient_sequence:448 | Prompt tokens: ['<s>', '80', ' AS', 'IAN', ' M', ' <', 'dem', 'o', '>', '</s>']
2025-10-09 03:12:01 | DEBUG    | generate_patient_sequence:457 | Special token IDs - <v>: 50265, <\v>: 50266, <END>: 50267, PAD: 1, EOS: 2
2025-10-09 03:12:01 | DEBUG    | generate_patient_sequence:464 | Initial decoder input (with forced <v>): [0, 2940, 6015, 10296, 256, 28696, 12789, 139, 15698, 2, 50265]
2025-10-09 03:12:01 | DEBUG    | generate_patient_sequence:478 | After prompt, probability of <v>: 0.000010
2025-10-09 03:12:01 | DEBUG    | generate_patient_sequence:479 | After prompt, probability of <END>: 0.000017
2025-10-09 03:12:01 | DEBUG    | generate_patient_sequence:480 | After prompt, probability of PAD: 0.000000
2025-10-09 03:12:01 | DEBUG    | generate_patient_sequence:481 | After prompt, probability of EOS: 0.997090
2025-10-09 03:12:01 | DEBUG    | generate_patient_sequence:485 | Top 20 next token predictions after prompt:
2025-10-09 03:12:01 | DEBUG    | generate_patient_sequence:503 |   Rank 1: <EOS>                | Prob: 0.997090 | ID: 2
2025-10-09 03:12:01 | DEBUG    | generate_patient_sequence:503 |   Rank 2: 80                   | Prob: 0.002741 | ID: 2940
2025-10-09 03:12:01 | DEBUG    | generate_patient_sequence:503 |   Rank 3: 70                   | Prob: 0.000017 | ID: 3083
2025-10-09 03:12:01 | DEBUG    | generate_patient_sequence:503 |   Rank 4: <END>                | Prob: 0.000017 | ID: 50267
2025-10-09 03:12:01 | DEBUG    | generate_patient_sequence:503 |   Rank 5: 81                   | Prob: 0.000012 | ID: 6668
2025-10-09 03:12:01 | DEBUG    | generate_patient_sequence:503 |   Rank 6: RIC                  | Prob: 0.000011 | ID: 36570
2025-10-09 03:12:01 | DEBUG    | generate_patient_sequence:503 |   Rank 7: <v>                  | Prob: 0.000010 | ID: 50265
2025-10-09 03:12:01 | DEBUG    | generate_patient_sequence:503 |   Rank 8: 86                   | Prob: 0.000008 | ID: 5334
2025-10-09 03:12:01 | DEBUG    | generate_patient_sequence:503 |   Rank 9: IENT                 | Prob: 0.000004 | ID: 44735
2025-10-09 03:12:01 | DEBUG    | generate_patient_sequence:503 |   Rank 10: 75                   | Prob: 0.000003 | ID: 2545
2025-10-09 03:12:01 | DEBUG    | generate_patient_sequence:503 |   Rank 11: 77                   | Prob: 0.000003 | ID: 4718
2025-10-09 03:12:01 | DEBUG    | generate_patient_sequence:503 |   Rank 12: <\v>                 | Prob: 0.000003 | ID: 50266
2025-10-09 03:12:01 | DEBUG    | generate_patient_sequence:503 |   Rank 13: 78                   | Prob: 0.000003 | ID: 5479
2025-10-09 03:12:01 | DEBUG    | generate_patient_sequence:503 |   Rank 14: 40                   | Prob: 0.000003 | ID: 1749
2025-10-09 03:12:01 | DEBUG    | generate_patient_sequence:503 |   Rank 15: 88                   | Prob: 0.000002 | ID: 4652
2025-10-09 03:12:01 | DEBUG    | generate_patient_sequence:503 |   Rank 16: 79                   | Prob: 0.000002 | ID: 5220
2025-10-09 03:12:01 | DEBUG    | generate_patient_sequence:503 |   Rank 17: NOT                  | Prob: 0.000002 | ID: 37049
2025-10-09 03:12:01 | DEBUG    | generate_patient_sequence:503 |   Rank 18: 99                   | Prob: 0.000002 | ID: 2831
2025-10-09 03:12:01 | DEBUG    | generate_patient_sequence:503 |   Rank 19: 290                  | Prob: 0.000002 | ID: 24675
2025-10-09 03:12:01 | DEBUG    | generate_patient_sequence:503 |   Rank 20: 89                   | Prob: 0.000002 | ID: 5046
2025-10-09 03:12:01 | INFO     | generate_patient_sequence:507 | Starting generation with temp=1.3, top_k=50, max_length=256
2025-10-09 03:12:01 | DEBUG    | generate_patient_sequence:520 | Generated token IDs: [2, 0, 2940, 6015, 10296, 256, 28696, 12789, 139, 15698, 2, 50265, 2, 2, 2, 1360, 1437, 50266, 1437, 50267]
2025-10-09 03:12:01 | DEBUG    | generate_patient_sequence:521 | Generated length: 20 tokens
2025-10-09 03:12:01 | INFO     | generate_patient_sequence:529 | Generated token counts - <v>: 1, <\v>: 1, <END>: 1
2025-10-09 03:12:01 | DEBUG    | generate_patient_sequence:537 | Raw generated sequence: </s><s>80 ASIAN M <demo></s> <v> </s></s></s>17  <\v>   <END>
2025-10-09 03:12:01 | INFO     | generate_patient_sequence:540 | Generated sequence (clean): 80 ASIAN M <demo>17  
2025-10-09 03:12:01 | INFO     | <module>:663 | 
--- Sample 2/5 ---
2025-10-09 03:12:01 | INFO     | generate_patient_sequence:443 | Generating sequence for prompt: '88 UNKNOWN/NOT SPECIFIED F <demo>'
2025-10-09 03:12:01 | DEBUG    | generate_patient_sequence:447 | Prompt token IDs: [0, 4652, 2604, 47300, 73, 37049, 44921, 36482, 274, 28696, 12789, 139, 15698, 2]
2025-10-09 03:12:01 | DEBUG    | generate_patient_sequence:448 | Prompt tokens: ['<s>', '88', ' UN', 'KNOWN', '/', 'NOT', ' SPEC', 'IFIED', ' F', ' <', 'dem', 'o', '>', '</s>']
2025-10-09 03:12:01 | DEBUG    | generate_patient_sequence:457 | Special token IDs - <v>: 50265, <\v>: 50266, <END>: 50267, PAD: 1, EOS: 2
2025-10-09 03:12:01 | DEBUG    | generate_patient_sequence:464 | Initial decoder input (with forced <v>): [0, 4652, 2604, 47300, 73, 37049, 44921, 36482, 274, 28696, 12789, 139, 15698, 2, 50265]
2025-10-09 03:12:01 | DEBUG    | generate_patient_sequence:478 | After prompt, probability of <v>: 0.000186
2025-10-09 03:12:01 | DEBUG    | generate_patient_sequence:479 | After prompt, probability of <END>: 0.000320
2025-10-09 03:12:01 | DEBUG    | generate_patient_sequence:480 | After prompt, probability of PAD: 0.000000
2025-10-09 03:12:01 | DEBUG    | generate_patient_sequence:481 | After prompt, probability of EOS: 0.962610
2025-10-09 03:12:01 | DEBUG    | generate_patient_sequence:485 | Top 20 next token predictions after prompt:
2025-10-09 03:12:01 | DEBUG    | generate_patient_sequence:503 |   Rank 1: <EOS>                | Prob: 0.962610 | ID: 2
2025-10-09 03:12:01 | DEBUG    | generate_patient_sequence:503 |   Rank 2: 88                   | Prob: 0.026010 | ID: 4652
2025-10-09 03:12:01 | DEBUG    | generate_patient_sequence:503 |   Rank 3: 98                   | Prob: 0.001629 | ID: 5208
2025-10-09 03:12:01 | DEBUG    | generate_patient_sequence:503 |   Rank 4: 86                   | Prob: 0.000730 | ID: 5334
2025-10-09 03:12:01 | DEBUG    | generate_patient_sequence:503 |   Rank 5: RIC                  | Prob: 0.000718 | ID: 36570
2025-10-09 03:12:01 | DEBUG    | generate_patient_sequence:503 |   Rank 6: 96                   | Prob: 0.000472 | ID: 5607
2025-10-09 03:12:01 | DEBUG    | generate_patient_sequence:503 |   Rank 7: dem                  | Prob: 0.000384 | ID: 12789
2025-10-09 03:12:01 | DEBUG    | generate_patient_sequence:503 |   Rank 8: <END>                | Prob: 0.000320 | ID: 50267
2025-10-09 03:12:01 | DEBUG    | generate_patient_sequence:503 |   Rank 9: 70                   | Prob: 0.000251 | ID: 3083
2025-10-09 03:12:01 | DEBUG    | generate_patient_sequence:503 |   Rank 10: 01                   | Prob: 0.000244 | ID: 2663
2025-10-09 03:12:01 | DEBUG    | generate_patient_sequence:503 |   Rank 11: 77                   | Prob: 0.000208 | ID: 4718
2025-10-09 03:12:01 | DEBUG    | generate_patient_sequence:503 |   Rank 12: 99                   | Prob: 0.000200 | ID: 2831
2025-10-09 03:12:01 | DEBUG    | generate_patient_sequence:503 |   Rank 13: 89                   | Prob: 0.000199 | ID: 5046
2025-10-09 03:12:01 | DEBUG    | generate_patient_sequence:503 |   Rank 14: <v>                  | Prob: 0.000186 | ID: 50265
2025-10-09 03:12:01 | DEBUG    | generate_patient_sequence:503 |   Rank 15: <\v>                 | Prob: 0.000172 | ID: 50266
2025-10-09 03:12:01 | DEBUG    | generate_patient_sequence:503 |   Rank 16: 57                   | Prob: 0.000131 | ID: 4390
2025-10-09 03:12:01 | DEBUG    | generate_patient_sequence:503 |   Rank 17: 87                   | Prob: 0.000121 | ID: 5677
2025-10-09 03:12:01 | DEBUG    | generate_patient_sequence:503 |   Rank 18: 80                   | Prob: 0.000115 | ID: 2940
2025-10-09 03:12:01 | DEBUG    | generate_patient_sequence:503 |   Rank 19: 389                  | Prob: 0.000113 | ID: 34682
2025-10-09 03:12:01 | DEBUG    | generate_patient_sequence:503 |   Rank 20: 440                  | Prob: 0.000111 | ID: 26634
2025-10-09 03:12:01 | INFO     | generate_patient_sequence:507 | Starting generation with temp=1.3, top_k=50, max_length=256
2025-10-09 03:12:02 | DEBUG    | generate_patient_sequence:520 | Generated token IDs: [2, 0, 4652, 2604, 47300, 73, 37049, 44921, 36482, 274, 28696, 12789, 139, 15698, 2, 50265, 1437, 50267]
2025-10-09 03:12:02 | DEBUG    | generate_patient_sequence:521 | Generated length: 18 tokens
2025-10-09 03:12:02 | INFO     | generate_patient_sequence:529 | Generated token counts - <v>: 1, <\v>: 0, <END>: 1
2025-10-09 03:12:02 | DEBUG    | generate_patient_sequence:537 | Raw generated sequence: </s><s>88 UNKNOWN/NOT SPECIFIED F <demo></s> <v>   <END>
2025-10-09 03:12:02 | INFO     | generate_patient_sequence:540 | Generated sequence (clean): 88 UNKNOWN/NOT SPECIFIED F <demo> 
2025-10-09 03:12:02 | INFO     | <module>:663 | 
--- Sample 3/5 ---
2025-10-09 03:12:02 | INFO     | generate_patient_sequence:443 | Generating sequence for prompt: '23 WHITE F <demo>'
2025-10-09 03:12:02 | DEBUG    | generate_patient_sequence:447 | Prompt token IDs: [0, 1922, 38503, 274, 28696, 12789, 139, 15698, 2]
2025-10-09 03:12:02 | DEBUG    | generate_patient_sequence:448 | Prompt tokens: ['<s>', '23', ' WHITE', ' F', ' <', 'dem', 'o', '>', '</s>']
2025-10-09 03:12:02 | DEBUG    | generate_patient_sequence:457 | Special token IDs - <v>: 50265, <\v>: 50266, <END>: 50267, PAD: 1, EOS: 2
2025-10-09 03:12:02 | DEBUG    | generate_patient_sequence:464 | Initial decoder input (with forced <v>): [0, 1922, 38503, 274, 28696, 12789, 139, 15698, 2, 50265]
2025-10-09 03:12:02 | DEBUG    | generate_patient_sequence:478 | After prompt, probability of <v>: 0.000006
2025-10-09 03:12:02 | DEBUG    | generate_patient_sequence:479 | After prompt, probability of <END>: 0.000012
2025-10-09 03:12:02 | DEBUG    | generate_patient_sequence:480 | After prompt, probability of PAD: 0.000000
2025-10-09 03:12:02 | DEBUG    | generate_patient_sequence:481 | After prompt, probability of EOS: 0.999945
2025-10-09 03:12:02 | DEBUG    | generate_patient_sequence:485 | Top 20 next token predictions after prompt:
2025-10-09 03:12:02 | DEBUG    | generate_patient_sequence:503 |   Rank 1: <EOS>                | Prob: 0.999945 | ID: 2
2025-10-09 03:12:02 | DEBUG    | generate_patient_sequence:503 |   Rank 2: <END>                | Prob: 0.000012 | ID: 50267
2025-10-09 03:12:02 | DEBUG    | generate_patient_sequence:503 |   Rank 3: <v>                  | Prob: 0.000006 | ID: 50265
2025-10-09 03:12:02 | DEBUG    | generate_patient_sequence:503 |   Rank 4: 01                   | Prob: 0.000004 | ID: 2663
2025-10-09 03:12:02 | DEBUG    | generate_patient_sequence:503 |   Rank 5: <\v>                 | Prob: 0.000002 | ID: 50266
2025-10-09 03:12:02 | DEBUG    | generate_patient_sequence:503 |   Rank 6: RIC                  | Prob: 0.000002 | ID: 36570
2025-10-09 03:12:02 | DEBUG    | generate_patient_sequence:503 |   Rank 7: 43                   | Prob: 0.000001 | ID: 3897
2025-10-09 03:12:02 | DEBUG    | generate_patient_sequence:503 |   Rank 8: 70                   | Prob: 0.000001 | ID: 3083
2025-10-09 03:12:02 | DEBUG    | generate_patient_sequence:503 |   Rank 9: 00                   | Prob: 0.000001 | ID: 612
2025-10-09 03:12:02 | DEBUG    | generate_patient_sequence:503 |   Rank 10: 17                   | Prob: 0.000001 | ID: 1360
2025-10-09 03:12:02 | DEBUG    | generate_patient_sequence:503 |   Rank 11: 98                   | Prob: 0.000001 | ID: 5208
2025-10-09 03:12:02 | DEBUG    | generate_patient_sequence:503 |   Rank 12: 75                   | Prob: 0.000001 | ID: 2545
2025-10-09 03:12:02 | DEBUG    | generate_patient_sequence:503 |   Rank 13: 99                   | Prob: 0.000001 | ID: 2831
2025-10-09 03:12:02 | DEBUG    | generate_patient_sequence:503 |   Rank 14: 86                   | Prob: 0.000001 | ID: 5334
2025-10-09 03:12:02 | DEBUG    | generate_patient_sequence:503 |   Rank 15: 23                   | Prob: 0.000001 | ID: 1922
2025-10-09 03:12:02 | DEBUG    | generate_patient_sequence:503 |   Rank 16: 97                   | Prob: 0.000000 | ID: 6750
2025-10-09 03:12:02 | DEBUG    | generate_patient_sequence:503 |   Rank 17: 80                   | Prob: 0.000000 | ID: 2940
2025-10-09 03:12:02 | DEBUG    | generate_patient_sequence:503 |   Rank 18: 3                    | Prob: 0.000000 | ID: 246
2025-10-09 03:12:02 | DEBUG    | generate_patient_sequence:503 |   Rank 19: 000                  | Prob: 0.000000 | ID: 151
2025-10-09 03:12:02 | DEBUG    | generate_patient_sequence:503 |   Rank 20: 73                   | Prob: 0.000000 | ID: 5352
2025-10-09 03:12:02 | INFO     | generate_patient_sequence:507 | Starting generation with temp=1.3, top_k=50, max_length=256
2025-10-09 03:12:02 | DEBUG    | generate_patient_sequence:520 | Generated token IDs: [2, 0, 1922, 38503, 274, 28696, 12789, 139, 15698, 2, 50265, 2, 2, 2, 5208, 2663, 2, 1360, 2, 2, 2663, 2663, 1360, 1437, 50266, 1437, 50267]
2025-10-09 03:12:02 | DEBUG    | generate_patient_sequence:521 | Generated length: 27 tokens
2025-10-09 03:12:02 | INFO     | generate_patient_sequence:529 | Generated token counts - <v>: 1, <\v>: 1, <END>: 1
2025-10-09 03:12:02 | DEBUG    | generate_patient_sequence:537 | Raw generated sequence: </s><s>23 WHITE F <demo></s> <v> </s></s></s>9801</s>17</s></s>010117  <\v>   <END>
2025-10-09 03:12:02 | INFO     | generate_patient_sequence:540 | Generated sequence (clean): 23 WHITE F <demo>980117010117  
2025-10-09 03:12:02 | INFO     | <module>:663 | 
--- Sample 4/5 ---
2025-10-09 03:12:02 | INFO     | generate_patient_sequence:443 | Generating sequence for prompt: '77 WHITE M <demo>'
2025-10-09 03:12:02 | DEBUG    | generate_patient_sequence:447 | Prompt token IDs: [0, 4718, 38503, 256, 28696, 12789, 139, 15698, 2]
2025-10-09 03:12:02 | DEBUG    | generate_patient_sequence:448 | Prompt tokens: ['<s>', '77', ' WHITE', ' M', ' <', 'dem', 'o', '>', '</s>']
2025-10-09 03:12:02 | DEBUG    | generate_patient_sequence:457 | Special token IDs - <v>: 50265, <\v>: 50266, <END>: 50267, PAD: 1, EOS: 2
2025-10-09 03:12:02 | DEBUG    | generate_patient_sequence:464 | Initial decoder input (with forced <v>): [0, 4718, 38503, 256, 28696, 12789, 139, 15698, 2, 50265]
2025-10-09 03:12:02 | DEBUG    | generate_patient_sequence:478 | After prompt, probability of <v>: 0.000014
2025-10-09 03:12:02 | DEBUG    | generate_patient_sequence:479 | After prompt, probability of <END>: 0.000016
2025-10-09 03:12:02 | DEBUG    | generate_patient_sequence:480 | After prompt, probability of PAD: 0.000000
2025-10-09 03:12:02 | DEBUG    | generate_patient_sequence:481 | After prompt, probability of EOS: 0.999206
2025-10-09 03:12:02 | DEBUG    | generate_patient_sequence:485 | Top 20 next token predictions after prompt:
2025-10-09 03:12:02 | DEBUG    | generate_patient_sequence:503 |   Rank 1: <EOS>                | Prob: 0.999206 | ID: 2
2025-10-09 03:12:02 | DEBUG    | generate_patient_sequence:503 |   Rank 2: 77                   | Prob: 0.000576 | ID: 4718
2025-10-09 03:12:02 | DEBUG    | generate_patient_sequence:503 |   Rank 3: RIC                  | Prob: 0.000020 | ID: 36570
2025-10-09 03:12:02 | DEBUG    | generate_patient_sequence:503 |   Rank 4: <END>                | Prob: 0.000016 | ID: 50267
2025-10-09 03:12:02 | DEBUG    | generate_patient_sequence:503 |   Rank 5: <v>                  | Prob: 0.000014 | ID: 50265
2025-10-09 03:12:02 | DEBUG    | generate_patient_sequence:503 |   Rank 6:  77                  | Prob: 0.000010 | ID: 6791
2025-10-09 03:12:02 | DEBUG    | generate_patient_sequence:503 |   Rank 7: 80                   | Prob: 0.000008 | ID: 2940
2025-10-09 03:12:02 | DEBUG    | generate_patient_sequence:503 |   Rank 8: 75                   | Prob: 0.000007 | ID: 2545
2025-10-09 03:12:02 | DEBUG    | generate_patient_sequence:503 |   Rank 9: 67                   | Prob: 0.000007 | ID: 4111
2025-10-09 03:12:02 | DEBUG    | generate_patient_sequence:503 |   Rank 10: 70                   | Prob: 0.000006 | ID: 3083
2025-10-09 03:12:02 | DEBUG    | generate_patient_sequence:503 |   Rank 11: 97                   | Prob: 0.000004 | ID: 6750
2025-10-09 03:12:02 | DEBUG    | generate_patient_sequence:503 |   Rank 12: 74                   | Prob: 0.000004 | ID: 5243
2025-10-09 03:12:02 | DEBUG    | generate_patient_sequence:503 |   Rank 13: 17                   | Prob: 0.000004 | ID: 1360
2025-10-09 03:12:02 | DEBUG    | generate_patient_sequence:503 |   Rank 14:  1977                | Prob: 0.000004 | ID: 15386
2025-10-09 03:12:02 | DEBUG    | generate_patient_sequence:503 |   Rank 15: 57                   | Prob: 0.000004 | ID: 4390
2025-10-09 03:12:02 | DEBUG    | generate_patient_sequence:503 |   Rank 16: 01                   | Prob: 0.000004 | ID: 2663
2025-10-09 03:12:02 | DEBUG    | generate_patient_sequence:503 |   Rank 17: <\v>                 | Prob: 0.000004 | ID: 50266
2025-10-09 03:12:02 | DEBUG    | generate_patient_sequence:503 |   Rank 18: 00                   | Prob: 0.000003 | ID: 612
2025-10-09 03:12:02 | DEBUG    | generate_patient_sequence:503 |   Rank 19: 72                   | Prob: 0.000003 | ID: 4956
2025-10-09 03:12:02 | DEBUG    | generate_patient_sequence:503 |   Rank 20: 95                   | Prob: 0.000003 | ID: 4015
2025-10-09 03:12:02 | INFO     | generate_patient_sequence:507 | Starting generation with temp=1.3, top_k=50, max_length=256
2025-10-09 03:12:02 | DEBUG    | generate_patient_sequence:520 | Generated token IDs: [2, 0, 4718, 38503, 256, 28696, 12789, 139, 15698, 2, 50265, 2, 2, 2, 1360, 4956, 1437, 50266, 1437, 50267]
2025-10-09 03:12:02 | DEBUG    | generate_patient_sequence:521 | Generated length: 20 tokens
2025-10-09 03:12:02 | INFO     | generate_patient_sequence:529 | Generated token counts - <v>: 1, <\v>: 1, <END>: 1
2025-10-09 03:12:02 | DEBUG    | generate_patient_sequence:537 | Raw generated sequence: </s><s>77 WHITE M <demo></s> <v> </s></s></s>1772  <\v>   <END>
2025-10-09 03:12:02 | INFO     | generate_patient_sequence:540 | Generated sequence (clean): 77 WHITE M <demo>1772  
2025-10-09 03:12:02 | INFO     | <module>:663 | 
--- Sample 5/5 ---
2025-10-09 03:12:02 | INFO     | generate_patient_sequence:443 | Generating sequence for prompt: '22 WHITE F <demo>'
2025-10-09 03:12:02 | DEBUG    | generate_patient_sequence:447 | Prompt token IDs: [0, 2036, 38503, 274, 28696, 12789, 139, 15698, 2]
2025-10-09 03:12:02 | DEBUG    | generate_patient_sequence:448 | Prompt tokens: ['<s>', '22', ' WHITE', ' F', ' <', 'dem', 'o', '>', '</s>']
2025-10-09 03:12:02 | DEBUG    | generate_patient_sequence:457 | Special token IDs - <v>: 50265, <\v>: 50266, <END>: 50267, PAD: 1, EOS: 2
2025-10-09 03:12:02 | DEBUG    | generate_patient_sequence:464 | Initial decoder input (with forced <v>): [0, 2036, 38503, 274, 28696, 12789, 139, 15698, 2, 50265]
2025-10-09 03:12:02 | DEBUG    | generate_patient_sequence:478 | After prompt, probability of <v>: 0.000016
2025-10-09 03:12:02 | DEBUG    | generate_patient_sequence:479 | After prompt, probability of <END>: 0.000029
2025-10-09 03:12:02 | DEBUG    | generate_patient_sequence:480 | After prompt, probability of PAD: 0.000000
2025-10-09 03:12:02 | DEBUG    | generate_patient_sequence:481 | After prompt, probability of EOS: 0.999882
2025-10-09 03:12:02 | DEBUG    | generate_patient_sequence:485 | Top 20 next token predictions after prompt:
2025-10-09 03:12:02 | DEBUG    | generate_patient_sequence:503 |   Rank 1: <EOS>                | Prob: 0.999882 | ID: 2
2025-10-09 03:12:02 | DEBUG    | generate_patient_sequence:503 |   Rank 2: <END>                | Prob: 0.000029 | ID: 50267
2025-10-09 03:12:02 | DEBUG    | generate_patient_sequence:503 |   Rank 3: <v>                  | Prob: 0.000016 | ID: 50265
2025-10-09 03:12:02 | DEBUG    | generate_patient_sequence:503 |   Rank 4: RIC                  | Prob: 0.000011 | ID: 36570
2025-10-09 03:12:02 | DEBUG    | generate_patient_sequence:503 |   Rank 5: 01                   | Prob: 0.000005 | ID: 2663
2025-10-09 03:12:02 | DEBUG    | generate_patient_sequence:503 |   Rank 6: <\v>                 | Prob: 0.000004 | ID: 50266
2025-10-09 03:12:02 | DEBUG    | generate_patient_sequence:503 |   Rank 7: 17                   | Prob: 0.000002 | ID: 1360
2025-10-09 03:12:02 | DEBUG    | generate_patient_sequence:503 |   Rank 8: 80                   | Prob: 0.000002 | ID: 2940
2025-10-09 03:12:02 | DEBUG    | generate_patient_sequence:503 |   Rank 9: 70                   | Prob: 0.000001 | ID: 3083
2025-10-09 03:12:02 | DEBUG    | generate_patient_sequence:503 |   Rank 10: 22                   | Prob: 0.000001 | ID: 2036
2025-10-09 03:12:02 | DEBUG    | generate_patient_sequence:503 |   Rank 11: 74                   | Prob: 0.000001 | ID: 5243
2025-10-09 03:12:02 | DEBUG    | generate_patient_sequence:503 |   Rank 12: 00                   | Prob: 0.000001 | ID: 612
2025-10-09 03:12:02 | DEBUG    | generate_patient_sequence:503 |   Rank 13: 0                    | Prob: 0.000001 | ID: 288
2025-10-09 03:12:02 | DEBUG    | generate_patient_sequence:503 |   Rank 14: 72                   | Prob: 0.000001 | ID: 4956
2025-10-09 03:12:02 | DEBUG    | generate_patient_sequence:503 |   Rank 15: 77                   | Prob: 0.000001 | ID: 4718
2025-10-09 03:12:02 | DEBUG    | generate_patient_sequence:503 |   Rank 16: 86                   | Prob: 0.000001 | ID: 5334
2025-10-09 03:12:02 | DEBUG    | generate_patient_sequence:503 |   Rank 17: 24                   | Prob: 0.000001 | ID: 1978
2025-10-09 03:12:02 | DEBUG    | generate_patient_sequence:503 |   Rank 18: 97                   | Prob: 0.000001 | ID: 6750
2025-10-09 03:12:02 | DEBUG    | generate_patient_sequence:503 |   Rank 19:  WHITE               | Prob: 0.000001 | ID: 38503
2025-10-09 03:12:02 | DEBUG    | generate_patient_sequence:503 |   Rank 20:                      | Prob: 0.000001 | ID: 1437
2025-10-09 03:12:02 | INFO     | generate_patient_sequence:507 | Starting generation with temp=1.3, top_k=50, max_length=256
2025-10-09 03:12:02 | DEBUG    | generate_patient_sequence:520 | Generated token IDs: [2, 0, 2036, 38503, 274, 28696, 12789, 139, 15698, 2, 50265, 2, 2, 2, 5243, 844, 1437, 50266, 1437, 50267]
2025-10-09 03:12:02 | DEBUG    | generate_patient_sequence:521 | Generated length: 20 tokens
2025-10-09 03:12:02 | INFO     | generate_patient_sequence:529 | Generated token counts - <v>: 1, <\v>: 1, <END>: 1
2025-10-09 03:12:02 | DEBUG    | generate_patient_sequence:537 | Raw generated sequence: </s><s>22 WHITE F <demo></s> <v> </s></s></s>7420  <\v>   <END>
2025-10-09 03:12:02 | INFO     | generate_patient_sequence:540 | Generated sequence (clean): 22 WHITE F <demo>7420  
2025-10-09 03:12:02 | INFO     | <module>:677 | === Training and generation complete ===
