Job ID: 5183021
Job Name: ehr_lr0.00005_temp1.0_k100
Node: ccc0388
CUDA_VISIBLE_DEVICES: 0
Start Time: Thu Oct  9 03:59:24 CDT 2025
Working Directory: /u/jalenj4/pehr_scratch
Thu Oct  9 03:59:24 2025       
+-----------------------------------------------------------------------------------------+
| NVIDIA-SMI 580.95.05              Driver Version: 580.95.05      CUDA Version: 13.0     |
+-----------------------------------------+------------------------+----------------------+
| GPU  Name                 Persistence-M | Bus-Id          Disp.A | Volatile Uncorr. ECC |
| Fan  Temp   Perf          Pwr:Usage/Cap |           Memory-Usage | GPU-Util  Compute M. |
|                                         |                        |               MIG M. |
|=========================================+========================+======================|
|   0  NVIDIA A100-SXM4-80GB          On  |   00000000:81:00.0 Off |                    0 |
| N/A   41C    P0             66W /  500W |       0MiB /  81920MiB |      0%      Default |
|                                         |                        |             Disabled |
+-----------------------------------------+------------------------+----------------------+

+-----------------------------------------------------------------------------------------+
| Processes:                                                                              |
|  GPU   GI   CI              PID   Type   Process name                        GPU Memory |
|        ID   ID                                                               Usage      |
|=========================================================================================|
|  No running processes found                                                             |
+-----------------------------------------------------------------------------------------+
Parameters:
  NUM_PATIENTS: 3000
  BATCH_SIZE: 16
  NUM_EPOCHS: 30
  LEARNING_RATE: 0.00005
  GENERATION_TEMP: 1.0
  TOP_K: 100
INFO: === EHR Generation Training Started ===
INFO: Configuration: {'model_name': 'facebook/bart-base', 'num_patients': 3000, 'max_seq_length': 256, 'batch_size': 16, 'num_epochs': 30, 'learning_rate': 5e-05, 'generation_temp': 1.0, 'generation_max_length': 256, 'num_warmup_steps': 0, 'top_k': 100, 'data_dir': 'data_files', 'mimic_paths': {'patients_path': 'data_files/PATIENTS.csv', 'admissions_path': 'data_files/ADMISSIONS.csv', 'diagnoses_path': 'data_files/DIAGNOSES_ICD.csv'}}
INFO: Using device: cuda
INFO: Loading pretrained BART model: facebook/bart-base
INFO: Added 3 special tokens: <v>, <\v>, <END>
INFO: Resized model embeddings to 50268 tokens
INFO: Loading MIMIC-III data files
INFO: Loaded 46520 patients
INFO: Loaded 58976 admissions
INFO: Loaded 651047 diagnosis records
INFO: Data processing complete. Formatting sequences...
INFO: Sequence formatting complete. Generated 3000 patient sequences
INFO: Average visits per patient: 1.27
INFO: Average tokens per sequence: 19.69
INFO: Sample patient sequences:
INFO: Sample 1: 0 WHITE F <demo> <v> V3000 7750 <\v> <END>...
INFO: Sample 2: 76 WHITE F <demo> <v> 431 E9102 34290 486 2765 4271 4019 2809 27541 <\v> <END>...
INFO: Sample 3: 0 WHITE M <demo> <v> V3000 V502 V053 V290 <\v> <END>...
INFO: Sample 4: 90 WHITE F <demo> <v> 81220 85201 85221 E8809 87342 4019 2720 4389 <\v> <END>...
INFO: Sample 5: 44 WHITE F <demo> <v> 486 2851 20190 7847 V103 79092 2449 V5861 <\v> <END>...
INFO: Created dataset with 3000 samples, 188 batches
INFO: Optimizer: AdamW with lr=5e-05
INFO: Scheduler: linear with 0 warmup steps
INFO: Starting model training for 30 epochs
INFO: Training steps: 5640
INFO: Device: cuda
INFO: Epoch 1/30 completed | Avg Loss: 0.6562
INFO: Epoch 2/30 completed | Avg Loss: 0.1204
INFO: Epoch 3/30 completed | Avg Loss: 0.0380
INFO: Epoch 4/30 completed | Avg Loss: 0.0194
INFO: Epoch 5/30 completed | Avg Loss: 0.0227
INFO: Epoch 6/30 completed | Avg Loss: 0.0144
INFO: Epoch 7/30 completed | Avg Loss: 0.0094
INFO: Epoch 8/30 completed | Avg Loss: 0.0104
INFO: Epoch 9/30 completed | Avg Loss: 0.0122
INFO: Epoch 10/30 completed | Avg Loss: 0.0095
INFO: Epoch 11/30 completed | Avg Loss: 0.0067
INFO: Epoch 12/30 completed | Avg Loss: 0.0060
INFO: Epoch 13/30 completed | Avg Loss: 0.0053
INFO: Epoch 14/30 completed | Avg Loss: 0.0042
INFO: Epoch 15/30 completed | Avg Loss: 0.0041
INFO: Epoch 16/30 completed | Avg Loss: 0.0039
INFO: Epoch 17/30 completed | Avg Loss: 0.0034
INFO: Epoch 18/30 completed | Avg Loss: 0.0054
INFO: Epoch 19/30 completed | Avg Loss: 0.0026
INFO: Epoch 20/30 completed | Avg Loss: 0.0026
INFO: Epoch 21/30 completed | Avg Loss: 0.0024
INFO: Epoch 22/30 completed | Avg Loss: 0.0030
INFO: Epoch 23/30 completed | Avg Loss: 0.0025
INFO: Epoch 24/30 completed | Avg Loss: 0.0018
INFO: Epoch 25/30 completed | Avg Loss: 0.0019
INFO: Epoch 26/30 completed | Avg Loss: 0.0021
INFO: Epoch 27/30 completed | Avg Loss: 0.0012
INFO: Epoch 28/30 completed | Avg Loss: 0.0014
INFO: Epoch 29/30 completed | Avg Loss: 0.0016
INFO: Epoch 30/30 completed | Avg Loss: 0.0012
INFO: Training complete
INFO: Final average loss: 0.0012
INFO: === Generating synthetic patient data ===
INFO: 
--- Sample 1/5 ---
INFO: Generating sequence for prompt: '21 HISPANIC OR LATINO M <demo>'
INFO: Starting generation with temp=1.0, top_k=100, max_length=256
INFO: Generated token counts - <v>: 1, <\v>: 1, <END>: 1
INFO: Generated sequence (clean): 21 HISPANIC OR LATINO M <demo>demo
INFO: 
--- Sample 2/5 ---
INFO: Generating sequence for prompt: '63 BLACK F <demo>'
INFO: Starting generation with temp=1.0, top_k=100, max_length=256
INFO: Generated token counts - <v>: 1, <\v>: 0, <END>: 1
INFO: Generated sequence (clean): 63 BLACK F <demo>
INFO: 
--- Sample 3/5 ---
INFO: Generating sequence for prompt: '59 OTHER M <demo>'
INFO: Starting generation with temp=1.0, top_k=100, max_length=256
INFO: Generated token counts - <v>: 1, <\v>: 1, <END>: 1
INFO: Generated sequence (clean): 59 OTHER M <demo>demo<demo >59 OTHER E <demow>
INFO: 
--- Sample 4/5 ---
INFO: Generating sequence for prompt: '28 UNABLE TO OBTAIN F <demo>'
INFO: Starting generation with temp=1.0, top_k=100, max_length=256
INFO: Generated token counts - <v>: 1, <\v>: 0, <END>: 1
INFO: Generated sequence (clean): 28 UNABLE TO OBTAIN F <demo>demo
INFO: 
--- Sample 5/5 ---
INFO: Generating sequence for prompt: '48 ASIAN F <demo>'
INFO: Starting generation with temp=1.0, top_k=100, max_length=256
INFO: Generated token counts - <v>: 1, <\v>: 0, <END>: 1
INFO: Generated sequence (clean): 48 ASIAN F <demo>
INFO: === Training and generation complete ===
End Time: Thu Oct  9 04:22:53 CDT 2025
Exit Code: 0
