2025-10-09 03:12:13 | INFO     | <module>:562 | === EHR Generation Training Started ===
2025-10-09 03:12:13 | INFO     | <module>:583 | Configuration: {'model_name': 'facebook/bart-base', 'num_patients': 3000, 'max_seq_length': 256, 'batch_size': 16, 'num_epochs': 30, 'learning_rate': 0.0001, 'generation_temp': 1.3, 'generation_max_length': 256, 'num_warmup_steps': 0, 'top_k': 30, 'data_dir': 'data_files', 'mimic_paths': {'patients_path': 'data_files/PATIENTS.csv', 'admissions_path': 'data_files/ADMISSIONS.csv', 'diagnoses_path': 'data_files/DIAGNOSES_ICD.csv'}}
2025-10-09 03:12:13 | INFO     | <module>:587 | Using device: cuda
2025-10-09 03:12:13 | INFO     | <module>:590 | Loading pretrained BART model: facebook/bart-base
2025-10-09 03:12:14 | INFO     | <module>:599 | Added 3 special tokens: <v>, <\v>, <END>
2025-10-09 03:12:14 | INFO     | <module>:603 | Resized model embeddings to 50268 tokens
2025-10-09 03:12:14 | DEBUG    | <module>:606 | Token ID for <v>: 50265
2025-10-09 03:12:14 | DEBUG    | <module>:607 | Token ID for <\v>: 50266
2025-10-09 03:12:14 | DEBUG    | <module>:608 | Token ID for <END>: 50267
2025-10-09 03:12:14 | INFO     | load_and_format_mimic_data:147 | Loading MIMIC-III data files
2025-10-09 03:12:14 | DEBUG    | load_and_format_mimic_data:148 | Patients: data_files/PATIENTS.csv
2025-10-09 03:12:14 | DEBUG    | load_and_format_mimic_data:149 | Admissions: data_files/ADMISSIONS.csv
2025-10-09 03:12:14 | DEBUG    | load_and_format_mimic_data:150 | Diagnoses: data_files/DIAGNOSES_ICD.csv
2025-10-09 03:12:14 | INFO     | load_and_format_mimic_data:155 | Loaded 46520 patients
2025-10-09 03:12:14 | INFO     | load_and_format_mimic_data:158 | Loaded 58976 admissions
2025-10-09 03:12:14 | INFO     | load_and_format_mimic_data:161 | Loaded 651047 diagnosis records
2025-10-09 03:12:15 | INFO     | load_and_format_mimic_data:219 | Data processing complete. Formatting sequences...
2025-10-09 03:12:17 | INFO     | load_and_format_mimic_data:258 | Sequence formatting complete. Generated 3000 patient sequences
2025-10-09 03:12:17 | DEBUG    | load_and_format_mimic_data:262 | Sample sequence: 0 ASIAN M <demo> <v> V3001 V053 V290 <\v> <END>...
2025-10-09 03:12:17 | INFO     | load_and_format_mimic_data:267 | Average visits per patient: 1.27
2025-10-09 03:12:17 | INFO     | load_and_format_mimic_data:268 | Average tokens per sequence: 19.69
2025-10-09 03:12:17 | INFO     | <module>:622 | Sample patient sequences:
2025-10-09 03:12:17 | INFO     | <module>:624 | Sample 1: 54 UNKNOWN/NOT SPECIFIED M <demo> <v> 41401 42840 30390 4160 60886 25000 4019 2720 3051 <\v> <END>...
2025-10-09 03:12:17 | INFO     | <module>:624 | Sample 2: 46 OTHER M <demo> <v> 5528 5849 27651 <\v> <END>...
2025-10-09 03:12:17 | INFO     | <module>:624 | Sample 3: 72 WHITE M <demo> <v> 3453 20190 515 486 4019 36250 E9331 4371 <\v> <END>...
2025-10-09 03:12:17 | INFO     | <module>:624 | Sample 4: 64 BLACK/AFRICAN AMERICAN M <demo> <v> 41401 43311 4139 5997 2767 07054 5859 4928 44021 40390 25000 5771 <\v> <END>...
2025-10-09 03:12:17 | INFO     | <module>:624 | Sample 5: 84 WHITE F <demo> <v> 41401 4111 4240 5119 4019 2724 25000 2449 412 43330 <\v> <END>...
2025-10-09 03:12:17 | DEBUG    | __init__:294 | First sequence length: 24 tokens
2025-10-09 03:12:17 | DEBUG    | __init__:295 | Pad token ID: 1
2025-10-09 03:12:17 | INFO     | <module>:628 | Created dataset with 3000 samples, 188 batches
2025-10-09 03:12:17 | INFO     | <module>:639 | Optimizer: AdamW with lr=0.0001
2025-10-09 03:12:17 | INFO     | <module>:640 | Scheduler: linear with 0 warmup steps
2025-10-09 03:12:18 | INFO     | train_model:351 | Starting model training for 30 epochs
2025-10-09 03:12:18 | INFO     | train_model:352 | Training steps: 5640
2025-10-09 03:12:18 | INFO     | train_model:353 | Device: cuda
2025-10-09 03:12:18 | DEBUG    | train_model:372 | First batch input_ids shape: torch.Size([16, 256])
2025-10-09 03:12:18 | DEBUG    | train_model:373 | First batch labels shape: torch.Size([16, 256])
2025-10-09 03:12:18 | DEBUG    | train_model:374 | First batch attention_mask shape: torch.Size([16, 256])
2025-10-09 03:12:18 | DEBUG    | train_model:375 | Initial loss: 2.2656
2025-10-09 03:12:18 | DEBUG    | train_model:382 | Special tokens in first batch: {'pad': 3386, 'masked_labels': 3386}
2025-10-09 03:13:04 | INFO     | train_model:401 | Epoch 1/30 completed | Avg Loss: 0.4390
2025-10-09 03:13:51 | INFO     | train_model:401 | Epoch 2/30 completed | Avg Loss: 0.0442
2025-10-09 03:14:37 | INFO     | train_model:401 | Epoch 3/30 completed | Avg Loss: 0.0109
2025-10-09 03:15:24 | INFO     | train_model:401 | Epoch 4/30 completed | Avg Loss: 0.0221
2025-10-09 03:16:11 | INFO     | train_model:401 | Epoch 5/30 completed | Avg Loss: 0.0279
2025-10-09 03:16:57 | INFO     | train_model:401 | Epoch 6/30 completed | Avg Loss: 0.0051
2025-10-09 03:17:44 | INFO     | train_model:401 | Epoch 7/30 completed | Avg Loss: 0.0085
2025-10-09 03:18:30 | INFO     | train_model:401 | Epoch 8/30 completed | Avg Loss: 0.0042
2025-10-09 03:19:17 | INFO     | train_model:401 | Epoch 9/30 completed | Avg Loss: 0.0505
2025-10-09 03:20:03 | INFO     | train_model:401 | Epoch 10/30 completed | Avg Loss: 0.0067
2025-10-09 03:20:50 | INFO     | train_model:401 | Epoch 11/30 completed | Avg Loss: 0.0066
2025-10-09 03:21:36 | INFO     | train_model:401 | Epoch 12/30 completed | Avg Loss: 0.0051
2025-10-09 03:22:23 | INFO     | train_model:401 | Epoch 13/30 completed | Avg Loss: 0.0041
2025-10-09 03:23:09 | INFO     | train_model:401 | Epoch 14/30 completed | Avg Loss: 0.0038
2025-10-09 03:23:56 | INFO     | train_model:401 | Epoch 15/30 completed | Avg Loss: 0.0026
2025-10-09 03:24:42 | INFO     | train_model:401 | Epoch 16/30 completed | Avg Loss: 0.0024
2025-10-09 03:25:29 | INFO     | train_model:401 | Epoch 17/30 completed | Avg Loss: 0.0014
2025-10-09 03:26:15 | INFO     | train_model:401 | Epoch 18/30 completed | Avg Loss: 0.0010
2025-10-09 03:27:02 | INFO     | train_model:401 | Epoch 19/30 completed | Avg Loss: 0.0009
2025-10-09 03:27:48 | INFO     | train_model:401 | Epoch 20/30 completed | Avg Loss: 0.0010
2025-10-09 03:28:35 | INFO     | train_model:401 | Epoch 21/30 completed | Avg Loss: 0.0009
2025-10-09 03:29:21 | INFO     | train_model:401 | Epoch 22/30 completed | Avg Loss: 0.0006
2025-10-09 03:30:08 | INFO     | train_model:401 | Epoch 23/30 completed | Avg Loss: 0.0008
2025-10-09 03:30:54 | INFO     | train_model:401 | Epoch 24/30 completed | Avg Loss: 0.0006
2025-10-09 03:31:41 | INFO     | train_model:401 | Epoch 25/30 completed | Avg Loss: 0.0004
2025-10-09 03:32:27 | INFO     | train_model:401 | Epoch 26/30 completed | Avg Loss: 0.0001
2025-10-09 03:33:14 | INFO     | train_model:401 | Epoch 27/30 completed | Avg Loss: 0.0006
2025-10-09 03:34:00 | INFO     | train_model:401 | Epoch 28/30 completed | Avg Loss: 0.0006
2025-10-09 03:34:47 | INFO     | train_model:401 | Epoch 29/30 completed | Avg Loss: 0.0006
2025-10-09 03:35:34 | INFO     | train_model:401 | Epoch 30/30 completed | Avg Loss: 0.0007
2025-10-09 03:35:34 | INFO     | train_model:403 | Training complete
2025-10-09 03:35:34 | INFO     | train_model:404 | Final average loss: 0.0007
2025-10-09 03:35:34 | DEBUG    | train_model:405 | Loss history: [0.4389833322072283, 0.044223837668393204, 0.01094952773765978, 0.022136189198019875, 0.027880441058090233, 0.005118976763890501, 0.008520132537090289, 0.004226941898641018, 0.050472048188199316, 0.006679030158649882, 0.006625441612568659, 0.005067242809944103, 0.004075136773261623, 0.0038365829066296622, 0.00259658497177836, 0.0024386382485821006, 0.0014070397205517672, 0.0009512345604502542, 0.0008953843717655276, 0.0010216904967355151, 0.0009237926112697832, 0.0005513326813865631, 0.0008197315106526924, 0.0006368308521369398, 0.00042456794711897406, 0.00011454387033077086, 0.0006111146745519983, 0.0006154547990205329, 0.0006498116652708516, 0.0006606687237511691]
2025-10-09 03:35:34 | INFO     | <module>:654 | === Generating synthetic patient data ===
2025-10-09 03:35:34 | INFO     | <module>:663 | 
--- Sample 1/5 ---
2025-10-09 03:35:34 | INFO     | generate_patient_sequence:443 | Generating sequence for prompt: '82 WHITE F <demo>'
2025-10-09 03:35:34 | DEBUG    | generate_patient_sequence:447 | Prompt token IDs: [0, 6551, 38503, 274, 28696, 12789, 139, 15698, 2]
2025-10-09 03:35:34 | DEBUG    | generate_patient_sequence:448 | Prompt tokens: ['<s>', '82', ' WHITE', ' F', ' <', 'dem', 'o', '>', '</s>']
2025-10-09 03:35:34 | DEBUG    | generate_patient_sequence:457 | Special token IDs - <v>: 50265, <\v>: 50266, <END>: 50267, PAD: 1, EOS: 2
2025-10-09 03:35:34 | DEBUG    | generate_patient_sequence:464 | Initial decoder input (with forced <v>): [0, 6551, 38503, 274, 28696, 12789, 139, 15698, 2, 50265]
2025-10-09 03:35:34 | DEBUG    | generate_patient_sequence:478 | After prompt, probability of <v>: 0.880126
2025-10-09 03:35:34 | DEBUG    | generate_patient_sequence:479 | After prompt, probability of <END>: 0.033145
2025-10-09 03:35:34 | DEBUG    | generate_patient_sequence:480 | After prompt, probability of PAD: 0.000000
2025-10-09 03:35:34 | DEBUG    | generate_patient_sequence:481 | After prompt, probability of EOS: 0.038376
2025-10-09 03:35:34 | DEBUG    | generate_patient_sequence:485 | Top 20 next token predictions after prompt:
2025-10-09 03:35:34 | DEBUG    | generate_patient_sequence:503 |   Rank 1: <v>                  | Prob: 0.880126 | ID: 50265
2025-10-09 03:35:34 | DEBUG    | generate_patient_sequence:503 |   Rank 2: <EOS>                | Prob: 0.038376 | ID: 2
2025-10-09 03:35:34 | DEBUG    | generate_patient_sequence:503 |   Rank 3: <END>                | Prob: 0.033145 | ID: 50267
2025-10-09 03:35:34 | DEBUG    | generate_patient_sequence:503 |   Rank 4: <\v>                 | Prob: 0.005961 | ID: 50266
2025-10-09 03:35:34 | DEBUG    | generate_patient_sequence:503 |   Rank 5:                      | Prob: 0.005592 | ID: 1437
2025-10-09 03:35:34 | DEBUG    | generate_patient_sequence:503 |   Rank 6: dem                  | Prob: 0.004416 | ID: 12789
2025-10-09 03:35:34 | DEBUG    | generate_patient_sequence:503 |   Rank 7:  <                   | Prob: 0.003526 | ID: 28696
2025-10-09 03:35:34 | DEBUG    | generate_patient_sequence:503 |   Rank 8: I                    | Prob: 0.001553 | ID: 100
2025-10-09 03:35:34 | DEBUG    | generate_patient_sequence:503 |   Rank 9: P                    | Prob: 0.000999 | ID: 510
2025-10-09 03:35:34 | DEBUG    | generate_patient_sequence:503 |   Rank 10: KNOWN                | Prob: 0.000899 | ID: 47300
2025-10-09 03:35:34 | DEBUG    | generate_patient_sequence:503 |   Rank 11: o                    | Prob: 0.000852 | ID: 139
2025-10-09 03:35:34 | DEBUG    | generate_patient_sequence:503 |   Rank 12:  401                 | Prob: 0.000802 | ID: 17936
2025-10-09 03:35:34 | DEBUG    | generate_patient_sequence:503 |   Rank 13:  0                   | Prob: 0.000764 | ID: 321
2025-10-09 03:35:34 | DEBUG    | generate_patient_sequence:503 |   Rank 14: >                    | Prob: 0.000648 | ID: 15698
2025-10-09 03:35:34 | DEBUG    | generate_patient_sequence:503 |   Rank 15: 70                   | Prob: 0.000619 | ID: 3083
2025-10-09 03:35:34 | DEBUG    | generate_patient_sequence:503 |   Rank 16:  V                   | Prob: 0.000600 | ID: 468
2025-10-09 03:35:34 | DEBUG    | generate_patient_sequence:503 |   Rank 17: L                    | Prob: 0.000516 | ID: 574
2025-10-09 03:35:34 | DEBUG    | generate_patient_sequence:503 |   Rank 18: 2                    | Prob: 0.000467 | ID: 176
2025-10-09 03:35:34 | DEBUG    | generate_patient_sequence:503 |   Rank 19:  SPEC                | Prob: 0.000341 | ID: 44921
2025-10-09 03:35:34 | DEBUG    | generate_patient_sequence:503 |   Rank 20:  M                   | Prob: 0.000292 | ID: 256
2025-10-09 03:35:34 | INFO     | generate_patient_sequence:507 | Starting generation with temp=1.3, top_k=30, max_length=256
2025-10-09 03:35:34 | DEBUG    | generate_patient_sequence:520 | Generated token IDs: [2, 0, 6551, 38503, 274, 28696, 12789, 139, 15698, 2, 50265, 2, 6551, 38503, 381, 28696, 12789, 673, 15698, 1437, 50265, 2, 12789, 139, 48691, 2, 2, 2, 288, 31994, 844, 28696, 12789, 261, 15698, 2, 5379, 38503, 274, 15698, 1437, 50266, 321, 4280, 41518, 2983, 2, 2, 612, 41518, 2983, 1437, 50266, 1437, 50267]
2025-10-09 03:35:34 | DEBUG    | generate_patient_sequence:521 | Generated length: 55 tokens
2025-10-09 03:35:34 | INFO     | generate_patient_sequence:529 | Generated token counts - <v>: 2, <\v>: 2, <END>: 1
2025-10-09 03:35:34 | DEBUG    | generate_patient_sequence:537 | Raw generated sequence: </s><s>82 WHITE F <demo></s> <v> </s>82 WHITE E <demO>  <v> </s>demo>.</s></s></s>033920 <demon></s>62 WHITE F>  <\v>  066 42731</s></s>00 42731  <\v>   <END>
2025-10-09 03:35:34 | INFO     | generate_patient_sequence:540 | Generated sequence (clean): 82 WHITE F <demo>82 WHITE E <demO> demo>.033920 <demon>62 WHITE F>  066 4273100 42731  
2025-10-09 03:35:34 | INFO     | <module>:663 | 
--- Sample 2/5 ---
2025-10-09 03:35:34 | INFO     | generate_patient_sequence:443 | Generating sequence for prompt: '60 OTHER F <demo>'
2025-10-09 03:35:34 | DEBUG    | generate_patient_sequence:447 | Prompt token IDs: [0, 2466, 16536, 274, 28696, 12789, 139, 15698, 2]
2025-10-09 03:35:34 | DEBUG    | generate_patient_sequence:448 | Prompt tokens: ['<s>', '60', ' OTHER', ' F', ' <', 'dem', 'o', '>', '</s>']
2025-10-09 03:35:34 | DEBUG    | generate_patient_sequence:457 | Special token IDs - <v>: 50265, <\v>: 50266, <END>: 50267, PAD: 1, EOS: 2
2025-10-09 03:35:34 | DEBUG    | generate_patient_sequence:464 | Initial decoder input (with forced <v>): [0, 2466, 16536, 274, 28696, 12789, 139, 15698, 2, 50265]
2025-10-09 03:35:34 | DEBUG    | generate_patient_sequence:478 | After prompt, probability of <v>: 0.699952
2025-10-09 03:35:34 | DEBUG    | generate_patient_sequence:479 | After prompt, probability of <END>: 0.033505
2025-10-09 03:35:34 | DEBUG    | generate_patient_sequence:480 | After prompt, probability of PAD: 0.000000
2025-10-09 03:35:34 | DEBUG    | generate_patient_sequence:481 | After prompt, probability of EOS: 0.156871
2025-10-09 03:35:34 | DEBUG    | generate_patient_sequence:485 | Top 20 next token predictions after prompt:
2025-10-09 03:35:34 | DEBUG    | generate_patient_sequence:503 |   Rank 1: <v>                  | Prob: 0.699952 | ID: 50265
2025-10-09 03:35:34 | DEBUG    | generate_patient_sequence:503 |   Rank 2: <EOS>                | Prob: 0.156871 | ID: 2
2025-10-09 03:35:34 | DEBUG    | generate_patient_sequence:503 |   Rank 3: <END>                | Prob: 0.033505 | ID: 50267
2025-10-09 03:35:34 | DEBUG    | generate_patient_sequence:503 |   Rank 4: 60                   | Prob: 0.011731 | ID: 2466
2025-10-09 03:35:34 | DEBUG    | generate_patient_sequence:503 |   Rank 5:  <                   | Prob: 0.010302 | ID: 28696
2025-10-09 03:35:34 | DEBUG    | generate_patient_sequence:503 |   Rank 6:                      | Prob: 0.007919 | ID: 1437
2025-10-09 03:35:34 | DEBUG    | generate_patient_sequence:503 |   Rank 7: <\v>                 | Prob: 0.006714 | ID: 50266
2025-10-09 03:35:34 | DEBUG    | generate_patient_sequence:503 |   Rank 8: KNOWN                | Prob: 0.004494 | ID: 47300
2025-10-09 03:35:34 | DEBUG    | generate_patient_sequence:503 |   Rank 9: dem                  | Prob: 0.002648 | ID: 12789
2025-10-09 03:35:34 | DEBUG    | generate_patient_sequence:503 |   Rank 10: 70                   | Prob: 0.002507 | ID: 3083
2025-10-09 03:35:34 | DEBUG    | generate_patient_sequence:503 |   Rank 11: I                    | Prob: 0.002409 | ID: 100
2025-10-09 03:35:34 | DEBUG    | generate_patient_sequence:503 |   Rank 12:  SPEC                | Prob: 0.002035 | ID: 44921
2025-10-09 03:35:34 | DEBUG    | generate_patient_sequence:503 |   Rank 13: L                    | Prob: 0.001979 | ID: 574
2025-10-09 03:35:34 | DEBUG    | generate_patient_sequence:503 |   Rank 14: >                    | Prob: 0.001868 | ID: 15698
2025-10-09 03:35:34 | DEBUG    | generate_patient_sequence:503 |   Rank 15: P                    | Prob: 0.001800 | ID: 510
2025-10-09 03:35:34 | DEBUG    | generate_patient_sequence:503 |   Rank 16:  V                   | Prob: 0.001409 | ID: 468
2025-10-09 03:35:34 | DEBUG    | generate_patient_sequence:503 |   Rank 17:  0                   | Prob: 0.001186 | ID: 321
2025-10-09 03:35:34 | DEBUG    | generate_patient_sequence:503 |   Rank 18:  1960                | Prob: 0.000912 | ID: 7571
2025-10-09 03:35:34 | DEBUG    | generate_patient_sequence:503 |   Rank 19:  M                   | Prob: 0.000901 | ID: 256
2025-10-09 03:35:34 | DEBUG    | generate_patient_sequence:503 |   Rank 20: ?????                | Prob: 0.000719 | ID: 47148
2025-10-09 03:35:34 | INFO     | generate_patient_sequence:507 | Starting generation with temp=1.3, top_k=30, max_length=256
2025-10-09 03:35:34 | DEBUG    | generate_patient_sequence:520 | Generated token IDs: [2, 0, 2466, 16536, 274, 28696, 12789, 139, 15698, 2, 50265, 2466, 16536, 38503, 274, 28696, 24658, 139, 15698, 1437, 50265, 2, 2466, 16536, 381, 28696, 12789, 673, 15698, 2, 3083, 16536, 274, 15698, 2, 2, 4697, 16536, 274, 41552, 12789, 139, 48691, 1437, 50266, 1437, 50267]
2025-10-09 03:35:34 | DEBUG    | generate_patient_sequence:521 | Generated length: 47 tokens
2025-10-09 03:35:34 | INFO     | generate_patient_sequence:529 | Generated token counts - <v>: 2, <\v>: 1, <END>: 1
2025-10-09 03:35:34 | DEBUG    | generate_patient_sequence:537 | Raw generated sequence: </s><s>60 OTHER F <demo></s> <v> 60 OTHER WHITE F <Demo>  <v> </s>60 OTHER E <demO></s>70 OTHER F></s></s>600 OTHER F<demo>.  <\v>   <END>
2025-10-09 03:35:34 | INFO     | generate_patient_sequence:540 | Generated sequence (clean): 60 OTHER F <demo>60 OTHER WHITE F <Demo> 60 OTHER E <demO>70 OTHER F>600 OTHER F<demo>.  
2025-10-09 03:35:34 | INFO     | <module>:663 | 
--- Sample 3/5 ---
2025-10-09 03:35:34 | INFO     | generate_patient_sequence:443 | Generating sequence for prompt: '79 UNKNOWN/NOT SPECIFIED F <demo>'
2025-10-09 03:35:34 | DEBUG    | generate_patient_sequence:447 | Prompt token IDs: [0, 5220, 2604, 47300, 73, 37049, 44921, 36482, 274, 28696, 12789, 139, 15698, 2]
2025-10-09 03:35:34 | DEBUG    | generate_patient_sequence:448 | Prompt tokens: ['<s>', '79', ' UN', 'KNOWN', '/', 'NOT', ' SPEC', 'IFIED', ' F', ' <', 'dem', 'o', '>', '</s>']
2025-10-09 03:35:34 | DEBUG    | generate_patient_sequence:457 | Special token IDs - <v>: 50265, <\v>: 50266, <END>: 50267, PAD: 1, EOS: 2
2025-10-09 03:35:34 | DEBUG    | generate_patient_sequence:464 | Initial decoder input (with forced <v>): [0, 5220, 2604, 47300, 73, 37049, 44921, 36482, 274, 28696, 12789, 139, 15698, 2, 50265]
2025-10-09 03:35:34 | DEBUG    | generate_patient_sequence:478 | After prompt, probability of <v>: 0.347914
2025-10-09 03:35:34 | DEBUG    | generate_patient_sequence:479 | After prompt, probability of <END>: 0.050423
2025-10-09 03:35:34 | DEBUG    | generate_patient_sequence:480 | After prompt, probability of PAD: 0.000000
2025-10-09 03:35:34 | DEBUG    | generate_patient_sequence:481 | After prompt, probability of EOS: 0.567284
2025-10-09 03:35:34 | DEBUG    | generate_patient_sequence:485 | Top 20 next token predictions after prompt:
2025-10-09 03:35:34 | DEBUG    | generate_patient_sequence:503 |   Rank 1: <EOS>                | Prob: 0.567284 | ID: 2
2025-10-09 03:35:34 | DEBUG    | generate_patient_sequence:503 |   Rank 2: <v>                  | Prob: 0.347914 | ID: 50265
2025-10-09 03:35:34 | DEBUG    | generate_patient_sequence:503 |   Rank 3: <END>                | Prob: 0.050423 | ID: 50267
2025-10-09 03:35:34 | DEBUG    | generate_patient_sequence:503 |   Rank 4: <\v>                 | Prob: 0.007191 | ID: 50266
2025-10-09 03:35:34 | DEBUG    | generate_patient_sequence:503 |   Rank 5: I                    | Prob: 0.004206 | ID: 100
2025-10-09 03:35:34 | DEBUG    | generate_patient_sequence:503 |   Rank 6: KNOWN                | Prob: 0.002065 | ID: 47300
2025-10-09 03:35:34 | DEBUG    | generate_patient_sequence:503 |   Rank 7: dem                  | Prob: 0.001894 | ID: 12789
2025-10-09 03:35:34 | DEBUG    | generate_patient_sequence:503 |   Rank 8: P                    | Prob: 0.001490 | ID: 510
2025-10-09 03:35:34 | DEBUG    | generate_patient_sequence:503 |   Rank 9: >                    | Prob: 0.001096 | ID: 15698
2025-10-09 03:35:34 | DEBUG    | generate_patient_sequence:503 |   Rank 10: L                    | Prob: 0.000988 | ID: 574
2025-10-09 03:35:34 | DEBUG    | generate_patient_sequence:503 |   Rank 11: o                    | Prob: 0.000972 | ID: 139
2025-10-09 03:35:34 | DEBUG    | generate_patient_sequence:503 |   Rank 12: NOT                  | Prob: 0.000669 | ID: 37049
2025-10-09 03:35:34 | DEBUG    | generate_patient_sequence:503 |   Rank 13: We                   | Prob: 0.000450 | ID: 170
2025-10-09 03:35:34 | DEBUG    | generate_patient_sequence:503 |   Rank 14:  <                   | Prob: 0.000421 | ID: 28696
2025-10-09 03:35:34 | DEBUG    | generate_patient_sequence:503 |   Rank 15:                      | Prob: 0.000381 | ID: 1437
2025-10-09 03:35:34 | DEBUG    | generate_patient_sequence:503 |   Rank 16: ????                 | Prob: 0.000330 | ID: 27282
2025-10-09 03:35:34 | DEBUG    | generate_patient_sequence:503 |   Rank 17:  SPEC                | Prob: 0.000288 | ID: 44921
2025-10-09 03:35:34 | DEBUG    | generate_patient_sequence:503 |   Rank 18:  M                   | Prob: 0.000273 | ID: 256
2025-10-09 03:35:34 | DEBUG    | generate_patient_sequence:503 |   Rank 19: 2                    | Prob: 0.000229 | ID: 176
2025-10-09 03:35:34 | DEBUG    | generate_patient_sequence:503 |   Rank 20:  F                   | Prob: 0.000222 | ID: 274
2025-10-09 03:35:34 | INFO     | generate_patient_sequence:507 | Starting generation with temp=1.3, top_k=30, max_length=256
2025-10-09 03:35:35 | DEBUG    | generate_patient_sequence:520 | Generated token IDs: [2, 0, 5220, 2604, 47300, 73, 37049, 44921, 36482, 274, 28696, 12789, 139, 15698, 2, 50265, 2, 2, 2, 3506, 15698, 2, 2, 26634, 15698, 2, 50267]
2025-10-09 03:35:35 | DEBUG    | generate_patient_sequence:521 | Generated length: 27 tokens
2025-10-09 03:35:35 | INFO     | generate_patient_sequence:529 | Generated token counts - <v>: 1, <\v>: 0, <END>: 1
2025-10-09 03:35:35 | DEBUG    | generate_patient_sequence:537 | Raw generated sequence: </s><s>79 UNKNOWN/NOT SPECIFIED F <demo></s> <v> </s></s></s>65></s></s>440></s> <END>
2025-10-09 03:35:35 | INFO     | generate_patient_sequence:540 | Generated sequence (clean): 79 UNKNOWN/NOT SPECIFIED F <demo>65>440>
2025-10-09 03:35:35 | INFO     | <module>:663 | 
--- Sample 4/5 ---
2025-10-09 03:35:35 | INFO     | generate_patient_sequence:443 | Generating sequence for prompt: '34 UNABLE TO OBTAIN M <demo>'
2025-10-09 03:35:35 | DEBUG    | generate_patient_sequence:447 | Prompt token IDs: [0, 3079, 121, 4444, 30876, 3842, 28214, 23177, 256, 28696, 12789, 139, 15698, 2]
2025-10-09 03:35:35 | DEBUG    | generate_patient_sequence:448 | Prompt tokens: ['<s>', '34', ' U', 'NA', 'BLE', ' TO', ' OB', 'TAIN', ' M', ' <', 'dem', 'o', '>', '</s>']
2025-10-09 03:35:35 | DEBUG    | generate_patient_sequence:457 | Special token IDs - <v>: 50265, <\v>: 50266, <END>: 50267, PAD: 1, EOS: 2
2025-10-09 03:35:35 | DEBUG    | generate_patient_sequence:464 | Initial decoder input (with forced <v>): [0, 3079, 121, 4444, 30876, 3842, 28214, 23177, 256, 28696, 12789, 139, 15698, 2, 50265]
2025-10-09 03:35:35 | DEBUG    | generate_patient_sequence:478 | After prompt, probability of <v>: 0.234988
2025-10-09 03:35:35 | DEBUG    | generate_patient_sequence:479 | After prompt, probability of <END>: 0.055277
2025-10-09 03:35:35 | DEBUG    | generate_patient_sequence:480 | After prompt, probability of PAD: 0.000000
2025-10-09 03:35:35 | DEBUG    | generate_patient_sequence:481 | After prompt, probability of EOS: 0.690451
2025-10-09 03:35:35 | DEBUG    | generate_patient_sequence:485 | Top 20 next token predictions after prompt:
2025-10-09 03:35:35 | DEBUG    | generate_patient_sequence:503 |   Rank 1: <EOS>                | Prob: 0.690451 | ID: 2
2025-10-09 03:35:35 | DEBUG    | generate_patient_sequence:503 |   Rank 2: <v>                  | Prob: 0.234988 | ID: 50265
2025-10-09 03:35:35 | DEBUG    | generate_patient_sequence:503 |   Rank 3: <END>                | Prob: 0.055277 | ID: 50267
2025-10-09 03:35:35 | DEBUG    | generate_patient_sequence:503 |   Rank 4: <\v>                 | Prob: 0.005012 | ID: 50266
2025-10-09 03:35:35 | DEBUG    | generate_patient_sequence:503 |   Rank 5: I                    | Prob: 0.002673 | ID: 100
2025-10-09 03:35:35 | DEBUG    | generate_patient_sequence:503 |   Rank 6: P                    | Prob: 0.000878 | ID: 510
2025-10-09 03:35:35 | DEBUG    | generate_patient_sequence:503 |   Rank 7: L                    | Prob: 0.000686 | ID: 574
2025-10-09 03:35:35 | DEBUG    | generate_patient_sequence:503 |   Rank 8: dem                  | Prob: 0.000546 | ID: 12789
2025-10-09 03:35:35 | DEBUG    | generate_patient_sequence:503 |   Rank 9: o                    | Prob: 0.000466 | ID: 139
2025-10-09 03:35:35 | DEBUG    | generate_patient_sequence:503 |   Rank 10: >                    | Prob: 0.000388 | ID: 15698
2025-10-09 03:35:35 | DEBUG    | generate_patient_sequence:503 |   Rank 11: KNOWN                | Prob: 0.000385 | ID: 47300
2025-10-09 03:35:35 | DEBUG    | generate_patient_sequence:503 |   Rank 12:  E                   | Prob: 0.000249 | ID: 381
2025-10-09 03:35:35 | DEBUG    | generate_patient_sequence:503 |   Rank 13:  M                   | Prob: 0.000236 | ID: 256
2025-10-09 03:35:35 | DEBUG    | generate_patient_sequence:503 |   Rank 14:  <                   | Prob: 0.000193 | ID: 28696
2025-10-09 03:35:35 | DEBUG    | generate_patient_sequence:503 |   Rank 15:                      | Prob: 0.000189 | ID: 1437
2025-10-09 03:35:35 | DEBUG    | generate_patient_sequence:503 |   Rank 16: We                   | Prob: 0.000187 | ID: 170
2025-10-09 03:35:35 | DEBUG    | generate_patient_sequence:503 |   Rank 17: NOT                  | Prob: 0.000157 | ID: 37049
2025-10-09 03:35:35 | DEBUG    | generate_patient_sequence:503 |   Rank 18: 2                    | Prob: 0.000145 | ID: 176
2025-10-09 03:35:35 | DEBUG    | generate_patient_sequence:503 |   Rank 19: 70                   | Prob: 0.000144 | ID: 3083
2025-10-09 03:35:35 | DEBUG    | generate_patient_sequence:503 |   Rank 20:  F                   | Prob: 0.000136 | ID: 274
2025-10-09 03:35:35 | INFO     | generate_patient_sequence:507 | Starting generation with temp=1.3, top_k=30, max_length=256
2025-10-09 03:35:35 | DEBUG    | generate_patient_sequence:520 | Generated token IDs: [2, 0, 3079, 121, 4444, 30876, 3842, 28214, 23177, 256, 28696, 12789, 139, 15698, 2, 50265, 2, 2, 12789, 139, 48691, 2, 2, 2, 4280, 15698, 2, 2, 3305, 121, 4444, 5225, 3842, 28214, 36570, 256, 28696, 24658, 139, 15698, 1437, 50265, 2, 3897, 2, 2, 2022, 612, 17936, 466, 1437, 50266, 1437, 50267]
2025-10-09 03:35:35 | DEBUG    | generate_patient_sequence:521 | Generated length: 54 tokens
2025-10-09 03:35:35 | INFO     | generate_patient_sequence:529 | Generated token counts - <v>: 2, <\v>: 1, <END>: 1
2025-10-09 03:35:35 | DEBUG    | generate_patient_sequence:537 | Raw generated sequence: </s><s>34 UNABLE TO OBTAIN M <demo></s> <v> </s></s>demo>.</s></s></s>66></s></s>44 UNAble TO OBRIC M <Demo>  <v> </s>43</s></s>3500 4019  <\v>   <END>
2025-10-09 03:35:35 | INFO     | generate_patient_sequence:540 | Generated sequence (clean): 34 UNABLE TO OBTAIN M <demo>demo>.66>44 UNAble TO OBRIC M <Demo> 433500 4019  
2025-10-09 03:35:35 | INFO     | <module>:663 | 
--- Sample 5/5 ---
2025-10-09 03:35:35 | INFO     | generate_patient_sequence:443 | Generating sequence for prompt: '47 UNABLE TO OBTAIN F <demo>'
2025-10-09 03:35:35 | DEBUG    | generate_patient_sequence:447 | Prompt token IDs: [0, 3706, 121, 4444, 30876, 3842, 28214, 23177, 274, 28696, 12789, 139, 15698, 2]
2025-10-09 03:35:35 | DEBUG    | generate_patient_sequence:448 | Prompt tokens: ['<s>', '47', ' U', 'NA', 'BLE', ' TO', ' OB', 'TAIN', ' F', ' <', 'dem', 'o', '>', '</s>']
2025-10-09 03:35:35 | DEBUG    | generate_patient_sequence:457 | Special token IDs - <v>: 50265, <\v>: 50266, <END>: 50267, PAD: 1, EOS: 2
2025-10-09 03:35:35 | DEBUG    | generate_patient_sequence:464 | Initial decoder input (with forced <v>): [0, 3706, 121, 4444, 30876, 3842, 28214, 23177, 274, 28696, 12789, 139, 15698, 2, 50265]
2025-10-09 03:35:35 | DEBUG    | generate_patient_sequence:478 | After prompt, probability of <v>: 0.258510
2025-10-09 03:35:35 | DEBUG    | generate_patient_sequence:479 | After prompt, probability of <END>: 0.057377
2025-10-09 03:35:35 | DEBUG    | generate_patient_sequence:480 | After prompt, probability of PAD: 0.000000
2025-10-09 03:35:35 | DEBUG    | generate_patient_sequence:481 | After prompt, probability of EOS: 0.664033
2025-10-09 03:35:35 | DEBUG    | generate_patient_sequence:485 | Top 20 next token predictions after prompt:
2025-10-09 03:35:35 | DEBUG    | generate_patient_sequence:503 |   Rank 1: <EOS>                | Prob: 0.664033 | ID: 2
2025-10-09 03:35:35 | DEBUG    | generate_patient_sequence:503 |   Rank 2: <v>                  | Prob: 0.258510 | ID: 50265
2025-10-09 03:35:35 | DEBUG    | generate_patient_sequence:503 |   Rank 3: <END>                | Prob: 0.057377 | ID: 50267
2025-10-09 03:35:35 | DEBUG    | generate_patient_sequence:503 |   Rank 4: <\v>                 | Prob: 0.005620 | ID: 50266
2025-10-09 03:35:35 | DEBUG    | generate_patient_sequence:503 |   Rank 5: I                    | Prob: 0.002720 | ID: 100
2025-10-09 03:35:35 | DEBUG    | generate_patient_sequence:503 |   Rank 6: P                    | Prob: 0.001137 | ID: 510
2025-10-09 03:35:35 | DEBUG    | generate_patient_sequence:503 |   Rank 7: KNOWN                | Prob: 0.000743 | ID: 47300
2025-10-09 03:35:35 | DEBUG    | generate_patient_sequence:503 |   Rank 8: o                    | Prob: 0.000598 | ID: 139
2025-10-09 03:35:35 | DEBUG    | generate_patient_sequence:503 |   Rank 9: L                    | Prob: 0.000548 | ID: 574
2025-10-09 03:35:35 | DEBUG    | generate_patient_sequence:503 |   Rank 10: >                    | Prob: 0.000504 | ID: 15698
2025-10-09 03:35:35 | DEBUG    | generate_patient_sequence:503 |   Rank 11: dem                  | Prob: 0.000306 | ID: 12789
2025-10-09 03:35:35 | DEBUG    | generate_patient_sequence:503 |   Rank 12: We                   | Prob: 0.000226 | ID: 170
2025-10-09 03:35:35 | DEBUG    | generate_patient_sequence:503 |   Rank 13: NOT                  | Prob: 0.000174 | ID: 37049
2025-10-09 03:35:35 | DEBUG    | generate_patient_sequence:503 |   Rank 14:  <                   | Prob: 0.000172 | ID: 28696
2025-10-09 03:35:35 | DEBUG    | generate_patient_sequence:503 |   Rank 15:  E                   | Prob: 0.000169 | ID: 381
2025-10-09 03:35:35 | DEBUG    | generate_patient_sequence:503 |   Rank 16:  F                   | Prob: 0.000152 | ID: 274
2025-10-09 03:35:35 | DEBUG    | generate_patient_sequence:503 |   Rank 17: 70                   | Prob: 0.000151 | ID: 3083
2025-10-09 03:35:35 | DEBUG    | generate_patient_sequence:503 |   Rank 18: ????                 | Prob: 0.000147 | ID: 27282
2025-10-09 03:35:35 | DEBUG    | generate_patient_sequence:503 |   Rank 19:                      | Prob: 0.000140 | ID: 1437
2025-10-09 03:35:35 | DEBUG    | generate_patient_sequence:503 |   Rank 20:  M                   | Prob: 0.000132 | ID: 256
2025-10-09 03:35:35 | INFO     | generate_patient_sequence:507 | Starting generation with temp=1.3, top_k=30, max_length=256
2025-10-09 03:35:35 | DEBUG    | generate_patient_sequence:520 | Generated token IDs: [2, 0, 3706, 121, 4444, 30876, 3842, 28214, 23177, 274, 28696, 12789, 139, 15698, 2, 50265, 2, 2, 12789, 139, 48691, 2, 2, 2, 3083, 121, 4444, 5225, 3842, 28214, 36570, 274, 28696, 24658, 139, 15698, 1437, 50265, 2, 151, 30876, 15698, 2, 3083, 1437, 50266, 1437, 50267]
2025-10-09 03:35:35 | DEBUG    | generate_patient_sequence:521 | Generated length: 48 tokens
2025-10-09 03:35:35 | INFO     | generate_patient_sequence:529 | Generated token counts - <v>: 2, <\v>: 1, <END>: 1
2025-10-09 03:35:35 | DEBUG    | generate_patient_sequence:537 | Raw generated sequence: </s><s>47 UNABLE TO OBTAIN F <demo></s> <v> </s></s>demo>.</s></s></s>70 UNAble TO OBRIC F <Demo>  <v> </s>000BLE></s>70  <\v>   <END>
2025-10-09 03:35:35 | INFO     | generate_patient_sequence:540 | Generated sequence (clean): 47 UNABLE TO OBTAIN F <demo>demo>.70 UNAble TO OBRIC F <Demo> 000BLE>70  
2025-10-09 03:35:35 | INFO     | <module>:677 | === Training and generation complete ===
