Job ID: 5183025
Job Name: ehr_lr0.00005_temp1.5_k30
Node: ccc0388
CUDA_VISIBLE_DEVICES: 0
Start Time: Thu Oct  9 04:22:55 CDT 2025
Working Directory: /u/jalenj4/pehr_scratch
Thu Oct  9 04:22:55 2025       
+-----------------------------------------------------------------------------------------+
| NVIDIA-SMI 580.95.05              Driver Version: 580.95.05      CUDA Version: 13.0     |
+-----------------------------------------+------------------------+----------------------+
| GPU  Name                 Persistence-M | Bus-Id          Disp.A | Volatile Uncorr. ECC |
| Fan  Temp   Perf          Pwr:Usage/Cap |           Memory-Usage | GPU-Util  Compute M. |
|                                         |                        |               MIG M. |
|=========================================+========================+======================|
|   0  NVIDIA A100-SXM4-80GB          On  |   00000000:81:00.0 Off |                    0 |
| N/A   48C    P0             94W /  500W |       0MiB /  81920MiB |      0%      Default |
|                                         |                        |             Disabled |
+-----------------------------------------+------------------------+----------------------+

+-----------------------------------------------------------------------------------------+
| Processes:                                                                              |
|  GPU   GI   CI              PID   Type   Process name                        GPU Memory |
|        ID   ID                                                               Usage      |
|=========================================================================================|
|  No running processes found                                                             |
+-----------------------------------------------------------------------------------------+
Parameters:
  NUM_PATIENTS: 3000
  BATCH_SIZE: 16
  NUM_EPOCHS: 30
  LEARNING_RATE: 0.00005
  GENERATION_TEMP: 1.5
  TOP_K: 30
INFO: === EHR Generation Training Started ===
INFO: Configuration: {'model_name': 'facebook/bart-base', 'num_patients': 3000, 'max_seq_length': 256, 'batch_size': 16, 'num_epochs': 30, 'learning_rate': 5e-05, 'generation_temp': 1.5, 'generation_max_length': 256, 'num_warmup_steps': 0, 'top_k': 30, 'data_dir': 'data_files', 'mimic_paths': {'patients_path': 'data_files/PATIENTS.csv', 'admissions_path': 'data_files/ADMISSIONS.csv', 'diagnoses_path': 'data_files/DIAGNOSES_ICD.csv'}}
INFO: Using device: cuda
INFO: Loading pretrained BART model: facebook/bart-base
INFO: Added 3 special tokens: <v>, <\v>, <END>
INFO: Resized model embeddings to 50268 tokens
INFO: Loading MIMIC-III data files
INFO: Loaded 46520 patients
INFO: Loaded 58976 admissions
INFO: Loaded 651047 diagnosis records
INFO: Data processing complete. Formatting sequences...
INFO: Sequence formatting complete. Generated 3000 patient sequences
INFO: Average visits per patient: 1.27
INFO: Average tokens per sequence: 19.69
INFO: Sample patient sequences:
INFO: Sample 1: 86 WHITE M <demo> <v> 4413 80502 5185 99811 0389 9975 99662 99831 5849 <\v> <END>...
INFO: Sample 2: 0 BLACK/AFRICAN AMERICAN F <demo> <v> V3000 V290 V053 <\v> <END>...
INFO: Sample 3: 63 WHITE M <demo> <v> 430 3314 2763 5601 5180 72989 4359 56211 4019 5589 04184 <\v> <END>...
INFO: Sample 4: 57 WHITE M <demo> <v> V581 41071 9971 51881 5849 2875 4280 1970 V1052 2762 19889 78791 45829 V173 <\v> <END>...
INFO: Sample 5: 66 OTHER M <demo> <v> 2761 49121 2930 51881 <\v> <END>...
INFO: Created dataset with 3000 samples, 188 batches
INFO: Optimizer: AdamW with lr=5e-05
INFO: Scheduler: linear with 0 warmup steps
INFO: Starting model training for 30 epochs
INFO: Training steps: 5640
INFO: Device: cuda
INFO: Epoch 1/30 completed | Avg Loss: 0.6496
INFO: Epoch 2/30 completed | Avg Loss: 0.1018
INFO: Epoch 3/30 completed | Avg Loss: 0.0290
INFO: Epoch 4/30 completed | Avg Loss: 0.0112
INFO: Epoch 5/30 completed | Avg Loss: 0.0248
INFO: Epoch 6/30 completed | Avg Loss: 0.0092
INFO: Epoch 7/30 completed | Avg Loss: 0.0054
INFO: Epoch 8/30 completed | Avg Loss: 0.0029
INFO: Epoch 9/30 completed | Avg Loss: 0.0052
INFO: Epoch 10/30 completed | Avg Loss: 0.0035
INFO: Epoch 11/30 completed | Avg Loss: 0.0043
INFO: Epoch 12/30 completed | Avg Loss: 0.0033
INFO: Epoch 13/30 completed | Avg Loss: 0.0012
INFO: Epoch 14/30 completed | Avg Loss: 0.0013
INFO: Epoch 15/30 completed | Avg Loss: 0.0019
INFO: Epoch 16/30 completed | Avg Loss: 0.0022
INFO: Epoch 17/30 completed | Avg Loss: 0.0037
INFO: Epoch 18/30 completed | Avg Loss: 0.0026
INFO: Epoch 19/30 completed | Avg Loss: 0.0018
INFO: Epoch 20/30 completed | Avg Loss: 0.0009
INFO: Epoch 21/30 completed | Avg Loss: 0.0014
INFO: Epoch 22/30 completed | Avg Loss: 0.0008
INFO: Epoch 23/30 completed | Avg Loss: 0.0008
INFO: Epoch 24/30 completed | Avg Loss: 0.0010
INFO: Epoch 25/30 completed | Avg Loss: 0.0008
INFO: Epoch 26/30 completed | Avg Loss: 0.0005
INFO: Epoch 27/30 completed | Avg Loss: 0.0007
INFO: Epoch 28/30 completed | Avg Loss: 0.0004
INFO: Epoch 29/30 completed | Avg Loss: 0.0003
INFO: Epoch 30/30 completed | Avg Loss: 0.0003
INFO: Training complete
INFO: Final average loss: 0.0003
INFO: === Generating synthetic patient data ===
INFO: 
--- Sample 1/5 ---
INFO: Generating sequence for prompt: '27 WHITE M <demo>'
INFO: Starting generation with temp=1.5, top_k=30, max_length=256
INFO: Generated token counts - <v>: 1, <\v>: 1, <END>: 1
INFO: Generated sequence (clean): 27 WHITE M <demo>27 WHITE E <demos>
INFO: 
--- Sample 2/5 ---
INFO: Generating sequence for prompt: '40 OTHER M <demo>'
INFO: Starting generation with temp=1.5, top_k=30, max_length=256
INFO: Generated token counts - <v>: 1, <\v>: 1, <END>: 1
INFO: Generated sequence (clean): 40 OTHER M <demo>40 OTHER E <demos>3000 OTHER M440 Mdemo43 OTHER M 
INFO: 
--- Sample 3/5 ---
INFO: Generating sequence for prompt: '64 ASIAN M <demo>'
INFO: Starting generation with temp=1.5, top_k=30, max_length=256
INFO: Generated token counts - <v>: 1, <\v>: 0, <END>: 1
INFO: Generated sequence (clean): 64 ASIAN M <demo> 64 ASIAN E <demof> 
INFO: 
--- Sample 4/5 ---
INFO: Generating sequence for prompt: '73 WHITE M <demo>'
INFO: Starting generation with temp=1.5, top_k=30, max_length=256
INFO: Generated token counts - <v>: 1, <\v>: 0, <END>: 1
INFO: Generated sequence (clean): 73 WHITE M <demo>73 WHITE E <democrat> WHITE Mdemo
INFO: 
--- Sample 5/5 ---
INFO: Generating sequence for prompt: '62 OTHER M <demo>'
INFO: Starting generation with temp=1.5, top_k=30, max_length=256
INFO: Generated token counts - <v>: 2, <\v>: 1, <END>: 1
INFO: Generated sequence (clean): 62 OTHER M <demo>62 OTHER E <demof>demo
INFO: === Training and generation complete ===
End Time: Thu Oct  9 04:46:25 CDT 2025
Exit Code: 0
