2025-10-09 04:25:15 | INFO     | <module>:562 | === EHR Generation Training Started ===
2025-10-09 04:25:15 | INFO     | <module>:583 | Configuration: {'model_name': 'facebook/bart-base', 'num_patients': 3000, 'max_seq_length': 256, 'batch_size': 16, 'num_epochs': 30, 'learning_rate': 5e-05, 'generation_temp': 1.5, 'generation_max_length': 256, 'num_warmup_steps': 0, 'top_k': 100, 'data_dir': 'data_files', 'mimic_paths': {'patients_path': 'data_files/PATIENTS.csv', 'admissions_path': 'data_files/ADMISSIONS.csv', 'diagnoses_path': 'data_files/DIAGNOSES_ICD.csv'}}
2025-10-09 04:25:16 | INFO     | <module>:587 | Using device: cuda
2025-10-09 04:25:16 | INFO     | <module>:590 | Loading pretrained BART model: facebook/bart-base
2025-10-09 04:25:16 | INFO     | <module>:599 | Added 3 special tokens: <v>, <\v>, <END>
2025-10-09 04:25:16 | INFO     | <module>:603 | Resized model embeddings to 50268 tokens
2025-10-09 04:25:16 | DEBUG    | <module>:606 | Token ID for <v>: 50265
2025-10-09 04:25:16 | DEBUG    | <module>:607 | Token ID for <\v>: 50266
2025-10-09 04:25:16 | DEBUG    | <module>:608 | Token ID for <END>: 50267
2025-10-09 04:25:16 | INFO     | load_and_format_mimic_data:147 | Loading MIMIC-III data files
2025-10-09 04:25:16 | DEBUG    | load_and_format_mimic_data:148 | Patients: data_files/PATIENTS.csv
2025-10-09 04:25:16 | DEBUG    | load_and_format_mimic_data:149 | Admissions: data_files/ADMISSIONS.csv
2025-10-09 04:25:16 | DEBUG    | load_and_format_mimic_data:150 | Diagnoses: data_files/DIAGNOSES_ICD.csv
2025-10-09 04:25:17 | INFO     | load_and_format_mimic_data:155 | Loaded 46520 patients
2025-10-09 04:25:17 | INFO     | load_and_format_mimic_data:158 | Loaded 58976 admissions
2025-10-09 04:25:17 | INFO     | load_and_format_mimic_data:161 | Loaded 651047 diagnosis records
2025-10-09 04:25:17 | INFO     | load_and_format_mimic_data:219 | Data processing complete. Formatting sequences...
2025-10-09 04:25:20 | INFO     | load_and_format_mimic_data:258 | Sequence formatting complete. Generated 3000 patient sequences
2025-10-09 04:25:20 | DEBUG    | load_and_format_mimic_data:262 | Sample sequence: 0 ASIAN M <demo> <v> V3001 V053 V290 <\v> <END>...
2025-10-09 04:25:20 | INFO     | load_and_format_mimic_data:267 | Average visits per patient: 1.27
2025-10-09 04:25:20 | INFO     | load_and_format_mimic_data:268 | Average tokens per sequence: 19.69
2025-10-09 04:25:20 | INFO     | <module>:622 | Sample patient sequences:
2025-10-09 04:25:20 | INFO     | <module>:624 | Sample 1: 41 WHITE M <demo> <v> 85206 78039 E8261 87342 87363 87343 <\v> <END>...
2025-10-09 04:25:20 | INFO     | <module>:624 | Sample 2: 0 UNKNOWN/NOT SPECIFIED F <demo> <v> V3401 76518 76527 <\v> <END>...
2025-10-09 04:25:20 | INFO     | <module>:624 | Sample 3: 66 WHITE F <demo> <v> 56089 56738 56981 56969 4928 27651 5680 56211 78321 56949 9092 E8792 V1005 3051 04111 <\v> <v> 99859 56738 9974 591 4928 56981 5...
2025-10-09 04:25:20 | INFO     | <module>:624 | Sample 4: 74 WHITE F <demo> <v> 82021 43411 496 99702 5990 2851 E8889 4240 73300 E8788 51889 <\v> <END>...
2025-10-09 04:25:20 | INFO     | <module>:624 | Sample 5: 59 WHITE M <demo> <v> 0389 41001 5570 4275 42843 5185 78551 99672 53501 44422 5845 25070 6826 4440 9971 25060 78552 73017 42731 4168 41401 4019 27801 ...
2025-10-09 04:25:20 | DEBUG    | __init__:294 | First sequence length: 24 tokens
2025-10-09 04:25:20 | DEBUG    | __init__:295 | Pad token ID: 1
2025-10-09 04:25:20 | INFO     | <module>:628 | Created dataset with 3000 samples, 188 batches
2025-10-09 04:25:20 | INFO     | <module>:639 | Optimizer: AdamW with lr=5e-05
2025-10-09 04:25:20 | INFO     | <module>:640 | Scheduler: linear with 0 warmup steps
2025-10-09 04:25:20 | INFO     | train_model:351 | Starting model training for 30 epochs
2025-10-09 04:25:20 | INFO     | train_model:352 | Training steps: 5640
2025-10-09 04:25:20 | INFO     | train_model:353 | Device: cuda
2025-10-09 04:25:20 | DEBUG    | train_model:372 | First batch input_ids shape: torch.Size([16, 256])
2025-10-09 04:25:20 | DEBUG    | train_model:373 | First batch labels shape: torch.Size([16, 256])
2025-10-09 04:25:20 | DEBUG    | train_model:374 | First batch attention_mask shape: torch.Size([16, 256])
2025-10-09 04:25:20 | DEBUG    | train_model:375 | Initial loss: 2.2783
2025-10-09 04:25:20 | DEBUG    | train_model:382 | Special tokens in first batch: {'pad': 3189, 'masked_labels': 3189}
2025-10-09 04:26:07 | INFO     | train_model:401 | Epoch 1/30 completed | Avg Loss: 0.6523
2025-10-09 04:26:53 | INFO     | train_model:401 | Epoch 2/30 completed | Avg Loss: 0.1213
2025-10-09 04:27:40 | INFO     | train_model:401 | Epoch 3/30 completed | Avg Loss: 0.0341
2025-10-09 04:28:27 | INFO     | train_model:401 | Epoch 4/30 completed | Avg Loss: 0.0089
2025-10-09 04:29:13 | INFO     | train_model:401 | Epoch 5/30 completed | Avg Loss: 0.0139
2025-10-09 04:30:00 | INFO     | train_model:401 | Epoch 6/30 completed | Avg Loss: 0.0074
2025-10-09 04:30:46 | INFO     | train_model:401 | Epoch 7/30 completed | Avg Loss: 0.0056
2025-10-09 04:31:33 | INFO     | train_model:401 | Epoch 8/30 completed | Avg Loss: 0.0067
2025-10-09 04:32:20 | INFO     | train_model:401 | Epoch 9/30 completed | Avg Loss: 0.0257
2025-10-09 04:33:06 | INFO     | train_model:401 | Epoch 10/30 completed | Avg Loss: 0.0062
2025-10-09 04:33:53 | INFO     | train_model:401 | Epoch 11/30 completed | Avg Loss: 0.0023
2025-10-09 04:34:39 | INFO     | train_model:401 | Epoch 12/30 completed | Avg Loss: 0.0032
2025-10-09 04:35:26 | INFO     | train_model:401 | Epoch 13/30 completed | Avg Loss: 0.0025
2025-10-09 04:36:12 | INFO     | train_model:401 | Epoch 14/30 completed | Avg Loss: 0.0029
2025-10-09 04:36:59 | INFO     | train_model:401 | Epoch 15/30 completed | Avg Loss: 0.0030
2025-10-09 04:37:46 | INFO     | train_model:401 | Epoch 16/30 completed | Avg Loss: 0.0016
2025-10-09 04:38:32 | INFO     | train_model:401 | Epoch 17/30 completed | Avg Loss: 0.0028
2025-10-09 04:39:19 | INFO     | train_model:401 | Epoch 18/30 completed | Avg Loss: 0.0013
2025-10-09 04:40:05 | INFO     | train_model:401 | Epoch 19/30 completed | Avg Loss: 0.0018
2025-10-09 04:40:52 | INFO     | train_model:401 | Epoch 20/30 completed | Avg Loss: 0.0013
2025-10-09 04:41:39 | INFO     | train_model:401 | Epoch 21/30 completed | Avg Loss: 0.0004
2025-10-09 04:42:25 | INFO     | train_model:401 | Epoch 22/30 completed | Avg Loss: 0.0007
2025-10-09 04:43:12 | INFO     | train_model:401 | Epoch 23/30 completed | Avg Loss: 0.0012
2025-10-09 04:43:58 | INFO     | train_model:401 | Epoch 24/30 completed | Avg Loss: 0.0007
2025-10-09 04:44:45 | INFO     | train_model:401 | Epoch 25/30 completed | Avg Loss: 0.0009
2025-10-09 04:45:32 | INFO     | train_model:401 | Epoch 26/30 completed | Avg Loss: 0.0009
2025-10-09 04:46:18 | INFO     | train_model:401 | Epoch 27/30 completed | Avg Loss: 0.0006
2025-10-09 04:47:05 | INFO     | train_model:401 | Epoch 28/30 completed | Avg Loss: 0.0010
2025-10-09 04:47:51 | INFO     | train_model:401 | Epoch 29/30 completed | Avg Loss: 0.0004
2025-10-09 04:48:38 | INFO     | train_model:401 | Epoch 30/30 completed | Avg Loss: 0.0009
2025-10-09 04:48:38 | INFO     | train_model:403 | Training complete
2025-10-09 04:48:38 | INFO     | train_model:404 | Final average loss: 0.0009
2025-10-09 04:48:38 | DEBUG    | train_model:405 | Loss history: [0.652256602896972, 0.12134260604990289, 0.03412076912354678, 0.00894345069041555, 0.013903245136656977, 0.007423469207269397, 0.005578888339012802, 0.006668386445256901, 0.0256886614862448, 0.006222967583217975, 0.002325592515030331, 0.0032163179357860613, 0.0024899619393375146, 0.00294566098640876, 0.0030003585440120314, 0.0015780724224509384, 0.0028050488558135915, 0.0013079940898101182, 0.0017599841881514914, 0.0012839310028481276, 0.00042847840860362184, 0.0007236399154127402, 0.0011989904398549388, 0.0007126167618364289, 0.0008693486077855267, 0.000948431977799083, 0.0005947833365582406, 0.0010243570084523836, 0.00044063850126552467, 0.0008896254302987685]
2025-10-09 04:48:38 | INFO     | <module>:654 | === Generating synthetic patient data ===
2025-10-09 04:48:38 | INFO     | <module>:663 | 
--- Sample 1/5 ---
2025-10-09 04:48:38 | INFO     | generate_patient_sequence:443 | Generating sequence for prompt: '80 BLACK F <demo>'
2025-10-09 04:48:38 | DEBUG    | generate_patient_sequence:447 | Prompt token IDs: [0, 2940, 34101, 274, 28696, 12789, 139, 15698, 2]
2025-10-09 04:48:38 | DEBUG    | generate_patient_sequence:448 | Prompt tokens: ['<s>', '80', ' BLACK', ' F', ' <', 'dem', 'o', '>', '</s>']
2025-10-09 04:48:38 | DEBUG    | generate_patient_sequence:457 | Special token IDs - <v>: 50265, <\v>: 50266, <END>: 50267, PAD: 1, EOS: 2
2025-10-09 04:48:38 | DEBUG    | generate_patient_sequence:464 | Initial decoder input (with forced <v>): [0, 2940, 34101, 274, 28696, 12789, 139, 15698, 2, 50265]
2025-10-09 04:48:38 | DEBUG    | generate_patient_sequence:478 | After prompt, probability of <v>: 0.001560
2025-10-09 04:48:38 | DEBUG    | generate_patient_sequence:479 | After prompt, probability of <END>: 0.001281
2025-10-09 04:48:38 | DEBUG    | generate_patient_sequence:480 | After prompt, probability of PAD: 0.000000
2025-10-09 04:48:38 | DEBUG    | generate_patient_sequence:481 | After prompt, probability of EOS: 0.996874
2025-10-09 04:48:38 | DEBUG    | generate_patient_sequence:485 | Top 20 next token predictions after prompt:
2025-10-09 04:48:38 | DEBUG    | generate_patient_sequence:503 |   Rank 1: <EOS>                | Prob: 0.996874 | ID: 2
2025-10-09 04:48:38 | DEBUG    | generate_patient_sequence:503 |   Rank 2: <v>                  | Prob: 0.001560 | ID: 50265
2025-10-09 04:48:38 | DEBUG    | generate_patient_sequence:503 |   Rank 3: <END>                | Prob: 0.001281 | ID: 50267
2025-10-09 04:48:38 | DEBUG    | generate_patient_sequence:503 |   Rank 4: <\v>                 | Prob: 0.000216 | ID: 50266
2025-10-09 04:48:38 | DEBUG    | generate_patient_sequence:503 |   Rank 5:                      | Prob: 0.000012 | ID: 1437
2025-10-09 04:48:38 | DEBUG    | generate_patient_sequence:503 |   Rank 6:  nan                 | Prob: 0.000006 | ID: 14770
2025-10-09 04:48:38 | DEBUG    | generate_patient_sequence:503 |   Rank 7: 80                   | Prob: 0.000003 | ID: 2940
2025-10-09 04:48:38 | DEBUG    | generate_patient_sequence:503 |   Rank 8: KNOWN                | Prob: 0.000002 | ID: 47300
2025-10-09 04:48:38 | DEBUG    | generate_patient_sequence:503 |   Rank 9: NOT                  | Prob: 0.000001 | ID: 37049
2025-10-09 04:48:38 | DEBUG    | generate_patient_sequence:503 |   Rank 10: 290                  | Prob: 0.000001 | ID: 24675
2025-10-09 04:48:38 | DEBUG    | generate_patient_sequence:503 |   Rank 11: <s>                  | Prob: 0.000001 | ID: 0
2025-10-09 04:48:38 | DEBUG    | generate_patient_sequence:503 |   Rank 12:  E                   | Prob: 0.000001 | ID: 381
2025-10-09 04:48:38 | DEBUG    | generate_patient_sequence:503 |   Rank 13: 89                   | Prob: 0.000001 | ID: 5046
2025-10-09 04:48:38 | DEBUG    | generate_patient_sequence:503 |   Rank 14:  WHITE               | Prob: 0.000001 | ID: 38503
2025-10-09 04:48:38 | DEBUG    | generate_patient_sequence:503 |   Rank 15: P                    | Prob: 0.000000 | ID: 510
2025-10-09 04:48:38 | DEBUG    | generate_patient_sequence:503 |   Rank 16: 789                  | Prob: 0.000000 | ID: 39413
2025-10-09 04:48:38 | DEBUG    | generate_patient_sequence:503 |   Rank 17: RIC                  | Prob: 0.000000 | ID: 36570
2025-10-09 04:48:38 | DEBUG    | generate_patient_sequence:503 |   Rank 18:  770                 | Prob: 0.000000 | ID: 39570
2025-10-09 04:48:38 | DEBUG    | generate_patient_sequence:503 |   Rank 19: 70                   | Prob: 0.000000 | ID: 3083
2025-10-09 04:48:38 | DEBUG    | generate_patient_sequence:503 |   Rank 20: 139                  | Prob: 0.000000 | ID: 25488
2025-10-09 04:48:38 | INFO     | generate_patient_sequence:507 | Starting generation with temp=1.5, top_k=100, max_length=256
2025-10-09 04:48:38 | DEBUG    | generate_patient_sequence:520 | Generated token IDs: [2, 0, 2940, 34101, 274, 28696, 12789, 139, 15698, 2, 50265, 2, 2, 2, 50267]
2025-10-09 04:48:38 | DEBUG    | generate_patient_sequence:521 | Generated length: 15 tokens
2025-10-09 04:48:38 | INFO     | generate_patient_sequence:529 | Generated token counts - <v>: 1, <\v>: 0, <END>: 1
2025-10-09 04:48:38 | DEBUG    | generate_patient_sequence:537 | Raw generated sequence: </s><s>80 BLACK F <demo></s> <v> </s></s></s> <END>
2025-10-09 04:48:38 | INFO     | generate_patient_sequence:540 | Generated sequence (clean): 80 BLACK F <demo>
2025-10-09 04:48:38 | INFO     | <module>:663 | 
--- Sample 2/5 ---
2025-10-09 04:48:38 | INFO     | generate_patient_sequence:443 | Generating sequence for prompt: '69 UNKNOWN/NOT SPECIFIED M <demo>'
2025-10-09 04:48:38 | DEBUG    | generate_patient_sequence:447 | Prompt token IDs: [0, 4563, 2604, 47300, 73, 37049, 44921, 36482, 256, 28696, 12789, 139, 15698, 2]
2025-10-09 04:48:38 | DEBUG    | generate_patient_sequence:448 | Prompt tokens: ['<s>', '69', ' UN', 'KNOWN', '/', 'NOT', ' SPEC', 'IFIED', ' M', ' <', 'dem', 'o', '>', '</s>']
2025-10-09 04:48:38 | DEBUG    | generate_patient_sequence:457 | Special token IDs - <v>: 50265, <\v>: 50266, <END>: 50267, PAD: 1, EOS: 2
2025-10-09 04:48:38 | DEBUG    | generate_patient_sequence:464 | Initial decoder input (with forced <v>): [0, 4563, 2604, 47300, 73, 37049, 44921, 36482, 256, 28696, 12789, 139, 15698, 2, 50265]
2025-10-09 04:48:38 | DEBUG    | generate_patient_sequence:478 | After prompt, probability of <v>: 0.002082
2025-10-09 04:48:38 | DEBUG    | generate_patient_sequence:479 | After prompt, probability of <END>: 0.002803
2025-10-09 04:48:38 | DEBUG    | generate_patient_sequence:480 | After prompt, probability of PAD: 0.000000
2025-10-09 04:48:38 | DEBUG    | generate_patient_sequence:481 | After prompt, probability of EOS: 0.994803
2025-10-09 04:48:38 | DEBUG    | generate_patient_sequence:485 | Top 20 next token predictions after prompt:
2025-10-09 04:48:38 | DEBUG    | generate_patient_sequence:503 |   Rank 1: <EOS>                | Prob: 0.994803 | ID: 2
2025-10-09 04:48:38 | DEBUG    | generate_patient_sequence:503 |   Rank 2: <END>                | Prob: 0.002803 | ID: 50267
2025-10-09 04:48:38 | DEBUG    | generate_patient_sequence:503 |   Rank 3: <v>                  | Prob: 0.002082 | ID: 50265
2025-10-09 04:48:38 | DEBUG    | generate_patient_sequence:503 |   Rank 4: <\v>                 | Prob: 0.000211 | ID: 50266
2025-10-09 04:48:38 | DEBUG    | generate_patient_sequence:503 |   Rank 5: dem                  | Prob: 0.000043 | ID: 12789
2025-10-09 04:48:38 | DEBUG    | generate_patient_sequence:503 |   Rank 6:  nan                 | Prob: 0.000006 | ID: 14770
2025-10-09 04:48:38 | DEBUG    | generate_patient_sequence:503 |   Rank 7:                      | Prob: 0.000002 | ID: 1437
2025-10-09 04:48:38 | DEBUG    | generate_patient_sequence:503 |   Rank 8: KNOWN                | Prob: 0.000002 | ID: 47300
2025-10-09 04:48:38 | DEBUG    | generate_patient_sequence:503 |   Rank 9: <s>                  | Prob: 0.000001 | ID: 0
2025-10-09 04:48:38 | DEBUG    | generate_patient_sequence:503 |   Rank 10: 290                  | Prob: 0.000001 | ID: 24675
2025-10-09 04:48:38 | DEBUG    | generate_patient_sequence:503 |   Rank 11: NOT                  | Prob: 0.000001 | ID: 37049
2025-10-09 04:48:38 | DEBUG    | generate_patient_sequence:503 |   Rank 12:  E                   | Prob: 0.000001 | ID: 381
2025-10-09 04:48:38 | DEBUG    | generate_patient_sequence:503 |   Rank 13: P                    | Prob: 0.000001 | ID: 510
2025-10-09 04:48:38 | DEBUG    | generate_patient_sequence:503 |   Rank 14: RIC                  | Prob: 0.000001 | ID: 36570
2025-10-09 04:48:38 | DEBUG    | generate_patient_sequence:503 |   Rank 15: 89                   | Prob: 0.000000 | ID: 5046
2025-10-09 04:48:38 | DEBUG    | generate_patient_sequence:503 |   Rank 16: 69                   | Prob: 0.000000 | ID: 4563
2025-10-09 04:48:38 | DEBUG    | generate_patient_sequence:503 |   Rank 17: 502                  | Prob: 0.000000 | ID: 35537
2025-10-09 04:48:38 | DEBUG    | generate_patient_sequence:503 |   Rank 18: 798                  | Prob: 0.000000 | ID: 40141
2025-10-09 04:48:38 | DEBUG    | generate_patient_sequence:503 |   Rank 19: 0                    | Prob: 0.000000 | ID: 288
2025-10-09 04:48:38 | DEBUG    | generate_patient_sequence:503 |   Rank 20:  1970                | Prob: 0.000000 | ID: 6200
2025-10-09 04:48:38 | INFO     | generate_patient_sequence:507 | Starting generation with temp=1.5, top_k=100, max_length=256
2025-10-09 04:48:38 | DEBUG    | generate_patient_sequence:520 | Generated token IDs: [2, 0, 4563, 2604, 47300, 73, 37049, 44921, 36482, 256, 28696, 12789, 139, 15698, 2, 50265, 2, 2, 2, 50267]
2025-10-09 04:48:38 | DEBUG    | generate_patient_sequence:521 | Generated length: 20 tokens
2025-10-09 04:48:38 | INFO     | generate_patient_sequence:529 | Generated token counts - <v>: 1, <\v>: 0, <END>: 1
2025-10-09 04:48:38 | DEBUG    | generate_patient_sequence:537 | Raw generated sequence: </s><s>69 UNKNOWN/NOT SPECIFIED M <demo></s> <v> </s></s></s> <END>
2025-10-09 04:48:38 | INFO     | generate_patient_sequence:540 | Generated sequence (clean): 69 UNKNOWN/NOT SPECIFIED M <demo>
2025-10-09 04:48:38 | INFO     | <module>:663 | 
--- Sample 3/5 ---
2025-10-09 04:48:38 | INFO     | generate_patient_sequence:443 | Generating sequence for prompt: '34 ASIAN F <demo>'
2025-10-09 04:48:38 | DEBUG    | generate_patient_sequence:447 | Prompt token IDs: [0, 3079, 6015, 10296, 274, 28696, 12789, 139, 15698, 2]
2025-10-09 04:48:38 | DEBUG    | generate_patient_sequence:448 | Prompt tokens: ['<s>', '34', ' AS', 'IAN', ' F', ' <', 'dem', 'o', '>', '</s>']
2025-10-09 04:48:38 | DEBUG    | generate_patient_sequence:457 | Special token IDs - <v>: 50265, <\v>: 50266, <END>: 50267, PAD: 1, EOS: 2
2025-10-09 04:48:38 | DEBUG    | generate_patient_sequence:464 | Initial decoder input (with forced <v>): [0, 3079, 6015, 10296, 274, 28696, 12789, 139, 15698, 2, 50265]
2025-10-09 04:48:38 | DEBUG    | generate_patient_sequence:478 | After prompt, probability of <v>: 0.000423
2025-10-09 04:48:38 | DEBUG    | generate_patient_sequence:479 | After prompt, probability of <END>: 0.000395
2025-10-09 04:48:38 | DEBUG    | generate_patient_sequence:480 | After prompt, probability of PAD: 0.000000
2025-10-09 04:48:38 | DEBUG    | generate_patient_sequence:481 | After prompt, probability of EOS: 0.999033
2025-10-09 04:48:38 | DEBUG    | generate_patient_sequence:485 | Top 20 next token predictions after prompt:
2025-10-09 04:48:38 | DEBUG    | generate_patient_sequence:503 |   Rank 1: <EOS>                | Prob: 0.999033 | ID: 2
2025-10-09 04:48:38 | DEBUG    | generate_patient_sequence:503 |   Rank 2: <v>                  | Prob: 0.000423 | ID: 50265
2025-10-09 04:48:38 | DEBUG    | generate_patient_sequence:503 |   Rank 3: <END>                | Prob: 0.000395 | ID: 50267
2025-10-09 04:48:38 | DEBUG    | generate_patient_sequence:503 |   Rank 4: <\v>                 | Prob: 0.000094 | ID: 50266
2025-10-09 04:48:38 | DEBUG    | generate_patient_sequence:503 |   Rank 5: 34                   | Prob: 0.000007 | ID: 3079
2025-10-09 04:48:38 | DEBUG    | generate_patient_sequence:503 |   Rank 6:                      | Prob: 0.000004 | ID: 1437
2025-10-09 04:48:38 | DEBUG    | generate_patient_sequence:503 |   Rank 7: <s>                  | Prob: 0.000003 | ID: 0
2025-10-09 04:48:38 | DEBUG    | generate_patient_sequence:503 |   Rank 8:  E                   | Prob: 0.000002 | ID: 381
2025-10-09 04:48:38 | DEBUG    | generate_patient_sequence:503 |   Rank 9: P                    | Prob: 0.000001 | ID: 510
2025-10-09 04:48:38 | DEBUG    | generate_patient_sequence:503 |   Rank 10:  nan                 | Prob: 0.000001 | ID: 14770
2025-10-09 04:48:38 | DEBUG    | generate_patient_sequence:503 |   Rank 11: 89                   | Prob: 0.000001 | ID: 5046
2025-10-09 04:48:38 | DEBUG    | generate_patient_sequence:503 |   Rank 12: KNOWN                | Prob: 0.000001 | ID: 47300
2025-10-09 04:48:38 | DEBUG    | generate_patient_sequence:503 |   Rank 13:  WHITE               | Prob: 0.000000 | ID: 38503
2025-10-09 04:48:38 | DEBUG    | generate_patient_sequence:503 |   Rank 14:  OTHER               | Prob: 0.000000 | ID: 16536
2025-10-09 04:48:38 | DEBUG    | generate_patient_sequence:503 |   Rank 15: 69                   | Prob: 0.000000 | ID: 4563
2025-10-09 04:48:38 | DEBUG    | generate_patient_sequence:503 |   Rank 16: 54                   | Prob: 0.000000 | ID: 4283
2025-10-09 04:48:38 | DEBUG    | generate_patient_sequence:503 |   Rank 17: 74                   | Prob: 0.000000 | ID: 5243
2025-10-09 04:48:38 | DEBUG    | generate_patient_sequence:503 |   Rank 18: 502                  | Prob: 0.000000 | ID: 35537
2025-10-09 04:48:38 | DEBUG    | generate_patient_sequence:503 |   Rank 19: 254                  | Prob: 0.000000 | ID: 30959
2025-10-09 04:48:38 | DEBUG    | generate_patient_sequence:503 |   Rank 20:  34                  | Prob: 0.000000 | ID: 2631
2025-10-09 04:48:38 | INFO     | generate_patient_sequence:507 | Starting generation with temp=1.5, top_k=100, max_length=256
2025-10-09 04:48:38 | DEBUG    | generate_patient_sequence:520 | Generated token IDs: [2, 0, 3079, 6015, 10296, 274, 28696, 12789, 139, 15698, 2, 50265, 2, 2, 2, 50267]
2025-10-09 04:48:38 | DEBUG    | generate_patient_sequence:521 | Generated length: 16 tokens
2025-10-09 04:48:38 | INFO     | generate_patient_sequence:529 | Generated token counts - <v>: 1, <\v>: 0, <END>: 1
2025-10-09 04:48:38 | DEBUG    | generate_patient_sequence:537 | Raw generated sequence: </s><s>34 ASIAN F <demo></s> <v> </s></s></s> <END>
2025-10-09 04:48:38 | INFO     | generate_patient_sequence:540 | Generated sequence (clean): 34 ASIAN F <demo>
2025-10-09 04:48:38 | INFO     | <module>:663 | 
--- Sample 4/5 ---
2025-10-09 04:48:38 | INFO     | generate_patient_sequence:443 | Generating sequence for prompt: '59 WHITE M <demo>'
2025-10-09 04:48:38 | DEBUG    | generate_patient_sequence:447 | Prompt token IDs: [0, 4156, 38503, 256, 28696, 12789, 139, 15698, 2]
2025-10-09 04:48:38 | DEBUG    | generate_patient_sequence:448 | Prompt tokens: ['<s>', '59', ' WHITE', ' M', ' <', 'dem', 'o', '>', '</s>']
2025-10-09 04:48:38 | DEBUG    | generate_patient_sequence:457 | Special token IDs - <v>: 50265, <\v>: 50266, <END>: 50267, PAD: 1, EOS: 2
2025-10-09 04:48:38 | DEBUG    | generate_patient_sequence:464 | Initial decoder input (with forced <v>): [0, 4156, 38503, 256, 28696, 12789, 139, 15698, 2, 50265]
2025-10-09 04:48:38 | DEBUG    | generate_patient_sequence:478 | After prompt, probability of <v>: 0.004485
2025-10-09 04:48:38 | DEBUG    | generate_patient_sequence:479 | After prompt, probability of <END>: 0.002563
2025-10-09 04:48:38 | DEBUG    | generate_patient_sequence:480 | After prompt, probability of PAD: 0.000000
2025-10-09 04:48:38 | DEBUG    | generate_patient_sequence:481 | After prompt, probability of EOS: 0.992325
2025-10-09 04:48:38 | DEBUG    | generate_patient_sequence:485 | Top 20 next token predictions after prompt:
2025-10-09 04:48:38 | DEBUG    | generate_patient_sequence:503 |   Rank 1: <EOS>                | Prob: 0.992325 | ID: 2
2025-10-09 04:48:38 | DEBUG    | generate_patient_sequence:503 |   Rank 2: <v>                  | Prob: 0.004485 | ID: 50265
2025-10-09 04:48:38 | DEBUG    | generate_patient_sequence:503 |   Rank 3: <END>                | Prob: 0.002563 | ID: 50267
2025-10-09 04:48:38 | DEBUG    | generate_patient_sequence:503 |   Rank 4: <\v>                 | Prob: 0.000315 | ID: 50266
2025-10-09 04:48:38 | DEBUG    | generate_patient_sequence:503 |   Rank 5: 59                   | Prob: 0.000127 | ID: 4156
2025-10-09 04:48:38 | DEBUG    | generate_patient_sequence:503 |   Rank 6:                      | Prob: 0.000044 | ID: 1437
2025-10-09 04:48:38 | DEBUG    | generate_patient_sequence:503 |   Rank 7: 61                   | Prob: 0.000006 | ID: 5606
2025-10-09 04:48:38 | DEBUG    | generate_patient_sequence:503 |   Rank 8: <s>                  | Prob: 0.000005 | ID: 0
2025-10-09 04:48:38 | DEBUG    | generate_patient_sequence:503 |   Rank 9:  59                  | Prob: 0.000005 | ID: 5169
2025-10-09 04:48:38 | DEBUG    | generate_patient_sequence:503 |   Rank 10: KNOWN                | Prob: 0.000003 | ID: 47300
2025-10-09 04:48:38 | DEBUG    | generate_patient_sequence:503 |   Rank 11: 69                   | Prob: 0.000002 | ID: 4563
2025-10-09 04:48:38 | DEBUG    | generate_patient_sequence:503 |   Rank 12: 789                  | Prob: 0.000002 | ID: 39413
2025-10-09 04:48:38 | DEBUG    | generate_patient_sequence:503 |   Rank 13: 89                   | Prob: 0.000002 | ID: 5046
2025-10-09 04:48:38 | DEBUG    | generate_patient_sequence:503 |   Rank 14: 63                   | Prob: 0.000002 | ID: 5449
2025-10-09 04:48:38 | DEBUG    | generate_patient_sequence:503 |   Rank 15:  nan                 | Prob: 0.000002 | ID: 14770
2025-10-09 04:48:38 | DEBUG    | generate_patient_sequence:503 |   Rank 16: 798                  | Prob: 0.000002 | ID: 40141
2025-10-09 04:48:38 | DEBUG    | generate_patient_sequence:503 |   Rank 17: 57                   | Prob: 0.000002 | ID: 4390
2025-10-09 04:48:38 | DEBUG    | generate_patient_sequence:503 |   Rank 18: 502                  | Prob: 0.000001 | ID: 35537
2025-10-09 04:48:38 | DEBUG    | generate_patient_sequence:503 |   Rank 19: dem                  | Prob: 0.000001 | ID: 12789
2025-10-09 04:48:38 | DEBUG    | generate_patient_sequence:503 |   Rank 20: 139                  | Prob: 0.000001 | ID: 25488
2025-10-09 04:48:38 | INFO     | generate_patient_sequence:507 | Starting generation with temp=1.5, top_k=100, max_length=256
2025-10-09 04:48:38 | DEBUG    | generate_patient_sequence:520 | Generated token IDs: [2, 0, 4156, 38503, 256, 28696, 12789, 139, 15698, 2, 50265, 2, 2, 2, 50266, 15698, 2, 50267]
2025-10-09 04:48:38 | DEBUG    | generate_patient_sequence:521 | Generated length: 18 tokens
2025-10-09 04:48:38 | INFO     | generate_patient_sequence:529 | Generated token counts - <v>: 1, <\v>: 1, <END>: 1
2025-10-09 04:48:38 | DEBUG    | generate_patient_sequence:537 | Raw generated sequence: </s><s>59 WHITE M <demo></s> <v> </s></s></s> <\v> ></s> <END>
2025-10-09 04:48:38 | INFO     | generate_patient_sequence:540 | Generated sequence (clean): 59 WHITE M <demo>>
2025-10-09 04:48:38 | INFO     | <module>:663 | 
--- Sample 5/5 ---
2025-10-09 04:48:38 | INFO     | generate_patient_sequence:443 | Generating sequence for prompt: '61 UNKNOWN/NOT SPECIFIED M <demo>'
2025-10-09 04:48:38 | DEBUG    | generate_patient_sequence:447 | Prompt token IDs: [0, 5606, 2604, 47300, 73, 37049, 44921, 36482, 256, 28696, 12789, 139, 15698, 2]
2025-10-09 04:48:38 | DEBUG    | generate_patient_sequence:448 | Prompt tokens: ['<s>', '61', ' UN', 'KNOWN', '/', 'NOT', ' SPEC', 'IFIED', ' M', ' <', 'dem', 'o', '>', '</s>']
2025-10-09 04:48:38 | DEBUG    | generate_patient_sequence:457 | Special token IDs - <v>: 50265, <\v>: 50266, <END>: 50267, PAD: 1, EOS: 2
2025-10-09 04:48:38 | DEBUG    | generate_patient_sequence:464 | Initial decoder input (with forced <v>): [0, 5606, 2604, 47300, 73, 37049, 44921, 36482, 256, 28696, 12789, 139, 15698, 2, 50265]
2025-10-09 04:48:38 | DEBUG    | generate_patient_sequence:478 | After prompt, probability of <v>: 0.001278
2025-10-09 04:48:38 | DEBUG    | generate_patient_sequence:479 | After prompt, probability of <END>: 0.001919
2025-10-09 04:48:38 | DEBUG    | generate_patient_sequence:480 | After prompt, probability of PAD: 0.000000
2025-10-09 04:48:38 | DEBUG    | generate_patient_sequence:481 | After prompt, probability of EOS: 0.996380
2025-10-09 04:48:38 | DEBUG    | generate_patient_sequence:485 | Top 20 next token predictions after prompt:
2025-10-09 04:48:38 | DEBUG    | generate_patient_sequence:503 |   Rank 1: <EOS>                | Prob: 0.996380 | ID: 2
2025-10-09 04:48:38 | DEBUG    | generate_patient_sequence:503 |   Rank 2: <END>                | Prob: 0.001919 | ID: 50267
2025-10-09 04:48:38 | DEBUG    | generate_patient_sequence:503 |   Rank 3: <v>                  | Prob: 0.001278 | ID: 50265
2025-10-09 04:48:38 | DEBUG    | generate_patient_sequence:503 |   Rank 4: dem                  | Prob: 0.000195 | ID: 12789
2025-10-09 04:48:38 | DEBUG    | generate_patient_sequence:503 |   Rank 5: <\v>                 | Prob: 0.000173 | ID: 50266
2025-10-09 04:48:38 | DEBUG    | generate_patient_sequence:503 |   Rank 6:  nan                 | Prob: 0.000005 | ID: 14770
2025-10-09 04:48:38 | DEBUG    | generate_patient_sequence:503 |   Rank 7:                      | Prob: 0.000002 | ID: 1437
2025-10-09 04:48:38 | DEBUG    | generate_patient_sequence:503 |   Rank 8: KNOWN                | Prob: 0.000002 | ID: 47300
2025-10-09 04:48:38 | DEBUG    | generate_patient_sequence:503 |   Rank 9: 290                  | Prob: 0.000001 | ID: 24675
2025-10-09 04:48:38 | DEBUG    | generate_patient_sequence:503 |   Rank 10: <s>                  | Prob: 0.000001 | ID: 0
2025-10-09 04:48:38 | DEBUG    | generate_patient_sequence:503 |   Rank 11: 89                   | Prob: 0.000001 | ID: 5046
2025-10-09 04:48:38 | DEBUG    | generate_patient_sequence:503 |   Rank 12: NOT                  | Prob: 0.000001 | ID: 37049
2025-10-09 04:48:38 | DEBUG    | generate_patient_sequence:503 |   Rank 13: P                    | Prob: 0.000001 | ID: 510
2025-10-09 04:48:38 | DEBUG    | generate_patient_sequence:503 |   Rank 14: 61                   | Prob: 0.000001 | ID: 5606
2025-10-09 04:48:38 | DEBUG    | generate_patient_sequence:503 |   Rank 15:  E                   | Prob: 0.000001 | ID: 381
2025-10-09 04:48:38 | DEBUG    | generate_patient_sequence:503 |   Rank 16: RIC                  | Prob: 0.000000 | ID: 36570
2025-10-09 04:48:38 | DEBUG    | generate_patient_sequence:503 |   Rank 17: 0                    | Prob: 0.000000 | ID: 288
2025-10-09 04:48:38 | DEBUG    | generate_patient_sequence:503 |   Rank 18: o                    | Prob: 0.000000 | ID: 139
2025-10-09 04:48:38 | DEBUG    | generate_patient_sequence:503 |   Rank 19: 502                  | Prob: 0.000000 | ID: 35537
2025-10-09 04:48:38 | DEBUG    | generate_patient_sequence:503 |   Rank 20: 440                  | Prob: 0.000000 | ID: 26634
2025-10-09 04:48:38 | INFO     | generate_patient_sequence:507 | Starting generation with temp=1.5, top_k=100, max_length=256
2025-10-09 04:48:38 | DEBUG    | generate_patient_sequence:520 | Generated token IDs: [2, 0, 5606, 2604, 47300, 73, 37049, 44921, 36482, 256, 28696, 12789, 139, 15698, 2, 50265, 2, 2, 2, 50267]
2025-10-09 04:48:38 | DEBUG    | generate_patient_sequence:521 | Generated length: 20 tokens
2025-10-09 04:48:38 | INFO     | generate_patient_sequence:529 | Generated token counts - <v>: 1, <\v>: 0, <END>: 1
2025-10-09 04:48:38 | DEBUG    | generate_patient_sequence:537 | Raw generated sequence: </s><s>61 UNKNOWN/NOT SPECIFIED M <demo></s> <v> </s></s></s> <END>
2025-10-09 04:48:38 | INFO     | generate_patient_sequence:540 | Generated sequence (clean): 61 UNKNOWN/NOT SPECIFIED M <demo>
2025-10-09 04:48:38 | INFO     | <module>:677 | === Training and generation complete ===
