Job ID: 5183037
Job Name: ehr_batch32
Node: ccc0388
CUDA_VISIBLE_DEVICES: 0
Start Time: Thu Oct  9 05:33:38 CDT 2025
Working Directory: /u/jalenj4/pehr_scratch
Thu Oct  9 05:33:38 2025       
+-----------------------------------------------------------------------------------------+
| NVIDIA-SMI 580.95.05              Driver Version: 580.95.05      CUDA Version: 13.0     |
+-----------------------------------------+------------------------+----------------------+
| GPU  Name                 Persistence-M | Bus-Id          Disp.A | Volatile Uncorr. ECC |
| Fan  Temp   Perf          Pwr:Usage/Cap |           Memory-Usage | GPU-Util  Compute M. |
|                                         |                        |               MIG M. |
|=========================================+========================+======================|
|   0  NVIDIA A100-SXM4-80GB          On  |   00000000:81:00.0 Off |                    0 |
| N/A   42C    P0             66W /  500W |       0MiB /  81920MiB |      0%      Default |
|                                         |                        |             Disabled |
+-----------------------------------------+------------------------+----------------------+

+-----------------------------------------------------------------------------------------+
| Processes:                                                                              |
|  GPU   GI   CI              PID   Type   Process name                        GPU Memory |
|        ID   ID                                                               Usage      |
|=========================================================================================|
|  No running processes found                                                             |
+-----------------------------------------------------------------------------------------+
Parameters:
  NUM_PATIENTS: 3000
  BATCH_SIZE: 32
  NUM_EPOCHS: 30
  LEARNING_RATE: 0.0001
  GENERATION_TEMP: 1.3
  TOP_K: 50
INFO: === EHR Generation Training Started ===
INFO: Configuration: {'model_name': 'facebook/bart-base', 'num_patients': 3000, 'max_seq_length': 256, 'batch_size': 32, 'num_epochs': 30, 'learning_rate': 0.0001, 'generation_temp': 1.3, 'generation_max_length': 256, 'num_warmup_steps': 0, 'top_k': 50, 'data_dir': 'data_files', 'mimic_paths': {'patients_path': 'data_files/PATIENTS.csv', 'admissions_path': 'data_files/ADMISSIONS.csv', 'diagnoses_path': 'data_files/DIAGNOSES_ICD.csv'}}
INFO: Using device: cuda
INFO: Loading pretrained BART model: facebook/bart-base
INFO: Added 3 special tokens: <v>, <\v>, <END>
INFO: Resized model embeddings to 50268 tokens
INFO: Loading MIMIC-III data files
INFO: Loaded 46520 patients
INFO: Loaded 58976 admissions
INFO: Loaded 651047 diagnosis records
INFO: Data processing complete. Formatting sequences...
INFO: Sequence formatting complete. Generated 3000 patient sequences
INFO: Average visits per patient: 1.27
INFO: Average tokens per sequence: 19.69
INFO: Sample patient sequences:
INFO: Sample 1: 0 BLACK/AFRICAN AMERICAN M <demo> <v> V3001 76518 76498 7783 7756 V721 <\v> <END>...
INFO: Sample 2: 83 WHITE M <demo> <v> 41401 41091 9982 9971 E8788 4019 <\v> <END>...
INFO: Sample 3: 85 WHITE M <demo> <v> 19889 5780 27651 5849 2800 2762 2639 2760 5762 4019 2720 33829 7245 4414 V1009 V4501 V667 <\v> <END>...
INFO: Sample 4: 0 WHITE M <demo> <v> V3101 769 7742 7793 76516 76525 <\v> <END>...
INFO: Sample 5: 75 WHITE F <demo> <v> 56213 5990 2851 2760 56982 2639 5533 4019 2859 <\v> <END>...
INFO: Created dataset with 3000 samples, 94 batches
INFO: Optimizer: AdamW with lr=0.0001
INFO: Scheduler: linear with 0 warmup steps
INFO: Starting model training for 30 epochs
INFO: Training steps: 2820
INFO: Device: cuda
INFO: Epoch 1/30 completed | Avg Loss: 0.7220
INFO: Epoch 2/30 completed | Avg Loss: 0.1616
INFO: Epoch 3/30 completed | Avg Loss: 0.0524
INFO: Epoch 4/30 completed | Avg Loss: 0.0091
INFO: Epoch 5/30 completed | Avg Loss: 0.0056
INFO: Epoch 6/30 completed | Avg Loss: 0.0060
INFO: Epoch 7/30 completed | Avg Loss: 0.0063
INFO: Epoch 8/30 completed | Avg Loss: 0.0043
INFO: Epoch 9/30 completed | Avg Loss: 0.0079
INFO: Epoch 10/30 completed | Avg Loss: 0.0046
INFO: Epoch 11/30 completed | Avg Loss: 0.0044
INFO: Epoch 12/30 completed | Avg Loss: 0.0025
INFO: Epoch 13/30 completed | Avg Loss: 0.0019
INFO: Epoch 14/30 completed | Avg Loss: 0.0020
INFO: Epoch 15/30 completed | Avg Loss: 0.0023
INFO: Epoch 16/30 completed | Avg Loss: 0.0017
INFO: Epoch 17/30 completed | Avg Loss: 0.0016
INFO: Epoch 18/30 completed | Avg Loss: 0.0020
INFO: Epoch 19/30 completed | Avg Loss: 0.0007
INFO: Epoch 20/30 completed | Avg Loss: 0.0019
INFO: Epoch 21/30 completed | Avg Loss: 0.0011
INFO: Epoch 22/30 completed | Avg Loss: 0.0011
INFO: Epoch 23/30 completed | Avg Loss: 0.0009
INFO: Epoch 24/30 completed | Avg Loss: 0.0007
INFO: Epoch 25/30 completed | Avg Loss: 0.0010
INFO: Epoch 26/30 completed | Avg Loss: 0.0009
INFO: Epoch 27/30 completed | Avg Loss: 0.0008
INFO: Epoch 28/30 completed | Avg Loss: 0.0004
INFO: Epoch 29/30 completed | Avg Loss: 0.0005
INFO: Epoch 30/30 completed | Avg Loss: 0.0010
INFO: Training complete
INFO: Final average loss: 0.0010
INFO: === Generating synthetic patient data ===
INFO: 
--- Sample 1/5 ---
INFO: Generating sequence for prompt: '65 UNABLE TO OBTAIN M <demo>'
INFO: Starting generation with temp=1.3, top_k=50, max_length=256
INFO: Generated token counts - <v>: 2, <\v>: 0, <END>: 1
INFO: Generated sequence (clean): 65 UNABLE TO OBTAIN M <demo> TO OBMA M <Demo> 
INFO: 
--- Sample 2/5 ---
INFO: Generating sequence for prompt: '78 BLACK M <demo>'
INFO: Starting generation with temp=1.3, top_k=50, max_length=256
INFO: Generated token counts - <v>: 1, <\v>: 1, <END>: 1
INFO: Generated sequence (clean): 78 BLACK M <demo> 78 BLACK M3demo+
INFO: 
--- Sample 3/5 ---
INFO: Generating sequence for prompt: '63 UNKNOWN/NOT SPECIFIED F <demo>'
INFO: Starting generation with temp=1.3, top_k=50, max_length=256
INFO: Generated token counts - <v>: 1, <\v>: 0, <END>: 1
INFO: Generated sequence (clean): 63 UNKNOWN/NOT SPECIFIED F <demo>
INFO: 
--- Sample 4/5 ---
INFO: Generating sequence for prompt: '31 BLACK F <demo>'
INFO: Starting generation with temp=1.3, top_k=50, max_length=256
INFO: Generated token counts - <v>: 1, <\v>: 1, <END>: 1
INFO: Generated sequence (clean): 31 BLACK F <demo>
INFO: 
--- Sample 5/5 ---
INFO: Generating sequence for prompt: '60 ASIAN M <demo>'
INFO: Starting generation with temp=1.3, top_k=50, max_length=256
INFO: Generated token counts - <v>: 1, <\v>: 1, <END>: 1
INFO: Generated sequence (clean): 60 ASIAN M <demo> 60 ASIAN E <demois>
INFO: === Training and generation complete ===
End Time: Thu Oct  9 05:55:56 CDT 2025
Exit Code: 0
