2025-10-09 03:38:02 | INFO     | <module>:562 | === EHR Generation Training Started ===
2025-10-09 03:38:02 | INFO     | <module>:583 | Configuration: {'model_name': 'facebook/bart-base', 'num_patients': 3000, 'max_seq_length': 256, 'batch_size': 16, 'num_epochs': 30, 'learning_rate': 5e-05, 'generation_temp': 1.0, 'generation_max_length': 256, 'num_warmup_steps': 0, 'top_k': 50, 'data_dir': 'data_files', 'mimic_paths': {'patients_path': 'data_files/PATIENTS.csv', 'admissions_path': 'data_files/ADMISSIONS.csv', 'diagnoses_path': 'data_files/DIAGNOSES_ICD.csv'}}
2025-10-09 03:38:02 | INFO     | <module>:587 | Using device: cuda
2025-10-09 03:38:02 | INFO     | <module>:590 | Loading pretrained BART model: facebook/bart-base
2025-10-09 03:38:03 | INFO     | <module>:599 | Added 3 special tokens: <v>, <\v>, <END>
2025-10-09 03:38:03 | INFO     | <module>:603 | Resized model embeddings to 50268 tokens
2025-10-09 03:38:03 | DEBUG    | <module>:606 | Token ID for <v>: 50265
2025-10-09 03:38:03 | DEBUG    | <module>:607 | Token ID for <\v>: 50266
2025-10-09 03:38:03 | DEBUG    | <module>:608 | Token ID for <END>: 50267
2025-10-09 03:38:03 | INFO     | load_and_format_mimic_data:147 | Loading MIMIC-III data files
2025-10-09 03:38:03 | DEBUG    | load_and_format_mimic_data:148 | Patients: data_files/PATIENTS.csv
2025-10-09 03:38:03 | DEBUG    | load_and_format_mimic_data:149 | Admissions: data_files/ADMISSIONS.csv
2025-10-09 03:38:03 | DEBUG    | load_and_format_mimic_data:150 | Diagnoses: data_files/DIAGNOSES_ICD.csv
2025-10-09 03:38:03 | INFO     | load_and_format_mimic_data:155 | Loaded 46520 patients
2025-10-09 03:38:03 | INFO     | load_and_format_mimic_data:158 | Loaded 58976 admissions
2025-10-09 03:38:04 | INFO     | load_and_format_mimic_data:161 | Loaded 651047 diagnosis records
2025-10-09 03:38:04 | INFO     | load_and_format_mimic_data:219 | Data processing complete. Formatting sequences...
2025-10-09 03:38:06 | INFO     | load_and_format_mimic_data:258 | Sequence formatting complete. Generated 3000 patient sequences
2025-10-09 03:38:06 | DEBUG    | load_and_format_mimic_data:262 | Sample sequence: 0 ASIAN M <demo> <v> V3001 V053 V290 <\v> <END>...
2025-10-09 03:38:06 | INFO     | load_and_format_mimic_data:267 | Average visits per patient: 1.27
2025-10-09 03:38:06 | INFO     | load_and_format_mimic_data:268 | Average tokens per sequence: 19.69
2025-10-09 03:38:06 | INFO     | <module>:622 | Sample patient sequences:
2025-10-09 03:38:06 | INFO     | <module>:624 | Sample 1: 86 WHITE F <demo> <v> 85221 42731 3960 3970 5990 2536 4019 E8859 <\v> <v> 85220 4280 42731 4241 4019 E8859 <\v> <END>...
2025-10-09 03:38:06 | INFO     | <module>:624 | Sample 2: 38 WHITE M <demo> <v> 9351 E911 53019 53560 <\v> <END>...
2025-10-09 03:38:06 | INFO     | <module>:624 | Sample 3: 0 WHITE F <demo> <v> V3101 7756 7793 76408 7783 V053 V290 V293 <\v> <END>...
2025-10-09 03:38:06 | INFO     | <module>:624 | Sample 4: 64 WHITE F <demo> <v> 4241 9971 42731 496 4280 4168 2859 <\v> <END>...
2025-10-09 03:38:06 | INFO     | <module>:624 | Sample 5: 0 ASIAN M <demo> <v> V3000 74860 77989 <\v> <END>...
2025-10-09 03:38:06 | DEBUG    | __init__:294 | First sequence length: 24 tokens
2025-10-09 03:38:06 | DEBUG    | __init__:295 | Pad token ID: 1
2025-10-09 03:38:06 | INFO     | <module>:628 | Created dataset with 3000 samples, 188 batches
2025-10-09 03:38:06 | INFO     | <module>:639 | Optimizer: AdamW with lr=5e-05
2025-10-09 03:38:06 | INFO     | <module>:640 | Scheduler: linear with 0 warmup steps
2025-10-09 03:38:07 | INFO     | train_model:351 | Starting model training for 30 epochs
2025-10-09 03:38:07 | INFO     | train_model:352 | Training steps: 5640
2025-10-09 03:38:07 | INFO     | train_model:353 | Device: cuda
2025-10-09 03:38:07 | DEBUG    | train_model:372 | First batch input_ids shape: torch.Size([16, 256])
2025-10-09 03:38:07 | DEBUG    | train_model:373 | First batch labels shape: torch.Size([16, 256])
2025-10-09 03:38:07 | DEBUG    | train_model:374 | First batch attention_mask shape: torch.Size([16, 256])
2025-10-09 03:38:07 | DEBUG    | train_model:375 | Initial loss: 2.4028
2025-10-09 03:38:07 | DEBUG    | train_model:382 | Special tokens in first batch: {'pad': 3388, 'masked_labels': 3388}
2025-10-09 03:38:54 | INFO     | train_model:401 | Epoch 1/30 completed | Avg Loss: 0.6678
2025-10-09 03:39:40 | INFO     | train_model:401 | Epoch 2/30 completed | Avg Loss: 0.0982
2025-10-09 03:40:27 | INFO     | train_model:401 | Epoch 3/30 completed | Avg Loss: 0.0307
2025-10-09 03:41:13 | INFO     | train_model:401 | Epoch 4/30 completed | Avg Loss: 0.0172
2025-10-09 03:42:00 | INFO     | train_model:401 | Epoch 5/30 completed | Avg Loss: 0.0138
2025-10-09 03:42:46 | INFO     | train_model:401 | Epoch 6/30 completed | Avg Loss: 0.0049
2025-10-09 03:43:33 | INFO     | train_model:401 | Epoch 7/30 completed | Avg Loss: 0.0102
2025-10-09 03:44:19 | INFO     | train_model:401 | Epoch 8/30 completed | Avg Loss: 0.0055
2025-10-09 03:45:06 | INFO     | train_model:401 | Epoch 9/30 completed | Avg Loss: 0.0039
2025-10-09 03:45:52 | INFO     | train_model:401 | Epoch 10/30 completed | Avg Loss: 0.0038
2025-10-09 03:46:39 | INFO     | train_model:401 | Epoch 11/30 completed | Avg Loss: 0.0028
2025-10-09 03:47:26 | INFO     | train_model:401 | Epoch 12/30 completed | Avg Loss: 0.0017
2025-10-09 03:48:12 | INFO     | train_model:401 | Epoch 13/30 completed | Avg Loss: 0.0016
2025-10-09 03:48:59 | INFO     | train_model:401 | Epoch 14/30 completed | Avg Loss: 0.0028
2025-10-09 03:49:45 | INFO     | train_model:401 | Epoch 15/30 completed | Avg Loss: 0.0025
2025-10-09 03:50:32 | INFO     | train_model:401 | Epoch 16/30 completed | Avg Loss: 0.0015
2025-10-09 03:51:18 | INFO     | train_model:401 | Epoch 17/30 completed | Avg Loss: 0.0011
2025-10-09 03:52:05 | INFO     | train_model:401 | Epoch 18/30 completed | Avg Loss: 0.0015
2025-10-09 03:52:51 | INFO     | train_model:401 | Epoch 19/30 completed | Avg Loss: 0.0014
2025-10-09 03:53:38 | INFO     | train_model:401 | Epoch 20/30 completed | Avg Loss: 0.0014
2025-10-09 03:54:24 | INFO     | train_model:401 | Epoch 21/30 completed | Avg Loss: 0.0013
2025-10-09 03:55:11 | INFO     | train_model:401 | Epoch 22/30 completed | Avg Loss: 0.0012
2025-10-09 03:55:57 | INFO     | train_model:401 | Epoch 23/30 completed | Avg Loss: 0.0012
2025-10-09 03:56:44 | INFO     | train_model:401 | Epoch 24/30 completed | Avg Loss: 0.0009
2025-10-09 03:57:31 | INFO     | train_model:401 | Epoch 25/30 completed | Avg Loss: 0.0008
2025-10-09 03:58:17 | INFO     | train_model:401 | Epoch 26/30 completed | Avg Loss: 0.0002
2025-10-09 03:59:04 | INFO     | train_model:401 | Epoch 27/30 completed | Avg Loss: 0.0007
2025-10-09 03:59:50 | INFO     | train_model:401 | Epoch 28/30 completed | Avg Loss: 0.0005
2025-10-09 04:00:37 | INFO     | train_model:401 | Epoch 29/30 completed | Avg Loss: 0.0002
2025-10-09 04:01:23 | INFO     | train_model:401 | Epoch 30/30 completed | Avg Loss: 0.0004
2025-10-09 04:01:23 | INFO     | train_model:403 | Training complete
2025-10-09 04:01:23 | INFO     | train_model:404 | Final average loss: 0.0004
2025-10-09 04:01:23 | DEBUG    | train_model:405 | Loss history: [0.6678123461042947, 0.09820815419500813, 0.030692877000237397, 0.017173445273309627, 0.013799002026876514, 0.004895400231458901, 0.010235757786505657, 0.005522400066454677, 0.003925014590037036, 0.0038134747774939627, 0.0027558231613898474, 0.00166475542705194, 0.0016411581650088998, 0.0028365552464086423, 0.002464741055015846, 0.0015430593364029884, 0.0011411053674237337, 0.0014549520010985633, 0.0014048859141420256, 0.0014192379205772514, 0.0013396621685155589, 0.0012205608246075189, 0.001168379447413014, 0.000879181936513905, 0.0008067050554753688, 0.0002174253592997086, 0.0007053547864067715, 0.0005314929097794254, 0.00016459718206030455, 0.0004215204461364378]
2025-10-09 04:01:23 | INFO     | <module>:654 | === Generating synthetic patient data ===
2025-10-09 04:01:23 | INFO     | <module>:663 | 
--- Sample 1/5 ---
2025-10-09 04:01:23 | INFO     | generate_patient_sequence:443 | Generating sequence for prompt: '36 WHITE F <demo>'
2025-10-09 04:01:23 | DEBUG    | generate_patient_sequence:447 | Prompt token IDs: [0, 3367, 38503, 274, 28696, 12789, 139, 15698, 2]
2025-10-09 04:01:23 | DEBUG    | generate_patient_sequence:448 | Prompt tokens: ['<s>', '36', ' WHITE', ' F', ' <', 'dem', 'o', '>', '</s>']
2025-10-09 04:01:23 | DEBUG    | generate_patient_sequence:457 | Special token IDs - <v>: 50265, <\v>: 50266, <END>: 50267, PAD: 1, EOS: 2
2025-10-09 04:01:23 | DEBUG    | generate_patient_sequence:464 | Initial decoder input (with forced <v>): [0, 3367, 38503, 274, 28696, 12789, 139, 15698, 2, 50265]
2025-10-09 04:01:23 | DEBUG    | generate_patient_sequence:478 | After prompt, probability of <v>: 0.000173
2025-10-09 04:01:23 | DEBUG    | generate_patient_sequence:479 | After prompt, probability of <END>: 0.000070
2025-10-09 04:01:23 | DEBUG    | generate_patient_sequence:480 | After prompt, probability of PAD: 0.000000
2025-10-09 04:01:23 | DEBUG    | generate_patient_sequence:481 | After prompt, probability of EOS: 0.286832
2025-10-09 04:01:23 | DEBUG    | generate_patient_sequence:485 | Top 20 next token predictions after prompt:
2025-10-09 04:01:23 | DEBUG    | generate_patient_sequence:503 |   Rank 1: 36                   | Prob: 0.576134 | ID: 3367
2025-10-09 04:01:23 | DEBUG    | generate_patient_sequence:503 |   Rank 2: <EOS>                | Prob: 0.286832 | ID: 2
2025-10-09 04:01:23 | DEBUG    | generate_patient_sequence:503 |   Rank 3:  WHITE               | Prob: 0.131153 | ID: 38503
2025-10-09 04:01:23 | DEBUG    | generate_patient_sequence:503 |   Rank 4:  36                  | Prob: 0.000520 | ID: 2491
2025-10-09 04:01:23 | DEBUG    | generate_patient_sequence:503 |   Rank 5: 01                   | Prob: 0.000514 | ID: 2663
2025-10-09 04:01:23 | DEBUG    | generate_patient_sequence:503 |   Rank 6: 68                   | Prob: 0.000398 | ID: 4671
2025-10-09 04:01:23 | DEBUG    | generate_patient_sequence:503 |   Rank 7:  348                 | Prob: 0.000327 | ID: 41097
2025-10-09 04:01:23 | DEBUG    | generate_patient_sequence:503 |   Rank 8:  BLACK               | Prob: 0.000308 | ID: 34101
2025-10-09 04:01:23 | DEBUG    | generate_patient_sequence:503 |   Rank 9: 12                   | Prob: 0.000181 | ID: 1092
2025-10-09 04:01:23 | DEBUG    | generate_patient_sequence:503 |   Rank 10: <v>                  | Prob: 0.000173 | ID: 50265
2025-10-09 04:01:23 | DEBUG    | generate_patient_sequence:503 |   Rank 11: 24                   | Prob: 0.000156 | ID: 1978
2025-10-09 04:01:23 | DEBUG    | generate_patient_sequence:503 |   Rank 12: 34                   | Prob: 0.000130 | ID: 3079
2025-10-09 04:01:23 | DEBUG    | generate_patient_sequence:503 |   Rank 13: <\v>                 | Prob: 0.000122 | ID: 50266
2025-10-09 04:01:23 | DEBUG    | generate_patient_sequence:503 |   Rank 14: 59                   | Prob: 0.000096 | ID: 4156
2025-10-09 04:01:23 | DEBUG    | generate_patient_sequence:503 |   Rank 15: <END>                | Prob: 0.000070 | ID: 50267
2025-10-09 04:01:23 | DEBUG    | generate_patient_sequence:503 |   Rank 16: 96                   | Prob: 0.000070 | ID: 5607
2025-10-09 04:01:23 | DEBUG    | generate_patient_sequence:503 |   Rank 17: 101                  | Prob: 0.000069 | ID: 12636
2025-10-09 04:01:23 | DEBUG    | generate_patient_sequence:503 |   Rank 18: 35                   | Prob: 0.000068 | ID: 2022
2025-10-09 04:01:23 | DEBUG    | generate_patient_sequence:503 |   Rank 19: 48                   | Prob: 0.000067 | ID: 3818
2025-10-09 04:01:23 | DEBUG    | generate_patient_sequence:503 |   Rank 20: 8                    | Prob: 0.000064 | ID: 398
2025-10-09 04:01:23 | INFO     | generate_patient_sequence:507 | Starting generation with temp=1.0, top_k=50, max_length=256
2025-10-09 04:01:24 | DEBUG    | generate_patient_sequence:520 | Generated token IDs: [2, 0, 3367, 38503, 274, 28696, 12789, 139, 15698, 2, 50265, 2, 2, 38503, 274, 15698, 2, 12789, 139, 2, 2, 2, 50266, 2, 50267]
2025-10-09 04:01:24 | DEBUG    | generate_patient_sequence:521 | Generated length: 25 tokens
2025-10-09 04:01:24 | INFO     | generate_patient_sequence:529 | Generated token counts - <v>: 1, <\v>: 1, <END>: 1
2025-10-09 04:01:24 | DEBUG    | generate_patient_sequence:537 | Raw generated sequence: </s><s>36 WHITE F <demo></s> <v> </s></s> WHITE F></s>demo</s></s></s> <\v> </s> <END>
2025-10-09 04:01:24 | INFO     | generate_patient_sequence:540 | Generated sequence (clean): 36 WHITE F <demo> WHITE F>demo
2025-10-09 04:01:24 | INFO     | <module>:663 | 
--- Sample 2/5 ---
2025-10-09 04:01:24 | INFO     | generate_patient_sequence:443 | Generating sequence for prompt: '23 UNABLE TO OBTAIN M <demo>'
2025-10-09 04:01:24 | DEBUG    | generate_patient_sequence:447 | Prompt token IDs: [0, 1922, 121, 4444, 30876, 3842, 28214, 23177, 256, 28696, 12789, 139, 15698, 2]
2025-10-09 04:01:24 | DEBUG    | generate_patient_sequence:448 | Prompt tokens: ['<s>', '23', ' U', 'NA', 'BLE', ' TO', ' OB', 'TAIN', ' M', ' <', 'dem', 'o', '>', '</s>']
2025-10-09 04:01:24 | DEBUG    | generate_patient_sequence:457 | Special token IDs - <v>: 50265, <\v>: 50266, <END>: 50267, PAD: 1, EOS: 2
2025-10-09 04:01:24 | DEBUG    | generate_patient_sequence:464 | Initial decoder input (with forced <v>): [0, 1922, 121, 4444, 30876, 3842, 28214, 23177, 256, 28696, 12789, 139, 15698, 2, 50265]
2025-10-09 04:01:24 | DEBUG    | generate_patient_sequence:478 | After prompt, probability of <v>: 0.000006
2025-10-09 04:01:24 | DEBUG    | generate_patient_sequence:479 | After prompt, probability of <END>: 0.000004
2025-10-09 04:01:24 | DEBUG    | generate_patient_sequence:480 | After prompt, probability of PAD: 0.000000
2025-10-09 04:01:24 | DEBUG    | generate_patient_sequence:481 | After prompt, probability of EOS: 0.999906
2025-10-09 04:01:24 | DEBUG    | generate_patient_sequence:485 | Top 20 next token predictions after prompt:
2025-10-09 04:01:24 | DEBUG    | generate_patient_sequence:503 |   Rank 1: <EOS>                | Prob: 0.999906 | ID: 2
2025-10-09 04:01:24 | DEBUG    | generate_patient_sequence:503 |   Rank 2: 23                   | Prob: 0.000052 | ID: 1922
2025-10-09 04:01:24 | DEBUG    | generate_patient_sequence:503 |   Rank 3: <v>                  | Prob: 0.000006 | ID: 50265
2025-10-09 04:01:24 | DEBUG    | generate_patient_sequence:503 |   Rank 4: <\v>                 | Prob: 0.000006 | ID: 50266
2025-10-09 04:01:24 | DEBUG    | generate_patient_sequence:503 |   Rank 5: <END>                | Prob: 0.000004 | ID: 50267
2025-10-09 04:01:24 | DEBUG    | generate_patient_sequence:503 |   Rank 6: 43                   | Prob: 0.000002 | ID: 3897
2025-10-09 04:01:24 | DEBUG    | generate_patient_sequence:503 |   Rank 7: 3                    | Prob: 0.000001 | ID: 246
2025-10-09 04:01:24 | DEBUG    | generate_patient_sequence:503 |   Rank 8: 1                    | Prob: 0.000001 | ID: 134
2025-10-09 04:01:24 | DEBUG    | generate_patient_sequence:503 |   Rank 9: 19                   | Prob: 0.000001 | ID: 1646
2025-10-09 04:01:24 | DEBUG    | generate_patient_sequence:503 |   Rank 10: 10                   | Prob: 0.000001 | ID: 698
2025-10-09 04:01:24 | DEBUG    | generate_patient_sequence:503 |   Rank 11: 53                   | Prob: 0.000001 | ID: 4540
2025-10-09 04:01:24 | DEBUG    | generate_patient_sequence:503 |   Rank 12: 0                    | Prob: 0.000001 | ID: 288
2025-10-09 04:01:24 | DEBUG    | generate_patient_sequence:503 |   Rank 13: 01                   | Prob: 0.000001 | ID: 2663
2025-10-09 04:01:24 | DEBUG    | generate_patient_sequence:503 |   Rank 14: dem                  | Prob: 0.000001 | ID: 12789
2025-10-09 04:01:24 | DEBUG    | generate_patient_sequence:503 |   Rank 15: 21                   | Prob: 0.000001 | ID: 2146
2025-10-09 04:01:24 | DEBUG    | generate_patient_sequence:503 |   Rank 16: 7                    | Prob: 0.000000 | ID: 406
2025-10-09 04:01:24 | DEBUG    | generate_patient_sequence:503 |   Rank 17: 11                   | Prob: 0.000000 | ID: 1225
2025-10-09 04:01:24 | DEBUG    | generate_patient_sequence:503 |   Rank 18: 15                   | Prob: 0.000000 | ID: 996
2025-10-09 04:01:24 | DEBUG    | generate_patient_sequence:503 |   Rank 19: I                    | Prob: 0.000000 | ID: 100
2025-10-09 04:01:24 | DEBUG    | generate_patient_sequence:503 |   Rank 20: 00                   | Prob: 0.000000 | ID: 612
2025-10-09 04:01:24 | INFO     | generate_patient_sequence:507 | Starting generation with temp=1.0, top_k=50, max_length=256
2025-10-09 04:01:24 | DEBUG    | generate_patient_sequence:520 | Generated token IDs: [2, 0, 1922, 121, 4444, 30876, 3842, 28214, 23177, 256, 28696, 12789, 139, 15698, 2, 50265, 2, 50267]
2025-10-09 04:01:24 | DEBUG    | generate_patient_sequence:521 | Generated length: 18 tokens
2025-10-09 04:01:24 | INFO     | generate_patient_sequence:529 | Generated token counts - <v>: 1, <\v>: 0, <END>: 1
2025-10-09 04:01:24 | DEBUG    | generate_patient_sequence:537 | Raw generated sequence: </s><s>23 UNABLE TO OBTAIN M <demo></s> <v> </s> <END>
2025-10-09 04:01:24 | INFO     | generate_patient_sequence:540 | Generated sequence (clean): 23 UNABLE TO OBTAIN M <demo>
2025-10-09 04:01:24 | INFO     | <module>:663 | 
--- Sample 3/5 ---
2025-10-09 04:01:24 | INFO     | generate_patient_sequence:443 | Generating sequence for prompt: '33 WHITE M <demo>'
2025-10-09 04:01:24 | DEBUG    | generate_patient_sequence:447 | Prompt token IDs: [0, 3103, 38503, 256, 28696, 12789, 139, 15698, 2]
2025-10-09 04:01:24 | DEBUG    | generate_patient_sequence:448 | Prompt tokens: ['<s>', '33', ' WHITE', ' M', ' <', 'dem', 'o', '>', '</s>']
2025-10-09 04:01:24 | DEBUG    | generate_patient_sequence:457 | Special token IDs - <v>: 50265, <\v>: 50266, <END>: 50267, PAD: 1, EOS: 2
2025-10-09 04:01:24 | DEBUG    | generate_patient_sequence:464 | Initial decoder input (with forced <v>): [0, 3103, 38503, 256, 28696, 12789, 139, 15698, 2, 50265]
2025-10-09 04:01:24 | DEBUG    | generate_patient_sequence:478 | After prompt, probability of <v>: 0.000060
2025-10-09 04:01:24 | DEBUG    | generate_patient_sequence:479 | After prompt, probability of <END>: 0.000026
2025-10-09 04:01:24 | DEBUG    | generate_patient_sequence:480 | After prompt, probability of PAD: 0.000000
2025-10-09 04:01:24 | DEBUG    | generate_patient_sequence:481 | After prompt, probability of EOS: 0.481325
2025-10-09 04:01:24 | DEBUG    | generate_patient_sequence:485 | Top 20 next token predictions after prompt:
2025-10-09 04:01:24 | DEBUG    | generate_patient_sequence:503 |   Rank 1: 33                   | Prob: 0.517334 | ID: 3103
2025-10-09 04:01:24 | DEBUG    | generate_patient_sequence:503 |   Rank 2: <EOS>                | Prob: 0.481325 | ID: 2
2025-10-09 04:01:24 | DEBUG    | generate_patient_sequence:503 |   Rank 3:  33                  | Prob: 0.000229 | ID: 2357
2025-10-09 04:01:24 | DEBUG    | generate_patient_sequence:503 |   Rank 4: 43                   | Prob: 0.000097 | ID: 3897
2025-10-09 04:01:24 | DEBUG    | generate_patient_sequence:503 |   Rank 5: <v>                  | Prob: 0.000060 | ID: 50265
2025-10-09 04:01:24 | DEBUG    | generate_patient_sequence:503 |   Rank 6: 3                    | Prob: 0.000052 | ID: 246
2025-10-09 04:01:24 | DEBUG    | generate_patient_sequence:503 |   Rank 7: 32                   | Prob: 0.000047 | ID: 2881
2025-10-09 04:01:24 | DEBUG    | generate_patient_sequence:503 |   Rank 8: 53                   | Prob: 0.000041 | ID: 4540
2025-10-09 04:01:24 | DEBUG    | generate_patient_sequence:503 |   Rank 9: <\v>                 | Prob: 0.000035 | ID: 50266
2025-10-09 04:01:24 | DEBUG    | generate_patient_sequence:503 |   Rank 10: 63                   | Prob: 0.000027 | ID: 5449
2025-10-09 04:01:24 | DEBUG    | generate_patient_sequence:503 |   Rank 11: <END>                | Prob: 0.000026 | ID: 50267
2025-10-09 04:01:24 | DEBUG    | generate_patient_sequence:503 |   Rank 12: 83                   | Prob: 0.000024 | ID: 6361
2025-10-09 04:01:24 | DEBUG    | generate_patient_sequence:503 |   Rank 13: 30                   | Prob: 0.000023 | ID: 541
2025-10-09 04:01:24 | DEBUG    | generate_patient_sequence:503 |   Rank 14: 23                   | Prob: 0.000023 | ID: 1922
2025-10-09 04:01:24 | DEBUG    | generate_patient_sequence:503 |   Rank 15: 73                   | Prob: 0.000020 | ID: 5352
2025-10-09 04:01:24 | DEBUG    | generate_patient_sequence:503 |   Rank 16: 07                   | Prob: 0.000018 | ID: 3570
2025-10-09 04:01:24 | DEBUG    | generate_patient_sequence:503 |   Rank 17: 34                   | Prob: 0.000017 | ID: 3079
2025-10-09 04:01:24 | DEBUG    | generate_patient_sequence:503 |   Rank 18: 3000                 | Prob: 0.000016 | ID: 31640
2025-10-09 04:01:24 | DEBUG    | generate_patient_sequence:503 |   Rank 19: 38                   | Prob: 0.000015 | ID: 3170
2025-10-09 04:01:24 | DEBUG    | generate_patient_sequence:503 |   Rank 20: 15                   | Prob: 0.000015 | ID: 996
2025-10-09 04:01:24 | INFO     | generate_patient_sequence:507 | Starting generation with temp=1.0, top_k=50, max_length=256
2025-10-09 04:01:24 | DEBUG    | generate_patient_sequence:520 | Generated token IDs: [2, 0, 3103, 38503, 256, 28696, 12789, 139, 15698, 2, 50265, 2, 2, 2, 50266, 2, 2, 50267]
2025-10-09 04:01:24 | DEBUG    | generate_patient_sequence:521 | Generated length: 18 tokens
2025-10-09 04:01:24 | INFO     | generate_patient_sequence:529 | Generated token counts - <v>: 1, <\v>: 1, <END>: 1
2025-10-09 04:01:24 | DEBUG    | generate_patient_sequence:537 | Raw generated sequence: </s><s>33 WHITE M <demo></s> <v> </s></s></s> <\v> </s></s> <END>
2025-10-09 04:01:24 | INFO     | generate_patient_sequence:540 | Generated sequence (clean): 33 WHITE M <demo>
2025-10-09 04:01:24 | INFO     | <module>:663 | 
--- Sample 4/5 ---
2025-10-09 04:01:24 | INFO     | generate_patient_sequence:443 | Generating sequence for prompt: '30 HISPANIC OR LATINO F <demo>'
2025-10-09 04:01:24 | DEBUG    | generate_patient_sequence:447 | Prompt token IDs: [0, 541, 37350, 510, 1889, 2371, 6532, 21455, 30535, 274, 28696, 12789, 139, 15698, 2]
2025-10-09 04:01:24 | DEBUG    | generate_patient_sequence:448 | Prompt tokens: ['<s>', '30', ' HIS', 'P', 'AN', 'IC', ' OR', ' LAT', 'INO', ' F', ' <', 'dem', 'o', '>', '</s>']
2025-10-09 04:01:24 | DEBUG    | generate_patient_sequence:457 | Special token IDs - <v>: 50265, <\v>: 50266, <END>: 50267, PAD: 1, EOS: 2
2025-10-09 04:01:24 | DEBUG    | generate_patient_sequence:464 | Initial decoder input (with forced <v>): [0, 541, 37350, 510, 1889, 2371, 6532, 21455, 30535, 274, 28696, 12789, 139, 15698, 2, 50265]
2025-10-09 04:01:24 | DEBUG    | generate_patient_sequence:478 | After prompt, probability of <v>: 0.000010
2025-10-09 04:01:24 | DEBUG    | generate_patient_sequence:479 | After prompt, probability of <END>: 0.000014
2025-10-09 04:01:24 | DEBUG    | generate_patient_sequence:480 | After prompt, probability of PAD: 0.000000
2025-10-09 04:01:24 | DEBUG    | generate_patient_sequence:481 | After prompt, probability of EOS: 0.999958
2025-10-09 04:01:24 | DEBUG    | generate_patient_sequence:485 | Top 20 next token predictions after prompt:
2025-10-09 04:01:24 | DEBUG    | generate_patient_sequence:503 |   Rank 1: <EOS>                | Prob: 0.999958 | ID: 2
2025-10-09 04:01:24 | DEBUG    | generate_patient_sequence:503 |   Rank 2: <END>                | Prob: 0.000014 | ID: 50267
2025-10-09 04:01:24 | DEBUG    | generate_patient_sequence:503 |   Rank 3: <\v>                 | Prob: 0.000010 | ID: 50266
2025-10-09 04:01:24 | DEBUG    | generate_patient_sequence:503 |   Rank 4: <v>                  | Prob: 0.000010 | ID: 50265
2025-10-09 04:01:24 | DEBUG    | generate_patient_sequence:503 |   Rank 5: 30                   | Prob: 0.000001 | ID: 541
2025-10-09 04:01:24 | DEBUG    | generate_patient_sequence:503 |   Rank 6: dem                  | Prob: 0.000000 | ID: 12789
2025-10-09 04:01:24 | DEBUG    | generate_patient_sequence:503 |   Rank 7: P                    | Prob: 0.000000 | ID: 510
2025-10-09 04:01:24 | DEBUG    | generate_patient_sequence:503 |   Rank 8: 0                    | Prob: 0.000000 | ID: 288
2025-10-09 04:01:24 | DEBUG    | generate_patient_sequence:503 |   Rank 9: 3                    | Prob: 0.000000 | ID: 246
2025-10-09 04:01:24 | DEBUG    | generate_patient_sequence:503 |   Rank 10:  V                   | Prob: 0.000000 | ID: 468
2025-10-09 04:01:24 | DEBUG    | generate_patient_sequence:503 |   Rank 11: 10                   | Prob: 0.000000 | ID: 698
2025-10-09 04:01:24 | DEBUG    | generate_patient_sequence:503 |   Rank 12: 01                   | Prob: 0.000000 | ID: 2663
2025-10-09 04:01:24 | DEBUG    | generate_patient_sequence:503 |   Rank 13:                      | Prob: 0.000000 | ID: 1437
2025-10-09 04:01:24 | DEBUG    | generate_patient_sequence:503 |   Rank 14: 15                   | Prob: 0.000000 | ID: 996
2025-10-09 04:01:24 | DEBUG    | generate_patient_sequence:503 |   Rank 15: 20                   | Prob: 0.000000 | ID: 844
2025-10-09 04:01:24 | DEBUG    | generate_patient_sequence:503 |   Rank 16: 1                    | Prob: 0.000000 | ID: 134
2025-10-09 04:01:24 | DEBUG    | generate_patient_sequence:503 |   Rank 17: L                    | Prob: 0.000000 | ID: 574
2025-10-09 04:01:24 | DEBUG    | generate_patient_sequence:503 |   Rank 18: 70                   | Prob: 0.000000 | ID: 3083
2025-10-09 04:01:24 | DEBUG    | generate_patient_sequence:503 |   Rank 19: AN                   | Prob: 0.000000 | ID: 1889
2025-10-09 04:01:24 | DEBUG    | generate_patient_sequence:503 |   Rank 20: N                    | Prob: 0.000000 | ID: 487
2025-10-09 04:01:24 | INFO     | generate_patient_sequence:507 | Starting generation with temp=1.0, top_k=50, max_length=256
2025-10-09 04:01:24 | DEBUG    | generate_patient_sequence:520 | Generated token IDs: [2, 0, 541, 37350, 510, 1889, 2371, 6532, 21455, 30535, 274, 28696, 12789, 139, 15698, 2, 50265, 2, 2, 2, 50266, 2, 50267]
2025-10-09 04:01:24 | DEBUG    | generate_patient_sequence:521 | Generated length: 23 tokens
2025-10-09 04:01:24 | INFO     | generate_patient_sequence:529 | Generated token counts - <v>: 1, <\v>: 1, <END>: 1
2025-10-09 04:01:24 | DEBUG    | generate_patient_sequence:537 | Raw generated sequence: </s><s>30 HISPANIC OR LATINO F <demo></s> <v> </s></s></s> <\v> </s> <END>
2025-10-09 04:01:24 | INFO     | generate_patient_sequence:540 | Generated sequence (clean): 30 HISPANIC OR LATINO F <demo>
2025-10-09 04:01:24 | INFO     | <module>:663 | 
--- Sample 5/5 ---
2025-10-09 04:01:24 | INFO     | generate_patient_sequence:443 | Generating sequence for prompt: '82 BLACK M <demo>'
2025-10-09 04:01:24 | DEBUG    | generate_patient_sequence:447 | Prompt token IDs: [0, 6551, 34101, 256, 28696, 12789, 139, 15698, 2]
2025-10-09 04:01:24 | DEBUG    | generate_patient_sequence:448 | Prompt tokens: ['<s>', '82', ' BLACK', ' M', ' <', 'dem', 'o', '>', '</s>']
2025-10-09 04:01:24 | DEBUG    | generate_patient_sequence:457 | Special token IDs - <v>: 50265, <\v>: 50266, <END>: 50267, PAD: 1, EOS: 2
2025-10-09 04:01:24 | DEBUG    | generate_patient_sequence:464 | Initial decoder input (with forced <v>): [0, 6551, 34101, 256, 28696, 12789, 139, 15698, 2, 50265]
2025-10-09 04:01:24 | DEBUG    | generate_patient_sequence:478 | After prompt, probability of <v>: 0.000001
2025-10-09 04:01:24 | DEBUG    | generate_patient_sequence:479 | After prompt, probability of <END>: 0.000000
2025-10-09 04:01:24 | DEBUG    | generate_patient_sequence:480 | After prompt, probability of PAD: 0.000000
2025-10-09 04:01:24 | DEBUG    | generate_patient_sequence:481 | After prompt, probability of EOS: 0.001516
2025-10-09 04:01:24 | DEBUG    | generate_patient_sequence:485 | Top 20 next token predictions after prompt:
2025-10-09 04:01:24 | DEBUG    | generate_patient_sequence:503 |   Rank 1: 82                   | Prob: 0.998317 | ID: 6551
2025-10-09 04:01:24 | DEBUG    | generate_patient_sequence:503 |   Rank 2: <EOS>                | Prob: 0.001516 | ID: 2
2025-10-09 04:01:24 | DEBUG    | generate_patient_sequence:503 |   Rank 3:  82                  | Prob: 0.000049 | ID: 7383
2025-10-09 04:01:24 | DEBUG    | generate_patient_sequence:503 |   Rank 4: 81                   | Prob: 0.000015 | ID: 6668
2025-10-09 04:01:24 | DEBUG    | generate_patient_sequence:503 |   Rank 5: 43                   | Prob: 0.000011 | ID: 3897
2025-10-09 04:01:24 | DEBUG    | generate_patient_sequence:503 |   Rank 6: 242                  | Prob: 0.000009 | ID: 28698
2025-10-09 04:01:24 | DEBUG    | generate_patient_sequence:503 |   Rank 7: 102                  | Prob: 0.000006 | ID: 17024
2025-10-09 04:01:24 | DEBUG    | generate_patient_sequence:503 |   Rank 8: 83                   | Prob: 0.000005 | ID: 6361
2025-10-09 04:01:24 | DEBUG    | generate_patient_sequence:503 |   Rank 9: 682                  | Prob: 0.000004 | ID: 39593
2025-10-09 04:01:24 | DEBUG    | generate_patient_sequence:503 |   Rank 10: 72                   | Prob: 0.000004 | ID: 4956
2025-10-09 04:01:24 | DEBUG    | generate_patient_sequence:503 |   Rank 11: 86                   | Prob: 0.000003 | ID: 5334
2025-10-09 04:01:24 | DEBUG    | generate_patient_sequence:503 |   Rank 12: dem                  | Prob: 0.000003 | ID: 12789
2025-10-09 04:01:24 | DEBUG    | generate_patient_sequence:503 |   Rank 13: 84                   | Prob: 0.000003 | ID: 6232
2025-10-09 04:01:24 | DEBUG    | generate_patient_sequence:503 |   Rank 14: 42                   | Prob: 0.000002 | ID: 3714
2025-10-09 04:01:24 | DEBUG    | generate_patient_sequence:503 |   Rank 15: 12                   | Prob: 0.000002 | ID: 1092
2025-10-09 04:01:24 | DEBUG    | generate_patient_sequence:503 |   Rank 16: 202                  | Prob: 0.000002 | ID: 25155
2025-10-09 04:01:24 | DEBUG    | generate_patient_sequence:503 |   Rank 17: 120                  | Prob: 0.000002 | ID: 10213
2025-10-09 04:01:24 | DEBUG    | generate_patient_sequence:503 |   Rank 18: 87                   | Prob: 0.000001 | ID: 5677
2025-10-09 04:01:24 | DEBUG    | generate_patient_sequence:503 |   Rank 19: 77                   | Prob: 0.000001 | ID: 4718
2025-10-09 04:01:24 | DEBUG    | generate_patient_sequence:503 |   Rank 20: 002                  | Prob: 0.000001 | ID: 19130
2025-10-09 04:01:24 | INFO     | generate_patient_sequence:507 | Starting generation with temp=1.0, top_k=50, max_length=256
2025-10-09 04:01:24 | DEBUG    | generate_patient_sequence:520 | Generated token IDs: [2, 0, 6551, 34101, 256, 28696, 12789, 139, 15698, 2, 50265, 2, 2, 2, 50267]
2025-10-09 04:01:24 | DEBUG    | generate_patient_sequence:521 | Generated length: 15 tokens
2025-10-09 04:01:24 | INFO     | generate_patient_sequence:529 | Generated token counts - <v>: 1, <\v>: 0, <END>: 1
2025-10-09 04:01:24 | DEBUG    | generate_patient_sequence:537 | Raw generated sequence: </s><s>82 BLACK M <demo></s> <v> </s></s></s> <END>
2025-10-09 04:01:24 | INFO     | generate_patient_sequence:540 | Generated sequence (clean): 82 BLACK M <demo>
2025-10-09 04:01:24 | INFO     | <module>:677 | === Training and generation complete ===
