Job ID: 5212516
Job Name: ehr_e15_lr0.0001
Node: ccc0465
CUDA_VISIBLE_DEVICES: 0
Start Time: Fri Oct 10 01:44:35 CDT 2025
Working Directory: /u/jalenj4/pehr_scratch
Fri Oct 10 01:44:35 2025       
+-----------------------------------------------------------------------------------------+
| NVIDIA-SMI 575.57.08              Driver Version: 575.57.08      CUDA Version: 12.9     |
|-----------------------------------------+------------------------+----------------------+
| GPU  Name                 Persistence-M | Bus-Id          Disp.A | Volatile Uncorr. ECC |
| Fan  Temp   Perf          Pwr:Usage/Cap |           Memory-Usage | GPU-Util  Compute M. |
|                                         |                        |               MIG M. |
|=========================================+========================+======================|
|   0  NVIDIA H200                    Off |   00000000:9B:00.0 Off |                    0 |
| N/A   36C    P0             78W /  700W |       0MiB / 143771MiB |      0%      Default |
|                                         |                        |             Disabled |
+-----------------------------------------+------------------------+----------------------+
                                                                                         
+-----------------------------------------------------------------------------------------+
| Processes:                                                                              |
|  GPU   GI   CI              PID   Type   Process name                        GPU Memory |
|        ID   ID                                                               Usage      |
|=========================================================================================|
|  No running processes found                                                             |
+-----------------------------------------------------------------------------------------+
Parameters:
  NUM_PATIENTS: 3000
  BATCH_SIZE: 16
  NUM_EPOCHS: 15
  LEARNING_RATE: 0.0001
  GENERATION_TEMP: 1.0
  TOP_K: 50
INFO: === EHR Generation Training Started ===
INFO: Configuration: {'model_name': 'facebook/bart-base', 'num_patients': 3000, 'max_seq_length': 256, 'batch_size': 16, 'num_epochs': 15, 'learning_rate': 0.0001, 'generation_temp': 1.0, 'generation_max_length': 256, 'num_warmup_steps': 0, 'top_k': 50, 'data_dir': 'data_files', 'mimic_paths': {'patients_path': 'data_files/PATIENTS.csv', 'admissions_path': 'data_files/ADMISSIONS.csv', 'diagnoses_path': 'data_files/DIAGNOSES_ICD.csv'}}
INFO: Using device: cuda
INFO: Loading pretrained BART model: facebook/bart-base
INFO: Added 4 special tokens: <demo>, <v>, <\v>, <END>
INFO: Resized model embeddings to 50269 tokens
INFO: Initialized 4 new embeddings from pretrained mean
INFO: Loading MIMIC-III data files
INFO: Loaded 46520 patients
INFO: Loaded 58976 admissions
INFO: Loaded 651047 diagnosis records
INFO: Data processing complete. Formatting sequences...
INFO: Sequence formatting complete. Generated 3000 patient sequences
INFO: Average visits per patient: 1.27
INFO: Average tokens per sequence: 19.69
INFO: Sample patient sequences:
INFO: Sample 1: 76 WHITE M <demo> <v> 4241 4111 496 41401 V1046 4019 5920 51889 <\v> <END>...
INFO: Sample 2: 56 WHITE F <demo> <v> 99662 03811 78552 99592 78820 2762 25051 25061 25011 <\v> <v> 6820 42832 1749 V5867 V4585 41401 V4582 2724 2449 4019 311 4280 25...
INFO: Sample 3: 70 WHITE M <demo> <v> 5070 23875 2841 25000 <\v> <END>...
INFO: Sample 4: 69 ASIAN M <demo> <v> 5070 48249 5849 1970 1977 4019 4389 2720 V441 <\v> <END>...
INFO: Sample 5: 0 UNKNOWN/NOT SPECIFIED F <demo> <v> V3001 769 7742 7793 6826 76526 76516 77081 5531 22801 V053 V290 <\v> <END>...
INFO: Created dataset with 3000 samples, 188 batches
INFO: Optimizer: AdamW with lr=0.0001
INFO: Scheduler: linear with 0 warmup steps
INFO: Starting model training for 15 epochs
INFO: Training steps: 2820
INFO: Device: cuda
INFO: Epoch 1/15 completed | Avg Loss: 0.6446
INFO: Epoch 2/15 completed | Avg Loss: 0.0519
INFO: Epoch 3/15 completed | Avg Loss: 0.0241
INFO: Epoch 4/15 completed | Avg Loss: 0.0272
INFO: Epoch 5/15 completed | Avg Loss: 0.0315
INFO: Epoch 6/15 completed | Avg Loss: 0.0094
INFO: Epoch 7/15 completed | Avg Loss: 0.0058
INFO: Epoch 8/15 completed | Avg Loss: 0.0037
INFO: Epoch 9/15 completed | Avg Loss: 0.0036
INFO: Epoch 10/15 completed | Avg Loss: 0.0019
INFO: Epoch 11/15 completed | Avg Loss: 0.0018
INFO: Epoch 12/15 completed | Avg Loss: 0.0043
INFO: Epoch 13/15 completed | Avg Loss: 0.0015
INFO: Epoch 14/15 completed | Avg Loss: 0.0008
INFO: Epoch 15/15 completed | Avg Loss: 0.0007
INFO: Training complete
INFO: Final average loss: 0.0007
INFO: === Generating synthetic patient data ===
INFO: 
--- Sample 1/5 ---
INFO: Generating sequence for prompt: '31 OTHER F <demo>'
INFO: Starting generation with temp=1.0, top_k=50, max_length=256
INFO: Generated token counts - <v>: 1, <\v>: 0, <END>: 1
INFO: Generated sequence (clean): 31 OTHER F .31 OTHER M  
INFO: 
--- Sample 2/5 ---
INFO: Generating sequence for prompt: '52 OTHER M <demo>'
INFO: Starting generation with temp=1.0, top_k=50, max_length=256
INFO: Generated token counts - <v>: 1, <\v>: 0, <END>: 1
INFO: Generated sequence (clean): 52 OTHER M .52 OTHERM  
INFO: 
--- Sample 3/5 ---
INFO: Generating sequence for prompt: '23 OTHER M <demo>'
INFO: Starting generation with temp=1.0, top_k=50, max_length=256
INFO: Generated token counts - <v>: 1, <\v>: 0, <END>: 1
INFO: Generated sequence (clean): 23 OTHER M  25 OTHERM  
INFO: 
--- Sample 4/5 ---
INFO: Generating sequence for prompt: '79 WHITE F <demo>'
INFO: Starting generation with temp=1.0, top_k=50, max_length=256
INFO: Generated token counts - <v>: 1, <\v>: 1, <END>: 1
INFO: Generated sequence (clean): 79 WHITE F  79 WHITE FITRICAN  
INFO: 
--- Sample 5/5 ---
INFO: Generating sequence for prompt: '58 BLACK M <demo>'
INFO: Starting generation with temp=1.0, top_k=50, max_length=256
INFO: Generated token counts - <v>: 1, <\v>: 0, <END>: 1
INFO: Generated sequence (clean): 58 BLACK M  958 BLACKM  
INFO: === Training and generation complete ===
End Time: Fri Oct 10 01:49:49 CDT 2025
Exit Code: 0
