Job ID: 5183032
Job Name: ehr_lr0.0002_temp1.3_k50
Node: ccc0389
CUDA_VISIBLE_DEVICES: 0
Start Time: Thu Oct  9 04:48:48 CDT 2025
Working Directory: /u/jalenj4/pehr_scratch
Thu Oct  9 04:48:48 2025       
+-----------------------------------------------------------------------------------------+
| NVIDIA-SMI 575.57.08              Driver Version: 575.57.08      CUDA Version: 12.9     |
|-----------------------------------------+------------------------+----------------------+
| GPU  Name                 Persistence-M | Bus-Id          Disp.A | Volatile Uncorr. ECC |
| Fan  Temp   Perf          Pwr:Usage/Cap |           Memory-Usage | GPU-Util  Compute M. |
|                                         |                        |               MIG M. |
|=========================================+========================+======================|
|   0  NVIDIA A100-SXM4-80GB          Off |   00000000:41:00.0 Off |                    0 |
| N/A   38C    P0             66W /  500W |       0MiB /  81920MiB |      0%      Default |
|                                         |                        |             Disabled |
+-----------------------------------------+------------------------+----------------------+
                                                                                         
+-----------------------------------------------------------------------------------------+
| Processes:                                                                              |
|  GPU   GI   CI              PID   Type   Process name                        GPU Memory |
|        ID   ID                                                               Usage      |
|=========================================================================================|
|  No running processes found                                                             |
+-----------------------------------------------------------------------------------------+
Parameters:
  NUM_PATIENTS: 3000
  BATCH_SIZE: 16
  NUM_EPOCHS: 30
  LEARNING_RATE: 0.0002
  GENERATION_TEMP: 1.3
  TOP_K: 50
INFO: === EHR Generation Training Started ===
INFO: Configuration: {'model_name': 'facebook/bart-base', 'num_patients': 3000, 'max_seq_length': 256, 'batch_size': 16, 'num_epochs': 30, 'learning_rate': 0.0002, 'generation_temp': 1.3, 'generation_max_length': 256, 'num_warmup_steps': 0, 'top_k': 50, 'data_dir': 'data_files', 'mimic_paths': {'patients_path': 'data_files/PATIENTS.csv', 'admissions_path': 'data_files/ADMISSIONS.csv', 'diagnoses_path': 'data_files/DIAGNOSES_ICD.csv'}}
INFO: Using device: cuda
INFO: Loading pretrained BART model: facebook/bart-base
INFO: Added 3 special tokens: <v>, <\v>, <END>
INFO: Resized model embeddings to 50268 tokens
INFO: Loading MIMIC-III data files
INFO: Loaded 46520 patients
INFO: Loaded 58976 admissions
INFO: Loaded 651047 diagnosis records
INFO: Data processing complete. Formatting sequences...
INFO: Sequence formatting complete. Generated 3000 patient sequences
INFO: Average visits per patient: 1.27
INFO: Average tokens per sequence: 19.69
INFO: Sample patient sequences:
INFO: Sample 1: 0 BLACK/AFRICAN AMERICAN M <demo> <v> V3001 V502 V053 V290 <\v> <END>...
INFO: Sample 2: 0 WHITE M <demo> <v> V3000 7454 V053 V502 <\v> <END>...
INFO: Sample 3: 71 WHITE M <demo> <v> 41519 4538 5849 5180 6826 49121 4280 03811 70714 <\v> <v> 41071 78551 51884 4280 5849 2867 41519 570 V1581 <\v> <END>...
INFO: Sample 4: 72 BLACK/AFRICAN AMERICAN M <demo> <v> 4928 4280 4275 3481 5119 41091 2762 4169 V5332 <\v> <END>...
INFO: Sample 5: 75 WHITE F <demo> <v> 56213 5990 2851 2760 56982 2639 5533 4019 2859 <\v> <END>...
INFO: Created dataset with 3000 samples, 188 batches
INFO: Optimizer: AdamW with lr=0.0002
INFO: Scheduler: linear with 0 warmup steps
INFO: Starting model training for 30 epochs
INFO: Training steps: 5640
INFO: Device: cuda
INFO: Epoch 1/30 completed | Avg Loss: 0.4599
INFO: Epoch 2/30 completed | Avg Loss: 0.0332
INFO: Epoch 3/30 completed | Avg Loss: 0.0254
INFO: Epoch 4/30 completed | Avg Loss: 0.0129
INFO: Epoch 5/30 completed | Avg Loss: 0.0203
INFO: Epoch 6/30 completed | Avg Loss: 0.0145
INFO: Epoch 7/30 completed | Avg Loss: 0.0088
INFO: Epoch 8/30 completed | Avg Loss: 0.0134
INFO: Epoch 9/30 completed | Avg Loss: 0.0159
INFO: Epoch 10/30 completed | Avg Loss: 0.0135
INFO: Epoch 11/30 completed | Avg Loss: 0.0254
INFO: Epoch 12/30 completed | Avg Loss: 0.0574
INFO: Epoch 13/30 completed | Avg Loss: 0.0075
INFO: Epoch 14/30 completed | Avg Loss: 0.0159
INFO: Epoch 15/30 completed | Avg Loss: 0.0041
INFO: Epoch 16/30 completed | Avg Loss: 0.0034
INFO: Epoch 17/30 completed | Avg Loss: 0.0022
INFO: Epoch 18/30 completed | Avg Loss: 0.0030
INFO: Epoch 19/30 completed | Avg Loss: 0.0047
INFO: Epoch 20/30 completed | Avg Loss: 0.0041
INFO: Epoch 21/30 completed | Avg Loss: 0.0016
INFO: Epoch 22/30 completed | Avg Loss: 0.0011
INFO: Epoch 23/30 completed | Avg Loss: 0.0009
INFO: Epoch 24/30 completed | Avg Loss: 0.0011
INFO: Epoch 25/30 completed | Avg Loss: 0.0007
INFO: Epoch 26/30 completed | Avg Loss: 0.0013
INFO: Epoch 27/30 completed | Avg Loss: 0.0009
INFO: Epoch 28/30 completed | Avg Loss: 0.0007
INFO: Epoch 29/30 completed | Avg Loss: 0.0005
INFO: Epoch 30/30 completed | Avg Loss: 0.0004
INFO: Training complete
INFO: Final average loss: 0.0004
INFO: === Generating synthetic patient data ===
INFO: 
--- Sample 1/5 ---
INFO: Generating sequence for prompt: '37 UNABLE TO OBTAIN F <demo>'
INFO: Starting generation with temp=1.3, top_k=50, max_length=256
INFO: Generated token counts - <v>: 1, <\v>: 1, <END>: 1
INFO: Generated sequence (clean): 37 UNABLE TO OBTAIN F <demo> F300 F  
INFO: 
--- Sample 2/5 ---
INFO: Generating sequence for prompt: '71 OTHER F <demo>'
INFO: Starting generation with temp=1.3, top_k=50, max_length=256
INFO: Generated token counts - <v>: 2, <\v>: 1, <END>: 1
INFO: Generated sequence (clean): 71 OTHER F <demo> F <DEMo> 71 OTHER M <demos>  
INFO: 
--- Sample 3/5 ---
INFO: Generating sequence for prompt: '62 ASIAN M <demo>'
INFO: Starting generation with temp=1.3, top_k=50, max_length=256
INFO: Generated token counts - <v>: 2, <\v>: 1, <END>: 1
INFO: Generated sequence (clean): 62 ASIAN M <demo>o> 62 ASIC M <Demo>>66>> SPECIFIED 60019  
INFO: 
--- Sample 4/5 ---
INFO: Generating sequence for prompt: '39 BLACK M <demo>'
INFO: Starting generation with temp=1.3, top_k=50, max_length=256
INFO: Generated token counts - <v>: 2, <\v>: 1, <END>: 1
INFO: Generated sequence (clean): 39 BLACK M <demo> 539 BLACK WHITE M <DEMo> 39 BLACK/NOT59 1960o>> SPECIFIED/NOT SPECINO>  
INFO: 
--- Sample 5/5 ---
INFO: Generating sequence for prompt: '30 UNKNOWN/NOT SPECIFIED M <demo>'
INFO: Starting generation with temp=1.3, top_k=50, max_length=256
INFO: Generated token counts - <v>: 1, <\v>: 0, <END>: 1
INFO: Generated sequence (clean): 30 UNKNOWN/NOT SPECIFIED M <demo>o> 
INFO: === Training and generation complete ===
End Time: Thu Oct  9 05:12:19 CDT 2025
Exit Code: 0
