2025-10-09 04:01:35 | INFO     | <module>:562 | === EHR Generation Training Started ===
2025-10-09 04:01:35 | INFO     | <module>:583 | Configuration: {'model_name': 'facebook/bart-base', 'num_patients': 3000, 'max_seq_length': 256, 'batch_size': 16, 'num_epochs': 30, 'learning_rate': 5e-05, 'generation_temp': 1.3, 'generation_max_length': 256, 'num_warmup_steps': 0, 'top_k': 30, 'data_dir': 'data_files', 'mimic_paths': {'patients_path': 'data_files/PATIENTS.csv', 'admissions_path': 'data_files/ADMISSIONS.csv', 'diagnoses_path': 'data_files/DIAGNOSES_ICD.csv'}}
2025-10-09 04:01:35 | INFO     | <module>:587 | Using device: cuda
2025-10-09 04:01:35 | INFO     | <module>:590 | Loading pretrained BART model: facebook/bart-base
2025-10-09 04:01:36 | INFO     | <module>:599 | Added 3 special tokens: <v>, <\v>, <END>
2025-10-09 04:01:37 | INFO     | <module>:603 | Resized model embeddings to 50268 tokens
2025-10-09 04:01:37 | DEBUG    | <module>:606 | Token ID for <v>: 50265
2025-10-09 04:01:37 | DEBUG    | <module>:607 | Token ID for <\v>: 50266
2025-10-09 04:01:37 | DEBUG    | <module>:608 | Token ID for <END>: 50267
2025-10-09 04:01:37 | INFO     | load_and_format_mimic_data:147 | Loading MIMIC-III data files
2025-10-09 04:01:37 | DEBUG    | load_and_format_mimic_data:148 | Patients: data_files/PATIENTS.csv
2025-10-09 04:01:37 | DEBUG    | load_and_format_mimic_data:149 | Admissions: data_files/ADMISSIONS.csv
2025-10-09 04:01:37 | DEBUG    | load_and_format_mimic_data:150 | Diagnoses: data_files/DIAGNOSES_ICD.csv
2025-10-09 04:01:37 | INFO     | load_and_format_mimic_data:155 | Loaded 46520 patients
2025-10-09 04:01:37 | INFO     | load_and_format_mimic_data:158 | Loaded 58976 admissions
2025-10-09 04:01:37 | INFO     | load_and_format_mimic_data:161 | Loaded 651047 diagnosis records
2025-10-09 04:01:37 | INFO     | load_and_format_mimic_data:219 | Data processing complete. Formatting sequences...
2025-10-09 04:01:40 | INFO     | load_and_format_mimic_data:258 | Sequence formatting complete. Generated 3000 patient sequences
2025-10-09 04:01:40 | DEBUG    | load_and_format_mimic_data:262 | Sample sequence: 0 ASIAN M <demo> <v> V3001 V053 V290 <\v> <END>...
2025-10-09 04:01:40 | INFO     | load_and_format_mimic_data:267 | Average visits per patient: 1.27
2025-10-09 04:01:40 | INFO     | load_and_format_mimic_data:268 | Average tokens per sequence: 19.69
2025-10-09 04:01:40 | INFO     | <module>:622 | Sample patient sequences:
2025-10-09 04:01:40 | INFO     | <module>:624 | Sample 1: 63 WHITE M <demo> <v> 49322 30302 51882 27651 29181 3051 V600 7955 <\v> <END>...
2025-10-09 04:01:40 | INFO     | <module>:624 | Sample 2: 0 WHITE F <demo> <v> 76527 76517 7742 7706 V290 V721 <\v> <END>...
2025-10-09 04:01:40 | INFO     | <module>:624 | Sample 3: 90 UNKNOWN/NOT SPECIFIED F <demo> <v> 1508 1622 496 25000 4019 <\v> <END>...
2025-10-09 04:01:40 | INFO     | <module>:624 | Sample 4: 0 BLACK/AFRICAN AMERICAN M <demo> <v> V3001 7756 76408 76529 7746 V502 7784 <\v> <END>...
2025-10-09 04:01:40 | INFO     | <module>:624 | Sample 5: 34 WHITE F <demo> <v> 7464 4412 2859 <\v> <END>...
2025-10-09 04:01:40 | DEBUG    | __init__:294 | First sequence length: 24 tokens
2025-10-09 04:01:40 | DEBUG    | __init__:295 | Pad token ID: 1
2025-10-09 04:01:40 | INFO     | <module>:628 | Created dataset with 3000 samples, 188 batches
2025-10-09 04:01:40 | INFO     | <module>:639 | Optimizer: AdamW with lr=5e-05
2025-10-09 04:01:40 | INFO     | <module>:640 | Scheduler: linear with 0 warmup steps
2025-10-09 04:01:40 | INFO     | train_model:351 | Starting model training for 30 epochs
2025-10-09 04:01:40 | INFO     | train_model:352 | Training steps: 5640
2025-10-09 04:01:40 | INFO     | train_model:353 | Device: cuda
2025-10-09 04:01:40 | DEBUG    | train_model:372 | First batch input_ids shape: torch.Size([16, 256])
2025-10-09 04:01:40 | DEBUG    | train_model:373 | First batch labels shape: torch.Size([16, 256])
2025-10-09 04:01:40 | DEBUG    | train_model:374 | First batch attention_mask shape: torch.Size([16, 256])
2025-10-09 04:01:40 | DEBUG    | train_model:375 | Initial loss: 2.0960
2025-10-09 04:01:40 | DEBUG    | train_model:382 | Special tokens in first batch: {'pad': 3377, 'masked_labels': 3377}
2025-10-09 04:02:27 | INFO     | train_model:401 | Epoch 1/30 completed | Avg Loss: 0.6199
2025-10-09 04:03:14 | INFO     | train_model:401 | Epoch 2/30 completed | Avg Loss: 0.1022
2025-10-09 04:04:00 | INFO     | train_model:401 | Epoch 3/30 completed | Avg Loss: 0.0233
2025-10-09 04:04:47 | INFO     | train_model:401 | Epoch 4/30 completed | Avg Loss: 0.0269
2025-10-09 04:05:33 | INFO     | train_model:401 | Epoch 5/30 completed | Avg Loss: 0.0094
2025-10-09 04:06:20 | INFO     | train_model:401 | Epoch 6/30 completed | Avg Loss: 0.0053
2025-10-09 04:07:06 | INFO     | train_model:401 | Epoch 7/30 completed | Avg Loss: 0.0033
2025-10-09 04:07:53 | INFO     | train_model:401 | Epoch 8/30 completed | Avg Loss: 0.0023
2025-10-09 04:08:39 | INFO     | train_model:401 | Epoch 9/30 completed | Avg Loss: 0.0038
2025-10-09 04:09:26 | INFO     | train_model:401 | Epoch 10/30 completed | Avg Loss: 0.0021
2025-10-09 04:10:12 | INFO     | train_model:401 | Epoch 11/30 completed | Avg Loss: 0.0027
2025-10-09 04:10:59 | INFO     | train_model:401 | Epoch 12/30 completed | Avg Loss: 0.0041
2025-10-09 04:11:46 | INFO     | train_model:401 | Epoch 13/30 completed | Avg Loss: 0.0022
2025-10-09 04:12:32 | INFO     | train_model:401 | Epoch 14/30 completed | Avg Loss: 0.0021
2025-10-09 04:13:19 | INFO     | train_model:401 | Epoch 15/30 completed | Avg Loss: 0.0027
2025-10-09 04:14:05 | INFO     | train_model:401 | Epoch 16/30 completed | Avg Loss: 0.0036
2025-10-09 04:14:52 | INFO     | train_model:401 | Epoch 17/30 completed | Avg Loss: 0.0016
2025-10-09 04:15:38 | INFO     | train_model:401 | Epoch 18/30 completed | Avg Loss: 0.0014
2025-10-09 04:16:25 | INFO     | train_model:401 | Epoch 19/30 completed | Avg Loss: 0.0015
2025-10-09 04:17:12 | INFO     | train_model:401 | Epoch 20/30 completed | Avg Loss: 0.0011
2025-10-09 04:17:58 | INFO     | train_model:401 | Epoch 21/30 completed | Avg Loss: 0.0012
2025-10-09 04:18:45 | INFO     | train_model:401 | Epoch 22/30 completed | Avg Loss: 0.0016
2025-10-09 04:19:31 | INFO     | train_model:401 | Epoch 23/30 completed | Avg Loss: 0.0011
2025-10-09 04:20:18 | INFO     | train_model:401 | Epoch 24/30 completed | Avg Loss: 0.0013
2025-10-09 04:21:04 | INFO     | train_model:401 | Epoch 25/30 completed | Avg Loss: 0.0010
2025-10-09 04:21:51 | INFO     | train_model:401 | Epoch 26/30 completed | Avg Loss: 0.0007
2025-10-09 04:22:37 | INFO     | train_model:401 | Epoch 27/30 completed | Avg Loss: 0.0005
2025-10-09 04:23:24 | INFO     | train_model:401 | Epoch 28/30 completed | Avg Loss: 0.0004
2025-10-09 04:24:11 | INFO     | train_model:401 | Epoch 29/30 completed | Avg Loss: 0.0004
2025-10-09 04:24:57 | INFO     | train_model:401 | Epoch 30/30 completed | Avg Loss: 0.0004
2025-10-09 04:24:57 | INFO     | train_model:403 | Training complete
2025-10-09 04:24:57 | INFO     | train_model:404 | Final average loss: 0.0004
2025-10-09 04:24:57 | DEBUG    | train_model:405 | Loss history: [0.6198789843932745, 0.10216375612752869, 0.023325997407231083, 0.026877543413417138, 0.009423261468095625, 0.005307509155790421, 0.0032639461891487876, 0.0022979029669473443, 0.003757463601241978, 0.00210511475798991, 0.002651336974714526, 0.00406673250851801, 0.0022201674717584963, 0.0020539941527184715, 0.0027086348596407953, 0.0036167379230585325, 0.0016486283453327525, 0.0014165679060673202, 0.0015100223892194993, 0.0010526812572819874, 0.001167273233187053, 0.0016153679707519798, 0.0011298018475536856, 0.001322516823765522, 0.001049100094763723, 0.0007012924683333543, 0.0004613910996147055, 0.0004471463911071856, 0.0003522303366558032, 0.0003990657582920555]
2025-10-09 04:24:57 | INFO     | <module>:654 | === Generating synthetic patient data ===
2025-10-09 04:24:57 | INFO     | <module>:663 | 
--- Sample 1/5 ---
2025-10-09 04:24:57 | INFO     | generate_patient_sequence:443 | Generating sequence for prompt: '21 OTHER M <demo>'
2025-10-09 04:24:57 | DEBUG    | generate_patient_sequence:447 | Prompt token IDs: [0, 2146, 16536, 256, 28696, 12789, 139, 15698, 2]
2025-10-09 04:24:57 | DEBUG    | generate_patient_sequence:448 | Prompt tokens: ['<s>', '21', ' OTHER', ' M', ' <', 'dem', 'o', '>', '</s>']
2025-10-09 04:24:57 | DEBUG    | generate_patient_sequence:457 | Special token IDs - <v>: 50265, <\v>: 50266, <END>: 50267, PAD: 1, EOS: 2
2025-10-09 04:24:57 | DEBUG    | generate_patient_sequence:464 | Initial decoder input (with forced <v>): [0, 2146, 16536, 256, 28696, 12789, 139, 15698, 2, 50265]
2025-10-09 04:24:57 | DEBUG    | generate_patient_sequence:478 | After prompt, probability of <v>: 0.000579
2025-10-09 04:24:57 | DEBUG    | generate_patient_sequence:479 | After prompt, probability of <END>: 0.000116
2025-10-09 04:24:57 | DEBUG    | generate_patient_sequence:480 | After prompt, probability of PAD: 0.000000
2025-10-09 04:24:57 | DEBUG    | generate_patient_sequence:481 | After prompt, probability of EOS: 0.999172
2025-10-09 04:24:57 | DEBUG    | generate_patient_sequence:485 | Top 20 next token predictions after prompt:
2025-10-09 04:24:57 | DEBUG    | generate_patient_sequence:503 |   Rank 1: <EOS>                | Prob: 0.999172 | ID: 2
2025-10-09 04:24:57 | DEBUG    | generate_patient_sequence:503 |   Rank 2: <v>                  | Prob: 0.000579 | ID: 50265
2025-10-09 04:24:57 | DEBUG    | generate_patient_sequence:503 |   Rank 3: <END>                | Prob: 0.000116 | ID: 50267
2025-10-09 04:24:57 | DEBUG    | generate_patient_sequence:503 |   Rank 4: 21                   | Prob: 0.000069 | ID: 2146
2025-10-09 04:24:57 | DEBUG    | generate_patient_sequence:503 |   Rank 5: <\v>                 | Prob: 0.000008 | ID: 50266
2025-10-09 04:24:57 | DEBUG    | generate_patient_sequence:503 |   Rank 6: 19                   | Prob: 0.000004 | ID: 1646
2025-10-09 04:24:57 | DEBUG    | generate_patient_sequence:503 |   Rank 7: 281                  | Prob: 0.000003 | ID: 32071
2025-10-09 04:24:57 | DEBUG    | generate_patient_sequence:503 |   Rank 8: NOT                  | Prob: 0.000002 | ID: 37049
2025-10-09 04:24:57 | DEBUG    | generate_patient_sequence:503 |   Rank 9: 173                  | Prob: 0.000001 | ID: 30664
2025-10-09 04:24:57 | DEBUG    | generate_patient_sequence:503 |   Rank 10: 61                   | Prob: 0.000001 | ID: 5606
2025-10-09 04:24:57 | DEBUG    | generate_patient_sequence:503 |   Rank 11: 70                   | Prob: 0.000001 | ID: 3083
2025-10-09 04:24:57 | DEBUG    | generate_patient_sequence:503 |   Rank 12: 103                  | Prob: 0.000001 | ID: 18159
2025-10-09 04:24:57 | DEBUG    | generate_patient_sequence:503 |   Rank 13: 01                   | Prob: 0.000001 | ID: 2663
2025-10-09 04:24:57 | DEBUG    | generate_patient_sequence:503 |   Rank 14: 17                   | Prob: 0.000001 | ID: 1360
2025-10-09 04:24:57 | DEBUG    | generate_patient_sequence:503 |   Rank 15: 71                   | Prob: 0.000001 | ID: 5339
2025-10-09 04:24:57 | DEBUG    | generate_patient_sequence:503 |   Rank 16: 39                   | Prob: 0.000001 | ID: 3416
2025-10-09 04:24:57 | DEBUG    | generate_patient_sequence:503 |   Rank 17: 15                   | Prob: 0.000001 | ID: 996
2025-10-09 04:24:57 | DEBUG    | generate_patient_sequence:503 |   Rank 18: 139                  | Prob: 0.000001 | ID: 25488
2025-10-09 04:24:57 | DEBUG    | generate_patient_sequence:503 |   Rank 19: 121                  | Prob: 0.000001 | ID: 22388
2025-10-09 04:24:57 | DEBUG    | generate_patient_sequence:503 |   Rank 20: 35                   | Prob: 0.000001 | ID: 2022
2025-10-09 04:24:57 | INFO     | generate_patient_sequence:507 | Starting generation with temp=1.3, top_k=30, max_length=256
2025-10-09 04:24:57 | DEBUG    | generate_patient_sequence:520 | Generated token IDs: [2, 0, 2146, 16536, 256, 28696, 12789, 139, 15698, 2, 50265, 2, 2, 2, 2146, 16536, 381, 28696, 12789, 673, 15698, 2, 2, 50266, 2, 2, 50267]
2025-10-09 04:24:57 | DEBUG    | generate_patient_sequence:521 | Generated length: 27 tokens
2025-10-09 04:24:57 | INFO     | generate_patient_sequence:529 | Generated token counts - <v>: 1, <\v>: 1, <END>: 1
2025-10-09 04:24:57 | DEBUG    | generate_patient_sequence:537 | Raw generated sequence: </s><s>21 OTHER M <demo></s> <v> </s></s></s>21 OTHER E <demO></s></s> <\v> </s></s> <END>
2025-10-09 04:24:57 | INFO     | generate_patient_sequence:540 | Generated sequence (clean): 21 OTHER M <demo>21 OTHER E <demO>
2025-10-09 04:24:57 | INFO     | <module>:663 | 
--- Sample 2/5 ---
2025-10-09 04:24:57 | INFO     | generate_patient_sequence:443 | Generating sequence for prompt: '57 ASIAN F <demo>'
2025-10-09 04:24:57 | DEBUG    | generate_patient_sequence:447 | Prompt token IDs: [0, 4390, 6015, 10296, 274, 28696, 12789, 139, 15698, 2]
2025-10-09 04:24:57 | DEBUG    | generate_patient_sequence:448 | Prompt tokens: ['<s>', '57', ' AS', 'IAN', ' F', ' <', 'dem', 'o', '>', '</s>']
2025-10-09 04:24:57 | DEBUG    | generate_patient_sequence:457 | Special token IDs - <v>: 50265, <\v>: 50266, <END>: 50267, PAD: 1, EOS: 2
2025-10-09 04:24:57 | DEBUG    | generate_patient_sequence:464 | Initial decoder input (with forced <v>): [0, 4390, 6015, 10296, 274, 28696, 12789, 139, 15698, 2, 50265]
2025-10-09 04:24:57 | DEBUG    | generate_patient_sequence:478 | After prompt, probability of <v>: 0.005227
2025-10-09 04:24:57 | DEBUG    | generate_patient_sequence:479 | After prompt, probability of <END>: 0.000982
2025-10-09 04:24:57 | DEBUG    | generate_patient_sequence:480 | After prompt, probability of PAD: 0.000000
2025-10-09 04:24:57 | DEBUG    | generate_patient_sequence:481 | After prompt, probability of EOS: 0.939274
2025-10-09 04:24:57 | DEBUG    | generate_patient_sequence:485 | Top 20 next token predictions after prompt:
2025-10-09 04:24:57 | DEBUG    | generate_patient_sequence:503 |   Rank 1: <EOS>                | Prob: 0.939274 | ID: 2
2025-10-09 04:24:57 | DEBUG    | generate_patient_sequence:503 |   Rank 2: 57                   | Prob: 0.047734 | ID: 4390
2025-10-09 04:24:57 | DEBUG    | generate_patient_sequence:503 |   Rank 3: <v>                  | Prob: 0.005227 | ID: 50265
2025-10-09 04:24:57 | DEBUG    | generate_patient_sequence:503 |   Rank 4:  57                  | Prob: 0.004147 | ID: 4981
2025-10-09 04:24:57 | DEBUG    | generate_patient_sequence:503 |   Rank 5: <END>                | Prob: 0.000982 | ID: 50267
2025-10-09 04:24:57 | DEBUG    | generate_patient_sequence:503 |   Rank 6: 00                   | Prob: 0.000301 | ID: 612
2025-10-09 04:24:57 | DEBUG    | generate_patient_sequence:503 |   Rank 7: <\v>                 | Prob: 0.000210 | ID: 50266
2025-10-09 04:24:57 | DEBUG    | generate_patient_sequence:503 |   Rank 8: 59                   | Prob: 0.000109 | ID: 4156
2025-10-09 04:24:57 | DEBUG    | generate_patient_sequence:503 |   Rank 9:  WHITE               | Prob: 0.000094 | ID: 38503
2025-10-09 04:24:57 | DEBUG    | generate_patient_sequence:503 |   Rank 10: dem                  | Prob: 0.000083 | ID: 12789
2025-10-09 04:24:57 | DEBUG    | generate_patient_sequence:503 |   Rank 11: RIC                  | Prob: 0.000074 | ID: 36570
2025-10-09 04:24:57 | DEBUG    | generate_patient_sequence:503 |   Rank 12:  1962                | Prob: 0.000060 | ID: 19515
2025-10-09 04:24:57 | DEBUG    | generate_patient_sequence:503 |   Rank 13: 2009                 | Prob: 0.000059 | ID: 23301
2025-10-09 04:24:57 | DEBUG    | generate_patient_sequence:503 |   Rank 14: 579                  | Prob: 0.000050 | ID: 37534
2025-10-09 04:24:57 | DEBUG    | generate_patient_sequence:503 |   Rank 15: 56                   | Prob: 0.000044 | ID: 4419
2025-10-09 04:24:57 | DEBUG    | generate_patient_sequence:503 |   Rank 16: 58                   | Prob: 0.000043 | ID: 4432
2025-10-09 04:24:57 | DEBUG    | generate_patient_sequence:503 |   Rank 17: 88                   | Prob: 0.000041 | ID: 4652
2025-10-09 04:24:57 | DEBUG    | generate_patient_sequence:503 |   Rank 18: 55                   | Prob: 0.000035 | ID: 3118
2025-10-09 04:24:57 | DEBUG    | generate_patient_sequence:503 |   Rank 19: 17                   | Prob: 0.000031 | ID: 1360
2025-10-09 04:24:57 | DEBUG    | generate_patient_sequence:503 |   Rank 20: 89                   | Prob: 0.000030 | ID: 5046
2025-10-09 04:24:57 | INFO     | generate_patient_sequence:507 | Starting generation with temp=1.3, top_k=30, max_length=256
2025-10-09 04:24:57 | DEBUG    | generate_patient_sequence:520 | Generated token IDs: [2, 0, 4390, 6015, 10296, 274, 28696, 12789, 139, 15698, 2, 50265, 2, 2, 2, 50267]
2025-10-09 04:24:57 | DEBUG    | generate_patient_sequence:521 | Generated length: 16 tokens
2025-10-09 04:24:57 | INFO     | generate_patient_sequence:529 | Generated token counts - <v>: 1, <\v>: 0, <END>: 1
2025-10-09 04:24:57 | DEBUG    | generate_patient_sequence:537 | Raw generated sequence: </s><s>57 ASIAN F <demo></s> <v> </s></s></s> <END>
2025-10-09 04:24:57 | INFO     | generate_patient_sequence:540 | Generated sequence (clean): 57 ASIAN F <demo>
2025-10-09 04:24:57 | INFO     | <module>:663 | 
--- Sample 3/5 ---
2025-10-09 04:24:57 | INFO     | generate_patient_sequence:443 | Generating sequence for prompt: '44 WHITE M <demo>'
2025-10-09 04:24:57 | DEBUG    | generate_patient_sequence:447 | Prompt token IDs: [0, 3305, 38503, 256, 28696, 12789, 139, 15698, 2]
2025-10-09 04:24:57 | DEBUG    | generate_patient_sequence:448 | Prompt tokens: ['<s>', '44', ' WHITE', ' M', ' <', 'dem', 'o', '>', '</s>']
2025-10-09 04:24:57 | DEBUG    | generate_patient_sequence:457 | Special token IDs - <v>: 50265, <\v>: 50266, <END>: 50267, PAD: 1, EOS: 2
2025-10-09 04:24:57 | DEBUG    | generate_patient_sequence:464 | Initial decoder input (with forced <v>): [0, 3305, 38503, 256, 28696, 12789, 139, 15698, 2, 50265]
2025-10-09 04:24:57 | DEBUG    | generate_patient_sequence:478 | After prompt, probability of <v>: 0.001143
2025-10-09 04:24:57 | DEBUG    | generate_patient_sequence:479 | After prompt, probability of <END>: 0.000251
2025-10-09 04:24:57 | DEBUG    | generate_patient_sequence:480 | After prompt, probability of PAD: 0.000000
2025-10-09 04:24:57 | DEBUG    | generate_patient_sequence:481 | After prompt, probability of EOS: 0.998568
2025-10-09 04:24:57 | DEBUG    | generate_patient_sequence:485 | Top 20 next token predictions after prompt:
2025-10-09 04:24:57 | DEBUG    | generate_patient_sequence:503 |   Rank 1: <EOS>                | Prob: 0.998568 | ID: 2
2025-10-09 04:24:57 | DEBUG    | generate_patient_sequence:503 |   Rank 2: <v>                  | Prob: 0.001143 | ID: 50265
2025-10-09 04:24:57 | DEBUG    | generate_patient_sequence:503 |   Rank 3: <END>                | Prob: 0.000251 | ID: 50267
2025-10-09 04:24:57 | DEBUG    | generate_patient_sequence:503 |   Rank 4: <\v>                 | Prob: 0.000013 | ID: 50266
2025-10-09 04:24:57 | DEBUG    | generate_patient_sequence:503 |   Rank 5: dem                  | Prob: 0.000002 | ID: 12789
2025-10-09 04:24:57 | DEBUG    | generate_patient_sequence:503 |   Rank 6: 44                   | Prob: 0.000002 | ID: 3305
2025-10-09 04:24:57 | DEBUG    | generate_patient_sequence:503 |   Rank 7: 88                   | Prob: 0.000001 | ID: 4652
2025-10-09 04:24:57 | DEBUG    | generate_patient_sequence:503 |   Rank 8: 1945                 | Prob: 0.000001 | ID: 45391
2025-10-09 04:24:57 | DEBUG    | generate_patient_sequence:503 |   Rank 9: RIC                  | Prob: 0.000000 | ID: 36570
2025-10-09 04:24:57 | DEBUG    | generate_patient_sequence:503 |   Rank 10: 71                   | Prob: 0.000000 | ID: 5339
2025-10-09 04:24:57 | DEBUG    | generate_patient_sequence:503 |   Rank 11: NOT                  | Prob: 0.000000 | ID: 37049
2025-10-09 04:24:57 | DEBUG    | generate_patient_sequence:503 |   Rank 12: 118                  | Prob: 0.000000 | ID: 21369
2025-10-09 04:24:57 | DEBUG    | generate_patient_sequence:503 |   Rank 13: 68                   | Prob: 0.000000 | ID: 4671
2025-10-09 04:24:57 | DEBUG    | generate_patient_sequence:503 |   Rank 14: 121                  | Prob: 0.000000 | ID: 22388
2025-10-09 04:24:57 | DEBUG    | generate_patient_sequence:503 |   Rank 15: 61                   | Prob: 0.000000 | ID: 5606
2025-10-09 04:24:57 | DEBUG    | generate_patient_sequence:503 |   Rank 16: 70                   | Prob: 0.000000 | ID: 3083
2025-10-09 04:24:57 | DEBUG    | generate_patient_sequence:503 |   Rank 17:  1983                | Prob: 0.000000 | ID: 13668
2025-10-09 04:24:57 | DEBUG    | generate_patient_sequence:503 |   Rank 18: 69                   | Prob: 0.000000 | ID: 4563
2025-10-09 04:24:57 | DEBUG    | generate_patient_sequence:503 |   Rank 19: P                    | Prob: 0.000000 | ID: 510
2025-10-09 04:24:57 | DEBUG    | generate_patient_sequence:503 |   Rank 20: KNOWN                | Prob: 0.000000 | ID: 47300
2025-10-09 04:24:57 | INFO     | generate_patient_sequence:507 | Starting generation with temp=1.3, top_k=30, max_length=256
2025-10-09 04:24:58 | DEBUG    | generate_patient_sequence:520 | Generated token IDs: [2, 0, 3305, 38503, 256, 28696, 12789, 139, 15698, 2, 50265, 2, 2, 2, 38503, 256, 15171, 2881, 15698, 2, 2, 50266, 2, 2, 50267]
2025-10-09 04:24:58 | DEBUG    | generate_patient_sequence:521 | Generated length: 25 tokens
2025-10-09 04:24:58 | INFO     | generate_patient_sequence:529 | Generated token counts - <v>: 1, <\v>: 1, <END>: 1
2025-10-09 04:24:58 | DEBUG    | generate_patient_sequence:537 | Raw generated sequence: </s><s>44 WHITE M <demo></s> <v> </s></s></s> WHITE M 0332></s></s> <\v> </s></s> <END>
2025-10-09 04:24:58 | INFO     | generate_patient_sequence:540 | Generated sequence (clean): 44 WHITE M <demo> WHITE M 0332>
2025-10-09 04:24:58 | INFO     | <module>:663 | 
--- Sample 4/5 ---
2025-10-09 04:24:58 | INFO     | generate_patient_sequence:443 | Generating sequence for prompt: '45 HISPANIC OR LATINO F <demo>'
2025-10-09 04:24:58 | DEBUG    | generate_patient_sequence:447 | Prompt token IDs: [0, 1898, 37350, 510, 1889, 2371, 6532, 21455, 30535, 274, 28696, 12789, 139, 15698, 2]
2025-10-09 04:24:58 | DEBUG    | generate_patient_sequence:448 | Prompt tokens: ['<s>', '45', ' HIS', 'P', 'AN', 'IC', ' OR', ' LAT', 'INO', ' F', ' <', 'dem', 'o', '>', '</s>']
2025-10-09 04:24:58 | DEBUG    | generate_patient_sequence:457 | Special token IDs - <v>: 50265, <\v>: 50266, <END>: 50267, PAD: 1, EOS: 2
2025-10-09 04:24:58 | DEBUG    | generate_patient_sequence:464 | Initial decoder input (with forced <v>): [0, 1898, 37350, 510, 1889, 2371, 6532, 21455, 30535, 274, 28696, 12789, 139, 15698, 2, 50265]
2025-10-09 04:24:58 | DEBUG    | generate_patient_sequence:478 | After prompt, probability of <v>: 0.001328
2025-10-09 04:24:58 | DEBUG    | generate_patient_sequence:479 | After prompt, probability of <END>: 0.000682
2025-10-09 04:24:58 | DEBUG    | generate_patient_sequence:480 | After prompt, probability of PAD: 0.000000
2025-10-09 04:24:58 | DEBUG    | generate_patient_sequence:481 | After prompt, probability of EOS: 0.997869
2025-10-09 04:24:58 | DEBUG    | generate_patient_sequence:485 | Top 20 next token predictions after prompt:
2025-10-09 04:24:58 | DEBUG    | generate_patient_sequence:503 |   Rank 1: <EOS>                | Prob: 0.997869 | ID: 2
2025-10-09 04:24:58 | DEBUG    | generate_patient_sequence:503 |   Rank 2: <v>                  | Prob: 0.001328 | ID: 50265
2025-10-09 04:24:58 | DEBUG    | generate_patient_sequence:503 |   Rank 3: <END>                | Prob: 0.000682 | ID: 50267
2025-10-09 04:24:58 | DEBUG    | generate_patient_sequence:503 |   Rank 4: <\v>                 | Prob: 0.000069 | ID: 50266
2025-10-09 04:24:58 | DEBUG    | generate_patient_sequence:503 |   Rank 5: dem                  | Prob: 0.000014 | ID: 12789
2025-10-09 04:24:58 | DEBUG    | generate_patient_sequence:503 |   Rank 6: 1945                 | Prob: 0.000001 | ID: 45391
2025-10-09 04:24:58 | DEBUG    | generate_patient_sequence:503 |   Rank 7: NOT                  | Prob: 0.000001 | ID: 37049
2025-10-09 04:24:58 | DEBUG    | generate_patient_sequence:503 |   Rank 8: 45                   | Prob: 0.000001 | ID: 1898
2025-10-09 04:24:58 | DEBUG    | generate_patient_sequence:503 |   Rank 9:  1977                | Prob: 0.000001 | ID: 15386
2025-10-09 04:24:58 | DEBUG    | generate_patient_sequence:503 |   Rank 10: 95                   | Prob: 0.000001 | ID: 4015
2025-10-09 04:24:58 | DEBUG    | generate_patient_sequence:503 |   Rank 11: P                    | Prob: 0.000001 | ID: 510
2025-10-09 04:24:58 | DEBUG    | generate_patient_sequence:503 |   Rank 12: AF                   | Prob: 0.000001 | ID: 8573
2025-10-09 04:24:58 | DEBUG    | generate_patient_sequence:503 |   Rank 13: KNOWN                | Prob: 0.000001 | ID: 47300
2025-10-09 04:24:58 | DEBUG    | generate_patient_sequence:503 |   Rank 14: RIC                  | Prob: 0.000001 | ID: 36570
2025-10-09 04:24:58 | DEBUG    | generate_patient_sequence:503 |   Rank 15: 15                   | Prob: 0.000001 | ID: 996
2025-10-09 04:24:58 | DEBUG    | generate_patient_sequence:503 |   Rank 16:  E                   | Prob: 0.000000 | ID: 381
2025-10-09 04:24:58 | DEBUG    | generate_patient_sequence:503 |   Rank 17: 88                   | Prob: 0.000000 | ID: 4652
2025-10-09 04:24:58 | DEBUG    | generate_patient_sequence:503 |   Rank 18: 911                  | Prob: 0.000000 | ID: 37157
2025-10-09 04:24:58 | DEBUG    | generate_patient_sequence:503 |   Rank 19: 173                  | Prob: 0.000000 | ID: 30664
2025-10-09 04:24:58 | DEBUG    | generate_patient_sequence:503 |   Rank 20: 70                   | Prob: 0.000000 | ID: 3083
2025-10-09 04:24:58 | INFO     | generate_patient_sequence:507 | Starting generation with temp=1.3, top_k=30, max_length=256
2025-10-09 04:24:58 | DEBUG    | generate_patient_sequence:520 | Generated token IDs: [2, 0, 1898, 37350, 510, 1889, 2371, 6532, 21455, 30535, 274, 28696, 12789, 139, 15698, 2, 50265, 6532, 21455, 25692, 274, 28696, 46128, 139, 15698, 1437, 50265, 2, 2, 2, 50267]
2025-10-09 04:24:58 | DEBUG    | generate_patient_sequence:521 | Generated length: 31 tokens
2025-10-09 04:24:58 | INFO     | generate_patient_sequence:529 | Generated token counts - <v>: 2, <\v>: 0, <END>: 1
2025-10-09 04:24:58 | DEBUG    | generate_patient_sequence:537 | Raw generated sequence: </s><s>45 HISPANIC OR LATINO F <demo></s> <v>  OR LATICAN F <DEMo>  <v> </s></s></s> <END>
2025-10-09 04:24:58 | INFO     | generate_patient_sequence:540 | Generated sequence (clean): 45 HISPANIC OR LATINO F <demo> OR LATICAN F <DEMo> 
2025-10-09 04:24:58 | INFO     | <module>:663 | 
--- Sample 5/5 ---
2025-10-09 04:24:58 | INFO     | generate_patient_sequence:443 | Generating sequence for prompt: '44 OTHER F <demo>'
2025-10-09 04:24:58 | DEBUG    | generate_patient_sequence:447 | Prompt token IDs: [0, 3305, 16536, 274, 28696, 12789, 139, 15698, 2]
2025-10-09 04:24:58 | DEBUG    | generate_patient_sequence:448 | Prompt tokens: ['<s>', '44', ' OTHER', ' F', ' <', 'dem', 'o', '>', '</s>']
2025-10-09 04:24:58 | DEBUG    | generate_patient_sequence:457 | Special token IDs - <v>: 50265, <\v>: 50266, <END>: 50267, PAD: 1, EOS: 2
2025-10-09 04:24:58 | DEBUG    | generate_patient_sequence:464 | Initial decoder input (with forced <v>): [0, 3305, 16536, 274, 28696, 12789, 139, 15698, 2, 50265]
2025-10-09 04:24:58 | DEBUG    | generate_patient_sequence:478 | After prompt, probability of <v>: 0.000354
2025-10-09 04:24:58 | DEBUG    | generate_patient_sequence:479 | After prompt, probability of <END>: 0.000078
2025-10-09 04:24:58 | DEBUG    | generate_patient_sequence:480 | After prompt, probability of PAD: 0.000000
2025-10-09 04:24:58 | DEBUG    | generate_patient_sequence:481 | After prompt, probability of EOS: 0.999547
2025-10-09 04:24:58 | DEBUG    | generate_patient_sequence:485 | Top 20 next token predictions after prompt:
2025-10-09 04:24:58 | DEBUG    | generate_patient_sequence:503 |   Rank 1: <EOS>                | Prob: 0.999547 | ID: 2
2025-10-09 04:24:58 | DEBUG    | generate_patient_sequence:503 |   Rank 2: <v>                  | Prob: 0.000354 | ID: 50265
2025-10-09 04:24:58 | DEBUG    | generate_patient_sequence:503 |   Rank 3: <END>                | Prob: 0.000078 | ID: 50267
2025-10-09 04:24:58 | DEBUG    | generate_patient_sequence:503 |   Rank 4: <\v>                 | Prob: 0.000005 | ID: 50266
2025-10-09 04:24:58 | DEBUG    | generate_patient_sequence:503 |   Rank 5: 44                   | Prob: 0.000001 | ID: 3305
2025-10-09 04:24:58 | DEBUG    | generate_patient_sequence:503 |   Rank 6: 69                   | Prob: 0.000000 | ID: 4563
2025-10-09 04:24:58 | DEBUG    | generate_patient_sequence:503 |   Rank 7: dem                  | Prob: 0.000000 | ID: 12789
2025-10-09 04:24:58 | DEBUG    | generate_patient_sequence:503 |   Rank 8: 88                   | Prob: 0.000000 | ID: 4652
2025-10-09 04:24:58 | DEBUG    | generate_patient_sequence:503 |   Rank 9: RIC                  | Prob: 0.000000 | ID: 36570
2025-10-09 04:24:58 | DEBUG    | generate_patient_sequence:503 |   Rank 10: 1945                 | Prob: 0.000000 | ID: 45391
2025-10-09 04:24:58 | DEBUG    | generate_patient_sequence:503 |   Rank 11: 71                   | Prob: 0.000000 | ID: 5339
2025-10-09 04:24:58 | DEBUG    | generate_patient_sequence:503 |   Rank 12: 49                   | Prob: 0.000000 | ID: 3414
2025-10-09 04:24:58 | DEBUG    | generate_patient_sequence:503 |   Rank 13: 39                   | Prob: 0.000000 | ID: 3416
2025-10-09 04:24:58 | DEBUG    | generate_patient_sequence:503 |   Rank 14: 70                   | Prob: 0.000000 | ID: 3083
2025-10-09 04:24:58 | DEBUG    | generate_patient_sequence:503 |   Rank 15: P                    | Prob: 0.000000 | ID: 510
2025-10-09 04:24:58 | DEBUG    | generate_patient_sequence:503 |   Rank 16: NOT                  | Prob: 0.000000 | ID: 37049
2025-10-09 04:24:58 | DEBUG    | generate_patient_sequence:503 |   Rank 17: 139                  | Prob: 0.000000 | ID: 25488
2025-10-09 04:24:58 | DEBUG    | generate_patient_sequence:503 |   Rank 18: 19                   | Prob: 0.000000 | ID: 1646
2025-10-09 04:24:58 | DEBUG    | generate_patient_sequence:503 |   Rank 19: 97                   | Prob: 0.000000 | ID: 6750
2025-10-09 04:24:58 | DEBUG    | generate_patient_sequence:503 |   Rank 20: 103                  | Prob: 0.000000 | ID: 18159
2025-10-09 04:24:58 | INFO     | generate_patient_sequence:507 | Starting generation with temp=1.3, top_k=30, max_length=256
2025-10-09 04:24:58 | DEBUG    | generate_patient_sequence:520 | Generated token IDs: [2, 0, 3305, 16536, 274, 28696, 12789, 139, 15698, 2, 50265, 2, 2, 2, 3305, 16536, 381, 28696, 12789, 2678, 15698, 2, 2, 50267]
2025-10-09 04:24:58 | DEBUG    | generate_patient_sequence:521 | Generated length: 24 tokens
2025-10-09 04:24:58 | INFO     | generate_patient_sequence:529 | Generated token counts - <v>: 1, <\v>: 0, <END>: 1
2025-10-09 04:24:58 | DEBUG    | generate_patient_sequence:537 | Raw generated sequence: </s><s>44 OTHER F <demo></s> <v> </s></s></s>44 OTHER E <demoh></s></s> <END>
2025-10-09 04:24:58 | INFO     | generate_patient_sequence:540 | Generated sequence (clean): 44 OTHER F <demo>44 OTHER E <demoh>
2025-10-09 04:24:58 | INFO     | <module>:677 | === Training and generation complete ===
