2025-10-09 03:14:30 | INFO     | <module>:562 | === EHR Generation Training Started ===
2025-10-09 03:14:30 | INFO     | <module>:583 | Configuration: {'model_name': 'facebook/bart-base', 'num_patients': 3000, 'max_seq_length': 256, 'batch_size': 16, 'num_epochs': 30, 'learning_rate': 0.0001, 'generation_temp': 1.5, 'generation_max_length': 256, 'num_warmup_steps': 0, 'top_k': 30, 'data_dir': 'data_files', 'mimic_paths': {'patients_path': 'data_files/PATIENTS.csv', 'admissions_path': 'data_files/ADMISSIONS.csv', 'diagnoses_path': 'data_files/DIAGNOSES_ICD.csv'}}
2025-10-09 03:14:30 | INFO     | <module>:587 | Using device: cuda
2025-10-09 03:14:30 | INFO     | <module>:590 | Loading pretrained BART model: facebook/bart-base
2025-10-09 03:14:30 | INFO     | <module>:599 | Added 3 special tokens: <v>, <\v>, <END>
2025-10-09 03:14:31 | INFO     | <module>:603 | Resized model embeddings to 50268 tokens
2025-10-09 03:14:31 | DEBUG    | <module>:606 | Token ID for <v>: 50265
2025-10-09 03:14:31 | DEBUG    | <module>:607 | Token ID for <\v>: 50266
2025-10-09 03:14:31 | DEBUG    | <module>:608 | Token ID for <END>: 50267
2025-10-09 03:14:31 | INFO     | load_and_format_mimic_data:147 | Loading MIMIC-III data files
2025-10-09 03:14:31 | DEBUG    | load_and_format_mimic_data:148 | Patients: data_files/PATIENTS.csv
2025-10-09 03:14:31 | DEBUG    | load_and_format_mimic_data:149 | Admissions: data_files/ADMISSIONS.csv
2025-10-09 03:14:31 | DEBUG    | load_and_format_mimic_data:150 | Diagnoses: data_files/DIAGNOSES_ICD.csv
2025-10-09 03:14:31 | INFO     | load_and_format_mimic_data:155 | Loaded 46520 patients
2025-10-09 03:14:31 | INFO     | load_and_format_mimic_data:158 | Loaded 58976 admissions
2025-10-09 03:14:31 | INFO     | load_and_format_mimic_data:161 | Loaded 651047 diagnosis records
2025-10-09 03:14:31 | INFO     | load_and_format_mimic_data:219 | Data processing complete. Formatting sequences...
2025-10-09 03:14:34 | INFO     | load_and_format_mimic_data:258 | Sequence formatting complete. Generated 3000 patient sequences
2025-10-09 03:14:34 | DEBUG    | load_and_format_mimic_data:262 | Sample sequence: 0 ASIAN M <demo> <v> V3001 V053 V290 <\v> <END>...
2025-10-09 03:14:34 | INFO     | load_and_format_mimic_data:267 | Average visits per patient: 1.27
2025-10-09 03:14:34 | INFO     | load_and_format_mimic_data:268 | Average tokens per sequence: 19.69
2025-10-09 03:14:34 | INFO     | <module>:622 | Sample patient sequences:
2025-10-09 03:14:34 | INFO     | <module>:624 | Sample 1: 89 WHITE F <demo> <v> 0389 5849 2767 5990 51881 78552 2760 27651 99592 2903 2859 V441 <\v> <END>...
2025-10-09 03:14:34 | INFO     | <module>:624 | Sample 2: 0 ASIAN F <demo> <v> V3000 V053 V290 <\v> <END>...
2025-10-09 03:14:34 | INFO     | <module>:624 | Sample 3: 56 WHITE M <demo> <v> 0389 78552 5849 2767 30491 5070 00845 34982 2762 72888 53501 2113 99592 <\v> <END>...
2025-10-09 03:14:34 | INFO     | <module>:624 | Sample 4: 61 WHITE F <demo> <v> 4321 5990 0414 3484 37992 41401 412 <\v> <END>...
2025-10-09 03:14:34 | INFO     | <module>:624 | Sample 5: 0 WHITE F <demo> <v> V3000 V053 V290 V293 <\v> <END>...
2025-10-09 03:14:34 | DEBUG    | __init__:294 | First sequence length: 24 tokens
2025-10-09 03:14:34 | DEBUG    | __init__:295 | Pad token ID: 1
2025-10-09 03:14:34 | INFO     | <module>:628 | Created dataset with 3000 samples, 188 batches
2025-10-09 03:14:34 | INFO     | <module>:639 | Optimizer: AdamW with lr=0.0001
2025-10-09 03:14:34 | INFO     | <module>:640 | Scheduler: linear with 0 warmup steps
2025-10-09 03:14:34 | INFO     | train_model:351 | Starting model training for 30 epochs
2025-10-09 03:14:34 | INFO     | train_model:352 | Training steps: 5640
2025-10-09 03:14:34 | INFO     | train_model:353 | Device: cuda
2025-10-09 03:14:35 | DEBUG    | train_model:372 | First batch input_ids shape: torch.Size([16, 256])
2025-10-09 03:14:35 | DEBUG    | train_model:373 | First batch labels shape: torch.Size([16, 256])
2025-10-09 03:14:35 | DEBUG    | train_model:374 | First batch attention_mask shape: torch.Size([16, 256])
2025-10-09 03:14:35 | DEBUG    | train_model:375 | Initial loss: 2.5481
2025-10-09 03:14:35 | DEBUG    | train_model:382 | Special tokens in first batch: {'pad': 3523, 'masked_labels': 3523}
2025-10-09 03:15:21 | INFO     | train_model:401 | Epoch 1/30 completed | Avg Loss: 0.4701
2025-10-09 03:16:08 | INFO     | train_model:401 | Epoch 2/30 completed | Avg Loss: 0.0488
2025-10-09 03:16:54 | INFO     | train_model:401 | Epoch 3/30 completed | Avg Loss: 0.0142
2025-10-09 03:17:41 | INFO     | train_model:401 | Epoch 4/30 completed | Avg Loss: 0.0154
2025-10-09 03:18:27 | INFO     | train_model:401 | Epoch 5/30 completed | Avg Loss: 0.0145
2025-10-09 03:19:14 | INFO     | train_model:401 | Epoch 6/30 completed | Avg Loss: 0.0084
2025-10-09 03:20:00 | INFO     | train_model:401 | Epoch 7/30 completed | Avg Loss: 0.0069
2025-10-09 03:20:47 | INFO     | train_model:401 | Epoch 8/30 completed | Avg Loss: 0.0051
2025-10-09 03:21:33 | INFO     | train_model:401 | Epoch 9/30 completed | Avg Loss: 0.0046
2025-10-09 03:22:20 | INFO     | train_model:401 | Epoch 10/30 completed | Avg Loss: 0.0046
2025-10-09 03:23:06 | INFO     | train_model:401 | Epoch 11/30 completed | Avg Loss: 0.0095
2025-10-09 03:23:53 | INFO     | train_model:401 | Epoch 12/30 completed | Avg Loss: 0.0053
2025-10-09 03:24:40 | INFO     | train_model:401 | Epoch 13/30 completed | Avg Loss: 0.0087
2025-10-09 03:25:26 | INFO     | train_model:401 | Epoch 14/30 completed | Avg Loss: 0.0048
2025-10-09 03:26:13 | INFO     | train_model:401 | Epoch 15/30 completed | Avg Loss: 0.0033
2025-10-09 03:26:59 | INFO     | train_model:401 | Epoch 16/30 completed | Avg Loss: 0.0037
2025-10-09 03:27:46 | INFO     | train_model:401 | Epoch 17/30 completed | Avg Loss: 0.0033
2025-10-09 03:28:32 | INFO     | train_model:401 | Epoch 18/30 completed | Avg Loss: 0.0027
2025-10-09 03:29:19 | INFO     | train_model:401 | Epoch 19/30 completed | Avg Loss: 0.0028
2025-10-09 03:30:05 | INFO     | train_model:401 | Epoch 20/30 completed | Avg Loss: 0.0024
2025-10-09 03:30:52 | INFO     | train_model:401 | Epoch 21/30 completed | Avg Loss: 0.0012
2025-10-09 03:31:38 | INFO     | train_model:401 | Epoch 22/30 completed | Avg Loss: 0.0011
2025-10-09 03:32:25 | INFO     | train_model:401 | Epoch 23/30 completed | Avg Loss: 0.0008
2025-10-09 03:33:11 | INFO     | train_model:401 | Epoch 24/30 completed | Avg Loss: 0.0006
2025-10-09 03:33:58 | INFO     | train_model:401 | Epoch 25/30 completed | Avg Loss: 0.0005
2025-10-09 03:34:44 | INFO     | train_model:401 | Epoch 26/30 completed | Avg Loss: 0.0006
2025-10-09 03:35:31 | INFO     | train_model:401 | Epoch 27/30 completed | Avg Loss: 0.0007
2025-10-09 03:36:18 | INFO     | train_model:401 | Epoch 28/30 completed | Avg Loss: 0.0003
2025-10-09 03:37:04 | INFO     | train_model:401 | Epoch 29/30 completed | Avg Loss: 0.0006
2025-10-09 03:37:51 | INFO     | train_model:401 | Epoch 30/30 completed | Avg Loss: 0.0004
2025-10-09 03:37:51 | INFO     | train_model:403 | Training complete
2025-10-09 03:37:51 | INFO     | train_model:404 | Final average loss: 0.0004
2025-10-09 03:37:51 | DEBUG    | train_model:405 | Loss history: [0.47006497016929566, 0.04876301979690671, 0.01416260809228914, 0.01536824051544635, 0.014470536576675628, 0.008357986111808172, 0.006930080951938277, 0.005136842383356626, 0.004617441564481309, 0.004590470412562779, 0.009495569208043658, 0.005252921430160604, 0.008711839452286206, 0.004818336269771804, 0.003333557815959137, 0.003747107507924158, 0.003289507262107168, 0.0027466009710320925, 0.0027696221789851056, 0.002399750331336536, 0.0011587757093985465, 0.001129517212827155, 0.0008114570282293456, 0.0006476195105781873, 0.00047659108785158793, 0.0006428004391753038, 0.0006584153325480231, 0.0002807827384729419, 0.000627585749053322, 0.00043365334610651654]
2025-10-09 03:37:51 | INFO     | <module>:654 | === Generating synthetic patient data ===
2025-10-09 03:37:51 | INFO     | <module>:663 | 
--- Sample 1/5 ---
2025-10-09 03:37:51 | INFO     | generate_patient_sequence:443 | Generating sequence for prompt: '50 ASIAN M <demo>'
2025-10-09 03:37:51 | DEBUG    | generate_patient_sequence:447 | Prompt token IDs: [0, 1096, 6015, 10296, 256, 28696, 12789, 139, 15698, 2]
2025-10-09 03:37:51 | DEBUG    | generate_patient_sequence:448 | Prompt tokens: ['<s>', '50', ' AS', 'IAN', ' M', ' <', 'dem', 'o', '>', '</s>']
2025-10-09 03:37:51 | DEBUG    | generate_patient_sequence:457 | Special token IDs - <v>: 50265, <\v>: 50266, <END>: 50267, PAD: 1, EOS: 2
2025-10-09 03:37:51 | DEBUG    | generate_patient_sequence:464 | Initial decoder input (with forced <v>): [0, 1096, 6015, 10296, 256, 28696, 12789, 139, 15698, 2, 50265]
2025-10-09 03:37:51 | DEBUG    | generate_patient_sequence:478 | After prompt, probability of <v>: 0.252858
2025-10-09 03:37:51 | DEBUG    | generate_patient_sequence:479 | After prompt, probability of <END>: 0.157254
2025-10-09 03:37:51 | DEBUG    | generate_patient_sequence:480 | After prompt, probability of PAD: 0.000000
2025-10-09 03:37:51 | DEBUG    | generate_patient_sequence:481 | After prompt, probability of EOS: 0.216899
2025-10-09 03:37:51 | DEBUG    | generate_patient_sequence:485 | Top 20 next token predictions after prompt:
2025-10-09 03:37:51 | DEBUG    | generate_patient_sequence:503 |   Rank 1: <v>                  | Prob: 0.252858 | ID: 50265
2025-10-09 03:37:51 | DEBUG    | generate_patient_sequence:503 |   Rank 2: 50                   | Prob: 0.252600 | ID: 1096
2025-10-09 03:37:51 | DEBUG    | generate_patient_sequence:503 |   Rank 3: <EOS>                | Prob: 0.216899 | ID: 2
2025-10-09 03:37:51 | DEBUG    | generate_patient_sequence:503 |   Rank 4: <END>                | Prob: 0.157254 | ID: 50267
2025-10-09 03:37:51 | DEBUG    | generate_patient_sequence:503 |   Rank 5: SW                   | Prob: 0.018426 | ID: 11871
2025-10-09 03:37:51 | DEBUG    | generate_patient_sequence:503 |   Rank 6: NOT                  | Prob: 0.012926 | ID: 37049
2025-10-09 03:37:51 | DEBUG    | generate_patient_sequence:503 |   Rank 7: dem                  | Prob: 0.008921 | ID: 12789
2025-10-09 03:37:51 | DEBUG    | generate_patient_sequence:503 |   Rank 8: <\v>                 | Prob: 0.006000 | ID: 50266
2025-10-09 03:37:51 | DEBUG    | generate_patient_sequence:503 |   Rank 9: KNOWN                | Prob: 0.005955 | ID: 47300
2025-10-09 03:37:51 | DEBUG    | generate_patient_sequence:503 |   Rank 10: N                    | Prob: 0.003575 | ID: 487
2025-10-09 03:37:51 | DEBUG    | generate_patient_sequence:503 |   Rank 11: SI                   | Prob: 0.003049 | ID: 6850
2025-10-09 03:37:51 | DEBUG    | generate_patient_sequence:503 |   Rank 12: IAN                  | Prob: 0.002316 | ID: 10296
2025-10-09 03:37:51 | DEBUG    | generate_patient_sequence:503 |   Rank 13: 550                  | Prob: 0.001770 | ID: 17953
2025-10-09 03:37:51 | DEBUG    | generate_patient_sequence:503 |   Rank 14: IENT                 | Prob: 0.001345 | ID: 44735
2025-10-09 03:37:51 | DEBUG    | generate_patient_sequence:503 |   Rank 15: 43                   | Prob: 0.001211 | ID: 3897
2025-10-09 03:37:51 | DEBUG    | generate_patient_sequence:503 |   Rank 16: 80                   | Prob: 0.000947 | ID: 2940
2025-10-09 03:37:51 | DEBUG    | generate_patient_sequence:503 |   Rank 17: 87                   | Prob: 0.000846 | ID: 5677
2025-10-09 03:37:51 | DEBUG    | generate_patient_sequence:503 |   Rank 18: IC                   | Prob: 0.000756 | ID: 2371
2025-10-09 03:37:51 | DEBUG    | generate_patient_sequence:503 |   Rank 19: E                    | Prob: 0.000744 | ID: 717
2025-10-09 03:37:51 | DEBUG    | generate_patient_sequence:503 |   Rank 20: 56                   | Prob: 0.000667 | ID: 4419
2025-10-09 03:37:51 | INFO     | generate_patient_sequence:507 | Starting generation with temp=1.5, top_k=30, max_length=256
2025-10-09 03:37:51 | DEBUG    | generate_patient_sequence:520 | Generated token IDs: [2, 0, 1096, 6015, 10296, 256, 28696, 12789, 139, 15698, 2, 50265, 2, 2, 50267]
2025-10-09 03:37:51 | DEBUG    | generate_patient_sequence:521 | Generated length: 15 tokens
2025-10-09 03:37:51 | INFO     | generate_patient_sequence:529 | Generated token counts - <v>: 1, <\v>: 0, <END>: 1
2025-10-09 03:37:51 | DEBUG    | generate_patient_sequence:537 | Raw generated sequence: </s><s>50 ASIAN M <demo></s> <v> </s></s> <END>
2025-10-09 03:37:51 | INFO     | generate_patient_sequence:540 | Generated sequence (clean): 50 ASIAN M <demo>
2025-10-09 03:37:51 | INFO     | <module>:663 | 
--- Sample 2/5 ---
2025-10-09 03:37:51 | INFO     | generate_patient_sequence:443 | Generating sequence for prompt: '83 BLACK M <demo>'
2025-10-09 03:37:51 | DEBUG    | generate_patient_sequence:447 | Prompt token IDs: [0, 6361, 34101, 256, 28696, 12789, 139, 15698, 2]
2025-10-09 03:37:51 | DEBUG    | generate_patient_sequence:448 | Prompt tokens: ['<s>', '83', ' BLACK', ' M', ' <', 'dem', 'o', '>', '</s>']
2025-10-09 03:37:51 | DEBUG    | generate_patient_sequence:457 | Special token IDs - <v>: 50265, <\v>: 50266, <END>: 50267, PAD: 1, EOS: 2
2025-10-09 03:37:51 | DEBUG    | generate_patient_sequence:464 | Initial decoder input (with forced <v>): [0, 6361, 34101, 256, 28696, 12789, 139, 15698, 2, 50265]
2025-10-09 03:37:51 | DEBUG    | generate_patient_sequence:478 | After prompt, probability of <v>: 0.014087
2025-10-09 03:37:51 | DEBUG    | generate_patient_sequence:479 | After prompt, probability of <END>: 0.040354
2025-10-09 03:37:51 | DEBUG    | generate_patient_sequence:480 | After prompt, probability of PAD: 0.000000
2025-10-09 03:37:51 | DEBUG    | generate_patient_sequence:481 | After prompt, probability of EOS: 0.805732
2025-10-09 03:37:51 | DEBUG    | generate_patient_sequence:485 | Top 20 next token predictions after prompt:
2025-10-09 03:37:51 | DEBUG    | generate_patient_sequence:503 |   Rank 1: <EOS>                | Prob: 0.805732 | ID: 2
2025-10-09 03:37:51 | DEBUG    | generate_patient_sequence:503 |   Rank 2: 83                   | Prob: 0.065420 | ID: 6361
2025-10-09 03:37:51 | DEBUG    | generate_patient_sequence:503 |   Rank 3: <END>                | Prob: 0.040354 | ID: 50267
2025-10-09 03:37:51 | DEBUG    | generate_patient_sequence:503 |   Rank 4: dem                  | Prob: 0.018761 | ID: 12789
2025-10-09 03:37:51 | DEBUG    | generate_patient_sequence:503 |   Rank 5: <v>                  | Prob: 0.014087 | ID: 50265
2025-10-09 03:37:51 | DEBUG    | generate_patient_sequence:503 |   Rank 6: KNOWN                | Prob: 0.008378 | ID: 47300
2025-10-09 03:37:51 | DEBUG    | generate_patient_sequence:503 |   Rank 7: 88                   | Prob: 0.004565 | ID: 4652
2025-10-09 03:37:51 | DEBUG    | generate_patient_sequence:503 |   Rank 8: NOT                  | Prob: 0.002912 | ID: 37049
2025-10-09 03:37:51 | DEBUG    | generate_patient_sequence:503 |   Rank 9: <\v>                 | Prob: 0.002344 | ID: 50266
2025-10-09 03:37:51 | DEBUG    | generate_patient_sequence:503 |   Rank 10: 43                   | Prob: 0.002205 | ID: 3897
2025-10-09 03:37:51 | DEBUG    | generate_patient_sequence:503 |   Rank 11: 0                    | Prob: 0.001697 | ID: 288
2025-10-09 03:37:51 | DEBUG    | generate_patient_sequence:503 |   Rank 12: 82                   | Prob: 0.001643 | ID: 6551
2025-10-09 03:37:51 | DEBUG    | generate_patient_sequence:503 |   Rank 13: 80                   | Prob: 0.001299 | ID: 2940
2025-10-09 03:37:51 | DEBUG    | generate_patient_sequence:503 |   Rank 14: SI                   | Prob: 0.001236 | ID: 6850
2025-10-09 03:37:51 | DEBUG    | generate_patient_sequence:503 |   Rank 15: 73                   | Prob: 0.001210 | ID: 5352
2025-10-09 03:37:51 | DEBUG    | generate_patient_sequence:503 |   Rank 16: E                    | Prob: 0.001018 | ID: 717
2025-10-09 03:37:51 | DEBUG    | generate_patient_sequence:503 |   Rank 17: 87                   | Prob: 0.000982 | ID: 5677
2025-10-09 03:37:51 | DEBUG    | generate_patient_sequence:503 |   Rank 18: SW                   | Prob: 0.000966 | ID: 11871
2025-10-09 03:37:51 | DEBUG    | generate_patient_sequence:503 |   Rank 19: 70                   | Prob: 0.000636 | ID: 3083
2025-10-09 03:37:51 | DEBUG    | generate_patient_sequence:503 |   Rank 20: 785                  | Prob: 0.000524 | ID: 37453
2025-10-09 03:37:51 | INFO     | generate_patient_sequence:507 | Starting generation with temp=1.5, top_k=30, max_length=256
2025-10-09 03:37:51 | DEBUG    | generate_patient_sequence:520 | Generated token IDs: [2, 0, 6361, 34101, 256, 28696, 12789, 139, 15698, 2, 50265, 2, 2, 2, 47300, 34101, 448, 28696, 12789, 5675, 15698, 2, 50267]
2025-10-09 03:37:51 | DEBUG    | generate_patient_sequence:521 | Generated length: 23 tokens
2025-10-09 03:37:51 | INFO     | generate_patient_sequence:529 | Generated token counts - <v>: 1, <\v>: 0, <END>: 1
2025-10-09 03:37:51 | DEBUG    | generate_patient_sequence:537 | Raw generated sequence: </s><s>83 BLACK M <demo></s> <v> </s></s></s>KNOWN BLACKM <demolo></s> <END>
2025-10-09 03:37:51 | INFO     | generate_patient_sequence:540 | Generated sequence (clean): 83 BLACK M <demo>KNOWN BLACKM <demolo>
2025-10-09 03:37:51 | INFO     | <module>:663 | 
--- Sample 3/5 ---
2025-10-09 03:37:51 | INFO     | generate_patient_sequence:443 | Generating sequence for prompt: '46 ASIAN M <demo>'
2025-10-09 03:37:51 | DEBUG    | generate_patient_sequence:447 | Prompt token IDs: [0, 3761, 6015, 10296, 256, 28696, 12789, 139, 15698, 2]
2025-10-09 03:37:51 | DEBUG    | generate_patient_sequence:448 | Prompt tokens: ['<s>', '46', ' AS', 'IAN', ' M', ' <', 'dem', 'o', '>', '</s>']
2025-10-09 03:37:51 | DEBUG    | generate_patient_sequence:457 | Special token IDs - <v>: 50265, <\v>: 50266, <END>: 50267, PAD: 1, EOS: 2
2025-10-09 03:37:51 | DEBUG    | generate_patient_sequence:464 | Initial decoder input (with forced <v>): [0, 3761, 6015, 10296, 256, 28696, 12789, 139, 15698, 2, 50265]
2025-10-09 03:37:51 | DEBUG    | generate_patient_sequence:478 | After prompt, probability of <v>: 0.228288
2025-10-09 03:37:51 | DEBUG    | generate_patient_sequence:479 | After prompt, probability of <END>: 0.190360
2025-10-09 03:37:51 | DEBUG    | generate_patient_sequence:480 | After prompt, probability of PAD: 0.000000
2025-10-09 03:37:51 | DEBUG    | generate_patient_sequence:481 | After prompt, probability of EOS: 0.172657
2025-10-09 03:37:51 | DEBUG    | generate_patient_sequence:485 | Top 20 next token predictions after prompt:
2025-10-09 03:37:51 | DEBUG    | generate_patient_sequence:503 |   Rank 1: <v>                  | Prob: 0.228288 | ID: 50265
2025-10-09 03:37:51 | DEBUG    | generate_patient_sequence:503 |   Rank 2: dem                  | Prob: 0.194294 | ID: 12789
2025-10-09 03:37:51 | DEBUG    | generate_patient_sequence:503 |   Rank 3: <END>                | Prob: 0.190360 | ID: 50267
2025-10-09 03:37:51 | DEBUG    | generate_patient_sequence:503 |   Rank 4: <EOS>                | Prob: 0.172657 | ID: 2
2025-10-09 03:37:51 | DEBUG    | generate_patient_sequence:503 |   Rank 5: 46                   | Prob: 0.147677 | ID: 3761
2025-10-09 03:37:51 | DEBUG    | generate_patient_sequence:503 |   Rank 6: L                    | Prob: 0.012598 | ID: 574
2025-10-09 03:37:51 | DEBUG    | generate_patient_sequence:503 |   Rank 7: <\v>                 | Prob: 0.005799 | ID: 50266
2025-10-09 03:37:51 | DEBUG    | generate_patient_sequence:503 |   Rank 8: IAN                  | Prob: 0.003296 | ID: 10296
2025-10-09 03:37:51 | DEBUG    | generate_patient_sequence:503 |   Rank 9: P                    | Prob: 0.002609 | ID: 510
2025-10-09 03:37:51 | DEBUG    | generate_patient_sequence:503 |   Rank 10: KNOWN                | Prob: 0.002513 | ID: 47300
2025-10-09 03:37:51 | DEBUG    | generate_patient_sequence:503 |   Rank 11: N                    | Prob: 0.001488 | ID: 487
2025-10-09 03:37:51 | DEBUG    | generate_patient_sequence:503 |   Rank 12: E                    | Prob: 0.001084 | ID: 717
2025-10-09 03:37:51 | DEBUG    | generate_patient_sequence:503 |   Rank 13: 550                  | Prob: 0.000953 | ID: 17953
2025-10-09 03:37:51 | DEBUG    | generate_patient_sequence:503 |   Rank 14: 88                   | Prob: 0.000928 | ID: 4652
2025-10-09 03:37:51 | DEBUG    | generate_patient_sequence:503 |   Rank 15: SW                   | Prob: 0.000836 | ID: 11871
2025-10-09 03:37:51 | DEBUG    | generate_patient_sequence:503 |   Rank 16: 690                  | Prob: 0.000815 | ID: 33636
2025-10-09 03:37:51 | DEBUG    | generate_patient_sequence:503 |   Rank 17: ON                   | Prob: 0.000730 | ID: 2191
2025-10-09 03:37:51 | DEBUG    | generate_patient_sequence:503 |   Rank 18: 87                   | Prob: 0.000605 | ID: 5677
2025-10-09 03:37:51 | DEBUG    | generate_patient_sequence:503 |   Rank 19: US                   | Prob: 0.000465 | ID: 3048
2025-10-09 03:37:51 | DEBUG    | generate_patient_sequence:503 |   Rank 20: 589                  | Prob: 0.000451 | ID: 40017
2025-10-09 03:37:51 | INFO     | generate_patient_sequence:507 | Starting generation with temp=1.5, top_k=30, max_length=256
2025-10-09 03:37:51 | DEBUG    | generate_patient_sequence:520 | Generated token IDs: [2, 0, 3761, 6015, 10296, 256, 28696, 12789, 139, 15698, 2, 50265, 2, 50267]
2025-10-09 03:37:51 | DEBUG    | generate_patient_sequence:521 | Generated length: 14 tokens
2025-10-09 03:37:51 | INFO     | generate_patient_sequence:529 | Generated token counts - <v>: 1, <\v>: 0, <END>: 1
2025-10-09 03:37:51 | DEBUG    | generate_patient_sequence:537 | Raw generated sequence: </s><s>46 ASIAN M <demo></s> <v> </s> <END>
2025-10-09 03:37:51 | INFO     | generate_patient_sequence:540 | Generated sequence (clean): 46 ASIAN M <demo>
2025-10-09 03:37:51 | INFO     | <module>:663 | 
--- Sample 4/5 ---
2025-10-09 03:37:51 | INFO     | generate_patient_sequence:443 | Generating sequence for prompt: '81 ASIAN F <demo>'
2025-10-09 03:37:51 | DEBUG    | generate_patient_sequence:447 | Prompt token IDs: [0, 6668, 6015, 10296, 274, 28696, 12789, 139, 15698, 2]
2025-10-09 03:37:51 | DEBUG    | generate_patient_sequence:448 | Prompt tokens: ['<s>', '81', ' AS', 'IAN', ' F', ' <', 'dem', 'o', '>', '</s>']
2025-10-09 03:37:51 | DEBUG    | generate_patient_sequence:457 | Special token IDs - <v>: 50265, <\v>: 50266, <END>: 50267, PAD: 1, EOS: 2
2025-10-09 03:37:51 | DEBUG    | generate_patient_sequence:464 | Initial decoder input (with forced <v>): [0, 6668, 6015, 10296, 274, 28696, 12789, 139, 15698, 2, 50265]
2025-10-09 03:37:51 | DEBUG    | generate_patient_sequence:478 | After prompt, probability of <v>: 0.297599
2025-10-09 03:37:51 | DEBUG    | generate_patient_sequence:479 | After prompt, probability of <END>: 0.285364
2025-10-09 03:37:51 | DEBUG    | generate_patient_sequence:480 | After prompt, probability of PAD: 0.000000
2025-10-09 03:37:51 | DEBUG    | generate_patient_sequence:481 | After prompt, probability of EOS: 0.370661
2025-10-09 03:37:51 | DEBUG    | generate_patient_sequence:485 | Top 20 next token predictions after prompt:
2025-10-09 03:37:51 | DEBUG    | generate_patient_sequence:503 |   Rank 1: <EOS>                | Prob: 0.370661 | ID: 2
2025-10-09 03:37:51 | DEBUG    | generate_patient_sequence:503 |   Rank 2: <v>                  | Prob: 0.297599 | ID: 50265
2025-10-09 03:37:51 | DEBUG    | generate_patient_sequence:503 |   Rank 3: <END>                | Prob: 0.285364 | ID: 50267
2025-10-09 03:37:51 | DEBUG    | generate_patient_sequence:503 |   Rank 4: dem                  | Prob: 0.016473 | ID: 12789
2025-10-09 03:37:51 | DEBUG    | generate_patient_sequence:503 |   Rank 5: <\v>                 | Prob: 0.004673 | ID: 50266
2025-10-09 03:37:51 | DEBUG    | generate_patient_sequence:503 |   Rank 6: 81                   | Prob: 0.003702 | ID: 6668
2025-10-09 03:37:51 | DEBUG    | generate_patient_sequence:503 |   Rank 7: KNOWN                | Prob: 0.002341 | ID: 47300
2025-10-09 03:37:51 | DEBUG    | generate_patient_sequence:503 |   Rank 8: NOT                  | Prob: 0.001392 | ID: 37049
2025-10-09 03:37:51 | DEBUG    | generate_patient_sequence:503 |   Rank 9: N                    | Prob: 0.001173 | ID: 487
2025-10-09 03:37:51 | DEBUG    | generate_patient_sequence:503 |   Rank 10: IAN                  | Prob: 0.001073 | ID: 10296
2025-10-09 03:37:51 | DEBUG    | generate_patient_sequence:503 |   Rank 11: SW                   | Prob: 0.000609 | ID: 11871
2025-10-09 03:37:51 | DEBUG    | generate_patient_sequence:503 |   Rank 12: 88                   | Prob: 0.000528 | ID: 4652
2025-10-09 03:37:51 | DEBUG    | generate_patient_sequence:503 |   Rank 13: P                    | Prob: 0.000520 | ID: 510
2025-10-09 03:37:51 | DEBUG    | generate_patient_sequence:503 |   Rank 14: L                    | Prob: 0.000395 | ID: 574
2025-10-09 03:37:51 | DEBUG    | generate_patient_sequence:503 |   Rank 15: DEM                  | Prob: 0.000290 | ID: 46128
2025-10-09 03:37:51 | DEBUG    | generate_patient_sequence:503 |   Rank 16: 87                   | Prob: 0.000262 | ID: 5677
2025-10-09 03:37:51 | DEBUG    | generate_patient_sequence:503 |   Rank 17: 80                   | Prob: 0.000253 | ID: 2940
2025-10-09 03:37:51 | DEBUG    | generate_patient_sequence:503 |   Rank 18: 121                  | Prob: 0.000229 | ID: 22388
2025-10-09 03:37:51 | DEBUG    | generate_patient_sequence:503 |   Rank 19: NO                   | Prob: 0.000219 | ID: 13449
2025-10-09 03:37:51 | DEBUG    | generate_patient_sequence:503 |   Rank 20: o                    | Prob: 0.000200 | ID: 139
2025-10-09 03:37:51 | INFO     | generate_patient_sequence:507 | Starting generation with temp=1.5, top_k=30, max_length=256
2025-10-09 03:37:51 | DEBUG    | generate_patient_sequence:520 | Generated token IDs: [2, 0, 6668, 6015, 10296, 274, 28696, 12789, 139, 15698, 2, 50265, 2, 50267]
2025-10-09 03:37:51 | DEBUG    | generate_patient_sequence:521 | Generated length: 14 tokens
2025-10-09 03:37:51 | INFO     | generate_patient_sequence:529 | Generated token counts - <v>: 1, <\v>: 0, <END>: 1
2025-10-09 03:37:51 | DEBUG    | generate_patient_sequence:537 | Raw generated sequence: </s><s>81 ASIAN F <demo></s> <v> </s> <END>
2025-10-09 03:37:51 | INFO     | generate_patient_sequence:540 | Generated sequence (clean): 81 ASIAN F <demo>
2025-10-09 03:37:51 | INFO     | <module>:663 | 
--- Sample 5/5 ---
2025-10-09 03:37:51 | INFO     | generate_patient_sequence:443 | Generating sequence for prompt: '37 ASIAN M <demo>'
2025-10-09 03:37:51 | DEBUG    | generate_patient_sequence:447 | Prompt token IDs: [0, 3272, 6015, 10296, 256, 28696, 12789, 139, 15698, 2]
2025-10-09 03:37:51 | DEBUG    | generate_patient_sequence:448 | Prompt tokens: ['<s>', '37', ' AS', 'IAN', ' M', ' <', 'dem', 'o', '>', '</s>']
2025-10-09 03:37:51 | DEBUG    | generate_patient_sequence:457 | Special token IDs - <v>: 50265, <\v>: 50266, <END>: 50267, PAD: 1, EOS: 2
2025-10-09 03:37:51 | DEBUG    | generate_patient_sequence:464 | Initial decoder input (with forced <v>): [0, 3272, 6015, 10296, 256, 28696, 12789, 139, 15698, 2, 50265]
2025-10-09 03:37:51 | DEBUG    | generate_patient_sequence:478 | After prompt, probability of <v>: 0.455977
2025-10-09 03:37:51 | DEBUG    | generate_patient_sequence:479 | After prompt, probability of <END>: 0.279569
2025-10-09 03:37:51 | DEBUG    | generate_patient_sequence:480 | After prompt, probability of PAD: 0.000000
2025-10-09 03:37:51 | DEBUG    | generate_patient_sequence:481 | After prompt, probability of EOS: 0.154161
2025-10-09 03:37:51 | DEBUG    | generate_patient_sequence:485 | Top 20 next token predictions after prompt:
2025-10-09 03:37:51 | DEBUG    | generate_patient_sequence:503 |   Rank 1: <v>                  | Prob: 0.455977 | ID: 50265
2025-10-09 03:37:51 | DEBUG    | generate_patient_sequence:503 |   Rank 2: <END>                | Prob: 0.279569 | ID: 50267
2025-10-09 03:37:51 | DEBUG    | generate_patient_sequence:503 |   Rank 3: <EOS>                | Prob: 0.154161 | ID: 2
2025-10-09 03:37:51 | DEBUG    | generate_patient_sequence:503 |   Rank 4: dem                  | Prob: 0.076256 | ID: 12789
2025-10-09 03:37:51 | DEBUG    | generate_patient_sequence:503 |   Rank 5: <\v>                 | Prob: 0.005366 | ID: 50266
2025-10-09 03:37:51 | DEBUG    | generate_patient_sequence:503 |   Rank 6: 37                   | Prob: 0.001880 | ID: 3272
2025-10-09 03:37:51 | DEBUG    | generate_patient_sequence:503 |   Rank 7: KNOWN                | Prob: 0.001598 | ID: 47300
2025-10-09 03:37:51 | DEBUG    | generate_patient_sequence:503 |   Rank 8: P                    | Prob: 0.001547 | ID: 510
2025-10-09 03:37:51 | DEBUG    | generate_patient_sequence:503 |   Rank 9: IAN                  | Prob: 0.001247 | ID: 10296
2025-10-09 03:37:51 | DEBUG    | generate_patient_sequence:503 |   Rank 10: L                    | Prob: 0.001072 | ID: 574
2025-10-09 03:37:51 | DEBUG    | generate_patient_sequence:503 |   Rank 11: US                   | Prob: 0.000834 | ID: 3048
2025-10-09 03:37:51 | DEBUG    | generate_patient_sequence:503 |   Rank 12: N                    | Prob: 0.000774 | ID: 487
2025-10-09 03:37:51 | DEBUG    | generate_patient_sequence:503 |   Rank 13: Shares               | Prob: 0.000633 | ID: 12494
2025-10-09 03:37:51 | DEBUG    | generate_patient_sequence:503 |   Rank 14: NOT                  | Prob: 0.000555 | ID: 37049
2025-10-09 03:37:51 | DEBUG    | generate_patient_sequence:503 |   Rank 15: o                    | Prob: 0.000372 | ID: 139
2025-10-09 03:37:51 | DEBUG    | generate_patient_sequence:503 |   Rank 16: NO                   | Prob: 0.000367 | ID: 13449
2025-10-09 03:37:51 | DEBUG    | generate_patient_sequence:503 |   Rank 17: ON                   | Prob: 0.000335 | ID: 2191
2025-10-09 03:37:51 | DEBUG    | generate_patient_sequence:503 |   Rank 18: 0                    | Prob: 0.000325 | ID: 288
2025-10-09 03:37:51 | DEBUG    | generate_patient_sequence:503 |   Rank 19: IC                   | Prob: 0.000279 | ID: 2371
2025-10-09 03:37:51 | DEBUG    | generate_patient_sequence:503 |   Rank 20: 69                   | Prob: 0.000268 | ID: 4563
2025-10-09 03:37:51 | INFO     | generate_patient_sequence:507 | Starting generation with temp=1.5, top_k=30, max_length=256
2025-10-09 03:37:51 | DEBUG    | generate_patient_sequence:520 | Generated token IDs: [2, 0, 3272, 6015, 10296, 256, 28696, 12789, 139, 15698, 2, 50265, 2, 50267]
2025-10-09 03:37:51 | DEBUG    | generate_patient_sequence:521 | Generated length: 14 tokens
2025-10-09 03:37:51 | INFO     | generate_patient_sequence:529 | Generated token counts - <v>: 1, <\v>: 0, <END>: 1
2025-10-09 03:37:51 | DEBUG    | generate_patient_sequence:537 | Raw generated sequence: </s><s>37 ASIAN M <demo></s> <v> </s> <END>
2025-10-09 03:37:51 | INFO     | generate_patient_sequence:540 | Generated sequence (clean): 37 ASIAN M <demo>
2025-10-09 03:37:51 | INFO     | <module>:677 | === Training and generation complete ===
