Job ID: 5183012
Job Name: ehr_lr0.0001_temp1.0_k100
Node: ccc0389
CUDA_VISIBLE_DEVICES: 0
Start Time: Thu Oct  9 02:50:41 CDT 2025
Working Directory: /u/jalenj4/pehr_scratch
Thu Oct  9 02:50:41 2025       
+-----------------------------------------------------------------------------------------+
| NVIDIA-SMI 575.57.08              Driver Version: 575.57.08      CUDA Version: 12.9     |
|-----------------------------------------+------------------------+----------------------+
| GPU  Name                 Persistence-M | Bus-Id          Disp.A | Volatile Uncorr. ECC |
| Fan  Temp   Perf          Pwr:Usage/Cap |           Memory-Usage | GPU-Util  Compute M. |
|                                         |                        |               MIG M. |
|=========================================+========================+======================|
|   0  NVIDIA A100-SXM4-80GB          Off |   00000000:41:00.0 Off |                    0 |
| N/A   27C    P0             62W /  500W |       0MiB /  81920MiB |      0%      Default |
|                                         |                        |             Disabled |
+-----------------------------------------+------------------------+----------------------+
                                                                                         
+-----------------------------------------------------------------------------------------+
| Processes:                                                                              |
|  GPU   GI   CI              PID   Type   Process name                        GPU Memory |
|        ID   ID                                                               Usage      |
|=========================================================================================|
|  No running processes found                                                             |
+-----------------------------------------------------------------------------------------+
Parameters:
  NUM_PATIENTS: 3000
  BATCH_SIZE: 16
  NUM_EPOCHS: 30
  LEARNING_RATE: 0.0001
  GENERATION_TEMP: 1.0
  TOP_K: 100
INFO: === EHR Generation Training Started ===
INFO: Configuration: {'model_name': 'facebook/bart-base', 'num_patients': 3000, 'max_seq_length': 256, 'batch_size': 16, 'num_epochs': 30, 'learning_rate': 0.0001, 'generation_temp': 1.0, 'generation_max_length': 256, 'num_warmup_steps': 0, 'top_k': 100, 'data_dir': 'data_files', 'mimic_paths': {'patients_path': 'data_files/PATIENTS.csv', 'admissions_path': 'data_files/ADMISSIONS.csv', 'diagnoses_path': 'data_files/DIAGNOSES_ICD.csv'}}
INFO: Using device: cuda
INFO: Loading pretrained BART model: facebook/bart-base
INFO: Added 3 special tokens: <v>, <\v>, <END>
INFO: Resized model embeddings to 50268 tokens
INFO: Loading MIMIC-III data files
INFO: Loaded 46520 patients
INFO: Loaded 58976 admissions
INFO: Loaded 651047 diagnosis records
INFO: Data processing complete. Formatting sequences...
INFO: Sequence formatting complete. Generated 3000 patient sequences
INFO: Average visits per patient: 1.27
INFO: Average tokens per sequence: 19.69
INFO: Sample patient sequences:
INFO: Sample 1: 64 WHITE M <demo> <v> 4414 5185 30500 4019 185 2749 V1582 V707 <\v> <v> 44581 44024 70715 40391 99812 5609 486 42731 5845 4280 5070 5990 7907 V5867 27...
INFO: Sample 2: 0 WHITE F <demo> <v> V3000 V290 <\v> <END>...
INFO: Sample 3: 0 BLACK/AFRICAN AMERICAN F <demo> <v> V3000 V053 V290 <\v> <END>...
INFO: Sample 4: 0 WHITE M <demo> <v> V3001 7756 V290 V293 V053 <\v> <END>...
INFO: Sample 5: 42 WHITE F <demo> <v> 41519 44489 28959 486 075 5070 51882 29592 0389 <\v> <END>...
INFO: Created dataset with 3000 samples, 188 batches
INFO: Optimizer: AdamW with lr=0.0001
INFO: Scheduler: linear with 0 warmup steps
INFO: Starting model training for 30 epochs
INFO: Training steps: 5640
INFO: Device: cuda
INFO: Epoch 1/30 completed | Avg Loss: 0.4863
INFO: Epoch 2/30 completed | Avg Loss: 0.0393
INFO: Epoch 3/30 completed | Avg Loss: 0.0264
INFO: Epoch 4/30 completed | Avg Loss: 0.0133
INFO: Epoch 5/30 completed | Avg Loss: 0.0149
INFO: Epoch 6/30 completed | Avg Loss: 0.0191
INFO: Epoch 7/30 completed | Avg Loss: 0.0375
INFO: Epoch 8/30 completed | Avg Loss: 0.0127
INFO: Epoch 9/30 completed | Avg Loss: 0.0052
INFO: Epoch 10/30 completed | Avg Loss: 0.0038
INFO: Epoch 11/30 completed | Avg Loss: 0.0036
INFO: Epoch 12/30 completed | Avg Loss: 0.0039
INFO: Epoch 13/30 completed | Avg Loss: 0.0039
INFO: Epoch 14/30 completed | Avg Loss: 0.0096
INFO: Epoch 15/30 completed | Avg Loss: 0.0044
INFO: Epoch 16/30 completed | Avg Loss: 0.0023
INFO: Epoch 17/30 completed | Avg Loss: 0.0015
INFO: Epoch 18/30 completed | Avg Loss: 0.0012
INFO: Epoch 19/30 completed | Avg Loss: 0.0024
INFO: Epoch 20/30 completed | Avg Loss: 0.0016
INFO: Epoch 21/30 completed | Avg Loss: 0.0020
INFO: Epoch 22/30 completed | Avg Loss: 0.0013
INFO: Epoch 23/30 completed | Avg Loss: 0.0011
INFO: Epoch 24/30 completed | Avg Loss: 0.0008
INFO: Epoch 25/30 completed | Avg Loss: 0.0004
INFO: Epoch 26/30 completed | Avg Loss: 0.0006
INFO: Epoch 27/30 completed | Avg Loss: 0.0004
INFO: Epoch 28/30 completed | Avg Loss: 0.0004
INFO: Epoch 29/30 completed | Avg Loss: 0.0004
INFO: Epoch 30/30 completed | Avg Loss: 0.0007
INFO: Training complete
INFO: Final average loss: 0.0007
INFO: === Generating synthetic patient data ===
INFO: 
--- Sample 1/5 ---
INFO: Generating sequence for prompt: '77 BLACK F <demo>'
INFO: Starting generation with temp=1.0, top_k=100, max_length=256
INFO: Generated token counts - <v>: 1, <\v>: 1, <END>: 1
INFO: Generated sequence (clean): 77 BLACK F <demo>>
INFO: 
--- Sample 2/5 ---
INFO: Generating sequence for prompt: '88 BLACK F <demo>'
INFO: Starting generation with temp=1.0, top_k=100, max_length=256
INFO: Generated token counts - <v>: 1, <\v>: 1, <END>: 1
INFO: Generated sequence (clean): 88 BLACK F <demo>
INFO: 
--- Sample 3/5 ---
INFO: Generating sequence for prompt: '39 UNABLE TO OBTAIN F <demo>'
INFO: Starting generation with temp=1.0, top_k=100, max_length=256
INFO: Generated token counts - <v>: 1, <\v>: 0, <END>: 1
INFO: Generated sequence (clean): 39 UNABLE TO OBTAIN F <demo>RICER>
INFO: 
--- Sample 4/5 ---
INFO: Generating sequence for prompt: '84 OTHER M <demo>'
INFO: Starting generation with temp=1.0, top_k=100, max_length=256
INFO: Generated token counts - <v>: 1, <\v>: 1, <END>: 1
INFO: Generated sequence (clean): 84 OTHER M <demo>
INFO: 
--- Sample 5/5 ---
INFO: Generating sequence for prompt: '81 BLACK M <demo>'
INFO: Starting generation with temp=1.0, top_k=100, max_length=256
INFO: Generated token counts - <v>: 1, <\v>: 1, <END>: 1
INFO: Generated sequence (clean): 81 BLACK M <demo>
INFO: === Training and generation complete ===
End Time: Thu Oct  9 03:14:19 CDT 2025
Exit Code: 0
