2025-10-09 05:12:33 | INFO     | <module>:562 | === EHR Generation Training Started ===
2025-10-09 05:12:33 | INFO     | <module>:583 | Configuration: {'model_name': 'facebook/bart-base', 'num_patients': 3000, 'max_seq_length': 256, 'batch_size': 16, 'num_epochs': 30, 'learning_rate': 0.0002, 'generation_temp': 1.5, 'generation_max_length': 256, 'num_warmup_steps': 0, 'top_k': 30, 'data_dir': 'data_files', 'mimic_paths': {'patients_path': 'data_files/PATIENTS.csv', 'admissions_path': 'data_files/ADMISSIONS.csv', 'diagnoses_path': 'data_files/DIAGNOSES_ICD.csv'}}
2025-10-09 05:12:33 | INFO     | <module>:587 | Using device: cuda
2025-10-09 05:12:33 | INFO     | <module>:590 | Loading pretrained BART model: facebook/bart-base
2025-10-09 05:12:34 | INFO     | <module>:599 | Added 3 special tokens: <v>, <\v>, <END>
2025-10-09 05:12:35 | INFO     | <module>:603 | Resized model embeddings to 50268 tokens
2025-10-09 05:12:35 | DEBUG    | <module>:606 | Token ID for <v>: 50265
2025-10-09 05:12:35 | DEBUG    | <module>:607 | Token ID for <\v>: 50266
2025-10-09 05:12:35 | DEBUG    | <module>:608 | Token ID for <END>: 50267
2025-10-09 05:12:35 | INFO     | load_and_format_mimic_data:147 | Loading MIMIC-III data files
2025-10-09 05:12:35 | DEBUG    | load_and_format_mimic_data:148 | Patients: data_files/PATIENTS.csv
2025-10-09 05:12:35 | DEBUG    | load_and_format_mimic_data:149 | Admissions: data_files/ADMISSIONS.csv
2025-10-09 05:12:35 | DEBUG    | load_and_format_mimic_data:150 | Diagnoses: data_files/DIAGNOSES_ICD.csv
2025-10-09 05:12:35 | INFO     | load_and_format_mimic_data:155 | Loaded 46520 patients
2025-10-09 05:12:35 | INFO     | load_and_format_mimic_data:158 | Loaded 58976 admissions
2025-10-09 05:12:35 | INFO     | load_and_format_mimic_data:161 | Loaded 651047 diagnosis records
2025-10-09 05:12:35 | INFO     | load_and_format_mimic_data:219 | Data processing complete. Formatting sequences...
2025-10-09 05:12:38 | INFO     | load_and_format_mimic_data:258 | Sequence formatting complete. Generated 3000 patient sequences
2025-10-09 05:12:38 | DEBUG    | load_and_format_mimic_data:262 | Sample sequence: 0 ASIAN M <demo> <v> V3001 V053 V290 <\v> <END>...
2025-10-09 05:12:38 | INFO     | load_and_format_mimic_data:267 | Average visits per patient: 1.27
2025-10-09 05:12:38 | INFO     | load_and_format_mimic_data:268 | Average tokens per sequence: 19.69
2025-10-09 05:12:38 | INFO     | <module>:622 | Sample patient sequences:
2025-10-09 05:12:38 | INFO     | <module>:624 | Sample 1: 0 WHITE M <demo> <v> V3000 V290 V502 V053 <\v> <END>...
2025-10-09 05:12:38 | INFO     | <module>:624 | Sample 2: 0 PATIENT DECLINED TO ANSWER F <demo> <v> V3000 V290 V053 <\v> <END>...
2025-10-09 05:12:38 | INFO     | <module>:624 | Sample 3: 49 WHITE F <demo> <v> 7100 4280 2874 5990 4168 7455 V5865 7291 25000 <\v> <v> 99662 7100 4280 4169 25000 7291 34690 <\v> <v> 99662 0389 99591 7100 682...
2025-10-09 05:12:38 | INFO     | <module>:624 | Sample 4: 58 WHITE F <demo> <v> 1520 1977 1962 2851 4240 <\v> <END>...
2025-10-09 05:12:38 | INFO     | <module>:624 | Sample 5: 50 WHITE M <demo> <v> 19889 496 4239 1977 V1005 2859 71941 <\v> <END>...
2025-10-09 05:12:38 | DEBUG    | __init__:294 | First sequence length: 24 tokens
2025-10-09 05:12:38 | DEBUG    | __init__:295 | Pad token ID: 1
2025-10-09 05:12:38 | INFO     | <module>:628 | Created dataset with 3000 samples, 188 batches
2025-10-09 05:12:38 | INFO     | <module>:639 | Optimizer: AdamW with lr=0.0002
2025-10-09 05:12:38 | INFO     | <module>:640 | Scheduler: linear with 0 warmup steps
2025-10-09 05:12:38 | INFO     | train_model:351 | Starting model training for 30 epochs
2025-10-09 05:12:38 | INFO     | train_model:352 | Training steps: 5640
2025-10-09 05:12:38 | INFO     | train_model:353 | Device: cuda
2025-10-09 05:12:38 | DEBUG    | train_model:372 | First batch input_ids shape: torch.Size([16, 256])
2025-10-09 05:12:38 | DEBUG    | train_model:373 | First batch labels shape: torch.Size([16, 256])
2025-10-09 05:12:38 | DEBUG    | train_model:374 | First batch attention_mask shape: torch.Size([16, 256])
2025-10-09 05:12:38 | DEBUG    | train_model:375 | Initial loss: 2.3176
2025-10-09 05:12:38 | DEBUG    | train_model:382 | Special tokens in first batch: {'pad': 3516, 'masked_labels': 3516}
2025-10-09 05:13:25 | INFO     | train_model:401 | Epoch 1/30 completed | Avg Loss: 0.5308
2025-10-09 05:14:12 | INFO     | train_model:401 | Epoch 2/30 completed | Avg Loss: 0.0374
2025-10-09 05:14:58 | INFO     | train_model:401 | Epoch 3/30 completed | Avg Loss: 0.0213
2025-10-09 05:15:45 | INFO     | train_model:401 | Epoch 4/30 completed | Avg Loss: 0.0138
2025-10-09 05:16:31 | INFO     | train_model:401 | Epoch 5/30 completed | Avg Loss: 0.0092
2025-10-09 05:17:18 | INFO     | train_model:401 | Epoch 6/30 completed | Avg Loss: 0.0112
2025-10-09 05:18:04 | INFO     | train_model:401 | Epoch 7/30 completed | Avg Loss: 0.0110
2025-10-09 05:18:51 | INFO     | train_model:401 | Epoch 8/30 completed | Avg Loss: 0.0161
2025-10-09 05:19:37 | INFO     | train_model:401 | Epoch 9/30 completed | Avg Loss: 0.0179
2025-10-09 05:20:24 | INFO     | train_model:401 | Epoch 10/30 completed | Avg Loss: 0.0087
2025-10-09 05:21:11 | INFO     | train_model:401 | Epoch 11/30 completed | Avg Loss: 0.0084
2025-10-09 05:21:57 | INFO     | train_model:401 | Epoch 12/30 completed | Avg Loss: 0.0068
2025-10-09 05:22:44 | INFO     | train_model:401 | Epoch 13/30 completed | Avg Loss: 0.0059
2025-10-09 05:23:30 | INFO     | train_model:401 | Epoch 14/30 completed | Avg Loss: 0.0067
2025-10-09 05:24:17 | INFO     | train_model:401 | Epoch 15/30 completed | Avg Loss: 0.0159
2025-10-09 05:25:03 | INFO     | train_model:401 | Epoch 16/30 completed | Avg Loss: 0.0055
2025-10-09 05:25:50 | INFO     | train_model:401 | Epoch 17/30 completed | Avg Loss: 0.0030
2025-10-09 05:26:36 | INFO     | train_model:401 | Epoch 18/30 completed | Avg Loss: 0.0050
2025-10-09 05:27:23 | INFO     | train_model:401 | Epoch 19/30 completed | Avg Loss: 0.0031
2025-10-09 05:28:10 | INFO     | train_model:401 | Epoch 20/30 completed | Avg Loss: 0.0028
2025-10-09 05:28:56 | INFO     | train_model:401 | Epoch 21/30 completed | Avg Loss: 0.0019
2025-10-09 05:29:43 | INFO     | train_model:401 | Epoch 22/30 completed | Avg Loss: 0.0018
2025-10-09 05:30:29 | INFO     | train_model:401 | Epoch 23/30 completed | Avg Loss: 0.0030
2025-10-09 05:31:16 | INFO     | train_model:401 | Epoch 24/30 completed | Avg Loss: 0.0010
2025-10-09 05:32:02 | INFO     | train_model:401 | Epoch 25/30 completed | Avg Loss: 0.0017
2025-10-09 05:32:49 | INFO     | train_model:401 | Epoch 26/30 completed | Avg Loss: 0.0008
2025-10-09 05:33:35 | INFO     | train_model:401 | Epoch 27/30 completed | Avg Loss: 0.0014
2025-10-09 05:34:22 | INFO     | train_model:401 | Epoch 28/30 completed | Avg Loss: 0.0009
2025-10-09 05:35:09 | INFO     | train_model:401 | Epoch 29/30 completed | Avg Loss: 0.0010
2025-10-09 05:35:55 | INFO     | train_model:401 | Epoch 30/30 completed | Avg Loss: 0.0004
2025-10-09 05:35:55 | INFO     | train_model:403 | Training complete
2025-10-09 05:35:55 | INFO     | train_model:404 | Final average loss: 0.0004
2025-10-09 05:35:55 | DEBUG    | train_model:405 | Loss history: [0.5307770844925432, 0.037392278261943426, 0.021333152537253944, 0.013776366080298643, 0.009225387598525366, 0.011208769806352334, 0.010984085401937495, 0.016051468469123257, 0.017939011232730527, 0.008732031795590685, 0.008402638867103613, 0.006797885940072097, 0.0059389606427972235, 0.006682899611715061, 0.01594371151077212, 0.0054508027319474074, 0.0029563136698190183, 0.005039058710590712, 0.003113696928189614, 0.0027923451346763845, 0.0019221478761074708, 0.0017805178698487927, 0.003011266331668594, 0.0010392932319441474, 0.0016905813538076163, 0.0008392291887251672, 0.0014063561085636816, 0.0008629903139158256, 0.001011835459481285, 0.0004085454022176836]
2025-10-09 05:35:55 | INFO     | <module>:654 | === Generating synthetic patient data ===
2025-10-09 05:35:55 | INFO     | <module>:663 | 
--- Sample 1/5 ---
2025-10-09 05:35:55 | INFO     | generate_patient_sequence:443 | Generating sequence for prompt: '56 ASIAN M <demo>'
2025-10-09 05:35:55 | DEBUG    | generate_patient_sequence:447 | Prompt token IDs: [0, 4419, 6015, 10296, 256, 28696, 12789, 139, 15698, 2]
2025-10-09 05:35:55 | DEBUG    | generate_patient_sequence:448 | Prompt tokens: ['<s>', '56', ' AS', 'IAN', ' M', ' <', 'dem', 'o', '>', '</s>']
2025-10-09 05:35:55 | DEBUG    | generate_patient_sequence:457 | Special token IDs - <v>: 50265, <\v>: 50266, <END>: 50267, PAD: 1, EOS: 2
2025-10-09 05:35:55 | DEBUG    | generate_patient_sequence:464 | Initial decoder input (with forced <v>): [0, 4419, 6015, 10296, 256, 28696, 12789, 139, 15698, 2, 50265]
2025-10-09 05:35:55 | DEBUG    | generate_patient_sequence:478 | After prompt, probability of <v>: 0.000045
2025-10-09 05:35:55 | DEBUG    | generate_patient_sequence:479 | After prompt, probability of <END>: 0.000019
2025-10-09 05:35:55 | DEBUG    | generate_patient_sequence:480 | After prompt, probability of PAD: 0.000000
2025-10-09 05:35:55 | DEBUG    | generate_patient_sequence:481 | After prompt, probability of EOS: 0.000069
2025-10-09 05:35:55 | DEBUG    | generate_patient_sequence:485 | Top 20 next token predictions after prompt:
2025-10-09 05:35:55 | DEBUG    | generate_patient_sequence:503 |   Rank 1:  AS                  | Prob: 0.714096 | ID: 6015
2025-10-09 05:35:55 | DEBUG    | generate_patient_sequence:503 |   Rank 2: 56                   | Prob: 0.220711 | ID: 4419
2025-10-09 05:35:55 | DEBUG    | generate_patient_sequence:503 |   Rank 3: IAN                  | Prob: 0.021205 | ID: 10296
2025-10-09 05:35:55 | DEBUG    | generate_patient_sequence:503 |   Rank 4: AS                   | Prob: 0.003754 | ID: 2336
2025-10-09 05:35:55 | DEBUG    | generate_patient_sequence:503 |   Rank 5: 26                   | Prob: 0.001867 | ID: 2481
2025-10-09 05:35:55 | DEBUG    | generate_patient_sequence:503 |   Rank 6: 96                   | Prob: 0.001744 | ID: 5607
2025-10-09 05:35:55 | DEBUG    | generate_patient_sequence:503 |   Rank 7: 22                   | Prob: 0.001445 | ID: 2036
2025-10-09 05:35:55 | DEBUG    | generate_patient_sequence:503 |   Rank 8: 98                   | Prob: 0.001289 | ID: 5208
2025-10-09 05:35:55 | DEBUG    | generate_patient_sequence:503 |   Rank 9: 32                   | Prob: 0.001075 | ID: 2881
2025-10-09 05:35:55 | DEBUG    | generate_patient_sequence:503 |   Rank 10: 08                   | Prob: 0.000949 | ID: 3669
2025-10-09 05:35:55 | DEBUG    | generate_patient_sequence:503 |   Rank 11: 84                   | Prob: 0.000918 | ID: 6232
2025-10-09 05:35:55 | DEBUG    | generate_patient_sequence:503 |   Rank 12: 86                   | Prob: 0.000905 | ID: 5334
2025-10-09 05:35:55 | DEBUG    | generate_patient_sequence:503 |   Rank 13: 11                   | Prob: 0.000896 | ID: 1225
2025-10-09 05:35:55 | DEBUG    | generate_patient_sequence:503 |   Rank 14: 24                   | Prob: 0.000887 | ID: 1978
2025-10-09 05:35:55 | DEBUG    | generate_patient_sequence:503 |   Rank 15: AN                   | Prob: 0.000815 | ID: 1889
2025-10-09 05:35:55 | DEBUG    | generate_patient_sequence:503 |   Rank 16:  OTHER               | Prob: 0.000766 | ID: 16536
2025-10-09 05:35:55 | DEBUG    | generate_patient_sequence:503 |   Rank 17: 38                   | Prob: 0.000743 | ID: 3170
2025-10-09 05:35:55 | DEBUG    | generate_patient_sequence:503 |   Rank 18: 4                    | Prob: 0.000711 | ID: 306
2025-10-09 05:35:55 | DEBUG    | generate_patient_sequence:503 |   Rank 19: 0                    | Prob: 0.000608 | ID: 288
2025-10-09 05:35:55 | DEBUG    | generate_patient_sequence:503 |   Rank 20: 88                   | Prob: 0.000589 | ID: 4652
2025-10-09 05:35:55 | INFO     | generate_patient_sequence:507 | Starting generation with temp=1.5, top_k=30, max_length=256
2025-10-09 05:35:55 | DEBUG    | generate_patient_sequence:520 | Generated token IDs: [2, 0, 4419, 6015, 10296, 256, 28696, 12789, 139, 15698, 2, 50265, 6015, 10296, 475, 28696, 12789, 26856, 15698, 1437, 50265, 2, 4419, 6015, 2371, 5330, 139, 15698, 1437, 50267]
2025-10-09 05:35:55 | DEBUG    | generate_patient_sequence:521 | Generated length: 30 tokens
2025-10-09 05:35:55 | INFO     | generate_patient_sequence:529 | Generated token counts - <v>: 2, <\v>: 0, <END>: 1
2025-10-09 05:35:55 | DEBUG    | generate_patient_sequence:537 | Raw generated sequence: </s><s>56 ASIAN M <demo></s> <v>  ASIAN m <demoing>  <v> </s>56 ASICEMo>  <END>
2025-10-09 05:35:55 | INFO     | generate_patient_sequence:540 | Generated sequence (clean): 56 ASIAN M <demo> ASIAN m <demoing> 56 ASICEMo> 
2025-10-09 05:35:55 | INFO     | <module>:663 | 
--- Sample 2/5 ---
2025-10-09 05:35:55 | INFO     | generate_patient_sequence:443 | Generating sequence for prompt: '85 UNKNOWN/NOT SPECIFIED F <demo>'
2025-10-09 05:35:55 | DEBUG    | generate_patient_sequence:447 | Prompt token IDs: [0, 4531, 2604, 47300, 73, 37049, 44921, 36482, 274, 28696, 12789, 139, 15698, 2]
2025-10-09 05:35:55 | DEBUG    | generate_patient_sequence:448 | Prompt tokens: ['<s>', '85', ' UN', 'KNOWN', '/', 'NOT', ' SPEC', 'IFIED', ' F', ' <', 'dem', 'o', '>', '</s>']
2025-10-09 05:35:55 | DEBUG    | generate_patient_sequence:457 | Special token IDs - <v>: 50265, <\v>: 50266, <END>: 50267, PAD: 1, EOS: 2
2025-10-09 05:35:55 | DEBUG    | generate_patient_sequence:464 | Initial decoder input (with forced <v>): [0, 4531, 2604, 47300, 73, 37049, 44921, 36482, 274, 28696, 12789, 139, 15698, 2, 50265]
2025-10-09 05:35:55 | DEBUG    | generate_patient_sequence:478 | After prompt, probability of <v>: 0.000000
2025-10-09 05:35:55 | DEBUG    | generate_patient_sequence:479 | After prompt, probability of <END>: 0.000000
2025-10-09 05:35:55 | DEBUG    | generate_patient_sequence:480 | After prompt, probability of PAD: 0.000000
2025-10-09 05:35:55 | DEBUG    | generate_patient_sequence:481 | After prompt, probability of EOS: 0.000000
2025-10-09 05:35:55 | DEBUG    | generate_patient_sequence:485 | Top 20 next token predictions after prompt:
2025-10-09 05:35:55 | DEBUG    | generate_patient_sequence:503 |   Rank 1: dem                  | Prob: 0.999928 | ID: 12789
2025-10-09 05:35:55 | DEBUG    | generate_patient_sequence:503 |   Rank 2: DEM                  | Prob: 0.000024 | ID: 46128
2025-10-09 05:35:55 | DEBUG    | generate_patient_sequence:503 |   Rank 3: 440                  | Prob: 0.000007 | ID: 26634
2025-10-09 05:35:55 | DEBUG    | generate_patient_sequence:503 |   Rank 4: 34                   | Prob: 0.000005 | ID: 3079
2025-10-09 05:35:55 | DEBUG    | generate_patient_sequence:503 |   Rank 5: 62                   | Prob: 0.000003 | ID: 5379
2025-10-09 05:35:55 | DEBUG    | generate_patient_sequence:503 |   Rank 6: 65                   | Prob: 0.000001 | ID: 3506
2025-10-09 05:35:55 | DEBUG    | generate_patient_sequence:503 |   Rank 7: 82                   | Prob: 0.000001 | ID: 6551
2025-10-09 05:35:55 | DEBUG    | generate_patient_sequence:503 |   Rank 8: 12                   | Prob: 0.000001 | ID: 1092
2025-10-09 05:35:55 | DEBUG    | generate_patient_sequence:503 |   Rank 9: 22                   | Prob: 0.000001 | ID: 2036
2025-10-09 05:35:55 | DEBUG    | generate_patient_sequence:503 |   Rank 10: 950                  | Prob: 0.000001 | ID: 24378
2025-10-09 05:35:55 | DEBUG    | generate_patient_sequence:503 |   Rank 11: 2                    | Prob: 0.000001 | ID: 176
2025-10-09 05:35:55 | DEBUG    | generate_patient_sequence:503 |   Rank 12: 320                  | Prob: 0.000001 | ID: 17655
2025-10-09 05:35:55 | DEBUG    | generate_patient_sequence:503 |   Rank 13: 132                  | Prob: 0.000001 | ID: 24083
2025-10-09 05:35:55 | DEBUG    | generate_patient_sequence:503 |   Rank 14: 40                   | Prob: 0.000001 | ID: 1749
2025-10-09 05:35:55 | DEBUG    | generate_patient_sequence:503 |   Rank 15: 33                   | Prob: 0.000001 | ID: 3103
2025-10-09 05:35:55 | DEBUG    | generate_patient_sequence:503 |   Rank 16: 72                   | Prob: 0.000001 | ID: 4956
2025-10-09 05:35:55 | DEBUG    | generate_patient_sequence:503 |   Rank 17: 37                   | Prob: 0.000001 | ID: 3272
2025-10-09 05:35:55 | DEBUG    | generate_patient_sequence:503 |   Rank 18: 42                   | Prob: 0.000001 | ID: 3714
2025-10-09 05:35:55 | DEBUG    | generate_patient_sequence:503 |   Rank 19: 120                  | Prob: 0.000000 | ID: 10213
2025-10-09 05:35:55 | DEBUG    | generate_patient_sequence:503 |   Rank 20: 14                   | Prob: 0.000000 | ID: 1570
2025-10-09 05:35:55 | INFO     | generate_patient_sequence:507 | Starting generation with temp=1.5, top_k=30, max_length=256
2025-10-09 05:35:56 | DEBUG    | generate_patient_sequence:520 | Generated token IDs: [2, 0, 4531, 2604, 47300, 73, 37049, 44921, 36482, 274, 28696, 12789, 139, 15698, 2, 50265, 256, 28696, 12789, 16037, 15698, 2, 1898, 2604, 47300, 15698, 1437, 50265, 468, 698, 2604, 47300, 12, 37049, 44921, 36497, 274, 28696, 46128, 139, 15698, 1437, 50266, 1437, 50267]
2025-10-09 05:35:56 | DEBUG    | generate_patient_sequence:521 | Generated length: 45 tokens
2025-10-09 05:35:56 | INFO     | generate_patient_sequence:529 | Generated token counts - <v>: 2, <\v>: 1, <END>: 1
2025-10-09 05:35:56 | DEBUG    | generate_patient_sequence:537 | Raw generated sequence: </s><s>85 UNKNOWN/NOT SPECIFIED F <demo></s> <v>  M <demotta></s>45 UNKNOWN>  <v>  V10 UNKNOWN-NOT SPECIFIC F <DEMo>  <\v>   <END>
2025-10-09 05:35:56 | INFO     | generate_patient_sequence:540 | Generated sequence (clean): 85 UNKNOWN/NOT SPECIFIED F <demo> M <demotta>45 UNKNOWN>  V10 UNKNOWN-NOT SPECIFIC F <DEMo>  
2025-10-09 05:35:56 | INFO     | <module>:663 | 
--- Sample 3/5 ---
2025-10-09 05:35:56 | INFO     | generate_patient_sequence:443 | Generating sequence for prompt: '31 HISPANIC OR LATINO F <demo>'
2025-10-09 05:35:56 | DEBUG    | generate_patient_sequence:447 | Prompt token IDs: [0, 2983, 37350, 510, 1889, 2371, 6532, 21455, 30535, 274, 28696, 12789, 139, 15698, 2]
2025-10-09 05:35:56 | DEBUG    | generate_patient_sequence:448 | Prompt tokens: ['<s>', '31', ' HIS', 'P', 'AN', 'IC', ' OR', ' LAT', 'INO', ' F', ' <', 'dem', 'o', '>', '</s>']
2025-10-09 05:35:56 | DEBUG    | generate_patient_sequence:457 | Special token IDs - <v>: 50265, <\v>: 50266, <END>: 50267, PAD: 1, EOS: 2
2025-10-09 05:35:56 | DEBUG    | generate_patient_sequence:464 | Initial decoder input (with forced <v>): [0, 2983, 37350, 510, 1889, 2371, 6532, 21455, 30535, 274, 28696, 12789, 139, 15698, 2, 50265]
2025-10-09 05:35:56 | DEBUG    | generate_patient_sequence:478 | After prompt, probability of <v>: 0.000202
2025-10-09 05:35:56 | DEBUG    | generate_patient_sequence:479 | After prompt, probability of <END>: 0.000036
2025-10-09 05:35:56 | DEBUG    | generate_patient_sequence:480 | After prompt, probability of PAD: 0.000000
2025-10-09 05:35:56 | DEBUG    | generate_patient_sequence:481 | After prompt, probability of EOS: 0.000117
2025-10-09 05:35:56 | DEBUG    | generate_patient_sequence:485 | Top 20 next token predictions after prompt:
2025-10-09 05:35:56 | DEBUG    | generate_patient_sequence:503 |   Rank 1: dem                  | Prob: 0.946442 | ID: 12789
2025-10-09 05:35:56 | DEBUG    | generate_patient_sequence:503 |   Rank 2:  LAT                 | Prob: 0.005453 | ID: 21455
2025-10-09 05:35:56 | DEBUG    | generate_patient_sequence:503 |   Rank 3: 34                   | Prob: 0.004931 | ID: 3079
2025-10-09 05:35:56 | DEBUG    | generate_patient_sequence:503 |   Rank 4: DEM                  | Prob: 0.003757 | ID: 46128
2025-10-09 05:35:56 | DEBUG    | generate_patient_sequence:503 |   Rank 5: 11                   | Prob: 0.002517 | ID: 1225
2025-10-09 05:35:56 | DEBUG    | generate_patient_sequence:503 |   Rank 6: 33                   | Prob: 0.002374 | ID: 3103
2025-10-09 05:35:56 | DEBUG    | generate_patient_sequence:503 |   Rank 7: 440                  | Prob: 0.001413 | ID: 26634
2025-10-09 05:35:56 | DEBUG    | generate_patient_sequence:503 |   Rank 8: 12                   | Prob: 0.001001 | ID: 1092
2025-10-09 05:35:56 | DEBUG    | generate_patient_sequence:503 |   Rank 9: 372                  | Prob: 0.000839 | ID: 34322
2025-10-09 05:35:56 | DEBUG    | generate_patient_sequence:503 |   Rank 10: 373                  | Prob: 0.000829 | ID: 34099
2025-10-09 05:35:56 | DEBUG    | generate_patient_sequence:503 |   Rank 11: 37                   | Prob: 0.000739 | ID: 3272
2025-10-09 05:35:56 | DEBUG    | generate_patient_sequence:503 |   Rank 12: 32                   | Prob: 0.000738 | ID: 2881
2025-10-09 05:35:56 | DEBUG    | generate_patient_sequence:503 |   Rank 13: 950                  | Prob: 0.000679 | ID: 24378
2025-10-09 05:35:56 | DEBUG    | generate_patient_sequence:503 |   Rank 14: 320                  | Prob: 0.000655 | ID: 17655
2025-10-09 05:35:56 | DEBUG    | generate_patient_sequence:503 |   Rank 15: 342                  | Prob: 0.000627 | ID: 33192
2025-10-09 05:35:56 | DEBUG    | generate_patient_sequence:503 |   Rank 16: 43                   | Prob: 0.000579 | ID: 3897
2025-10-09 05:35:56 | DEBUG    | generate_patient_sequence:503 |   Rank 17: 77                   | Prob: 0.000544 | ID: 4718
2025-10-09 05:35:56 | DEBUG    | generate_patient_sequence:503 |   Rank 18: 22                   | Prob: 0.000527 | ID: 2036
2025-10-09 05:35:56 | DEBUG    | generate_patient_sequence:503 |   Rank 19: 31                   | Prob: 0.000515 | ID: 2983
2025-10-09 05:35:56 | DEBUG    | generate_patient_sequence:503 |   Rank 20: 62                   | Prob: 0.000507 | ID: 5379
2025-10-09 05:35:56 | INFO     | generate_patient_sequence:507 | Starting generation with temp=1.5, top_k=30, max_length=256
2025-10-09 05:35:56 | DEBUG    | generate_patient_sequence:520 | Generated token IDs: [2, 0, 2983, 37350, 510, 1889, 2371, 6532, 21455, 30535, 274, 28696, 12789, 139, 15698, 2, 50265, 468, 30535, 274, 1437, 50266, 1437, 50267]
2025-10-09 05:35:56 | DEBUG    | generate_patient_sequence:521 | Generated length: 24 tokens
2025-10-09 05:35:56 | INFO     | generate_patient_sequence:529 | Generated token counts - <v>: 1, <\v>: 1, <END>: 1
2025-10-09 05:35:56 | DEBUG    | generate_patient_sequence:537 | Raw generated sequence: </s><s>31 HISPANIC OR LATINO F <demo></s> <v>  VINO F  <\v>   <END>
2025-10-09 05:35:56 | INFO     | generate_patient_sequence:540 | Generated sequence (clean): 31 HISPANIC OR LATINO F <demo> VINO F  
2025-10-09 05:35:56 | INFO     | <module>:663 | 
--- Sample 4/5 ---
2025-10-09 05:35:56 | INFO     | generate_patient_sequence:443 | Generating sequence for prompt: '72 UNABLE TO OBTAIN F <demo>'
2025-10-09 05:35:56 | DEBUG    | generate_patient_sequence:447 | Prompt token IDs: [0, 4956, 121, 4444, 30876, 3842, 28214, 23177, 274, 28696, 12789, 139, 15698, 2]
2025-10-09 05:35:56 | DEBUG    | generate_patient_sequence:448 | Prompt tokens: ['<s>', '72', ' U', 'NA', 'BLE', ' TO', ' OB', 'TAIN', ' F', ' <', 'dem', 'o', '>', '</s>']
2025-10-09 05:35:56 | DEBUG    | generate_patient_sequence:457 | Special token IDs - <v>: 50265, <\v>: 50266, <END>: 50267, PAD: 1, EOS: 2
2025-10-09 05:35:56 | DEBUG    | generate_patient_sequence:464 | Initial decoder input (with forced <v>): [0, 4956, 121, 4444, 30876, 3842, 28214, 23177, 274, 28696, 12789, 139, 15698, 2, 50265]
2025-10-09 05:35:56 | DEBUG    | generate_patient_sequence:478 | After prompt, probability of <v>: 0.000004
2025-10-09 05:35:56 | DEBUG    | generate_patient_sequence:479 | After prompt, probability of <END>: 0.000001
2025-10-09 05:35:56 | DEBUG    | generate_patient_sequence:480 | After prompt, probability of PAD: 0.000000
2025-10-09 05:35:56 | DEBUG    | generate_patient_sequence:481 | After prompt, probability of EOS: 0.000001
2025-10-09 05:35:56 | DEBUG    | generate_patient_sequence:485 | Top 20 next token predictions after prompt:
2025-10-09 05:35:56 | DEBUG    | generate_patient_sequence:503 |   Rank 1: dem                  | Prob: 0.999629 | ID: 12789
2025-10-09 05:35:56 | DEBUG    | generate_patient_sequence:503 |   Rank 2: DEM                  | Prob: 0.000043 | ID: 46128
2025-10-09 05:35:56 | DEBUG    | generate_patient_sequence:503 |   Rank 3: 34                   | Prob: 0.000025 | ID: 3079
2025-10-09 05:35:56 | DEBUG    | generate_patient_sequence:503 |   Rank 4: 440                  | Prob: 0.000023 | ID: 26634
2025-10-09 05:35:56 | DEBUG    | generate_patient_sequence:503 |   Rank 5: 72                   | Prob: 0.000021 | ID: 4956
2025-10-09 05:35:56 | DEBUG    | generate_patient_sequence:503 |   Rank 6: 62                   | Prob: 0.000020 | ID: 5379
2025-10-09 05:35:56 | DEBUG    | generate_patient_sequence:503 |   Rank 7: 22                   | Prob: 0.000010 | ID: 2036
2025-10-09 05:35:56 | DEBUG    | generate_patient_sequence:503 |   Rank 8: 37                   | Prob: 0.000006 | ID: 3272
2025-10-09 05:35:56 | DEBUG    | generate_patient_sequence:503 |   Rank 9: 42                   | Prob: 0.000005 | ID: 3714
2025-10-09 05:35:56 | DEBUG    | generate_patient_sequence:503 |   Rank 10: 40                   | Prob: 0.000005 | ID: 1749
2025-10-09 05:35:56 | DEBUG    | generate_patient_sequence:503 |   Rank 11: 11                   | Prob: 0.000005 | ID: 1225
2025-10-09 05:35:56 | DEBUG    | generate_patient_sequence:503 |   Rank 12: 65                   | Prob: 0.000004 | ID: 3506
2025-10-09 05:35:56 | DEBUG    | generate_patient_sequence:503 |   Rank 13: 132                  | Prob: 0.000004 | ID: 24083
2025-10-09 05:35:56 | DEBUG    | generate_patient_sequence:503 |   Rank 14: 12                   | Prob: 0.000004 | ID: 1092
2025-10-09 05:35:56 | DEBUG    | generate_patient_sequence:503 |   Rank 15: 240                  | Prob: 0.000004 | ID: 18847
2025-10-09 05:35:56 | DEBUG    | generate_patient_sequence:503 |   Rank 16: <v>                  | Prob: 0.000004 | ID: 50265
2025-10-09 05:35:56 | DEBUG    | generate_patient_sequence:503 |   Rank 17: 120                  | Prob: 0.000004 | ID: 10213
2025-10-09 05:35:56 | DEBUG    | generate_patient_sequence:503 |   Rank 18: 32                   | Prob: 0.000004 | ID: 2881
2025-10-09 05:35:56 | DEBUG    | generate_patient_sequence:503 |   Rank 19: 950                  | Prob: 0.000004 | ID: 24378
2025-10-09 05:35:56 | DEBUG    | generate_patient_sequence:503 |   Rank 20: 33                   | Prob: 0.000004 | ID: 3103
2025-10-09 05:35:56 | INFO     | generate_patient_sequence:507 | Starting generation with temp=1.5, top_k=30, max_length=256
2025-10-09 05:35:57 | DEBUG    | generate_patient_sequence:520 | Generated token IDs: [2, 0, 4956, 121, 4444, 30876, 3842, 28214, 23177, 274, 28696, 12789, 139, 15698, 2, 50265, 381, 4015, 381, 406, 23177, 274, 1437, 50266, 1437, 50265, 2, 4956, 121, 2546, 30876, 3842, 3858, 23177, 274, 15698, 1437, 50265, 468, 1092, 4708, 381, 844, 5067, 121, 4444, 5225, 3842, 28214, 256, 28696, 12789, 26856, 15698, 1437, 50267]
2025-10-09 05:35:57 | DEBUG    | generate_patient_sequence:521 | Generated length: 56 tokens
2025-10-09 05:35:57 | INFO     | generate_patient_sequence:529 | Generated token counts - <v>: 3, <\v>: 1, <END>: 1
2025-10-09 05:35:57 | DEBUG    | generate_patient_sequence:537 | Raw generated sequence: </s><s>72 UNABLE TO OBTAIN F <demo></s> <v>  E95 E7TAIN F  <\v>   <v> </s>72 U05BLE TO CHTAIN F>  <v>  V1251 E2076 UNAble TO OB M <demoing>  <END>
2025-10-09 05:35:57 | INFO     | generate_patient_sequence:540 | Generated sequence (clean): 72 UNABLE TO OBTAIN F <demo> E95 E7TAIN F  72 U05BLE TO CHTAIN F>  V1251 E2076 UNAble TO OB M <demoing> 
2025-10-09 05:35:57 | INFO     | <module>:663 | 
--- Sample 5/5 ---
2025-10-09 05:35:57 | INFO     | generate_patient_sequence:443 | Generating sequence for prompt: '26 HISPANIC OR LATINO F <demo>'
2025-10-09 05:35:57 | DEBUG    | generate_patient_sequence:447 | Prompt token IDs: [0, 2481, 37350, 510, 1889, 2371, 6532, 21455, 30535, 274, 28696, 12789, 139, 15698, 2]
2025-10-09 05:35:57 | DEBUG    | generate_patient_sequence:448 | Prompt tokens: ['<s>', '26', ' HIS', 'P', 'AN', 'IC', ' OR', ' LAT', 'INO', ' F', ' <', 'dem', 'o', '>', '</s>']
2025-10-09 05:35:57 | DEBUG    | generate_patient_sequence:457 | Special token IDs - <v>: 50265, <\v>: 50266, <END>: 50267, PAD: 1, EOS: 2
2025-10-09 05:35:57 | DEBUG    | generate_patient_sequence:464 | Initial decoder input (with forced <v>): [0, 2481, 37350, 510, 1889, 2371, 6532, 21455, 30535, 274, 28696, 12789, 139, 15698, 2, 50265]
2025-10-09 05:35:57 | DEBUG    | generate_patient_sequence:478 | After prompt, probability of <v>: 0.000081
2025-10-09 05:35:57 | DEBUG    | generate_patient_sequence:479 | After prompt, probability of <END>: 0.000012
2025-10-09 05:35:57 | DEBUG    | generate_patient_sequence:480 | After prompt, probability of PAD: 0.000000
2025-10-09 05:35:57 | DEBUG    | generate_patient_sequence:481 | After prompt, probability of EOS: 0.000052
2025-10-09 05:35:57 | DEBUG    | generate_patient_sequence:485 | Top 20 next token predictions after prompt:
2025-10-09 05:35:57 | DEBUG    | generate_patient_sequence:503 |   Rank 1: dem                  | Prob: 0.974586 | ID: 12789
2025-10-09 05:35:57 | DEBUG    | generate_patient_sequence:503 |   Rank 2: DEM                  | Prob: 0.003180 | ID: 46128
2025-10-09 05:35:57 | DEBUG    | generate_patient_sequence:503 |   Rank 3: 34                   | Prob: 0.002385 | ID: 3079
2025-10-09 05:35:57 | DEBUG    | generate_patient_sequence:503 |   Rank 4: 11                   | Prob: 0.001090 | ID: 1225
2025-10-09 05:35:57 | DEBUG    | generate_patient_sequence:503 |   Rank 5:  LAT                 | Prob: 0.000953 | ID: 21455
2025-10-09 05:35:57 | DEBUG    | generate_patient_sequence:503 |   Rank 6: 33                   | Prob: 0.000904 | ID: 3103
2025-10-09 05:35:57 | DEBUG    | generate_patient_sequence:503 |   Rank 7: 440                  | Prob: 0.000873 | ID: 26634
2025-10-09 05:35:57 | DEBUG    | generate_patient_sequence:503 |   Rank 8: 12                   | Prob: 0.000580 | ID: 1092
2025-10-09 05:35:57 | DEBUG    | generate_patient_sequence:503 |   Rank 9: 372                  | Prob: 0.000456 | ID: 34322
2025-10-09 05:35:57 | DEBUG    | generate_patient_sequence:503 |   Rank 10: 22                   | Prob: 0.000423 | ID: 2036
2025-10-09 05:35:57 | DEBUG    | generate_patient_sequence:503 |   Rank 11: 32                   | Prob: 0.000359 | ID: 2881
2025-10-09 05:35:57 | DEBUG    | generate_patient_sequence:503 |   Rank 12: 950                  | Prob: 0.000358 | ID: 24378
2025-10-09 05:35:57 | DEBUG    | generate_patient_sequence:503 |   Rank 13: 77                   | Prob: 0.000354 | ID: 4718
2025-10-09 05:35:57 | DEBUG    | generate_patient_sequence:503 |   Rank 14: 37                   | Prob: 0.000337 | ID: 3272
2025-10-09 05:35:57 | DEBUG    | generate_patient_sequence:503 |   Rank 15: 320                  | Prob: 0.000292 | ID: 17655
2025-10-09 05:35:57 | DEBUG    | generate_patient_sequence:503 |   Rank 16: 62                   | Prob: 0.000288 | ID: 5379
2025-10-09 05:35:57 | DEBUG    | generate_patient_sequence:503 |   Rank 17: 382                  | Prob: 0.000265 | ID: 35178
2025-10-09 05:35:57 | DEBUG    | generate_patient_sequence:503 |   Rank 18: 43                   | Prob: 0.000249 | ID: 3897
2025-10-09 05:35:57 | DEBUG    | generate_patient_sequence:503 |   Rank 19: 373                  | Prob: 0.000244 | ID: 34099
2025-10-09 05:35:57 | DEBUG    | generate_patient_sequence:503 |   Rank 20: 66                   | Prob: 0.000227 | ID: 4280
2025-10-09 05:35:57 | INFO     | generate_patient_sequence:507 | Starting generation with temp=1.5, top_k=30, max_length=256
2025-10-09 05:35:57 | DEBUG    | generate_patient_sequence:520 | Generated token IDs: [2, 0, 2481, 37350, 510, 1889, 2371, 6532, 21455, 30535, 274, 28696, 12789, 139, 15698, 2, 50265, 468, 30535, 274, 1437, 50266, 1437, 50267]
2025-10-09 05:35:57 | DEBUG    | generate_patient_sequence:521 | Generated length: 24 tokens
2025-10-09 05:35:57 | INFO     | generate_patient_sequence:529 | Generated token counts - <v>: 1, <\v>: 1, <END>: 1
2025-10-09 05:35:57 | DEBUG    | generate_patient_sequence:537 | Raw generated sequence: </s><s>26 HISPANIC OR LATINO F <demo></s> <v>  VINO F  <\v>   <END>
2025-10-09 05:35:57 | INFO     | generate_patient_sequence:540 | Generated sequence (clean): 26 HISPANIC OR LATINO F <demo> VINO F  
2025-10-09 05:35:57 | INFO     | <module>:677 | === Training and generation complete ===
