2025-10-09 05:33:46 | INFO     | <module>:562 | === EHR Generation Training Started ===
2025-10-09 05:33:46 | INFO     | <module>:583 | Configuration: {'model_name': 'facebook/bart-base', 'num_patients': 3000, 'max_seq_length': 256, 'batch_size': 32, 'num_epochs': 30, 'learning_rate': 0.0001, 'generation_temp': 1.3, 'generation_max_length': 256, 'num_warmup_steps': 0, 'top_k': 50, 'data_dir': 'data_files', 'mimic_paths': {'patients_path': 'data_files/PATIENTS.csv', 'admissions_path': 'data_files/ADMISSIONS.csv', 'diagnoses_path': 'data_files/DIAGNOSES_ICD.csv'}}
2025-10-09 05:33:46 | INFO     | <module>:587 | Using device: cuda
2025-10-09 05:33:46 | INFO     | <module>:590 | Loading pretrained BART model: facebook/bart-base
2025-10-09 05:33:46 | INFO     | <module>:599 | Added 3 special tokens: <v>, <\v>, <END>
2025-10-09 05:33:47 | INFO     | <module>:603 | Resized model embeddings to 50268 tokens
2025-10-09 05:33:47 | DEBUG    | <module>:606 | Token ID for <v>: 50265
2025-10-09 05:33:47 | DEBUG    | <module>:607 | Token ID for <\v>: 50266
2025-10-09 05:33:47 | DEBUG    | <module>:608 | Token ID for <END>: 50267
2025-10-09 05:33:47 | INFO     | load_and_format_mimic_data:147 | Loading MIMIC-III data files
2025-10-09 05:33:47 | DEBUG    | load_and_format_mimic_data:148 | Patients: data_files/PATIENTS.csv
2025-10-09 05:33:47 | DEBUG    | load_and_format_mimic_data:149 | Admissions: data_files/ADMISSIONS.csv
2025-10-09 05:33:47 | DEBUG    | load_and_format_mimic_data:150 | Diagnoses: data_files/DIAGNOSES_ICD.csv
2025-10-09 05:33:47 | INFO     | load_and_format_mimic_data:155 | Loaded 46520 patients
2025-10-09 05:33:47 | INFO     | load_and_format_mimic_data:158 | Loaded 58976 admissions
2025-10-09 05:33:47 | INFO     | load_and_format_mimic_data:161 | Loaded 651047 diagnosis records
2025-10-09 05:33:47 | INFO     | load_and_format_mimic_data:219 | Data processing complete. Formatting sequences...
2025-10-09 05:33:50 | INFO     | load_and_format_mimic_data:258 | Sequence formatting complete. Generated 3000 patient sequences
2025-10-09 05:33:50 | DEBUG    | load_and_format_mimic_data:262 | Sample sequence: 0 ASIAN M <demo> <v> V3001 V053 V290 <\v> <END>...
2025-10-09 05:33:50 | INFO     | load_and_format_mimic_data:267 | Average visits per patient: 1.27
2025-10-09 05:33:50 | INFO     | load_and_format_mimic_data:268 | Average tokens per sequence: 19.69
2025-10-09 05:33:50 | INFO     | <module>:622 | Sample patient sequences:
2025-10-09 05:33:50 | INFO     | <module>:624 | Sample 1: 0 BLACK/AFRICAN AMERICAN M <demo> <v> V3001 76518 76498 7783 7756 V721 <\v> <END>...
2025-10-09 05:33:50 | INFO     | <module>:624 | Sample 2: 83 WHITE M <demo> <v> 41401 41091 9982 9971 E8788 4019 <\v> <END>...
2025-10-09 05:33:50 | INFO     | <module>:624 | Sample 3: 85 WHITE M <demo> <v> 19889 5780 27651 5849 2800 2762 2639 2760 5762 4019 2720 33829 7245 4414 V1009 V4501 V667 <\v> <END>...
2025-10-09 05:33:50 | INFO     | <module>:624 | Sample 4: 0 WHITE M <demo> <v> V3101 769 7742 7793 76516 76525 <\v> <END>...
2025-10-09 05:33:50 | INFO     | <module>:624 | Sample 5: 75 WHITE F <demo> <v> 56213 5990 2851 2760 56982 2639 5533 4019 2859 <\v> <END>...
2025-10-09 05:33:50 | DEBUG    | __init__:294 | First sequence length: 24 tokens
2025-10-09 05:33:50 | DEBUG    | __init__:295 | Pad token ID: 1
2025-10-09 05:33:50 | INFO     | <module>:628 | Created dataset with 3000 samples, 94 batches
2025-10-09 05:33:50 | INFO     | <module>:639 | Optimizer: AdamW with lr=0.0001
2025-10-09 05:33:50 | INFO     | <module>:640 | Scheduler: linear with 0 warmup steps
2025-10-09 05:33:50 | INFO     | train_model:351 | Starting model training for 30 epochs
2025-10-09 05:33:50 | INFO     | train_model:352 | Training steps: 2820
2025-10-09 05:33:50 | INFO     | train_model:353 | Device: cuda
2025-10-09 05:33:50 | DEBUG    | train_model:372 | First batch input_ids shape: torch.Size([32, 256])
2025-10-09 05:33:50 | DEBUG    | train_model:373 | First batch labels shape: torch.Size([32, 256])
2025-10-09 05:33:50 | DEBUG    | train_model:374 | First batch attention_mask shape: torch.Size([32, 256])
2025-10-09 05:33:50 | DEBUG    | train_model:375 | Initial loss: 2.6048
2025-10-09 05:33:50 | DEBUG    | train_model:382 | Special tokens in first batch: {'pad': 7048, 'masked_labels': 7048}
2025-10-09 05:34:35 | INFO     | train_model:401 | Epoch 1/30 completed | Avg Loss: 0.7220
2025-10-09 05:35:19 | INFO     | train_model:401 | Epoch 2/30 completed | Avg Loss: 0.1616
2025-10-09 05:36:03 | INFO     | train_model:401 | Epoch 3/30 completed | Avg Loss: 0.0524
2025-10-09 05:36:47 | INFO     | train_model:401 | Epoch 4/30 completed | Avg Loss: 0.0091
2025-10-09 05:37:31 | INFO     | train_model:401 | Epoch 5/30 completed | Avg Loss: 0.0056
2025-10-09 05:38:15 | INFO     | train_model:401 | Epoch 6/30 completed | Avg Loss: 0.0060
2025-10-09 05:38:59 | INFO     | train_model:401 | Epoch 7/30 completed | Avg Loss: 0.0063
2025-10-09 05:39:44 | INFO     | train_model:401 | Epoch 8/30 completed | Avg Loss: 0.0043
2025-10-09 05:40:28 | INFO     | train_model:401 | Epoch 9/30 completed | Avg Loss: 0.0079
2025-10-09 05:41:12 | INFO     | train_model:401 | Epoch 10/30 completed | Avg Loss: 0.0046
2025-10-09 05:41:56 | INFO     | train_model:401 | Epoch 11/30 completed | Avg Loss: 0.0044
2025-10-09 05:42:40 | INFO     | train_model:401 | Epoch 12/30 completed | Avg Loss: 0.0025
2025-10-09 05:43:24 | INFO     | train_model:401 | Epoch 13/30 completed | Avg Loss: 0.0019
2025-10-09 05:44:08 | INFO     | train_model:401 | Epoch 14/30 completed | Avg Loss: 0.0020
2025-10-09 05:44:53 | INFO     | train_model:401 | Epoch 15/30 completed | Avg Loss: 0.0023
2025-10-09 05:45:37 | INFO     | train_model:401 | Epoch 16/30 completed | Avg Loss: 0.0017
2025-10-09 05:46:21 | INFO     | train_model:401 | Epoch 17/30 completed | Avg Loss: 0.0016
2025-10-09 05:47:05 | INFO     | train_model:401 | Epoch 18/30 completed | Avg Loss: 0.0020
2025-10-09 05:47:49 | INFO     | train_model:401 | Epoch 19/30 completed | Avg Loss: 0.0007
2025-10-09 05:48:33 | INFO     | train_model:401 | Epoch 20/30 completed | Avg Loss: 0.0019
2025-10-09 05:49:18 | INFO     | train_model:401 | Epoch 21/30 completed | Avg Loss: 0.0011
2025-10-09 05:50:02 | INFO     | train_model:401 | Epoch 22/30 completed | Avg Loss: 0.0011
2025-10-09 05:50:46 | INFO     | train_model:401 | Epoch 23/30 completed | Avg Loss: 0.0009
2025-10-09 05:51:30 | INFO     | train_model:401 | Epoch 24/30 completed | Avg Loss: 0.0007
2025-10-09 05:52:14 | INFO     | train_model:401 | Epoch 25/30 completed | Avg Loss: 0.0010
2025-10-09 05:52:58 | INFO     | train_model:401 | Epoch 26/30 completed | Avg Loss: 0.0009
2025-10-09 05:53:42 | INFO     | train_model:401 | Epoch 27/30 completed | Avg Loss: 0.0008
2025-10-09 05:54:27 | INFO     | train_model:401 | Epoch 28/30 completed | Avg Loss: 0.0004
2025-10-09 05:55:11 | INFO     | train_model:401 | Epoch 29/30 completed | Avg Loss: 0.0005
2025-10-09 05:55:55 | INFO     | train_model:401 | Epoch 30/30 completed | Avg Loss: 0.0010
2025-10-09 05:55:55 | INFO     | train_model:403 | Training complete
2025-10-09 05:55:55 | INFO     | train_model:404 | Final average loss: 0.0010
2025-10-09 05:55:55 | DEBUG    | train_model:405 | Loss history: [0.7219534080396307, 0.16155001045541562, 0.052368351139445254, 0.00912976486638109, 0.005571755990534624, 0.006046376923009991, 0.006291876384800181, 0.004298215631663086, 0.007867331136676899, 0.004557863528037721, 0.004436176994126884, 0.00248495074691241, 0.0018734681798378006, 0.00199917638259494, 0.0022795736589072708, 0.0017212516184836784, 0.0015587560111716232, 0.0020282744020384616, 0.000732341087565688, 0.0019225868267351465, 0.0010944135910323622, 0.0010516516201103977, 0.0008877535996787705, 0.0007244330916635474, 0.0009500944898389478, 0.0008894978870577031, 0.0008005653470079662, 0.00043855743422953195, 0.0005178799475927124, 0.0010103212526759154]
2025-10-09 05:55:55 | INFO     | <module>:654 | === Generating synthetic patient data ===
2025-10-09 05:55:55 | INFO     | <module>:663 | 
--- Sample 1/5 ---
2025-10-09 05:55:55 | INFO     | generate_patient_sequence:443 | Generating sequence for prompt: '65 UNABLE TO OBTAIN M <demo>'
2025-10-09 05:55:55 | DEBUG    | generate_patient_sequence:447 | Prompt token IDs: [0, 3506, 121, 4444, 30876, 3842, 28214, 23177, 256, 28696, 12789, 139, 15698, 2]
2025-10-09 05:55:55 | DEBUG    | generate_patient_sequence:448 | Prompt tokens: ['<s>', '65', ' U', 'NA', 'BLE', ' TO', ' OB', 'TAIN', ' M', ' <', 'dem', 'o', '>', '</s>']
2025-10-09 05:55:55 | DEBUG    | generate_patient_sequence:457 | Special token IDs - <v>: 50265, <\v>: 50266, <END>: 50267, PAD: 1, EOS: 2
2025-10-09 05:55:55 | DEBUG    | generate_patient_sequence:464 | Initial decoder input (with forced <v>): [0, 3506, 121, 4444, 30876, 3842, 28214, 23177, 256, 28696, 12789, 139, 15698, 2, 50265]
2025-10-09 05:55:55 | DEBUG    | generate_patient_sequence:478 | After prompt, probability of <v>: 0.000294
2025-10-09 05:55:55 | DEBUG    | generate_patient_sequence:479 | After prompt, probability of <END>: 0.000126
2025-10-09 05:55:55 | DEBUG    | generate_patient_sequence:480 | After prompt, probability of PAD: 0.000000
2025-10-09 05:55:55 | DEBUG    | generate_patient_sequence:481 | After prompt, probability of EOS: 0.991361
2025-10-09 05:55:55 | DEBUG    | generate_patient_sequence:485 | Top 20 next token predictions after prompt:
2025-10-09 05:55:55 | DEBUG    | generate_patient_sequence:503 |   Rank 1: <EOS>                | Prob: 0.991361 | ID: 2
2025-10-09 05:55:55 | DEBUG    | generate_patient_sequence:503 |   Rank 2: 65                   | Prob: 0.006117 | ID: 3506
2025-10-09 05:55:55 | DEBUG    | generate_patient_sequence:503 |   Rank 3: <v>                  | Prob: 0.000294 | ID: 50265
2025-10-09 05:55:55 | DEBUG    | generate_patient_sequence:503 |   Rank 4: <END>                | Prob: 0.000126 | ID: 50267
2025-10-09 05:55:55 | DEBUG    | generate_patient_sequence:503 |   Rank 5:  V                   | Prob: 0.000099 | ID: 468
2025-10-09 05:55:55 | DEBUG    | generate_patient_sequence:503 |   Rank 6: 70                   | Prob: 0.000083 | ID: 3083
2025-10-09 05:55:55 | DEBUG    | generate_patient_sequence:503 |   Rank 7: <\v>                 | Prob: 0.000077 | ID: 50266
2025-10-09 05:55:55 | DEBUG    | generate_patient_sequence:503 |   Rank 8: dem                  | Prob: 0.000070 | ID: 12789
2025-10-09 05:55:55 | DEBUG    | generate_patient_sequence:503 |   Rank 9: 0                    | Prob: 0.000065 | ID: 288
2025-10-09 05:55:55 | DEBUG    | generate_patient_sequence:503 |   Rank 10:  1965                | Prob: 0.000059 | ID: 18202
2025-10-09 05:55:55 | DEBUG    | generate_patient_sequence:503 |   Rank 11: 64                   | Prob: 0.000059 | ID: 4027
2025-10-09 05:55:55 | DEBUG    | generate_patient_sequence:503 |   Rank 12:  WHITE               | Prob: 0.000047 | ID: 38503
2025-10-09 05:55:55 | DEBUG    | generate_patient_sequence:503 |   Rank 13: 1965                 | Prob: 0.000041 | ID: 45716
2025-10-09 05:55:55 | DEBUG    | generate_patient_sequence:503 |   Rank 14: L                    | Prob: 0.000035 | ID: 574
2025-10-09 05:55:55 | DEBUG    | generate_patient_sequence:503 |   Rank 15: 7                    | Prob: 0.000032 | ID: 406
2025-10-09 05:55:55 | DEBUG    | generate_patient_sequence:503 |   Rank 16: 55                   | Prob: 0.000031 | ID: 3118
2025-10-09 05:55:55 | DEBUG    | generate_patient_sequence:503 |   Rank 17: V                    | Prob: 0.000030 | ID: 846
2025-10-09 05:55:55 | DEBUG    | generate_patient_sequence:503 |   Rank 18: 00                   | Prob: 0.000027 | ID: 612
2025-10-09 05:55:55 | DEBUG    | generate_patient_sequence:503 |   Rank 19: 62                   | Prob: 0.000027 | ID: 5379
2025-10-09 05:55:55 | DEBUG    | generate_patient_sequence:503 |   Rank 20:  TO                  | Prob: 0.000022 | ID: 3842
2025-10-09 05:55:55 | INFO     | generate_patient_sequence:507 | Starting generation with temp=1.3, top_k=50, max_length=256
2025-10-09 05:55:55 | DEBUG    | generate_patient_sequence:520 | Generated token IDs: [2, 0, 3506, 121, 4444, 30876, 3842, 28214, 23177, 256, 28696, 12789, 139, 15698, 2, 50265, 3842, 28214, 5273, 256, 28696, 24658, 139, 15698, 1437, 50265, 2, 2, 2, 50267]
2025-10-09 05:55:55 | DEBUG    | generate_patient_sequence:521 | Generated length: 30 tokens
2025-10-09 05:55:55 | INFO     | generate_patient_sequence:529 | Generated token counts - <v>: 2, <\v>: 0, <END>: 1
2025-10-09 05:55:55 | DEBUG    | generate_patient_sequence:537 | Raw generated sequence: </s><s>65 UNABLE TO OBTAIN M <demo></s> <v>  TO OBMA M <Demo>  <v> </s></s></s> <END>
2025-10-09 05:55:55 | INFO     | generate_patient_sequence:540 | Generated sequence (clean): 65 UNABLE TO OBTAIN M <demo> TO OBMA M <Demo> 
2025-10-09 05:55:55 | INFO     | <module>:663 | 
--- Sample 2/5 ---
2025-10-09 05:55:55 | INFO     | generate_patient_sequence:443 | Generating sequence for prompt: '78 BLACK M <demo>'
2025-10-09 05:55:55 | DEBUG    | generate_patient_sequence:447 | Prompt token IDs: [0, 5479, 34101, 256, 28696, 12789, 139, 15698, 2]
2025-10-09 05:55:55 | DEBUG    | generate_patient_sequence:448 | Prompt tokens: ['<s>', '78', ' BLACK', ' M', ' <', 'dem', 'o', '>', '</s>']
2025-10-09 05:55:55 | DEBUG    | generate_patient_sequence:457 | Special token IDs - <v>: 50265, <\v>: 50266, <END>: 50267, PAD: 1, EOS: 2
2025-10-09 05:55:55 | DEBUG    | generate_patient_sequence:464 | Initial decoder input (with forced <v>): [0, 5479, 34101, 256, 28696, 12789, 139, 15698, 2, 50265]
2025-10-09 05:55:55 | DEBUG    | generate_patient_sequence:478 | After prompt, probability of <v>: 0.000011
2025-10-09 05:55:55 | DEBUG    | generate_patient_sequence:479 | After prompt, probability of <END>: 0.000005
2025-10-09 05:55:55 | DEBUG    | generate_patient_sequence:480 | After prompt, probability of PAD: 0.000000
2025-10-09 05:55:55 | DEBUG    | generate_patient_sequence:481 | After prompt, probability of EOS: 0.048913
2025-10-09 05:55:55 | DEBUG    | generate_patient_sequence:485 | Top 20 next token predictions after prompt:
2025-10-09 05:55:55 | DEBUG    | generate_patient_sequence:503 |   Rank 1: 78                   | Prob: 0.950667 | ID: 5479
2025-10-09 05:55:55 | DEBUG    | generate_patient_sequence:503 |   Rank 2: <EOS>                | Prob: 0.048913 | ID: 2
2025-10-09 05:55:55 | DEBUG    | generate_patient_sequence:503 |   Rank 3:  78                  | Prob: 0.000226 | ID: 7004
2025-10-09 05:55:55 | DEBUG    | generate_patient_sequence:503 |   Rank 4: 79                   | Prob: 0.000025 | ID: 5220
2025-10-09 05:55:55 | DEBUG    | generate_patient_sequence:503 |   Rank 5:  1977                | Prob: 0.000016 | ID: 15386
2025-10-09 05:55:55 | DEBUG    | generate_patient_sequence:503 |   Rank 6: 80                   | Prob: 0.000012 | ID: 2940
2025-10-09 05:55:55 | DEBUG    | generate_patient_sequence:503 |   Rank 7: <v>                  | Prob: 0.000011 | ID: 50265
2025-10-09 05:55:55 | DEBUG    | generate_patient_sequence:503 |   Rank 8: 77                   | Prob: 0.000010 | ID: 4718
2025-10-09 05:55:55 | DEBUG    | generate_patient_sequence:503 |   Rank 9: 784                  | Prob: 0.000006 | ID: 40729
2025-10-09 05:55:55 | DEBUG    | generate_patient_sequence:503 |   Rank 10: 81                   | Prob: 0.000006 | ID: 6668
2025-10-09 05:55:55 | DEBUG    | generate_patient_sequence:503 |   Rank 11: 789                  | Prob: 0.000006 | ID: 39413
2025-10-09 05:55:55 | DEBUG    | generate_patient_sequence:503 |   Rank 12: 70                   | Prob: 0.000006 | ID: 3083
2025-10-09 05:55:55 | DEBUG    | generate_patient_sequence:503 |   Rank 13: <END>                | Prob: 0.000005 | ID: 50267
2025-10-09 05:55:55 | DEBUG    | generate_patient_sequence:503 |   Rank 14: 0                    | Prob: 0.000004 | ID: 288
2025-10-09 05:55:55 | DEBUG    | generate_patient_sequence:503 |   Rank 15: 782                  | Prob: 0.000004 | ID: 40092
2025-10-09 05:55:55 | DEBUG    | generate_patient_sequence:503 |   Rank 16:  1978                | Prob: 0.000003 | ID: 14428
2025-10-09 05:55:55 | DEBUG    | generate_patient_sequence:503 |   Rank 17: 86                   | Prob: 0.000003 | ID: 5334
2025-10-09 05:55:55 | DEBUG    | generate_patient_sequence:503 |   Rank 18: 785                  | Prob: 0.000003 | ID: 37453
2025-10-09 05:55:55 | DEBUG    | generate_patient_sequence:503 |   Rank 19: 8                    | Prob: 0.000003 | ID: 398
2025-10-09 05:55:55 | DEBUG    | generate_patient_sequence:503 |   Rank 20: 76                   | Prob: 0.000003 | ID: 5067
2025-10-09 05:55:55 | INFO     | generate_patient_sequence:507 | Starting generation with temp=1.3, top_k=50, max_length=256
2025-10-09 05:55:55 | DEBUG    | generate_patient_sequence:520 | Generated token IDs: [2, 0, 5479, 34101, 256, 28696, 12789, 139, 15698, 2, 50265, 7004, 34101, 256, 246, 12789, 139, 2744, 2, 2, 2, 50266, 2, 2, 50267]
2025-10-09 05:55:55 | DEBUG    | generate_patient_sequence:521 | Generated length: 25 tokens
2025-10-09 05:55:55 | INFO     | generate_patient_sequence:529 | Generated token counts - <v>: 1, <\v>: 1, <END>: 1
2025-10-09 05:55:55 | DEBUG    | generate_patient_sequence:537 | Raw generated sequence: </s><s>78 BLACK M <demo></s> <v>  78 BLACK M3demo+</s></s></s> <\v> </s></s> <END>
2025-10-09 05:55:55 | INFO     | generate_patient_sequence:540 | Generated sequence (clean): 78 BLACK M <demo> 78 BLACK M3demo+
2025-10-09 05:55:55 | INFO     | <module>:663 | 
--- Sample 3/5 ---
2025-10-09 05:55:55 | INFO     | generate_patient_sequence:443 | Generating sequence for prompt: '63 UNKNOWN/NOT SPECIFIED F <demo>'
2025-10-09 05:55:55 | DEBUG    | generate_patient_sequence:447 | Prompt token IDs: [0, 5449, 2604, 47300, 73, 37049, 44921, 36482, 274, 28696, 12789, 139, 15698, 2]
2025-10-09 05:55:55 | DEBUG    | generate_patient_sequence:448 | Prompt tokens: ['<s>', '63', ' UN', 'KNOWN', '/', 'NOT', ' SPEC', 'IFIED', ' F', ' <', 'dem', 'o', '>', '</s>']
2025-10-09 05:55:55 | DEBUG    | generate_patient_sequence:457 | Special token IDs - <v>: 50265, <\v>: 50266, <END>: 50267, PAD: 1, EOS: 2
2025-10-09 05:55:55 | DEBUG    | generate_patient_sequence:464 | Initial decoder input (with forced <v>): [0, 5449, 2604, 47300, 73, 37049, 44921, 36482, 274, 28696, 12789, 139, 15698, 2, 50265]
2025-10-09 05:55:55 | DEBUG    | generate_patient_sequence:478 | After prompt, probability of <v>: 0.000002
2025-10-09 05:55:55 | DEBUG    | generate_patient_sequence:479 | After prompt, probability of <END>: 0.000002
2025-10-09 05:55:55 | DEBUG    | generate_patient_sequence:480 | After prompt, probability of PAD: 0.000000
2025-10-09 05:55:55 | DEBUG    | generate_patient_sequence:481 | After prompt, probability of EOS: 0.008738
2025-10-09 05:55:55 | DEBUG    | generate_patient_sequence:485 | Top 20 next token predictions after prompt:
2025-10-09 05:55:55 | DEBUG    | generate_patient_sequence:503 |   Rank 1: NOT                  | Prob: 0.991120 | ID: 37049
2025-10-09 05:55:55 | DEBUG    | generate_patient_sequence:503 |   Rank 2: <EOS>                | Prob: 0.008738 | ID: 2
2025-10-09 05:55:55 | DEBUG    | generate_patient_sequence:503 |   Rank 3: 63                   | Prob: 0.000035 | ID: 5449
2025-10-09 05:55:55 | DEBUG    | generate_patient_sequence:503 |   Rank 4: 70                   | Prob: 0.000006 | ID: 3083
2025-10-09 05:55:55 | DEBUG    | generate_patient_sequence:503 |   Rank 5: 61                   | Prob: 0.000005 | ID: 5606
2025-10-09 05:55:55 | DEBUG    | generate_patient_sequence:503 |   Rank 6: 661                  | Prob: 0.000004 | ID: 37499
2025-10-09 05:55:55 | DEBUG    | generate_patient_sequence:503 |   Rank 7: AD                   | Prob: 0.000003 | ID: 2606
2025-10-09 05:55:55 | DEBUG    | generate_patient_sequence:503 |   Rank 8: <v>                  | Prob: 0.000002 | ID: 50265
2025-10-09 05:55:55 | DEBUG    | generate_patient_sequence:503 |   Rank 9: 13                   | Prob: 0.000002 | ID: 1558
2025-10-09 05:55:55 | DEBUG    | generate_patient_sequence:503 |   Rank 10: 662                  | Prob: 0.000002 | ID: 36577
2025-10-09 05:55:55 | DEBUG    | generate_patient_sequence:503 |   Rank 11: 68                   | Prob: 0.000002 | ID: 4671
2025-10-09 05:55:55 | DEBUG    | generate_patient_sequence:503 |   Rank 12: KNOWN                | Prob: 0.000002 | ID: 47300
2025-10-09 05:55:55 | DEBUG    | generate_patient_sequence:503 |   Rank 13: 0                    | Prob: 0.000002 | ID: 288
2025-10-09 05:55:55 | DEBUG    | generate_patient_sequence:503 |   Rank 14: <END>                | Prob: 0.000002 | ID: 50267
2025-10-09 05:55:55 | DEBUG    | generate_patient_sequence:503 |   Rank 15: 75                   | Prob: 0.000002 | ID: 2545
2025-10-09 05:55:55 | DEBUG    | generate_patient_sequence:503 |   Rank 16: 58                   | Prob: 0.000002 | ID: 4432
2025-10-09 05:55:55 | DEBUG    | generate_patient_sequence:503 |   Rank 17: 35                   | Prob: 0.000002 | ID: 2022
2025-10-09 05:55:55 | DEBUG    | generate_patient_sequence:503 |   Rank 18: 01                   | Prob: 0.000002 | ID: 2663
2025-10-09 05:55:55 | DEBUG    | generate_patient_sequence:503 |   Rank 19: 78                   | Prob: 0.000002 | ID: 5479
2025-10-09 05:55:55 | DEBUG    | generate_patient_sequence:503 |   Rank 20: 388                  | Prob: 0.000001 | ID: 34067
2025-10-09 05:55:55 | INFO     | generate_patient_sequence:507 | Starting generation with temp=1.3, top_k=50, max_length=256
2025-10-09 05:55:55 | DEBUG    | generate_patient_sequence:520 | Generated token IDs: [2, 0, 5449, 2604, 47300, 73, 37049, 44921, 36482, 274, 28696, 12789, 139, 15698, 2, 50265, 2, 2, 2, 50267]
2025-10-09 05:55:55 | DEBUG    | generate_patient_sequence:521 | Generated length: 20 tokens
2025-10-09 05:55:55 | INFO     | generate_patient_sequence:529 | Generated token counts - <v>: 1, <\v>: 0, <END>: 1
2025-10-09 05:55:55 | DEBUG    | generate_patient_sequence:537 | Raw generated sequence: </s><s>63 UNKNOWN/NOT SPECIFIED F <demo></s> <v> </s></s></s> <END>
2025-10-09 05:55:55 | INFO     | generate_patient_sequence:540 | Generated sequence (clean): 63 UNKNOWN/NOT SPECIFIED F <demo>
2025-10-09 05:55:55 | INFO     | <module>:663 | 
--- Sample 4/5 ---
2025-10-09 05:55:55 | INFO     | generate_patient_sequence:443 | Generating sequence for prompt: '31 BLACK F <demo>'
2025-10-09 05:55:55 | DEBUG    | generate_patient_sequence:447 | Prompt token IDs: [0, 2983, 34101, 274, 28696, 12789, 139, 15698, 2]
2025-10-09 05:55:55 | DEBUG    | generate_patient_sequence:448 | Prompt tokens: ['<s>', '31', ' BLACK', ' F', ' <', 'dem', 'o', '>', '</s>']
2025-10-09 05:55:55 | DEBUG    | generate_patient_sequence:457 | Special token IDs - <v>: 50265, <\v>: 50266, <END>: 50267, PAD: 1, EOS: 2
2025-10-09 05:55:55 | DEBUG    | generate_patient_sequence:464 | Initial decoder input (with forced <v>): [0, 2983, 34101, 274, 28696, 12789, 139, 15698, 2, 50265]
2025-10-09 05:55:55 | DEBUG    | generate_patient_sequence:478 | After prompt, probability of <v>: 0.000008
2025-10-09 05:55:55 | DEBUG    | generate_patient_sequence:479 | After prompt, probability of <END>: 0.000003
2025-10-09 05:55:55 | DEBUG    | generate_patient_sequence:480 | After prompt, probability of PAD: 0.000000
2025-10-09 05:55:55 | DEBUG    | generate_patient_sequence:481 | After prompt, probability of EOS: 0.015962
2025-10-09 05:55:55 | DEBUG    | generate_patient_sequence:485 | Top 20 next token predictions after prompt:
2025-10-09 05:55:55 | DEBUG    | generate_patient_sequence:503 |   Rank 1: 31                   | Prob: 0.983771 | ID: 2983
2025-10-09 05:55:55 | DEBUG    | generate_patient_sequence:503 |   Rank 2: <EOS>                | Prob: 0.015962 | ID: 2
2025-10-09 05:55:55 | DEBUG    | generate_patient_sequence:503 |   Rank 3: 331                  | Prob: 0.000044 | ID: 34071
2025-10-09 05:55:55 | DEBUG    | generate_patient_sequence:503 |   Rank 4: 271                  | Prob: 0.000023 | ID: 32145
2025-10-09 05:55:55 | DEBUG    | generate_patient_sequence:503 |   Rank 5: 30                   | Prob: 0.000014 | ID: 541
2025-10-09 05:55:55 | DEBUG    | generate_patient_sequence:503 |   Rank 6:  BLACK               | Prob: 0.000014 | ID: 34101
2025-10-09 05:55:55 | DEBUG    | generate_patient_sequence:503 |   Rank 7: 121                  | Prob: 0.000012 | ID: 22388
2025-10-09 05:55:55 | DEBUG    | generate_patient_sequence:503 |   Rank 8: 32                   | Prob: 0.000012 | ID: 2881
2025-10-09 05:55:55 | DEBUG    | generate_patient_sequence:503 |   Rank 9: 01                   | Prob: 0.000009 | ID: 2663
2025-10-09 05:55:55 | DEBUG    | generate_patient_sequence:503 |   Rank 10: <v>                  | Prob: 0.000008 | ID: 50265
2025-10-09 05:55:55 | DEBUG    | generate_patient_sequence:503 |   Rank 11:  31                  | Prob: 0.000006 | ID: 1105
2025-10-09 05:55:55 | DEBUG    | generate_patient_sequence:503 |   Rank 12: 41                   | Prob: 0.000004 | ID: 4006
2025-10-09 05:55:55 | DEBUG    | generate_patient_sequence:503 |   Rank 13: 61                   | Prob: 0.000004 | ID: 5606
2025-10-09 05:55:55 | DEBUG    | generate_patient_sequence:503 |   Rank 14: 51                   | Prob: 0.000003 | ID: 4708
2025-10-09 05:55:55 | DEBUG    | generate_patient_sequence:503 |   Rank 15: 241                  | Prob: 0.000003 | ID: 31576
2025-10-09 05:55:55 | DEBUG    | generate_patient_sequence:503 |   Rank 16: 71                   | Prob: 0.000003 | ID: 5339
2025-10-09 05:55:55 | DEBUG    | generate_patient_sequence:503 |   Rank 17: <END>                | Prob: 0.000003 | ID: 50267
2025-10-09 05:55:55 | DEBUG    | generate_patient_sequence:503 |   Rank 18: 56                   | Prob: 0.000003 | ID: 4419
2025-10-09 05:55:55 | DEBUG    | generate_patient_sequence:503 |   Rank 19: 21                   | Prob: 0.000003 | ID: 2146
2025-10-09 05:55:55 | DEBUG    | generate_patient_sequence:503 |   Rank 20:  LAT                 | Prob: 0.000003 | ID: 21455
2025-10-09 05:55:55 | INFO     | generate_patient_sequence:507 | Starting generation with temp=1.3, top_k=50, max_length=256
2025-10-09 05:55:55 | DEBUG    | generate_patient_sequence:520 | Generated token IDs: [2, 0, 2983, 34101, 274, 28696, 12789, 139, 15698, 2, 50265, 2, 2, 2, 50266, 2, 2, 50267]
2025-10-09 05:55:55 | DEBUG    | generate_patient_sequence:521 | Generated length: 18 tokens
2025-10-09 05:55:55 | INFO     | generate_patient_sequence:529 | Generated token counts - <v>: 1, <\v>: 1, <END>: 1
2025-10-09 05:55:55 | DEBUG    | generate_patient_sequence:537 | Raw generated sequence: </s><s>31 BLACK F <demo></s> <v> </s></s></s> <\v> </s></s> <END>
2025-10-09 05:55:55 | INFO     | generate_patient_sequence:540 | Generated sequence (clean): 31 BLACK F <demo>
2025-10-09 05:55:55 | INFO     | <module>:663 | 
--- Sample 5/5 ---
2025-10-09 05:55:55 | INFO     | generate_patient_sequence:443 | Generating sequence for prompt: '60 ASIAN M <demo>'
2025-10-09 05:55:55 | DEBUG    | generate_patient_sequence:447 | Prompt token IDs: [0, 2466, 6015, 10296, 256, 28696, 12789, 139, 15698, 2]
2025-10-09 05:55:55 | DEBUG    | generate_patient_sequence:448 | Prompt tokens: ['<s>', '60', ' AS', 'IAN', ' M', ' <', 'dem', 'o', '>', '</s>']
2025-10-09 05:55:55 | DEBUG    | generate_patient_sequence:457 | Special token IDs - <v>: 50265, <\v>: 50266, <END>: 50267, PAD: 1, EOS: 2
2025-10-09 05:55:55 | DEBUG    | generate_patient_sequence:464 | Initial decoder input (with forced <v>): [0, 2466, 6015, 10296, 256, 28696, 12789, 139, 15698, 2, 50265]
2025-10-09 05:55:55 | DEBUG    | generate_patient_sequence:478 | After prompt, probability of <v>: 0.000018
2025-10-09 05:55:55 | DEBUG    | generate_patient_sequence:479 | After prompt, probability of <END>: 0.000005
2025-10-09 05:55:55 | DEBUG    | generate_patient_sequence:480 | After prompt, probability of PAD: 0.000000
2025-10-09 05:55:55 | DEBUG    | generate_patient_sequence:481 | After prompt, probability of EOS: 0.003316
2025-10-09 05:55:55 | DEBUG    | generate_patient_sequence:485 | Top 20 next token predictions after prompt:
2025-10-09 05:55:55 | DEBUG    | generate_patient_sequence:503 |   Rank 1: 60                   | Prob: 0.996070 | ID: 2466
2025-10-09 05:55:55 | DEBUG    | generate_patient_sequence:503 |   Rank 2: <EOS>                | Prob: 0.003316 | ID: 2
2025-10-09 05:55:55 | DEBUG    | generate_patient_sequence:503 |   Rank 3:  60                  | Prob: 0.000319 | ID: 1191
2025-10-09 05:55:55 | DEBUG    | generate_patient_sequence:503 |   Rank 4:  V                   | Prob: 0.000080 | ID: 468
2025-10-09 05:55:55 | DEBUG    | generate_patient_sequence:503 |   Rank 5:  1960                | Prob: 0.000056 | ID: 7571
2025-10-09 05:55:55 | DEBUG    | generate_patient_sequence:503 |   Rank 6: <v>                  | Prob: 0.000018 | ID: 50265
2025-10-09 05:55:55 | DEBUG    | generate_patient_sequence:503 |   Rank 7: 600                  | Prob: 0.000008 | ID: 4697
2025-10-09 05:55:55 | DEBUG    | generate_patient_sequence:503 |   Rank 8:  AS                  | Prob: 0.000007 | ID: 6015
2025-10-09 05:55:55 | DEBUG    | generate_patient_sequence:503 |   Rank 9: 59                   | Prob: 0.000006 | ID: 4156
2025-10-09 05:55:55 | DEBUG    | generate_patient_sequence:503 |   Rank 10: 61                   | Prob: 0.000006 | ID: 5606
2025-10-09 05:55:55 | DEBUG    | generate_patient_sequence:503 |   Rank 11: <END>                | Prob: 0.000005 | ID: 50267
2025-10-09 05:55:55 | DEBUG    | generate_patient_sequence:503 |   Rank 12: 55                   | Prob: 0.000004 | ID: 3118
2025-10-09 05:55:55 | DEBUG    | generate_patient_sequence:503 |   Rank 13: AF                   | Prob: 0.000004 | ID: 8573
2025-10-09 05:55:55 | DEBUG    | generate_patient_sequence:503 |   Rank 14: L                    | Prob: 0.000004 | ID: 574
2025-10-09 05:55:55 | DEBUG    | generate_patient_sequence:503 |   Rank 15: <\v>                 | Prob: 0.000003 | ID: 50266
2025-10-09 05:55:55 | DEBUG    | generate_patient_sequence:503 |   Rank 16: 80                   | Prob: 0.000003 | ID: 2940
2025-10-09 05:55:55 | DEBUG    | generate_patient_sequence:503 |   Rank 17: 64                   | Prob: 0.000002 | ID: 4027
2025-10-09 05:55:55 | DEBUG    | generate_patient_sequence:503 |   Rank 18: 65                   | Prob: 0.000002 | ID: 3506
2025-10-09 05:55:55 | DEBUG    | generate_patient_sequence:503 |   Rank 19: 40                   | Prob: 0.000002 | ID: 1749
2025-10-09 05:55:55 | DEBUG    | generate_patient_sequence:503 |   Rank 20: 70                   | Prob: 0.000002 | ID: 3083
2025-10-09 05:55:55 | INFO     | generate_patient_sequence:507 | Starting generation with temp=1.3, top_k=50, max_length=256
2025-10-09 05:55:56 | DEBUG    | generate_patient_sequence:520 | Generated token IDs: [2, 0, 2466, 6015, 10296, 256, 28696, 12789, 139, 15698, 2, 50265, 1191, 6015, 10296, 381, 28696, 12789, 12992, 15698, 2, 2, 2, 50266, 2, 2, 50267]
2025-10-09 05:55:56 | DEBUG    | generate_patient_sequence:521 | Generated length: 27 tokens
2025-10-09 05:55:56 | INFO     | generate_patient_sequence:529 | Generated token counts - <v>: 1, <\v>: 1, <END>: 1
2025-10-09 05:55:56 | DEBUG    | generate_patient_sequence:537 | Raw generated sequence: </s><s>60 ASIAN M <demo></s> <v>  60 ASIAN E <demois></s></s></s> <\v> </s></s> <END>
2025-10-09 05:55:56 | INFO     | generate_patient_sequence:540 | Generated sequence (clean): 60 ASIAN M <demo> 60 ASIAN E <demois>
2025-10-09 05:55:56 | INFO     | <module>:677 | === Training and generation complete ===
