2025-10-09 03:38:02 | INFO     | <module>:562 | === EHR Generation Training Started ===
2025-10-09 03:38:02 | INFO     | <module>:583 | Configuration: {'model_name': 'facebook/bart-base', 'num_patients': 3000, 'max_seq_length': 256, 'batch_size': 16, 'num_epochs': 30, 'learning_rate': 0.0001, 'generation_temp': 1.5, 'generation_max_length': 256, 'num_warmup_steps': 0, 'top_k': 100, 'data_dir': 'data_files', 'mimic_paths': {'patients_path': 'data_files/PATIENTS.csv', 'admissions_path': 'data_files/ADMISSIONS.csv', 'diagnoses_path': 'data_files/DIAGNOSES_ICD.csv'}}
2025-10-09 03:38:02 | INFO     | <module>:587 | Using device: cuda
2025-10-09 03:38:02 | INFO     | <module>:590 | Loading pretrained BART model: facebook/bart-base
2025-10-09 03:38:03 | INFO     | <module>:599 | Added 3 special tokens: <v>, <\v>, <END>
2025-10-09 03:38:04 | INFO     | <module>:603 | Resized model embeddings to 50268 tokens
2025-10-09 03:38:04 | DEBUG    | <module>:606 | Token ID for <v>: 50265
2025-10-09 03:38:04 | DEBUG    | <module>:607 | Token ID for <\v>: 50266
2025-10-09 03:38:04 | DEBUG    | <module>:608 | Token ID for <END>: 50267
2025-10-09 03:38:04 | INFO     | load_and_format_mimic_data:147 | Loading MIMIC-III data files
2025-10-09 03:38:04 | DEBUG    | load_and_format_mimic_data:148 | Patients: data_files/PATIENTS.csv
2025-10-09 03:38:04 | DEBUG    | load_and_format_mimic_data:149 | Admissions: data_files/ADMISSIONS.csv
2025-10-09 03:38:04 | DEBUG    | load_and_format_mimic_data:150 | Diagnoses: data_files/DIAGNOSES_ICD.csv
2025-10-09 03:38:04 | INFO     | load_and_format_mimic_data:155 | Loaded 46520 patients
2025-10-09 03:38:04 | INFO     | load_and_format_mimic_data:158 | Loaded 58976 admissions
2025-10-09 03:38:04 | INFO     | load_and_format_mimic_data:161 | Loaded 651047 diagnosis records
2025-10-09 03:38:04 | INFO     | load_and_format_mimic_data:219 | Data processing complete. Formatting sequences...
2025-10-09 03:38:07 | INFO     | load_and_format_mimic_data:258 | Sequence formatting complete. Generated 3000 patient sequences
2025-10-09 03:38:07 | DEBUG    | load_and_format_mimic_data:262 | Sample sequence: 0 ASIAN M <demo> <v> V3001 V053 V290 <\v> <END>...
2025-10-09 03:38:07 | INFO     | load_and_format_mimic_data:267 | Average visits per patient: 1.27
2025-10-09 03:38:07 | INFO     | load_and_format_mimic_data:268 | Average tokens per sequence: 19.69
2025-10-09 03:38:07 | INFO     | <module>:622 | Sample patient sequences:
2025-10-09 03:38:07 | INFO     | <module>:624 | Sample 1: 88 WHITE M <demo> <v> 85221 42731 4321 920 V1259 4580 41401 E8888 <\v> <v> 0383 5990 486 4280 42731 2875 570 5845 99592 03842 2948 60000 <\v> <END>...
2025-10-09 03:38:07 | INFO     | <module>:624 | Sample 2: 75 WHITE F <demo> <v> 25013 2809 2449 4019 <\v> <v> 6826 41091 4280 51881 2765 25001 2449 4019 <\v> <v> 25010 03842 5990 5849 2761 4280 42820 99591 24...
2025-10-09 03:38:07 | INFO     | <module>:624 | Sample 3: 71 UNKNOWN/NOT SPECIFIED M <demo> <v> 7863 496 9973 5070 2851 4414 <\v> <END>...
2025-10-09 03:38:07 | INFO     | <module>:624 | Sample 4: 63 UNKNOWN/NOT SPECIFIED M <demo> <v> 4241 42789 5225 4019 V173 <\v> <END>...
2025-10-09 03:38:07 | INFO     | <module>:624 | Sample 5: 71 WHITE - RUSSIAN M <demo> <v> 41401 4111 4280 27652 41042 2720 4019 44021 4148 <\v> <END>...
2025-10-09 03:38:07 | DEBUG    | __init__:294 | First sequence length: 24 tokens
2025-10-09 03:38:07 | DEBUG    | __init__:295 | Pad token ID: 1
2025-10-09 03:38:07 | INFO     | <module>:628 | Created dataset with 3000 samples, 188 batches
2025-10-09 03:38:07 | INFO     | <module>:639 | Optimizer: AdamW with lr=0.0001
2025-10-09 03:38:07 | INFO     | <module>:640 | Scheduler: linear with 0 warmup steps
2025-10-09 03:38:07 | INFO     | train_model:351 | Starting model training for 30 epochs
2025-10-09 03:38:07 | INFO     | train_model:352 | Training steps: 5640
2025-10-09 03:38:07 | INFO     | train_model:353 | Device: cuda
2025-10-09 03:38:07 | DEBUG    | train_model:372 | First batch input_ids shape: torch.Size([16, 256])
2025-10-09 03:38:07 | DEBUG    | train_model:373 | First batch labels shape: torch.Size([16, 256])
2025-10-09 03:38:07 | DEBUG    | train_model:374 | First batch attention_mask shape: torch.Size([16, 256])
2025-10-09 03:38:07 | DEBUG    | train_model:375 | Initial loss: 2.2642
2025-10-09 03:38:07 | DEBUG    | train_model:382 | Special tokens in first batch: {'pad': 3259, 'masked_labels': 3259}
2025-10-09 03:38:54 | INFO     | train_model:401 | Epoch 1/30 completed | Avg Loss: 0.4494
2025-10-09 03:39:41 | INFO     | train_model:401 | Epoch 2/30 completed | Avg Loss: 0.0360
2025-10-09 03:40:27 | INFO     | train_model:401 | Epoch 3/30 completed | Avg Loss: 0.0117
2025-10-09 03:41:14 | INFO     | train_model:401 | Epoch 4/30 completed | Avg Loss: 0.0101
2025-10-09 03:42:00 | INFO     | train_model:401 | Epoch 5/30 completed | Avg Loss: 0.0148
2025-10-09 03:42:47 | INFO     | train_model:401 | Epoch 6/30 completed | Avg Loss: 0.0116
2025-10-09 03:43:33 | INFO     | train_model:401 | Epoch 7/30 completed | Avg Loss: 0.0056
2025-10-09 03:44:20 | INFO     | train_model:401 | Epoch 8/30 completed | Avg Loss: 0.0062
2025-10-09 03:45:07 | INFO     | train_model:401 | Epoch 9/30 completed | Avg Loss: 0.0057
2025-10-09 03:45:53 | INFO     | train_model:401 | Epoch 10/30 completed | Avg Loss: 0.0063
2025-10-09 03:46:40 | INFO     | train_model:401 | Epoch 11/30 completed | Avg Loss: 0.0067
2025-10-09 03:47:26 | INFO     | train_model:401 | Epoch 12/30 completed | Avg Loss: 0.0045
2025-10-09 03:48:13 | INFO     | train_model:401 | Epoch 13/30 completed | Avg Loss: 0.0059
2025-10-09 03:48:59 | INFO     | train_model:401 | Epoch 14/30 completed | Avg Loss: 0.0032
2025-10-09 03:49:46 | INFO     | train_model:401 | Epoch 15/30 completed | Avg Loss: 0.0033
2025-10-09 03:50:32 | INFO     | train_model:401 | Epoch 16/30 completed | Avg Loss: 0.0029
2025-10-09 03:51:19 | INFO     | train_model:401 | Epoch 17/30 completed | Avg Loss: 0.0027
2025-10-09 03:52:06 | INFO     | train_model:401 | Epoch 18/30 completed | Avg Loss: 0.0065
2025-10-09 03:52:52 | INFO     | train_model:401 | Epoch 19/30 completed | Avg Loss: 0.0032
2025-10-09 03:53:39 | INFO     | train_model:401 | Epoch 20/30 completed | Avg Loss: 0.0019
2025-10-09 03:54:25 | INFO     | train_model:401 | Epoch 21/30 completed | Avg Loss: 0.0013
2025-10-09 03:55:12 | INFO     | train_model:401 | Epoch 22/30 completed | Avg Loss: 0.0011
2025-10-09 03:55:58 | INFO     | train_model:401 | Epoch 23/30 completed | Avg Loss: 0.0010
2025-10-09 03:56:45 | INFO     | train_model:401 | Epoch 24/30 completed | Avg Loss: 0.0005
2025-10-09 03:57:32 | INFO     | train_model:401 | Epoch 25/30 completed | Avg Loss: 0.0008
2025-10-09 03:58:18 | INFO     | train_model:401 | Epoch 26/30 completed | Avg Loss: 0.0010
2025-10-09 03:59:05 | INFO     | train_model:401 | Epoch 27/30 completed | Avg Loss: 0.0009
2025-10-09 03:59:51 | INFO     | train_model:401 | Epoch 28/30 completed | Avg Loss: 0.0009
2025-10-09 04:00:38 | INFO     | train_model:401 | Epoch 29/30 completed | Avg Loss: 0.0005
2025-10-09 04:01:24 | INFO     | train_model:401 | Epoch 30/30 completed | Avg Loss: 0.0009
2025-10-09 04:01:24 | INFO     | train_model:403 | Training complete
2025-10-09 04:01:24 | INFO     | train_model:404 | Final average loss: 0.0009
2025-10-09 04:01:24 | DEBUG    | train_model:405 | Loss history: [0.4493612353392738, 0.03603340498979223, 0.011681006764968303, 0.010116094131359553, 0.014781588928754185, 0.011603203795644692, 0.005566579075325826, 0.006189212655683266, 0.0057334532627484145, 0.006263770084803989, 0.006668368947739896, 0.004521041415075083, 0.005850182240348968, 0.0031798303411670397, 0.003282132895192456, 0.0028995585411045813, 0.002731448155595609, 0.0065365614459454826, 0.0031668148930816156, 0.0018831805652766017, 0.001344918494415903, 0.0010870588524646357, 0.0010402934750403648, 0.0004974117408447126, 0.0008109005937783761, 0.0010293170493473843, 0.0009336369258814189, 0.0008601429382635731, 0.0005364693340410707, 0.0009224572886910693]
2025-10-09 04:01:24 | INFO     | <module>:654 | === Generating synthetic patient data ===
2025-10-09 04:01:24 | INFO     | <module>:663 | 
--- Sample 1/5 ---
2025-10-09 04:01:24 | INFO     | generate_patient_sequence:443 | Generating sequence for prompt: '36 BLACK M <demo>'
2025-10-09 04:01:24 | DEBUG    | generate_patient_sequence:447 | Prompt token IDs: [0, 3367, 34101, 256, 28696, 12789, 139, 15698, 2]
2025-10-09 04:01:24 | DEBUG    | generate_patient_sequence:448 | Prompt tokens: ['<s>', '36', ' BLACK', ' M', ' <', 'dem', 'o', '>', '</s>']
2025-10-09 04:01:24 | DEBUG    | generate_patient_sequence:457 | Special token IDs - <v>: 50265, <\v>: 50266, <END>: 50267, PAD: 1, EOS: 2
2025-10-09 04:01:24 | DEBUG    | generate_patient_sequence:464 | Initial decoder input (with forced <v>): [0, 3367, 34101, 256, 28696, 12789, 139, 15698, 2, 50265]
2025-10-09 04:01:24 | DEBUG    | generate_patient_sequence:478 | After prompt, probability of <v>: 0.000005
2025-10-09 04:01:24 | DEBUG    | generate_patient_sequence:479 | After prompt, probability of <END>: 0.000002
2025-10-09 04:01:24 | DEBUG    | generate_patient_sequence:480 | After prompt, probability of PAD: 0.000000
2025-10-09 04:01:24 | DEBUG    | generate_patient_sequence:481 | After prompt, probability of EOS: 0.000202
2025-10-09 04:01:24 | DEBUG    | generate_patient_sequence:485 | Top 20 next token predictions after prompt:
2025-10-09 04:01:24 | DEBUG    | generate_patient_sequence:503 |   Rank 1: 36                   | Prob: 0.998512 | ID: 3367
2025-10-09 04:01:24 | DEBUG    | generate_patient_sequence:503 |   Rank 2:  36                  | Prob: 0.000481 | ID: 2491
2025-10-09 04:01:24 | DEBUG    | generate_patient_sequence:503 |   Rank 3:  BLACK               | Prob: 0.000280 | ID: 34101
2025-10-09 04:01:24 | DEBUG    | generate_patient_sequence:503 |   Rank 4: <EOS>                | Prob: 0.000202 | ID: 2
2025-10-09 04:01:24 | DEBUG    | generate_patient_sequence:503 |   Rank 5: 288                  | Prob: 0.000048 | ID: 29443
2025-10-09 04:01:24 | DEBUG    | generate_patient_sequence:503 |   Rank 6: 96                   | Prob: 0.000028 | ID: 5607
2025-10-09 04:01:24 | DEBUG    | generate_patient_sequence:503 |   Rank 7: 39                   | Prob: 0.000026 | ID: 3416
2025-10-09 04:01:24 | DEBUG    | generate_patient_sequence:503 |   Rank 8: 400                  | Prob: 0.000024 | ID: 4017
2025-10-09 04:01:24 | DEBUG    | generate_patient_sequence:503 |   Rank 9: 242                  | Prob: 0.000018 | ID: 28698
2025-10-09 04:01:24 | DEBUG    | generate_patient_sequence:503 |   Rank 10: 379                  | Prob: 0.000017 | ID: 34309
2025-10-09 04:01:24 | DEBUG    | generate_patient_sequence:503 |   Rank 11: 389                  | Prob: 0.000016 | ID: 34682
2025-10-09 04:01:24 | DEBUG    | generate_patient_sequence:503 |   Rank 12: 59                   | Prob: 0.000015 | ID: 4156
2025-10-09 04:01:24 | DEBUG    | generate_patient_sequence:503 |   Rank 13:  WHITE               | Prob: 0.000014 | ID: 38503
2025-10-09 04:01:24 | DEBUG    | generate_patient_sequence:503 |   Rank 14: 409                  | Prob: 0.000012 | ID: 34295
2025-10-09 04:01:24 | DEBUG    | generate_patient_sequence:503 |   Rank 15: 349                  | Prob: 0.000012 | ID: 27758
2025-10-09 04:01:24 | DEBUG    | generate_patient_sequence:503 |   Rank 16: 359                  | Prob: 0.000012 | ID: 34414
2025-10-09 04:01:24 | DEBUG    | generate_patient_sequence:503 |   Rank 17: 37                   | Prob: 0.000011 | ID: 3272
2025-10-09 04:01:24 | DEBUG    | generate_patient_sequence:503 |   Rank 18: 35                   | Prob: 0.000010 | ID: 2022
2025-10-09 04:01:24 | DEBUG    | generate_patient_sequence:503 |   Rank 19:  348                 | Prob: 0.000009 | ID: 41097
2025-10-09 04:01:24 | DEBUG    | generate_patient_sequence:503 |   Rank 20: 306                  | Prob: 0.000009 | ID: 32230
2025-10-09 04:01:24 | INFO     | generate_patient_sequence:507 | Starting generation with temp=1.5, top_k=100, max_length=256
2025-10-09 04:01:25 | DEBUG    | generate_patient_sequence:520 | Generated token IDs: [2, 0, 3367, 34101, 256, 28696, 12789, 139, 15698, 2, 50265, 34101, 256, 41552, 12789, 139, 48691, 2, 2, 2, 574, 2, 2, 17655, 256, 15698, 2, 2, 50266, 15698, 2, 50266, 2, 50267]
2025-10-09 04:01:25 | DEBUG    | generate_patient_sequence:521 | Generated length: 34 tokens
2025-10-09 04:01:25 | INFO     | generate_patient_sequence:529 | Generated token counts - <v>: 1, <\v>: 2, <END>: 1
2025-10-09 04:01:25 | DEBUG    | generate_patient_sequence:537 | Raw generated sequence: </s><s>36 BLACK M <demo></s> <v>  BLACK M<demo>.</s></s></s>L</s></s>320 M></s></s> <\v> ></s> <\v> </s> <END>
2025-10-09 04:01:25 | INFO     | generate_patient_sequence:540 | Generated sequence (clean): 36 BLACK M <demo> BLACK M<demo>.L320 M>>
2025-10-09 04:01:25 | INFO     | <module>:663 | 
--- Sample 2/5 ---
2025-10-09 04:01:25 | INFO     | generate_patient_sequence:443 | Generating sequence for prompt: '87 UNABLE TO OBTAIN M <demo>'
2025-10-09 04:01:25 | DEBUG    | generate_patient_sequence:447 | Prompt token IDs: [0, 5677, 121, 4444, 30876, 3842, 28214, 23177, 256, 28696, 12789, 139, 15698, 2]
2025-10-09 04:01:25 | DEBUG    | generate_patient_sequence:448 | Prompt tokens: ['<s>', '87', ' U', 'NA', 'BLE', ' TO', ' OB', 'TAIN', ' M', ' <', 'dem', 'o', '>', '</s>']
2025-10-09 04:01:25 | DEBUG    | generate_patient_sequence:457 | Special token IDs - <v>: 50265, <\v>: 50266, <END>: 50267, PAD: 1, EOS: 2
2025-10-09 04:01:25 | DEBUG    | generate_patient_sequence:464 | Initial decoder input (with forced <v>): [0, 5677, 121, 4444, 30876, 3842, 28214, 23177, 256, 28696, 12789, 139, 15698, 2, 50265]
2025-10-09 04:01:25 | DEBUG    | generate_patient_sequence:478 | After prompt, probability of <v>: 0.002030
2025-10-09 04:01:25 | DEBUG    | generate_patient_sequence:479 | After prompt, probability of <END>: 0.004449
2025-10-09 04:01:25 | DEBUG    | generate_patient_sequence:480 | After prompt, probability of PAD: 0.000000
2025-10-09 04:01:25 | DEBUG    | generate_patient_sequence:481 | After prompt, probability of EOS: 0.677221
2025-10-09 04:01:25 | DEBUG    | generate_patient_sequence:485 | Top 20 next token predictions after prompt:
2025-10-09 04:01:25 | DEBUG    | generate_patient_sequence:503 |   Rank 1: <EOS>                | Prob: 0.677221 | ID: 2
2025-10-09 04:01:25 | DEBUG    | generate_patient_sequence:503 |   Rank 2: dem                  | Prob: 0.281328 | ID: 12789
2025-10-09 04:01:25 | DEBUG    | generate_patient_sequence:503 |   Rank 3: <\v>                 | Prob: 0.004821 | ID: 50266
2025-10-09 04:01:25 | DEBUG    | generate_patient_sequence:503 |   Rank 4: <END>                | Prob: 0.004449 | ID: 50267
2025-10-09 04:01:25 | DEBUG    | generate_patient_sequence:503 |   Rank 5: 87                   | Prob: 0.002543 | ID: 5677
2025-10-09 04:01:25 | DEBUG    | generate_patient_sequence:503 |   Rank 6: 440                  | Prob: 0.002400 | ID: 26634
2025-10-09 04:01:25 | DEBUG    | generate_patient_sequence:503 |   Rank 7: <v>                  | Prob: 0.002030 | ID: 50265
2025-10-09 04:01:25 | DEBUG    | generate_patient_sequence:503 |   Rank 8: 441                  | Prob: 0.000668 | ID: 36011
2025-10-09 04:01:25 | DEBUG    | generate_patient_sequence:503 |   Rank 9: 290                  | Prob: 0.000638 | ID: 24675
2025-10-09 04:01:25 | DEBUG    | generate_patient_sequence:503 |   Rank 10: L                    | Prob: 0.000476 | ID: 574
2025-10-09 04:01:25 | DEBUG    | generate_patient_sequence:503 |   Rank 11: 320                  | Prob: 0.000410 | ID: 17655
2025-10-09 04:01:25 | DEBUG    | generate_patient_sequence:503 |   Rank 12: 186                  | Prob: 0.000372 | ID: 29024
2025-10-09 04:01:25 | DEBUG    | generate_patient_sequence:503 |   Rank 13: 280                  | Prob: 0.000361 | ID: 21070
2025-10-09 04:01:25 | DEBUG    | generate_patient_sequence:503 |   Rank 14: 170                  | Prob: 0.000360 | ID: 16218
2025-10-09 04:01:25 | DEBUG    | generate_patient_sequence:503 |   Rank 15: 390                  | Prob: 0.000359 | ID: 27873
2025-10-09 04:01:25 | DEBUG    | generate_patient_sequence:503 |   Rank 16: KNOWN                | Prob: 0.000351 | ID: 47300
2025-10-09 04:01:25 | DEBUG    | generate_patient_sequence:503 |   Rank 17: 242                  | Prob: 0.000346 | ID: 28698
2025-10-09 04:01:25 | DEBUG    | generate_patient_sequence:503 |   Rank 18: 88                   | Prob: 0.000345 | ID: 4652
2025-10-09 04:01:25 | DEBUG    | generate_patient_sequence:503 |   Rank 19: 589                  | Prob: 0.000336 | ID: 40017
2025-10-09 04:01:25 | DEBUG    | generate_patient_sequence:503 |   Rank 20: LD                   | Prob: 0.000311 | ID: 18048
2025-10-09 04:01:25 | INFO     | generate_patient_sequence:507 | Starting generation with temp=1.5, top_k=100, max_length=256
2025-10-09 04:01:25 | DEBUG    | generate_patient_sequence:520 | Generated token IDs: [2, 0, 5677, 121, 4444, 30876, 3842, 28214, 23177, 256, 28696, 12789, 139, 15698, 2, 50265, 2, 2, 2, 5677, 121, 47300, 15698, 2, 2, 50266, 256, 28696, 24658, 139, 15698, 1437, 50267]
2025-10-09 04:01:25 | DEBUG    | generate_patient_sequence:521 | Generated length: 33 tokens
2025-10-09 04:01:25 | INFO     | generate_patient_sequence:529 | Generated token counts - <v>: 1, <\v>: 1, <END>: 1
2025-10-09 04:01:25 | DEBUG    | generate_patient_sequence:537 | Raw generated sequence: </s><s>87 UNABLE TO OBTAIN M <demo></s> <v> </s></s></s>87 UKNOWN></s></s> <\v>  M <Demo>  <END>
2025-10-09 04:01:25 | INFO     | generate_patient_sequence:540 | Generated sequence (clean): 87 UNABLE TO OBTAIN M <demo>87 UKNOWN> M <Demo> 
2025-10-09 04:01:25 | INFO     | <module>:663 | 
--- Sample 3/5 ---
2025-10-09 04:01:25 | INFO     | generate_patient_sequence:443 | Generating sequence for prompt: '74 WHITE M <demo>'
2025-10-09 04:01:25 | DEBUG    | generate_patient_sequence:447 | Prompt token IDs: [0, 5243, 38503, 256, 28696, 12789, 139, 15698, 2]
2025-10-09 04:01:25 | DEBUG    | generate_patient_sequence:448 | Prompt tokens: ['<s>', '74', ' WHITE', ' M', ' <', 'dem', 'o', '>', '</s>']
2025-10-09 04:01:25 | DEBUG    | generate_patient_sequence:457 | Special token IDs - <v>: 50265, <\v>: 50266, <END>: 50267, PAD: 1, EOS: 2
2025-10-09 04:01:25 | DEBUG    | generate_patient_sequence:464 | Initial decoder input (with forced <v>): [0, 5243, 38503, 256, 28696, 12789, 139, 15698, 2, 50265]
2025-10-09 04:01:25 | DEBUG    | generate_patient_sequence:478 | After prompt, probability of <v>: 0.000000
2025-10-09 04:01:25 | DEBUG    | generate_patient_sequence:479 | After prompt, probability of <END>: 0.000000
2025-10-09 04:01:25 | DEBUG    | generate_patient_sequence:480 | After prompt, probability of PAD: 0.000000
2025-10-09 04:01:25 | DEBUG    | generate_patient_sequence:481 | After prompt, probability of EOS: 0.000008
2025-10-09 04:01:25 | DEBUG    | generate_patient_sequence:485 | Top 20 next token predictions after prompt:
2025-10-09 04:01:25 | DEBUG    | generate_patient_sequence:503 |   Rank 1: 74                   | Prob: 0.999965 | ID: 5243
2025-10-09 04:01:25 | DEBUG    | generate_patient_sequence:503 |   Rank 2: <EOS>                | Prob: 0.000008 | ID: 2
2025-10-09 04:01:25 | DEBUG    | generate_patient_sequence:503 |   Rank 3: 73                   | Prob: 0.000007 | ID: 5352
2025-10-09 04:01:25 | DEBUG    | generate_patient_sequence:503 |   Rank 4:  74                  | Prob: 0.000006 | ID: 6657
2025-10-09 04:01:25 | DEBUG    | generate_patient_sequence:503 |   Rank 5: 34                   | Prob: 0.000001 | ID: 3079
2025-10-09 04:01:25 | DEBUG    | generate_patient_sequence:503 |   Rank 6: 49                   | Prob: 0.000001 | ID: 3414
2025-10-09 04:01:25 | DEBUG    | generate_patient_sequence:503 |   Rank 7: 686                  | Prob: 0.000001 | ID: 37289
2025-10-09 04:01:25 | DEBUG    | generate_patient_sequence:503 |   Rank 8: 299                  | Prob: 0.000000 | ID: 23942
2025-10-09 04:01:25 | DEBUG    | generate_patient_sequence:503 |   Rank 9: 37                   | Prob: 0.000000 | ID: 3272
2025-10-09 04:01:25 | DEBUG    | generate_patient_sequence:503 |   Rank 10: 174                  | Prob: 0.000000 | ID: 29221
2025-10-09 04:01:25 | DEBUG    | generate_patient_sequence:503 |   Rank 11: 22                   | Prob: 0.000000 | ID: 2036
2025-10-09 04:01:25 | DEBUG    | generate_patient_sequence:503 |   Rank 12: 65                   | Prob: 0.000000 | ID: 3506
2025-10-09 04:01:25 | DEBUG    | generate_patient_sequence:503 |   Rank 13: 59                   | Prob: 0.000000 | ID: 4156
2025-10-09 04:01:25 | DEBUG    | generate_patient_sequence:503 |   Rank 14: 239                  | Prob: 0.000000 | ID: 29561
2025-10-09 04:01:25 | DEBUG    | generate_patient_sequence:503 |   Rank 15: 374                  | Prob: 0.000000 | ID: 35208
2025-10-09 04:01:25 | DEBUG    | generate_patient_sequence:503 |   Rank 16: 39                   | Prob: 0.000000 | ID: 3416
2025-10-09 04:01:25 | DEBUG    | generate_patient_sequence:503 |   Rank 17: 754                  | Prob: 0.000000 | ID: 39382
2025-10-09 04:01:25 | DEBUG    | generate_patient_sequence:503 |   Rank 18: dem                  | Prob: 0.000000 | ID: 12789
2025-10-09 04:01:25 | DEBUG    | generate_patient_sequence:503 |   Rank 19: 72                   | Prob: 0.000000 | ID: 4956
2025-10-09 04:01:25 | DEBUG    | generate_patient_sequence:503 |   Rank 20: 47                   | Prob: 0.000000 | ID: 3706
2025-10-09 04:01:25 | INFO     | generate_patient_sequence:507 | Starting generation with temp=1.5, top_k=100, max_length=256
2025-10-09 04:01:25 | DEBUG    | generate_patient_sequence:520 | Generated token IDs: [2, 0, 5243, 38503, 256, 28696, 12789, 139, 15698, 2, 50265, 2, 5243, 38503, 448, 28696, 12789, 366, 15698, 2, 2, 2, 50267]
2025-10-09 04:01:25 | DEBUG    | generate_patient_sequence:521 | Generated length: 23 tokens
2025-10-09 04:01:25 | INFO     | generate_patient_sequence:529 | Generated token counts - <v>: 1, <\v>: 0, <END>: 1
2025-10-09 04:01:25 | DEBUG    | generate_patient_sequence:537 | Raw generated sequence: </s><s>74 WHITE M <demo></s> <v> </s>74 WHITEM <demos></s></s></s> <END>
2025-10-09 04:01:25 | INFO     | generate_patient_sequence:540 | Generated sequence (clean): 74 WHITE M <demo>74 WHITEM <demos>
2025-10-09 04:01:25 | INFO     | <module>:663 | 
--- Sample 4/5 ---
2025-10-09 04:01:25 | INFO     | generate_patient_sequence:443 | Generating sequence for prompt: '61 BLACK M <demo>'
2025-10-09 04:01:25 | DEBUG    | generate_patient_sequence:447 | Prompt token IDs: [0, 5606, 34101, 256, 28696, 12789, 139, 15698, 2]
2025-10-09 04:01:25 | DEBUG    | generate_patient_sequence:448 | Prompt tokens: ['<s>', '61', ' BLACK', ' M', ' <', 'dem', 'o', '>', '</s>']
2025-10-09 04:01:25 | DEBUG    | generate_patient_sequence:457 | Special token IDs - <v>: 50265, <\v>: 50266, <END>: 50267, PAD: 1, EOS: 2
2025-10-09 04:01:25 | DEBUG    | generate_patient_sequence:464 | Initial decoder input (with forced <v>): [0, 5606, 34101, 256, 28696, 12789, 139, 15698, 2, 50265]
2025-10-09 04:01:25 | DEBUG    | generate_patient_sequence:478 | After prompt, probability of <v>: 0.000000
2025-10-09 04:01:25 | DEBUG    | generate_patient_sequence:479 | After prompt, probability of <END>: 0.000000
2025-10-09 04:01:25 | DEBUG    | generate_patient_sequence:480 | After prompt, probability of PAD: 0.000000
2025-10-09 04:01:25 | DEBUG    | generate_patient_sequence:481 | After prompt, probability of EOS: 0.000115
2025-10-09 04:01:25 | DEBUG    | generate_patient_sequence:485 | Top 20 next token predictions after prompt:
2025-10-09 04:01:25 | DEBUG    | generate_patient_sequence:503 |   Rank 1: 61                   | Prob: 0.999462 | ID: 5606
2025-10-09 04:01:25 | DEBUG    | generate_patient_sequence:503 |   Rank 2:  1961                | Prob: 0.000239 | ID: 20990
2025-10-09 04:01:25 | DEBUG    | generate_patient_sequence:503 |   Rank 3: <EOS>                | Prob: 0.000115 | ID: 2
2025-10-09 04:01:25 | DEBUG    | generate_patient_sequence:503 |   Rank 4: 41                   | Prob: 0.000054 | ID: 4006
2025-10-09 04:01:25 | DEBUG    | generate_patient_sequence:503 |   Rank 5: 604                  | Prob: 0.000014 | ID: 33287
2025-10-09 04:01:25 | DEBUG    | generate_patient_sequence:503 |   Rank 6: 681                  | Prob: 0.000009 | ID: 38149
2025-10-09 04:01:25 | DEBUG    | generate_patient_sequence:503 |   Rank 7: 59                   | Prob: 0.000008 | ID: 4156
2025-10-09 04:01:25 | DEBUG    | generate_patient_sequence:503 |   Rank 8: 281                  | Prob: 0.000008 | ID: 32071
2025-10-09 04:01:25 | DEBUG    | generate_patient_sequence:503 |   Rank 9:  61                  | Prob: 0.000005 | ID: 5659
2025-10-09 04:01:25 | DEBUG    | generate_patient_sequence:503 |   Rank 10: 31                   | Prob: 0.000005 | ID: 2983
2025-10-09 04:01:25 | DEBUG    | generate_patient_sequence:503 |   Rank 11: 60                   | Prob: 0.000004 | ID: 2466
2025-10-09 04:01:25 | DEBUG    | generate_patient_sequence:503 |   Rank 12: 81                   | Prob: 0.000004 | ID: 6668
2025-10-09 04:01:25 | DEBUG    | generate_patient_sequence:503 |   Rank 13: 56                   | Prob: 0.000003 | ID: 4419
2025-10-09 04:01:25 | DEBUG    | generate_patient_sequence:503 |   Rank 14: 58                   | Prob: 0.000003 | ID: 4432
2025-10-09 04:01:25 | DEBUG    | generate_patient_sequence:503 |   Rank 15: 63                   | Prob: 0.000003 | ID: 5449
2025-10-09 04:01:25 | DEBUG    | generate_patient_sequence:503 |   Rank 16: 121                  | Prob: 0.000003 | ID: 22388
2025-10-09 04:01:25 | DEBUG    | generate_patient_sequence:503 |   Rank 17: 271                  | Prob: 0.000003 | ID: 32145
2025-10-09 04:01:25 | DEBUG    | generate_patient_sequence:503 |   Rank 18: 66                   | Prob: 0.000002 | ID: 4280
2025-10-09 04:01:25 | DEBUG    | generate_patient_sequence:503 |   Rank 19: 101                  | Prob: 0.000002 | ID: 12636
2025-10-09 04:01:25 | DEBUG    | generate_patient_sequence:503 |   Rank 20: 51                   | Prob: 0.000002 | ID: 4708
2025-10-09 04:01:25 | INFO     | generate_patient_sequence:507 | Starting generation with temp=1.5, top_k=100, max_length=256
2025-10-09 04:01:25 | DEBUG    | generate_patient_sequence:520 | Generated token IDs: [2, 0, 5606, 34101, 256, 28696, 12789, 139, 15698, 2, 50265, 34101, 256, 41552, 12789, 139, 48691, 2, 2, 2, 50266, 15698, 2, 2, 50267]
2025-10-09 04:01:25 | DEBUG    | generate_patient_sequence:521 | Generated length: 25 tokens
2025-10-09 04:01:25 | INFO     | generate_patient_sequence:529 | Generated token counts - <v>: 1, <\v>: 1, <END>: 1
2025-10-09 04:01:25 | DEBUG    | generate_patient_sequence:537 | Raw generated sequence: </s><s>61 BLACK M <demo></s> <v>  BLACK M<demo>.</s></s></s> <\v> ></s></s> <END>
2025-10-09 04:01:25 | INFO     | generate_patient_sequence:540 | Generated sequence (clean): 61 BLACK M <demo> BLACK M<demo>.>
2025-10-09 04:01:25 | INFO     | <module>:663 | 
--- Sample 5/5 ---
2025-10-09 04:01:25 | INFO     | generate_patient_sequence:443 | Generating sequence for prompt: '81 ASIAN M <demo>'
2025-10-09 04:01:25 | DEBUG    | generate_patient_sequence:447 | Prompt token IDs: [0, 6668, 6015, 10296, 256, 28696, 12789, 139, 15698, 2]
2025-10-09 04:01:25 | DEBUG    | generate_patient_sequence:448 | Prompt tokens: ['<s>', '81', ' AS', 'IAN', ' M', ' <', 'dem', 'o', '>', '</s>']
2025-10-09 04:01:25 | DEBUG    | generate_patient_sequence:457 | Special token IDs - <v>: 50265, <\v>: 50266, <END>: 50267, PAD: 1, EOS: 2
2025-10-09 04:01:25 | DEBUG    | generate_patient_sequence:464 | Initial decoder input (with forced <v>): [0, 6668, 6015, 10296, 256, 28696, 12789, 139, 15698, 2, 50265]
2025-10-09 04:01:25 | DEBUG    | generate_patient_sequence:478 | After prompt, probability of <v>: 0.000000
2025-10-09 04:01:25 | DEBUG    | generate_patient_sequence:479 | After prompt, probability of <END>: 0.000000
2025-10-09 04:01:25 | DEBUG    | generate_patient_sequence:480 | After prompt, probability of PAD: 0.000000
2025-10-09 04:01:25 | DEBUG    | generate_patient_sequence:481 | After prompt, probability of EOS: 0.000169
2025-10-09 04:01:25 | DEBUG    | generate_patient_sequence:485 | Top 20 next token predictions after prompt:
2025-10-09 04:01:25 | DEBUG    | generate_patient_sequence:503 |   Rank 1: 81                   | Prob: 0.999626 | ID: 6668
2025-10-09 04:01:25 | DEBUG    | generate_patient_sequence:503 |   Rank 2: <EOS>                | Prob: 0.000169 | ID: 2
2025-10-09 04:01:25 | DEBUG    | generate_patient_sequence:503 |   Rank 3: 291                  | Prob: 0.000027 | ID: 33657
2025-10-09 04:01:25 | DEBUG    | generate_patient_sequence:503 |   Rank 4: 121                  | Prob: 0.000026 | ID: 22388
2025-10-09 04:01:25 | DEBUG    | generate_patient_sequence:503 |   Rank 5: 191                  | Prob: 0.000021 | ID: 31080
2025-10-09 04:01:25 | DEBUG    | generate_patient_sequence:503 |   Rank 6: 171                  | Prob: 0.000020 | ID: 29572
2025-10-09 04:01:25 | DEBUG    | generate_patient_sequence:503 |   Rank 7: 111                  | Prob: 0.000017 | ID: 17500
2025-10-09 04:01:25 | DEBUG    | generate_patient_sequence:503 |   Rank 8: 443                  | Prob: 0.000012 | ID: 35741
2025-10-09 04:01:25 | DEBUG    | generate_patient_sequence:503 |   Rank 9: 781                  | Prob: 0.000007 | ID: 40149
2025-10-09 04:01:25 | DEBUG    | generate_patient_sequence:503 |   Rank 10: 281                  | Prob: 0.000007 | ID: 32071
2025-10-09 04:01:25 | DEBUG    | generate_patient_sequence:503 |   Rank 11: 41                   | Prob: 0.000007 | ID: 4006
2025-10-09 04:01:25 | DEBUG    | generate_patient_sequence:503 |   Rank 12: 31                   | Prob: 0.000005 | ID: 2983
2025-10-09 04:01:25 | DEBUG    | generate_patient_sequence:503 |   Rank 13: 341                  | Prob: 0.000003 | ID: 34801
2025-10-09 04:01:25 | DEBUG    | generate_patient_sequence:503 |   Rank 14: 82                   | Prob: 0.000003 | ID: 6551
2025-10-09 04:01:25 | DEBUG    | generate_patient_sequence:503 |   Rank 15: 73                   | Prob: 0.000003 | ID: 5352
2025-10-09 04:01:25 | DEBUG    | generate_patient_sequence:503 |   Rank 16:  81                  | Prob: 0.000003 | ID: 7694
2025-10-09 04:01:25 | DEBUG    | generate_patient_sequence:503 |   Rank 17: 441                  | Prob: 0.000002 | ID: 36011
2025-10-09 04:01:25 | DEBUG    | generate_patient_sequence:503 |   Rank 18: 91                   | Prob: 0.000002 | ID: 6468
2025-10-09 04:01:25 | DEBUG    | generate_patient_sequence:503 |   Rank 19:  OTHER               | Prob: 0.000002 | ID: 16536
2025-10-09 04:01:25 | DEBUG    | generate_patient_sequence:503 |   Rank 20: 246                  | Prob: 0.000002 | ID: 30676
2025-10-09 04:01:25 | INFO     | generate_patient_sequence:507 | Starting generation with temp=1.5, top_k=100, max_length=256
2025-10-09 04:01:25 | DEBUG    | generate_patient_sequence:520 | Generated token IDs: [2, 0, 6668, 6015, 10296, 256, 28696, 12789, 139, 15698, 2, 50265, 15698, 2, 2, 2, 50267]
2025-10-09 04:01:25 | DEBUG    | generate_patient_sequence:521 | Generated length: 17 tokens
2025-10-09 04:01:25 | INFO     | generate_patient_sequence:529 | Generated token counts - <v>: 1, <\v>: 0, <END>: 1
2025-10-09 04:01:25 | DEBUG    | generate_patient_sequence:537 | Raw generated sequence: </s><s>81 ASIAN M <demo></s> <v> ></s></s></s> <END>
2025-10-09 04:01:25 | INFO     | generate_patient_sequence:540 | Generated sequence (clean): 81 ASIAN M <demo>>
2025-10-09 04:01:25 | INFO     | <module>:677 | === Training and generation complete ===
