2025-10-09 03:59:31 | INFO     | <module>:562 | === EHR Generation Training Started ===
2025-10-09 03:59:31 | INFO     | <module>:583 | Configuration: {'model_name': 'facebook/bart-base', 'num_patients': 3000, 'max_seq_length': 256, 'batch_size': 16, 'num_epochs': 30, 'learning_rate': 5e-05, 'generation_temp': 1.0, 'generation_max_length': 256, 'num_warmup_steps': 0, 'top_k': 100, 'data_dir': 'data_files', 'mimic_paths': {'patients_path': 'data_files/PATIENTS.csv', 'admissions_path': 'data_files/ADMISSIONS.csv', 'diagnoses_path': 'data_files/DIAGNOSES_ICD.csv'}}
2025-10-09 03:59:31 | INFO     | <module>:587 | Using device: cuda
2025-10-09 03:59:31 | INFO     | <module>:590 | Loading pretrained BART model: facebook/bart-base
2025-10-09 03:59:32 | INFO     | <module>:599 | Added 3 special tokens: <v>, <\v>, <END>
2025-10-09 03:59:32 | INFO     | <module>:603 | Resized model embeddings to 50268 tokens
2025-10-09 03:59:32 | DEBUG    | <module>:606 | Token ID for <v>: 50265
2025-10-09 03:59:32 | DEBUG    | <module>:607 | Token ID for <\v>: 50266
2025-10-09 03:59:32 | DEBUG    | <module>:608 | Token ID for <END>: 50267
2025-10-09 03:59:32 | INFO     | load_and_format_mimic_data:147 | Loading MIMIC-III data files
2025-10-09 03:59:32 | DEBUG    | load_and_format_mimic_data:148 | Patients: data_files/PATIENTS.csv
2025-10-09 03:59:32 | DEBUG    | load_and_format_mimic_data:149 | Admissions: data_files/ADMISSIONS.csv
2025-10-09 03:59:32 | DEBUG    | load_and_format_mimic_data:150 | Diagnoses: data_files/DIAGNOSES_ICD.csv
2025-10-09 03:59:32 | INFO     | load_and_format_mimic_data:155 | Loaded 46520 patients
2025-10-09 03:59:32 | INFO     | load_and_format_mimic_data:158 | Loaded 58976 admissions
2025-10-09 03:59:33 | INFO     | load_and_format_mimic_data:161 | Loaded 651047 diagnosis records
2025-10-09 03:59:33 | INFO     | load_and_format_mimic_data:219 | Data processing complete. Formatting sequences...
2025-10-09 03:59:35 | INFO     | load_and_format_mimic_data:258 | Sequence formatting complete. Generated 3000 patient sequences
2025-10-09 03:59:35 | DEBUG    | load_and_format_mimic_data:262 | Sample sequence: 0 ASIAN M <demo> <v> V3001 V053 V290 <\v> <END>...
2025-10-09 03:59:35 | INFO     | load_and_format_mimic_data:267 | Average visits per patient: 1.27
2025-10-09 03:59:35 | INFO     | load_and_format_mimic_data:268 | Average tokens per sequence: 19.69
2025-10-09 03:59:35 | INFO     | <module>:622 | Sample patient sequences:
2025-10-09 03:59:35 | INFO     | <module>:624 | Sample 1: 0 WHITE F <demo> <v> V3000 7750 <\v> <END>...
2025-10-09 03:59:35 | INFO     | <module>:624 | Sample 2: 76 WHITE F <demo> <v> 431 E9102 34290 486 2765 4271 4019 2809 27541 <\v> <END>...
2025-10-09 03:59:35 | INFO     | <module>:624 | Sample 3: 0 WHITE M <demo> <v> V3000 V502 V053 V290 <\v> <END>...
2025-10-09 03:59:35 | INFO     | <module>:624 | Sample 4: 90 WHITE F <demo> <v> 81220 85201 85221 E8809 87342 4019 2720 4389 <\v> <END>...
2025-10-09 03:59:35 | INFO     | <module>:624 | Sample 5: 44 WHITE F <demo> <v> 486 2851 20190 7847 V103 79092 2449 V5861 <\v> <END>...
2025-10-09 03:59:35 | DEBUG    | __init__:294 | First sequence length: 24 tokens
2025-10-09 03:59:35 | DEBUG    | __init__:295 | Pad token ID: 1
2025-10-09 03:59:35 | INFO     | <module>:628 | Created dataset with 3000 samples, 188 batches
2025-10-09 03:59:35 | INFO     | <module>:639 | Optimizer: AdamW with lr=5e-05
2025-10-09 03:59:35 | INFO     | <module>:640 | Scheduler: linear with 0 warmup steps
2025-10-09 03:59:36 | INFO     | train_model:351 | Starting model training for 30 epochs
2025-10-09 03:59:36 | INFO     | train_model:352 | Training steps: 5640
2025-10-09 03:59:36 | INFO     | train_model:353 | Device: cuda
2025-10-09 03:59:36 | DEBUG    | train_model:372 | First batch input_ids shape: torch.Size([16, 256])
2025-10-09 03:59:36 | DEBUG    | train_model:373 | First batch labels shape: torch.Size([16, 256])
2025-10-09 03:59:36 | DEBUG    | train_model:374 | First batch attention_mask shape: torch.Size([16, 256])
2025-10-09 03:59:36 | DEBUG    | train_model:375 | Initial loss: 2.3266
2025-10-09 03:59:36 | DEBUG    | train_model:382 | Special tokens in first batch: {'pad': 3241, 'masked_labels': 3241}
2025-10-09 04:00:22 | INFO     | train_model:401 | Epoch 1/30 completed | Avg Loss: 0.6562
2025-10-09 04:01:09 | INFO     | train_model:401 | Epoch 2/30 completed | Avg Loss: 0.1204
2025-10-09 04:01:55 | INFO     | train_model:401 | Epoch 3/30 completed | Avg Loss: 0.0380
2025-10-09 04:02:42 | INFO     | train_model:401 | Epoch 4/30 completed | Avg Loss: 0.0194
2025-10-09 04:03:29 | INFO     | train_model:401 | Epoch 5/30 completed | Avg Loss: 0.0227
2025-10-09 04:04:15 | INFO     | train_model:401 | Epoch 6/30 completed | Avg Loss: 0.0144
2025-10-09 04:05:02 | INFO     | train_model:401 | Epoch 7/30 completed | Avg Loss: 0.0094
2025-10-09 04:05:48 | INFO     | train_model:401 | Epoch 8/30 completed | Avg Loss: 0.0104
2025-10-09 04:06:35 | INFO     | train_model:401 | Epoch 9/30 completed | Avg Loss: 0.0122
2025-10-09 04:07:21 | INFO     | train_model:401 | Epoch 10/30 completed | Avg Loss: 0.0095
2025-10-09 04:08:08 | INFO     | train_model:401 | Epoch 11/30 completed | Avg Loss: 0.0067
2025-10-09 04:08:54 | INFO     | train_model:401 | Epoch 12/30 completed | Avg Loss: 0.0060
2025-10-09 04:09:41 | INFO     | train_model:401 | Epoch 13/30 completed | Avg Loss: 0.0053
2025-10-09 04:10:27 | INFO     | train_model:401 | Epoch 14/30 completed | Avg Loss: 0.0042
2025-10-09 04:11:14 | INFO     | train_model:401 | Epoch 15/30 completed | Avg Loss: 0.0041
2025-10-09 04:12:00 | INFO     | train_model:401 | Epoch 16/30 completed | Avg Loss: 0.0039
2025-10-09 04:12:47 | INFO     | train_model:401 | Epoch 17/30 completed | Avg Loss: 0.0034
2025-10-09 04:13:33 | INFO     | train_model:401 | Epoch 18/30 completed | Avg Loss: 0.0054
2025-10-09 04:14:20 | INFO     | train_model:401 | Epoch 19/30 completed | Avg Loss: 0.0026
2025-10-09 04:15:06 | INFO     | train_model:401 | Epoch 20/30 completed | Avg Loss: 0.0026
2025-10-09 04:15:53 | INFO     | train_model:401 | Epoch 21/30 completed | Avg Loss: 0.0024
2025-10-09 04:16:39 | INFO     | train_model:401 | Epoch 22/30 completed | Avg Loss: 0.0030
2025-10-09 04:17:26 | INFO     | train_model:401 | Epoch 23/30 completed | Avg Loss: 0.0025
2025-10-09 04:18:13 | INFO     | train_model:401 | Epoch 24/30 completed | Avg Loss: 0.0018
2025-10-09 04:18:59 | INFO     | train_model:401 | Epoch 25/30 completed | Avg Loss: 0.0019
2025-10-09 04:19:46 | INFO     | train_model:401 | Epoch 26/30 completed | Avg Loss: 0.0021
2025-10-09 04:20:32 | INFO     | train_model:401 | Epoch 27/30 completed | Avg Loss: 0.0012
2025-10-09 04:21:19 | INFO     | train_model:401 | Epoch 28/30 completed | Avg Loss: 0.0014
2025-10-09 04:22:05 | INFO     | train_model:401 | Epoch 29/30 completed | Avg Loss: 0.0016
2025-10-09 04:22:52 | INFO     | train_model:401 | Epoch 30/30 completed | Avg Loss: 0.0012
2025-10-09 04:22:52 | INFO     | train_model:403 | Training complete
2025-10-09 04:22:52 | INFO     | train_model:404 | Final average loss: 0.0012
2025-10-09 04:22:52 | DEBUG    | train_model:405 | Loss history: [0.6561746294907433, 0.12040748520496677, 0.03796631709345557, 0.01936273258848195, 0.02265127677782538, 0.01443254138823559, 0.009434756276722838, 0.010424562643202854, 0.012197683143313043, 0.00952134038225074, 0.006668371663297566, 0.006030333738190746, 0.005327416448284218, 0.0041705278481265155, 0.004147764656350928, 0.0038931709749839625, 0.003448019978795275, 0.005360590948065634, 0.002578220861091432, 0.0025825437469973894, 0.002413823072005316, 0.003022689309294405, 0.0024527989633962204, 0.0017761021335900296, 0.001937087511868548, 0.0020740546360104146, 0.0012340776404326267, 0.001367701302598939, 0.0015711183547496826, 0.001158237513702764]
2025-10-09 04:22:52 | INFO     | <module>:654 | === Generating synthetic patient data ===
2025-10-09 04:22:52 | INFO     | <module>:663 | 
--- Sample 1/5 ---
2025-10-09 04:22:52 | INFO     | generate_patient_sequence:443 | Generating sequence for prompt: '21 HISPANIC OR LATINO M <demo>'
2025-10-09 04:22:52 | DEBUG    | generate_patient_sequence:447 | Prompt token IDs: [0, 2146, 37350, 510, 1889, 2371, 6532, 21455, 30535, 256, 28696, 12789, 139, 15698, 2]
2025-10-09 04:22:52 | DEBUG    | generate_patient_sequence:448 | Prompt tokens: ['<s>', '21', ' HIS', 'P', 'AN', 'IC', ' OR', ' LAT', 'INO', ' M', ' <', 'dem', 'o', '>', '</s>']
2025-10-09 04:22:52 | DEBUG    | generate_patient_sequence:457 | Special token IDs - <v>: 50265, <\v>: 50266, <END>: 50267, PAD: 1, EOS: 2
2025-10-09 04:22:52 | DEBUG    | generate_patient_sequence:464 | Initial decoder input (with forced <v>): [0, 2146, 37350, 510, 1889, 2371, 6532, 21455, 30535, 256, 28696, 12789, 139, 15698, 2, 50265]
2025-10-09 04:22:52 | DEBUG    | generate_patient_sequence:478 | After prompt, probability of <v>: 0.003253
2025-10-09 04:22:52 | DEBUG    | generate_patient_sequence:479 | After prompt, probability of <END>: 0.002134
2025-10-09 04:22:52 | DEBUG    | generate_patient_sequence:480 | After prompt, probability of PAD: 0.000000
2025-10-09 04:22:52 | DEBUG    | generate_patient_sequence:481 | After prompt, probability of EOS: 0.993675
2025-10-09 04:22:52 | DEBUG    | generate_patient_sequence:485 | Top 20 next token predictions after prompt:
2025-10-09 04:22:52 | DEBUG    | generate_patient_sequence:503 |   Rank 1: <EOS>                | Prob: 0.993675 | ID: 2
2025-10-09 04:22:52 | DEBUG    | generate_patient_sequence:503 |   Rank 2: <v>                  | Prob: 0.003253 | ID: 50265
2025-10-09 04:22:52 | DEBUG    | generate_patient_sequence:503 |   Rank 3: <END>                | Prob: 0.002134 | ID: 50267
2025-10-09 04:22:52 | DEBUG    | generate_patient_sequence:503 |   Rank 4: <\v>                 | Prob: 0.000582 | ID: 50266
2025-10-09 04:22:52 | DEBUG    | generate_patient_sequence:503 |   Rank 5: dem                  | Prob: 0.000078 | ID: 12789
2025-10-09 04:22:52 | DEBUG    | generate_patient_sequence:503 |   Rank 6: P                    | Prob: 0.000010 | ID: 510
2025-10-09 04:22:52 | DEBUG    | generate_patient_sequence:503 |   Rank 7: 1                    | Prob: 0.000007 | ID: 134
2025-10-09 04:22:52 | DEBUG    | generate_patient_sequence:503 |   Rank 8: L                    | Prob: 0.000006 | ID: 574
2025-10-09 04:22:52 | DEBUG    | generate_patient_sequence:503 |   Rank 9: o                    | Prob: 0.000005 | ID: 139
2025-10-09 04:22:52 | DEBUG    | generate_patient_sequence:503 |   Rank 10: NOT                  | Prob: 0.000005 | ID: 37049
2025-10-09 04:22:52 | DEBUG    | generate_patient_sequence:503 |   Rank 11: 0                    | Prob: 0.000004 | ID: 288
2025-10-09 04:22:52 | DEBUG    | generate_patient_sequence:503 |   Rank 12: 3                    | Prob: 0.000004 | ID: 246
2025-10-09 04:22:52 | DEBUG    | generate_patient_sequence:503 |   Rank 13: 281                  | Prob: 0.000004 | ID: 32071
2025-10-09 04:22:52 | DEBUG    | generate_patient_sequence:503 |   Rank 14: 121                  | Prob: 0.000004 | ID: 22388
2025-10-09 04:22:52 | DEBUG    | generate_patient_sequence:503 |   Rank 15: 290                  | Prob: 0.000003 | ID: 24675
2025-10-09 04:22:52 | DEBUG    | generate_patient_sequence:503 |   Rank 16: 293                  | Prob: 0.000003 | ID: 32329
2025-10-09 04:22:52 | DEBUG    | generate_patient_sequence:503 |   Rank 17: 790                  | Prob: 0.000002 | ID: 34504
2025-10-09 04:22:52 | DEBUG    | generate_patient_sequence:503 |   Rank 18: 280                  | Prob: 0.000002 | ID: 21070
2025-10-09 04:22:52 | DEBUG    | generate_patient_sequence:503 |   Rank 19: 181                  | Prob: 0.000002 | ID: 30818
2025-10-09 04:22:52 | DEBUG    | generate_patient_sequence:503 |   Rank 20: 559                  | Prob: 0.000002 | ID: 38012
2025-10-09 04:22:52 | INFO     | generate_patient_sequence:507 | Starting generation with temp=1.0, top_k=100, max_length=256
2025-10-09 04:22:52 | DEBUG    | generate_patient_sequence:520 | Generated token IDs: [2, 0, 2146, 37350, 510, 1889, 2371, 6532, 21455, 30535, 256, 28696, 12789, 139, 15698, 2, 50265, 2, 2, 12789, 139, 2, 2, 2, 50266, 2, 2, 50267]
2025-10-09 04:22:52 | DEBUG    | generate_patient_sequence:521 | Generated length: 28 tokens
2025-10-09 04:22:52 | INFO     | generate_patient_sequence:529 | Generated token counts - <v>: 1, <\v>: 1, <END>: 1
2025-10-09 04:22:52 | DEBUG    | generate_patient_sequence:537 | Raw generated sequence: </s><s>21 HISPANIC OR LATINO M <demo></s> <v> </s></s>demo</s></s></s> <\v> </s></s> <END>
2025-10-09 04:22:52 | INFO     | generate_patient_sequence:540 | Generated sequence (clean): 21 HISPANIC OR LATINO M <demo>demo
2025-10-09 04:22:52 | INFO     | <module>:663 | 
--- Sample 2/5 ---
2025-10-09 04:22:52 | INFO     | generate_patient_sequence:443 | Generating sequence for prompt: '63 BLACK F <demo>'
2025-10-09 04:22:52 | DEBUG    | generate_patient_sequence:447 | Prompt token IDs: [0, 5449, 34101, 274, 28696, 12789, 139, 15698, 2]
2025-10-09 04:22:52 | DEBUG    | generate_patient_sequence:448 | Prompt tokens: ['<s>', '63', ' BLACK', ' F', ' <', 'dem', 'o', '>', '</s>']
2025-10-09 04:22:52 | DEBUG    | generate_patient_sequence:457 | Special token IDs - <v>: 50265, <\v>: 50266, <END>: 50267, PAD: 1, EOS: 2
2025-10-09 04:22:52 | DEBUG    | generate_patient_sequence:464 | Initial decoder input (with forced <v>): [0, 5449, 34101, 274, 28696, 12789, 139, 15698, 2, 50265]
2025-10-09 04:22:52 | DEBUG    | generate_patient_sequence:478 | After prompt, probability of <v>: 0.000215
2025-10-09 04:22:52 | DEBUG    | generate_patient_sequence:479 | After prompt, probability of <END>: 0.000090
2025-10-09 04:22:52 | DEBUG    | generate_patient_sequence:480 | After prompt, probability of PAD: 0.000000
2025-10-09 04:22:52 | DEBUG    | generate_patient_sequence:481 | After prompt, probability of EOS: 0.999156
2025-10-09 04:22:52 | DEBUG    | generate_patient_sequence:485 | Top 20 next token predictions after prompt:
2025-10-09 04:22:52 | DEBUG    | generate_patient_sequence:503 |   Rank 1: <EOS>                | Prob: 0.999156 | ID: 2
2025-10-09 04:22:52 | DEBUG    | generate_patient_sequence:503 |   Rank 2: 63                   | Prob: 0.000332 | ID: 5449
2025-10-09 04:22:52 | DEBUG    | generate_patient_sequence:503 |   Rank 3: <v>                  | Prob: 0.000215 | ID: 50265
2025-10-09 04:22:52 | DEBUG    | generate_patient_sequence:503 |   Rank 4: <END>                | Prob: 0.000090 | ID: 50267
2025-10-09 04:22:52 | DEBUG    | generate_patient_sequence:503 |   Rank 5: <\v>                 | Prob: 0.000034 | ID: 50266
2025-10-09 04:22:52 | DEBUG    | generate_patient_sequence:503 |   Rank 6: 73                   | Prob: 0.000010 | ID: 5352
2025-10-09 04:22:52 | DEBUG    | generate_patient_sequence:503 |   Rank 7: 103                  | Prob: 0.000008 | ID: 18159
2025-10-09 04:22:52 | DEBUG    | generate_patient_sequence:503 |   Rank 8: 70                   | Prob: 0.000006 | ID: 3083
2025-10-09 04:22:52 | DEBUG    | generate_patient_sequence:503 |   Rank 9: 93                   | Prob: 0.000005 | ID: 6478
2025-10-09 04:22:52 | DEBUG    | generate_patient_sequence:503 |   Rank 10: 173                  | Prob: 0.000004 | ID: 30664
2025-10-09 04:22:52 | DEBUG    | generate_patient_sequence:503 |   Rank 11: 61                   | Prob: 0.000004 | ID: 5606
2025-10-09 04:22:52 | DEBUG    | generate_patient_sequence:503 |   Rank 12: 43                   | Prob: 0.000004 | ID: 3897
2025-10-09 04:22:52 | DEBUG    | generate_patient_sequence:503 |   Rank 13: 65                   | Prob: 0.000004 | ID: 3506
2025-10-09 04:22:52 | DEBUG    | generate_patient_sequence:503 |   Rank 14: 75                   | Prob: 0.000003 | ID: 2545
2025-10-09 04:22:52 | DEBUG    | generate_patient_sequence:503 |   Rank 15: 153                  | Prob: 0.000003 | ID: 27982
2025-10-09 04:22:52 | DEBUG    | generate_patient_sequence:503 |   Rank 16: 33                   | Prob: 0.000003 | ID: 3103
2025-10-09 04:22:52 | DEBUG    | generate_patient_sequence:503 |   Rank 17: 000                  | Prob: 0.000002 | ID: 151
2025-10-09 04:22:52 | DEBUG    | generate_patient_sequence:503 |   Rank 18: o                    | Prob: 0.000002 | ID: 139
2025-10-09 04:22:52 | DEBUG    | generate_patient_sequence:503 |   Rank 19: 59                   | Prob: 0.000002 | ID: 4156
2025-10-09 04:22:52 | DEBUG    | generate_patient_sequence:503 |   Rank 20: 3                    | Prob: 0.000002 | ID: 246
2025-10-09 04:22:52 | INFO     | generate_patient_sequence:507 | Starting generation with temp=1.0, top_k=100, max_length=256
2025-10-09 04:22:52 | DEBUG    | generate_patient_sequence:520 | Generated token IDs: [2, 0, 5449, 34101, 274, 28696, 12789, 139, 15698, 2, 50265, 2, 2, 50267]
2025-10-09 04:22:52 | DEBUG    | generate_patient_sequence:521 | Generated length: 14 tokens
2025-10-09 04:22:52 | INFO     | generate_patient_sequence:529 | Generated token counts - <v>: 1, <\v>: 0, <END>: 1
2025-10-09 04:22:52 | DEBUG    | generate_patient_sequence:537 | Raw generated sequence: </s><s>63 BLACK F <demo></s> <v> </s></s> <END>
2025-10-09 04:22:52 | INFO     | generate_patient_sequence:540 | Generated sequence (clean): 63 BLACK F <demo>
2025-10-09 04:22:52 | INFO     | <module>:663 | 
--- Sample 3/5 ---
2025-10-09 04:22:52 | INFO     | generate_patient_sequence:443 | Generating sequence for prompt: '59 OTHER M <demo>'
2025-10-09 04:22:52 | DEBUG    | generate_patient_sequence:447 | Prompt token IDs: [0, 4156, 16536, 256, 28696, 12789, 139, 15698, 2]
2025-10-09 04:22:52 | DEBUG    | generate_patient_sequence:448 | Prompt tokens: ['<s>', '59', ' OTHER', ' M', ' <', 'dem', 'o', '>', '</s>']
2025-10-09 04:22:52 | DEBUG    | generate_patient_sequence:457 | Special token IDs - <v>: 50265, <\v>: 50266, <END>: 50267, PAD: 1, EOS: 2
2025-10-09 04:22:52 | DEBUG    | generate_patient_sequence:464 | Initial decoder input (with forced <v>): [0, 4156, 16536, 256, 28696, 12789, 139, 15698, 2, 50265]
2025-10-09 04:22:52 | DEBUG    | generate_patient_sequence:478 | After prompt, probability of <v>: 0.000167
2025-10-09 04:22:52 | DEBUG    | generate_patient_sequence:479 | After prompt, probability of <END>: 0.000073
2025-10-09 04:22:52 | DEBUG    | generate_patient_sequence:480 | After prompt, probability of PAD: 0.000000
2025-10-09 04:22:52 | DEBUG    | generate_patient_sequence:481 | After prompt, probability of EOS: 0.973242
2025-10-09 04:22:52 | DEBUG    | generate_patient_sequence:485 | Top 20 next token predictions after prompt:
2025-10-09 04:22:52 | DEBUG    | generate_patient_sequence:503 |   Rank 1: <EOS>                | Prob: 0.973242 | ID: 2
2025-10-09 04:22:52 | DEBUG    | generate_patient_sequence:503 |   Rank 2: 59                   | Prob: 0.026193 | ID: 4156
2025-10-09 04:22:52 | DEBUG    | generate_patient_sequence:503 |   Rank 3: <v>                  | Prob: 0.000167 | ID: 50265
2025-10-09 04:22:52 | DEBUG    | generate_patient_sequence:503 |   Rank 4: <END>                | Prob: 0.000073 | ID: 50267
2025-10-09 04:22:52 | DEBUG    | generate_patient_sequence:503 |   Rank 5: dem                  | Prob: 0.000032 | ID: 12789
2025-10-09 04:22:52 | DEBUG    | generate_patient_sequence:503 |   Rank 6: <\v>                 | Prob: 0.000032 | ID: 50266
2025-10-09 04:22:52 | DEBUG    | generate_patient_sequence:503 |   Rank 7: 39                   | Prob: 0.000008 | ID: 3416
2025-10-09 04:22:52 | DEBUG    | generate_patient_sequence:503 |   Rank 8: 57                   | Prob: 0.000008 | ID: 4390
2025-10-09 04:22:52 | DEBUG    | generate_patient_sequence:503 |   Rank 9: 89                   | Prob: 0.000007 | ID: 5046
2025-10-09 04:22:52 | DEBUG    | generate_patient_sequence:503 |   Rank 10: 49                   | Prob: 0.000006 | ID: 3414
2025-10-09 04:22:52 | DEBUG    | generate_patient_sequence:503 |   Rank 11: 79                   | Prob: 0.000006 | ID: 5220
2025-10-09 04:22:52 | DEBUG    | generate_patient_sequence:503 |   Rank 12: 559                  | Prob: 0.000005 | ID: 38012
2025-10-09 04:22:52 | DEBUG    | generate_patient_sequence:503 |   Rank 13: 61                   | Prob: 0.000005 | ID: 5606
2025-10-09 04:22:52 | DEBUG    | generate_patient_sequence:503 |   Rank 14: 69                   | Prob: 0.000005 | ID: 4563
2025-10-09 04:22:52 | DEBUG    | generate_patient_sequence:503 |   Rank 15: 55                   | Prob: 0.000005 | ID: 3118
2025-10-09 04:22:52 | DEBUG    | generate_patient_sequence:503 |   Rank 16: 759                  | Prob: 0.000005 | ID: 39055
2025-10-09 04:22:52 | DEBUG    | generate_patient_sequence:503 |   Rank 17: 75                   | Prob: 0.000004 | ID: 2545
2025-10-09 04:22:52 | DEBUG    | generate_patient_sequence:503 |   Rank 18: 99                   | Prob: 0.000004 | ID: 2831
2025-10-09 04:22:52 | DEBUG    | generate_patient_sequence:503 |   Rank 19: 649                  | Prob: 0.000004 | ID: 33787
2025-10-09 04:22:52 | DEBUG    | generate_patient_sequence:503 |   Rank 20: 54                   | Prob: 0.000004 | ID: 4283
2025-10-09 04:22:52 | INFO     | generate_patient_sequence:507 | Starting generation with temp=1.0, top_k=100, max_length=256
2025-10-09 04:22:52 | DEBUG    | generate_patient_sequence:520 | Generated token IDs: [2, 0, 4156, 16536, 256, 28696, 12789, 139, 15698, 2, 50265, 2, 2, 2, 12789, 139, 41552, 12789, 139, 8061, 2, 4156, 16536, 381, 28696, 12789, 1722, 15698, 2, 2, 50266, 2, 2, 50267]
2025-10-09 04:22:52 | DEBUG    | generate_patient_sequence:521 | Generated length: 34 tokens
2025-10-09 04:22:52 | INFO     | generate_patient_sequence:529 | Generated token counts - <v>: 1, <\v>: 1, <END>: 1
2025-10-09 04:22:52 | DEBUG    | generate_patient_sequence:537 | Raw generated sequence: </s><s>59 OTHER M <demo></s> <v> </s></s></s>demo<demo ></s>59 OTHER E <demow></s></s> <\v> </s></s> <END>
2025-10-09 04:22:52 | INFO     | generate_patient_sequence:540 | Generated sequence (clean): 59 OTHER M <demo>demo<demo >59 OTHER E <demow>
2025-10-09 04:22:52 | INFO     | <module>:663 | 
--- Sample 4/5 ---
2025-10-09 04:22:52 | INFO     | generate_patient_sequence:443 | Generating sequence for prompt: '28 UNABLE TO OBTAIN F <demo>'
2025-10-09 04:22:52 | DEBUG    | generate_patient_sequence:447 | Prompt token IDs: [0, 2517, 121, 4444, 30876, 3842, 28214, 23177, 274, 28696, 12789, 139, 15698, 2]
2025-10-09 04:22:52 | DEBUG    | generate_patient_sequence:448 | Prompt tokens: ['<s>', '28', ' U', 'NA', 'BLE', ' TO', ' OB', 'TAIN', ' F', ' <', 'dem', 'o', '>', '</s>']
2025-10-09 04:22:52 | DEBUG    | generate_patient_sequence:457 | Special token IDs - <v>: 50265, <\v>: 50266, <END>: 50267, PAD: 1, EOS: 2
2025-10-09 04:22:52 | DEBUG    | generate_patient_sequence:464 | Initial decoder input (with forced <v>): [0, 2517, 121, 4444, 30876, 3842, 28214, 23177, 274, 28696, 12789, 139, 15698, 2, 50265]
2025-10-09 04:22:52 | DEBUG    | generate_patient_sequence:478 | After prompt, probability of <v>: 0.013253
2025-10-09 04:22:52 | DEBUG    | generate_patient_sequence:479 | After prompt, probability of <END>: 0.005704
2025-10-09 04:22:52 | DEBUG    | generate_patient_sequence:480 | After prompt, probability of PAD: 0.000000
2025-10-09 04:22:52 | DEBUG    | generate_patient_sequence:481 | After prompt, probability of EOS: 0.973020
2025-10-09 04:22:52 | DEBUG    | generate_patient_sequence:485 | Top 20 next token predictions after prompt:
2025-10-09 04:22:52 | DEBUG    | generate_patient_sequence:503 |   Rank 1: <EOS>                | Prob: 0.973020 | ID: 2
2025-10-09 04:22:52 | DEBUG    | generate_patient_sequence:503 |   Rank 2: <v>                  | Prob: 0.013253 | ID: 50265
2025-10-09 04:22:52 | DEBUG    | generate_patient_sequence:503 |   Rank 3: <END>                | Prob: 0.005704 | ID: 50267
2025-10-09 04:22:52 | DEBUG    | generate_patient_sequence:503 |   Rank 4: dem                  | Prob: 0.004674 | ID: 12789
2025-10-09 04:22:52 | DEBUG    | generate_patient_sequence:503 |   Rank 5: <\v>                 | Prob: 0.001984 | ID: 50266
2025-10-09 04:22:52 | DEBUG    | generate_patient_sequence:503 |   Rank 6: L                    | Prob: 0.000032 | ID: 574
2025-10-09 04:22:52 | DEBUG    | generate_patient_sequence:503 |   Rank 7: 1                    | Prob: 0.000027 | ID: 134
2025-10-09 04:22:52 | DEBUG    | generate_patient_sequence:503 |   Rank 8: 0                    | Prob: 0.000025 | ID: 288
2025-10-09 04:22:52 | DEBUG    | generate_patient_sequence:503 |   Rank 9: NOT                  | Prob: 0.000023 | ID: 37049
2025-10-09 04:22:52 | DEBUG    | generate_patient_sequence:503 |   Rank 10: 9                    | Prob: 0.000017 | ID: 466
2025-10-09 04:22:52 | DEBUG    | generate_patient_sequence:503 |   Rank 11: o                    | Prob: 0.000017 | ID: 139
2025-10-09 04:22:52 | DEBUG    | generate_patient_sequence:503 |   Rank 12: 280                  | Prob: 0.000017 | ID: 21070
2025-10-09 04:22:52 | DEBUG    | generate_patient_sequence:503 |   Rank 13: deb                  | Prob: 0.000017 | ID: 25607
2025-10-09 04:22:52 | DEBUG    | generate_patient_sequence:503 |   Rank 14: 3                    | Prob: 0.000016 | ID: 246
2025-10-09 04:22:52 | DEBUG    | generate_patient_sequence:503 |   Rank 15: 790                  | Prob: 0.000016 | ID: 34504
2025-10-09 04:22:52 | DEBUG    | generate_patient_sequence:503 |   Rank 16: P                    | Prob: 0.000015 | ID: 510
2025-10-09 04:22:52 | DEBUG    | generate_patient_sequence:503 |   Rank 17: 65                   | Prob: 0.000013 | ID: 3506
2025-10-09 04:22:52 | DEBUG    | generate_patient_sequence:503 |   Rank 18: 290                  | Prob: 0.000012 | ID: 24675
2025-10-09 04:22:52 | DEBUG    | generate_patient_sequence:503 |   Rank 19: 1965                 | Prob: 0.000012 | ID: 45716
2025-10-09 04:22:52 | DEBUG    | generate_patient_sequence:503 |   Rank 20: 140                  | Prob: 0.000011 | ID: 14753
2025-10-09 04:22:52 | INFO     | generate_patient_sequence:507 | Starting generation with temp=1.0, top_k=100, max_length=256
2025-10-09 04:22:52 | DEBUG    | generate_patient_sequence:520 | Generated token IDs: [2, 0, 2517, 121, 4444, 30876, 3842, 28214, 23177, 274, 28696, 12789, 139, 15698, 2, 50265, 2, 2, 2, 12789, 139, 2, 2, 50267]
2025-10-09 04:22:52 | DEBUG    | generate_patient_sequence:521 | Generated length: 24 tokens
2025-10-09 04:22:52 | INFO     | generate_patient_sequence:529 | Generated token counts - <v>: 1, <\v>: 0, <END>: 1
2025-10-09 04:22:52 | DEBUG    | generate_patient_sequence:537 | Raw generated sequence: </s><s>28 UNABLE TO OBTAIN F <demo></s> <v> </s></s></s>demo</s></s> <END>
2025-10-09 04:22:52 | INFO     | generate_patient_sequence:540 | Generated sequence (clean): 28 UNABLE TO OBTAIN F <demo>demo
2025-10-09 04:22:52 | INFO     | <module>:663 | 
--- Sample 5/5 ---
2025-10-09 04:22:52 | INFO     | generate_patient_sequence:443 | Generating sequence for prompt: '48 ASIAN F <demo>'
2025-10-09 04:22:52 | DEBUG    | generate_patient_sequence:447 | Prompt token IDs: [0, 3818, 6015, 10296, 274, 28696, 12789, 139, 15698, 2]
2025-10-09 04:22:52 | DEBUG    | generate_patient_sequence:448 | Prompt tokens: ['<s>', '48', ' AS', 'IAN', ' F', ' <', 'dem', 'o', '>', '</s>']
2025-10-09 04:22:52 | DEBUG    | generate_patient_sequence:457 | Special token IDs - <v>: 50265, <\v>: 50266, <END>: 50267, PAD: 1, EOS: 2
2025-10-09 04:22:52 | DEBUG    | generate_patient_sequence:464 | Initial decoder input (with forced <v>): [0, 3818, 6015, 10296, 274, 28696, 12789, 139, 15698, 2, 50265]
2025-10-09 04:22:52 | DEBUG    | generate_patient_sequence:478 | After prompt, probability of <v>: 0.000320
2025-10-09 04:22:52 | DEBUG    | generate_patient_sequence:479 | After prompt, probability of <END>: 0.000067
2025-10-09 04:22:52 | DEBUG    | generate_patient_sequence:480 | After prompt, probability of PAD: 0.000000
2025-10-09 04:22:52 | DEBUG    | generate_patient_sequence:481 | After prompt, probability of EOS: 0.999492
2025-10-09 04:22:52 | DEBUG    | generate_patient_sequence:485 | Top 20 next token predictions after prompt:
2025-10-09 04:22:52 | DEBUG    | generate_patient_sequence:503 |   Rank 1: <EOS>                | Prob: 0.999492 | ID: 2
2025-10-09 04:22:52 | DEBUG    | generate_patient_sequence:503 |   Rank 2: <v>                  | Prob: 0.000320 | ID: 50265
2025-10-09 04:22:52 | DEBUG    | generate_patient_sequence:503 |   Rank 3: <END>                | Prob: 0.000067 | ID: 50267
2025-10-09 04:22:52 | DEBUG    | generate_patient_sequence:503 |   Rank 4: <\v>                 | Prob: 0.000025 | ID: 50266
2025-10-09 04:22:52 | DEBUG    | generate_patient_sequence:503 |   Rank 5: 88                   | Prob: 0.000002 | ID: 4652
2025-10-09 04:22:52 | DEBUG    | generate_patient_sequence:503 |   Rank 6: 000                  | Prob: 0.000002 | ID: 151
2025-10-09 04:22:52 | DEBUG    | generate_patient_sequence:503 |   Rank 7: L                    | Prob: 0.000002 | ID: 574
2025-10-09 04:22:52 | DEBUG    | generate_patient_sequence:503 |   Rank 8: 1                    | Prob: 0.000002 | ID: 134
2025-10-09 04:22:52 | DEBUG    | generate_patient_sequence:503 |   Rank 9: 0                    | Prob: 0.000002 | ID: 288
2025-10-09 04:22:52 | DEBUG    | generate_patient_sequence:503 |   Rank 10: 99                   | Prob: 0.000001 | ID: 2831
2025-10-09 04:22:52 | DEBUG    | generate_patient_sequence:503 |   Rank 11: 55                   | Prob: 0.000001 | ID: 3118
2025-10-09 04:22:52 | DEBUG    | generate_patient_sequence:503 |   Rank 12: 3                    | Prob: 0.000001 | ID: 246
2025-10-09 04:22:52 | DEBUG    | generate_patient_sequence:503 |   Rank 13:                      | Prob: 0.000001 | ID: 1437
2025-10-09 04:22:52 | DEBUG    | generate_patient_sequence:503 |   Rank 14: o                    | Prob: 0.000001 | ID: 139
2025-10-09 04:22:52 | DEBUG    | generate_patient_sequence:503 |   Rank 15: 73                   | Prob: 0.000001 | ID: 5352
2025-10-09 04:22:52 | DEBUG    | generate_patient_sequence:503 |   Rank 16:  1890                | Prob: 0.000001 | ID: 37708
2025-10-09 04:22:52 | DEBUG    | generate_patient_sequence:503 |   Rank 17: 70                   | Prob: 0.000001 | ID: 3083
2025-10-09 04:22:52 | DEBUG    | generate_patient_sequence:503 |   Rank 18: 89                   | Prob: 0.000001 | ID: 5046
2025-10-09 04:22:52 | DEBUG    | generate_patient_sequence:503 |   Rank 19: 173                  | Prob: 0.000001 | ID: 30664
2025-10-09 04:22:52 | DEBUG    | generate_patient_sequence:503 |   Rank 20: 86                   | Prob: 0.000001 | ID: 5334
2025-10-09 04:22:52 | INFO     | generate_patient_sequence:507 | Starting generation with temp=1.0, top_k=100, max_length=256
2025-10-09 04:22:53 | DEBUG    | generate_patient_sequence:520 | Generated token IDs: [2, 0, 3818, 6015, 10296, 274, 28696, 12789, 139, 15698, 2, 50265, 2, 2, 50267]
2025-10-09 04:22:53 | DEBUG    | generate_patient_sequence:521 | Generated length: 15 tokens
2025-10-09 04:22:53 | INFO     | generate_patient_sequence:529 | Generated token counts - <v>: 1, <\v>: 0, <END>: 1
2025-10-09 04:22:53 | DEBUG    | generate_patient_sequence:537 | Raw generated sequence: </s><s>48 ASIAN F <demo></s> <v> </s></s> <END>
2025-10-09 04:22:53 | INFO     | generate_patient_sequence:540 | Generated sequence (clean): 48 ASIAN F <demo>
2025-10-09 04:22:53 | INFO     | <module>:677 | === Training and generation complete ===
