Job ID: 5183011
Job Name: ehr_lr0.0001_temp1.0_k50
Node: ccc0389
CUDA_VISIBLE_DEVICES: 0
Start Time: Thu Oct  9 02:50:41 CDT 2025
Working Directory: /u/jalenj4/pehr_scratch
Thu Oct  9 02:50:41 2025       
+-----------------------------------------------------------------------------------------+
| NVIDIA-SMI 575.57.08              Driver Version: 575.57.08      CUDA Version: 12.9     |
|-----------------------------------------+------------------------+----------------------+
| GPU  Name                 Persistence-M | Bus-Id          Disp.A | Volatile Uncorr. ECC |
| Fan  Temp   Perf          Pwr:Usage/Cap |           Memory-Usage | GPU-Util  Compute M. |
|                                         |                        |               MIG M. |
|=========================================+========================+======================|
|   0  NVIDIA A100-SXM4-80GB          Off |   00000000:01:00.0 Off |                    0 |
| N/A   29C    P0             64W /  500W |       0MiB /  81920MiB |      0%      Default |
|                                         |                        |             Disabled |
+-----------------------------------------+------------------------+----------------------+
                                                                                         
+-----------------------------------------------------------------------------------------+
| Processes:                                                                              |
|  GPU   GI   CI              PID   Type   Process name                        GPU Memory |
|        ID   ID                                                               Usage      |
|=========================================================================================|
|  No running processes found                                                             |
+-----------------------------------------------------------------------------------------+
Parameters:
  NUM_PATIENTS: 3000
  BATCH_SIZE: 16
  NUM_EPOCHS: 30
  LEARNING_RATE: 0.0001
  GENERATION_TEMP: 1.0
  TOP_K: 50
INFO: === EHR Generation Training Started ===
INFO: Configuration: {'model_name': 'facebook/bart-base', 'num_patients': 3000, 'max_seq_length': 256, 'batch_size': 16, 'num_epochs': 30, 'learning_rate': 0.0001, 'generation_temp': 1.0, 'generation_max_length': 256, 'num_warmup_steps': 0, 'top_k': 50, 'data_dir': 'data_files', 'mimic_paths': {'patients_path': 'data_files/PATIENTS.csv', 'admissions_path': 'data_files/ADMISSIONS.csv', 'diagnoses_path': 'data_files/DIAGNOSES_ICD.csv'}}
INFO: Using device: cuda
INFO: Loading pretrained BART model: facebook/bart-base
INFO: Added 3 special tokens: <v>, <\v>, <END>
INFO: Resized model embeddings to 50268 tokens
INFO: Loading MIMIC-III data files
INFO: Loaded 46520 patients
INFO: Loaded 58976 admissions
INFO: Loaded 651047 diagnosis records
INFO: Data processing complete. Formatting sequences...
INFO: Sequence formatting complete. Generated 3000 patient sequences
INFO: Average visits per patient: 1.27
INFO: Average tokens per sequence: 19.69
INFO: Sample patient sequences:
INFO: Sample 1: 77 WHITE F <demo> <v> 85186 29181 30501 E8859 2768 V4364 4019 <\v> <END>...
INFO: Sample 2: 71 UNKNOWN/NOT SPECIFIED M <demo> <v> 82111 8600 86101 E9585 8911 87343 8820 4019 2749 <\v> <END>...
INFO: Sample 3: 88 WHITE F <demo> <v> 53140 2800 42830 4280 41519 4019 25000 V5861 71590 <\v> <END>...
INFO: Sample 4: 82 WHITE F <demo> <v> 20008 2765 5559 99812 51881 4470 135 53100 2866 <\v> <END>...
INFO: Sample 5: 50 UNKNOWN/NOT SPECIFIED M <demo> <v> 1173 7863 135 5178 5121 2880 2761 30500 07054 <\v> <END>...
INFO: Created dataset with 3000 samples, 188 batches
INFO: Optimizer: AdamW with lr=0.0001
INFO: Scheduler: linear with 0 warmup steps
INFO: Starting model training for 30 epochs
INFO: Training steps: 5640
INFO: Device: cuda
INFO: Epoch 1/30 completed | Avg Loss: 0.4718
INFO: Epoch 2/30 completed | Avg Loss: 0.0507
INFO: Epoch 3/30 completed | Avg Loss: 0.0221
INFO: Epoch 4/30 completed | Avg Loss: 0.0153
INFO: Epoch 5/30 completed | Avg Loss: 0.0176
INFO: Epoch 6/30 completed | Avg Loss: 0.0146
INFO: Epoch 7/30 completed | Avg Loss: 0.0069
INFO: Epoch 8/30 completed | Avg Loss: 0.0068
INFO: Epoch 9/30 completed | Avg Loss: 0.0055
INFO: Epoch 10/30 completed | Avg Loss: 0.0050
INFO: Epoch 11/30 completed | Avg Loss: 0.0051
INFO: Epoch 12/30 completed | Avg Loss: 0.0036
INFO: Epoch 13/30 completed | Avg Loss: 0.0026
INFO: Epoch 14/30 completed | Avg Loss: 0.0042
INFO: Epoch 15/30 completed | Avg Loss: 0.0093
INFO: Epoch 16/30 completed | Avg Loss: 0.0031
INFO: Epoch 17/30 completed | Avg Loss: 0.0033
INFO: Epoch 18/30 completed | Avg Loss: 0.0012
INFO: Epoch 19/30 completed | Avg Loss: 0.0014
INFO: Epoch 20/30 completed | Avg Loss: 0.0029
INFO: Epoch 21/30 completed | Avg Loss: 0.0016
INFO: Epoch 22/30 completed | Avg Loss: 0.0019
INFO: Epoch 23/30 completed | Avg Loss: 0.0029
INFO: Epoch 24/30 completed | Avg Loss: 0.0011
INFO: Epoch 25/30 completed | Avg Loss: 0.0008
INFO: Epoch 26/30 completed | Avg Loss: 0.0010
INFO: Epoch 27/30 completed | Avg Loss: 0.0007
INFO: Epoch 28/30 completed | Avg Loss: 0.0006
INFO: Epoch 29/30 completed | Avg Loss: 0.0006
INFO: Epoch 30/30 completed | Avg Loss: 0.0002
INFO: Training complete
INFO: Final average loss: 0.0002
INFO: === Generating synthetic patient data ===
INFO: 
--- Sample 1/5 ---
INFO: Generating sequence for prompt: '45 BLACK F <demo>'
INFO: Starting generation with temp=1.0, top_k=50, max_length=256
INFO: Generated token counts - <v>: 1, <\v>: 0, <END>: 1
INFO: Generated sequence (clean): 45 BLACK F <demo>
INFO: 
--- Sample 2/5 ---
INFO: Generating sequence for prompt: '70 UNKNOWN/NOT SPECIFIED M <demo>'
INFO: Starting generation with temp=1.0, top_k=50, max_length=256
INFO: Generated token counts - <v>: 1, <\v>: 1, <END>: 1
INFO: Generated sequence (clean): 70 UNKNOWN/NOT SPECIFIED M <demo>demo>.
INFO: 
--- Sample 3/5 ---
INFO: Generating sequence for prompt: '25 UNABLE TO OBTAIN F <demo>'
INFO: Starting generation with temp=1.0, top_k=50, max_length=256
INFO: Generated token counts - <v>: 1, <\v>: 1, <END>: 1
INFO: Generated sequence (clean): 25 UNABLE TO OBTAIN F <demo>>>
INFO: 
--- Sample 4/5 ---
INFO: Generating sequence for prompt: '58 OTHER F <demo>'
INFO: Starting generation with temp=1.0, top_k=50, max_length=256
INFO: Generated token counts - <v>: 1, <\v>: 1, <END>: 1
INFO: Generated sequence (clean): 58 OTHER F <demo>>
INFO: 
--- Sample 5/5 ---
INFO: Generating sequence for prompt: '78 WHITE F <demo>'
INFO: Starting generation with temp=1.0, top_k=50, max_length=256
INFO: Generated token counts - <v>: 1, <\v>: 1, <END>: 1
INFO: Generated sequence (clean): 78 WHITE F <demo>>
INFO: === Training and generation complete ===
End Time: Thu Oct  9 03:14:20 CDT 2025
Exit Code: 0
