Job ID: 5183028
Job Name: ehr_lr0.0002_temp1.0_k30
Node: ccc0389
CUDA_VISIBLE_DEVICES: 0
Start Time: Thu Oct  9 04:25:08 CDT 2025
Working Directory: /u/jalenj4/pehr_scratch
Thu Oct  9 04:25:08 2025       
+-----------------------------------------------------------------------------------------+
| NVIDIA-SMI 575.57.08              Driver Version: 575.57.08      CUDA Version: 12.9     |
|-----------------------------------------+------------------------+----------------------+
| GPU  Name                 Persistence-M | Bus-Id          Disp.A | Volatile Uncorr. ECC |
| Fan  Temp   Perf          Pwr:Usage/Cap |           Memory-Usage | GPU-Util  Compute M. |
|                                         |                        |               MIG M. |
|=========================================+========================+======================|
|   0  NVIDIA A100-SXM4-80GB          Off |   00000000:41:00.0 Off |                    0 |
| N/A   38C    P0             66W /  500W |       0MiB /  81920MiB |      0%      Default |
|                                         |                        |             Disabled |
+-----------------------------------------+------------------------+----------------------+
                                                                                         
+-----------------------------------------------------------------------------------------+
| Processes:                                                                              |
|  GPU   GI   CI              PID   Type   Process name                        GPU Memory |
|        ID   ID                                                               Usage      |
|=========================================================================================|
|  No running processes found                                                             |
+-----------------------------------------------------------------------------------------+
Parameters:
  NUM_PATIENTS: 3000
  BATCH_SIZE: 16
  NUM_EPOCHS: 30
  LEARNING_RATE: 0.0002
  GENERATION_TEMP: 1.0
  TOP_K: 30
INFO: === EHR Generation Training Started ===
INFO: Configuration: {'model_name': 'facebook/bart-base', 'num_patients': 3000, 'max_seq_length': 256, 'batch_size': 16, 'num_epochs': 30, 'learning_rate': 0.0002, 'generation_temp': 1.0, 'generation_max_length': 256, 'num_warmup_steps': 0, 'top_k': 30, 'data_dir': 'data_files', 'mimic_paths': {'patients_path': 'data_files/PATIENTS.csv', 'admissions_path': 'data_files/ADMISSIONS.csv', 'diagnoses_path': 'data_files/DIAGNOSES_ICD.csv'}}
INFO: Using device: cuda
INFO: Loading pretrained BART model: facebook/bart-base
INFO: Added 3 special tokens: <v>, <\v>, <END>
INFO: Resized model embeddings to 50268 tokens
INFO: Loading MIMIC-III data files
INFO: Loaded 46520 patients
INFO: Loaded 58976 admissions
INFO: Loaded 651047 diagnosis records
INFO: Data processing complete. Formatting sequences...
INFO: Sequence formatting complete. Generated 3000 patient sequences
INFO: Average visits per patient: 1.27
INFO: Average tokens per sequence: 19.69
INFO: Sample patient sequences:
INFO: Sample 1: 78 UNKNOWN/NOT SPECIFIED M <demo> <v> 4280 4240 42731 99811 9972 4423 E8790 25000 60000 <\v> <END>...
INFO: Sample 2: 68 OTHER M <demo> <v> 1911 78039 4019 2720 <\v> <END>...
INFO: Sample 3: 59 UNKNOWN/NOT SPECIFIED M <demo> <v> 53240 9993 6823 7907 42731 44284 2740 6930 4019 <\v> <END>...
INFO: Sample 4: 82 WHITE M <demo> <v> 03811 44024 70715 6826 486 4280 5990 496 99591 <\v> <END>...
INFO: Sample 5: 71 HISPANIC OR LATINO M <demo> <v> 9729 5859 42789 7802 2720 4019 E8583 2449 42769 60000 49390 <\v> <END>...
INFO: Created dataset with 3000 samples, 188 batches
INFO: Optimizer: AdamW with lr=0.0002
INFO: Scheduler: linear with 0 warmup steps
INFO: Starting model training for 30 epochs
INFO: Training steps: 5640
INFO: Device: cuda
INFO: Epoch 1/30 completed | Avg Loss: 0.4751
INFO: Epoch 2/30 completed | Avg Loss: 0.0597
INFO: Epoch 3/30 completed | Avg Loss: 0.0190
INFO: Epoch 4/30 completed | Avg Loss: 0.0196
INFO: Epoch 5/30 completed | Avg Loss: 0.0265
INFO: Epoch 6/30 completed | Avg Loss: 0.0281
INFO: Epoch 7/30 completed | Avg Loss: 0.0555
INFO: Epoch 8/30 completed | Avg Loss: 0.0412
INFO: Epoch 9/30 completed | Avg Loss: 0.0120
INFO: Epoch 10/30 completed | Avg Loss: 0.0105
INFO: Epoch 11/30 completed | Avg Loss: 0.0089
INFO: Epoch 12/30 completed | Avg Loss: 0.0239
INFO: Epoch 13/30 completed | Avg Loss: 0.0134
INFO: Epoch 14/30 completed | Avg Loss: 0.0050
INFO: Epoch 15/30 completed | Avg Loss: 0.0041
INFO: Epoch 16/30 completed | Avg Loss: 0.0033
INFO: Epoch 17/30 completed | Avg Loss: 0.0034
INFO: Epoch 18/30 completed | Avg Loss: 0.0031
INFO: Epoch 19/30 completed | Avg Loss: 0.0021
INFO: Epoch 20/30 completed | Avg Loss: 0.0020
INFO: Epoch 21/30 completed | Avg Loss: 0.0014
INFO: Epoch 22/30 completed | Avg Loss: 0.0028
INFO: Epoch 23/30 completed | Avg Loss: 0.0018
INFO: Epoch 24/30 completed | Avg Loss: 0.0009
INFO: Epoch 25/30 completed | Avg Loss: 0.0007
INFO: Epoch 26/30 completed | Avg Loss: 0.0011
INFO: Epoch 27/30 completed | Avg Loss: 0.0009
INFO: Epoch 28/30 completed | Avg Loss: 0.0008
INFO: Epoch 29/30 completed | Avg Loss: 0.0006
INFO: Epoch 30/30 completed | Avg Loss: 0.0011
INFO: Training complete
INFO: Final average loss: 0.0011
INFO: === Generating synthetic patient data ===
INFO: 
--- Sample 1/5 ---
INFO: Generating sequence for prompt: '40 OTHER F <demo>'
INFO: Starting generation with temp=1.0, top_k=30, max_length=256
INFO: Generated token counts - <v>: 2, <\v>: 0, <END>: 1
INFO: Generated sequence (clean): 40 OTHER F <demo> 4 OTHER INDIAN>  57> 
INFO: 
--- Sample 2/5 ---
INFO: Generating sequence for prompt: '63 BLACK M <demo>'
INFO: Starting generation with temp=1.0, top_k=30, max_length=256
INFO: Generated token counts - <v>: 2, <\v>: 1, <END>: 1
INFO: Generated sequence (clean): 63 BLACK M <demo>>  333>  
INFO: 
--- Sample 3/5 ---
INFO: Generating sequence for prompt: '58 OTHER F <demo>'
INFO: Starting generation with temp=1.0, top_k=30, max_length=256
INFO: Generated token counts - <v>: 2, <\v>: 1, <END>: 1
INFO: Generated sequence (clean): 58 OTHER F <demo> 58 OTHER INDIAN>  426>  
INFO: 
--- Sample 4/5 ---
INFO: Generating sequence for prompt: '30 WHITE M <demo>'
INFO: Starting generation with temp=1.0, top_k=30, max_length=256
INFO: Generated token counts - <v>: 2, <\v>: 1, <END>: 1
INFO: Generated sequence (clean): 30 WHITE M <demo>>  4>  
INFO: 
--- Sample 5/5 ---
INFO: Generating sequence for prompt: '84 UNKNOWN/NOT SPECIFIED F <demo>'
INFO: Starting generation with temp=1.0, top_k=30, max_length=256
INFO: Generated token counts - <v>: 2, <\v>: 0, <END>: 1
INFO: Generated sequence (clean): 84 UNKNOWN/NOT SPECIFIED F <demo>>  4> 
INFO: === Training and generation complete ===
End Time: Thu Oct  9 04:48:37 CDT 2025
Exit Code: 0
