Job ID: 5183010
Job Name: ehr_lr0.0001_temp1.0_k30
Node: ccc0388
CUDA_VISIBLE_DEVICES: 0
Start Time: Thu Oct  9 02:50:41 CDT 2025
Working Directory: /u/jalenj4/pehr_scratch
Thu Oct  9 02:50:41 2025       
+-----------------------------------------------------------------------------------------+
| NVIDIA-SMI 580.95.05              Driver Version: 580.95.05      CUDA Version: 13.0     |
+-----------------------------------------+------------------------+----------------------+
| GPU  Name                 Persistence-M | Bus-Id          Disp.A | Volatile Uncorr. ECC |
| Fan  Temp   Perf          Pwr:Usage/Cap |           Memory-Usage | GPU-Util  Compute M. |
|                                         |                        |               MIG M. |
|=========================================+========================+======================|
|   0  NVIDIA A100-SXM4-80GB          On  |   00000000:C1:00.0 Off |                    0 |
| N/A   25C    P0             58W /  500W |       0MiB /  81920MiB |      0%      Default |
|                                         |                        |             Disabled |
+-----------------------------------------+------------------------+----------------------+

+-----------------------------------------------------------------------------------------+
| Processes:                                                                              |
|  GPU   GI   CI              PID   Type   Process name                        GPU Memory |
|        ID   ID                                                               Usage      |
|=========================================================================================|
|  No running processes found                                                             |
+-----------------------------------------------------------------------------------------+
Parameters:
  NUM_PATIENTS: 3000
  BATCH_SIZE: 16
  NUM_EPOCHS: 30
  LEARNING_RATE: 0.0001
  GENERATION_TEMP: 1.0
  TOP_K: 30
INFO: === EHR Generation Training Started ===
INFO: Configuration: {'model_name': 'facebook/bart-base', 'num_patients': 3000, 'max_seq_length': 256, 'batch_size': 16, 'num_epochs': 30, 'learning_rate': 0.0001, 'generation_temp': 1.0, 'generation_max_length': 256, 'num_warmup_steps': 0, 'top_k': 30, 'data_dir': 'data_files', 'mimic_paths': {'patients_path': 'data_files/PATIENTS.csv', 'admissions_path': 'data_files/ADMISSIONS.csv', 'diagnoses_path': 'data_files/DIAGNOSES_ICD.csv'}}
INFO: Using device: cuda
INFO: Loading pretrained BART model: facebook/bart-base
INFO: Added 3 special tokens: <v>, <\v>, <END>
INFO: Resized model embeddings to 50268 tokens
INFO: Loading MIMIC-III data files
INFO: Loaded 46520 patients
INFO: Loaded 58976 admissions
INFO: Loaded 651047 diagnosis records
INFO: Data processing complete. Formatting sequences...
INFO: Sequence formatting complete. Generated 3000 patient sequences
INFO: Average visits per patient: 1.27
INFO: Average tokens per sequence: 19.69
INFO: Sample patient sequences:
INFO: Sample 1: 69 BLACK/AFRICAN AMERICAN F <demo> <v> 1983 56985 2800 1628 56982 25000 4019 <\v> <END>...
INFO: Sample 2: 0 HISPANIC OR LATINO M <demo> <v> V3000 V290 V502 V053 <\v> <END>...
INFO: Sample 3: 58 WHITE F <demo> <v> 73734 9971 42731 9974 5601 2851 7384 9051 E9290 <\v> <v> 43411 3485 3484 1970 5119 2536 1977 34290 42731 73300 7843 1991 27541 <...
INFO: Sample 4: 81 UNKNOWN/NOT SPECIFIED F <demo> <v> 82022 5849 4280 2851 70705 70703 70707 42822 5990 42731 4240 E8844 4148 4552 4555 4019 V4581 25000 V5861 <\v> <E...
INFO: Sample 5: 0 WHITE F <demo> <v> V3001 77081 7742 7793 76527 76516 77981 V053 V290 <\v> <END>...
INFO: Created dataset with 3000 samples, 188 batches
INFO: Optimizer: AdamW with lr=0.0001
INFO: Scheduler: linear with 0 warmup steps
INFO: Starting model training for 30 epochs
INFO: Training steps: 5640
INFO: Device: cuda
INFO: Epoch 1/30 completed | Avg Loss: 0.5494
INFO: Epoch 2/30 completed | Avg Loss: 0.0667
INFO: Epoch 3/30 completed | Avg Loss: 0.0160
INFO: Epoch 4/30 completed | Avg Loss: 0.0097
INFO: Epoch 5/30 completed | Avg Loss: 0.0090
INFO: Epoch 6/30 completed | Avg Loss: 0.0065
INFO: Epoch 7/30 completed | Avg Loss: 0.0059
INFO: Epoch 8/30 completed | Avg Loss: 0.0076
INFO: Epoch 9/30 completed | Avg Loss: 0.0046
INFO: Epoch 10/30 completed | Avg Loss: 0.0048
INFO: Epoch 11/30 completed | Avg Loss: 0.0050
INFO: Epoch 12/30 completed | Avg Loss: 0.0116
INFO: Epoch 13/30 completed | Avg Loss: 0.0074
INFO: Epoch 14/30 completed | Avg Loss: 0.0065
INFO: Epoch 15/30 completed | Avg Loss: 0.0021
INFO: Epoch 16/30 completed | Avg Loss: 0.0026
INFO: Epoch 17/30 completed | Avg Loss: 0.0025
INFO: Epoch 18/30 completed | Avg Loss: 0.0018
INFO: Epoch 19/30 completed | Avg Loss: 0.0019
INFO: Epoch 20/30 completed | Avg Loss: 0.0017
INFO: Epoch 21/30 completed | Avg Loss: 0.0008
INFO: Epoch 22/30 completed | Avg Loss: 0.0009
INFO: Epoch 23/30 completed | Avg Loss: 0.0034
INFO: Epoch 24/30 completed | Avg Loss: 0.0018
INFO: Epoch 25/30 completed | Avg Loss: 0.0022
INFO: Epoch 26/30 completed | Avg Loss: 0.0019
INFO: Epoch 27/30 completed | Avg Loss: 0.0012
INFO: Epoch 28/30 completed | Avg Loss: 0.0012
INFO: Epoch 29/30 completed | Avg Loss: 0.0004
INFO: Epoch 30/30 completed | Avg Loss: 0.0004
INFO: Training complete
INFO: Final average loss: 0.0004
INFO: === Generating synthetic patient data ===
INFO: 
--- Sample 1/5 ---
INFO: Generating sequence for prompt: '40 BLACK M <demo>'
INFO: Starting generation with temp=1.0, top_k=30, max_length=256
INFO: Generated token counts - <v>: 1, <\v>: 1, <END>: 1
INFO: Generated sequence (clean): 40 BLACK M <demo>
INFO: 
--- Sample 2/5 ---
INFO: Generating sequence for prompt: '42 HISPANIC OR LATINO F <demo>'
INFO: Starting generation with temp=1.0, top_k=30, max_length=256
INFO: Generated token counts - <v>: 1, <\v>: 0, <END>: 1
INFO: Generated sequence (clean): 42 HISPANIC OR LATINO F <demo>
INFO: 
--- Sample 3/5 ---
INFO: Generating sequence for prompt: '90 WHITE M <demo>'
INFO: Starting generation with temp=1.0, top_k=30, max_length=256
INFO: Generated token counts - <v>: 1, <\v>: 0, <END>: 1
INFO: Generated sequence (clean): 90 WHITE M <demo>
INFO: 
--- Sample 4/5 ---
INFO: Generating sequence for prompt: '54 HISPANIC OR LATINO M <demo>'
INFO: Starting generation with temp=1.0, top_k=30, max_length=256
INFO: Generated token counts - <v>: 1, <\v>: 0, <END>: 1
INFO: Generated sequence (clean): 54 HISPANIC OR LATINO M <demo>
INFO: 
--- Sample 5/5 ---
INFO: Generating sequence for prompt: '54 UNKNOWN/NOT SPECIFIED M <demo>'
INFO: Starting generation with temp=1.0, top_k=30, max_length=256
INFO: Generated token counts - <v>: 1, <\v>: 0, <END>: 1
INFO: Generated sequence (clean): 54 UNKNOWN/NOT SPECIFIED M <demo>
INFO: === Training and generation complete ===
End Time: Thu Oct  9 03:14:11 CDT 2025
Exit Code: 0
