2025-10-09 04:48:55 | INFO     | <module>:562 | === EHR Generation Training Started ===
2025-10-09 04:48:55 | INFO     | <module>:583 | Configuration: {'model_name': 'facebook/bart-base', 'num_patients': 3000, 'max_seq_length': 256, 'batch_size': 16, 'num_epochs': 30, 'learning_rate': 0.0002, 'generation_temp': 1.3, 'generation_max_length': 256, 'num_warmup_steps': 0, 'top_k': 50, 'data_dir': 'data_files', 'mimic_paths': {'patients_path': 'data_files/PATIENTS.csv', 'admissions_path': 'data_files/ADMISSIONS.csv', 'diagnoses_path': 'data_files/DIAGNOSES_ICD.csv'}}
2025-10-09 04:48:56 | INFO     | <module>:587 | Using device: cuda
2025-10-09 04:48:56 | INFO     | <module>:590 | Loading pretrained BART model: facebook/bart-base
2025-10-09 04:48:56 | INFO     | <module>:599 | Added 3 special tokens: <v>, <\v>, <END>
2025-10-09 04:48:56 | INFO     | <module>:603 | Resized model embeddings to 50268 tokens
2025-10-09 04:48:56 | DEBUG    | <module>:606 | Token ID for <v>: 50265
2025-10-09 04:48:56 | DEBUG    | <module>:607 | Token ID for <\v>: 50266
2025-10-09 04:48:56 | DEBUG    | <module>:608 | Token ID for <END>: 50267
2025-10-09 04:48:56 | INFO     | load_and_format_mimic_data:147 | Loading MIMIC-III data files
2025-10-09 04:48:56 | DEBUG    | load_and_format_mimic_data:148 | Patients: data_files/PATIENTS.csv
2025-10-09 04:48:56 | DEBUG    | load_and_format_mimic_data:149 | Admissions: data_files/ADMISSIONS.csv
2025-10-09 04:48:56 | DEBUG    | load_and_format_mimic_data:150 | Diagnoses: data_files/DIAGNOSES_ICD.csv
2025-10-09 04:48:57 | INFO     | load_and_format_mimic_data:155 | Loaded 46520 patients
2025-10-09 04:48:57 | INFO     | load_and_format_mimic_data:158 | Loaded 58976 admissions
2025-10-09 04:48:57 | INFO     | load_and_format_mimic_data:161 | Loaded 651047 diagnosis records
2025-10-09 04:48:57 | INFO     | load_and_format_mimic_data:219 | Data processing complete. Formatting sequences...
2025-10-09 04:49:00 | INFO     | load_and_format_mimic_data:258 | Sequence formatting complete. Generated 3000 patient sequences
2025-10-09 04:49:00 | DEBUG    | load_and_format_mimic_data:262 | Sample sequence: 0 ASIAN M <demo> <v> V3001 V053 V290 <\v> <END>...
2025-10-09 04:49:00 | INFO     | load_and_format_mimic_data:267 | Average visits per patient: 1.27
2025-10-09 04:49:00 | INFO     | load_and_format_mimic_data:268 | Average tokens per sequence: 19.69
2025-10-09 04:49:00 | INFO     | <module>:622 | Sample patient sequences:
2025-10-09 04:49:00 | INFO     | <module>:624 | Sample 1: 0 BLACK/AFRICAN AMERICAN M <demo> <v> V3001 V502 V053 V290 <\v> <END>...
2025-10-09 04:49:00 | INFO     | <module>:624 | Sample 2: 0 WHITE M <demo> <v> V3000 7454 V053 V502 <\v> <END>...
2025-10-09 04:49:00 | INFO     | <module>:624 | Sample 3: 71 WHITE M <demo> <v> 41519 4538 5849 5180 6826 49121 4280 03811 70714 <\v> <v> 41071 78551 51884 4280 5849 2867 41519 570 V1581 <\v> <END>...
2025-10-09 04:49:00 | INFO     | <module>:624 | Sample 4: 72 BLACK/AFRICAN AMERICAN M <demo> <v> 4928 4280 4275 3481 5119 41091 2762 4169 V5332 <\v> <END>...
2025-10-09 04:49:00 | INFO     | <module>:624 | Sample 5: 75 WHITE F <demo> <v> 56213 5990 2851 2760 56982 2639 5533 4019 2859 <\v> <END>...
2025-10-09 04:49:00 | DEBUG    | __init__:294 | First sequence length: 24 tokens
2025-10-09 04:49:00 | DEBUG    | __init__:295 | Pad token ID: 1
2025-10-09 04:49:00 | INFO     | <module>:628 | Created dataset with 3000 samples, 188 batches
2025-10-09 04:49:00 | INFO     | <module>:639 | Optimizer: AdamW with lr=0.0002
2025-10-09 04:49:00 | INFO     | <module>:640 | Scheduler: linear with 0 warmup steps
2025-10-09 04:49:00 | INFO     | train_model:351 | Starting model training for 30 epochs
2025-10-09 04:49:00 | INFO     | train_model:352 | Training steps: 5640
2025-10-09 04:49:00 | INFO     | train_model:353 | Device: cuda
2025-10-09 04:49:01 | DEBUG    | train_model:372 | First batch input_ids shape: torch.Size([16, 256])
2025-10-09 04:49:01 | DEBUG    | train_model:373 | First batch labels shape: torch.Size([16, 256])
2025-10-09 04:49:01 | DEBUG    | train_model:374 | First batch attention_mask shape: torch.Size([16, 256])
2025-10-09 04:49:01 | DEBUG    | train_model:375 | Initial loss: 2.3941
2025-10-09 04:49:01 | DEBUG    | train_model:382 | Special tokens in first batch: {'pad': 3492, 'masked_labels': 3492}
2025-10-09 04:49:47 | INFO     | train_model:401 | Epoch 1/30 completed | Avg Loss: 0.4599
2025-10-09 04:50:34 | INFO     | train_model:401 | Epoch 2/30 completed | Avg Loss: 0.0332
2025-10-09 04:51:20 | INFO     | train_model:401 | Epoch 3/30 completed | Avg Loss: 0.0254
2025-10-09 04:52:07 | INFO     | train_model:401 | Epoch 4/30 completed | Avg Loss: 0.0129
2025-10-09 04:52:53 | INFO     | train_model:401 | Epoch 5/30 completed | Avg Loss: 0.0203
2025-10-09 04:53:40 | INFO     | train_model:401 | Epoch 6/30 completed | Avg Loss: 0.0145
2025-10-09 04:54:26 | INFO     | train_model:401 | Epoch 7/30 completed | Avg Loss: 0.0088
2025-10-09 04:55:13 | INFO     | train_model:401 | Epoch 8/30 completed | Avg Loss: 0.0134
2025-10-09 04:56:00 | INFO     | train_model:401 | Epoch 9/30 completed | Avg Loss: 0.0159
2025-10-09 04:56:46 | INFO     | train_model:401 | Epoch 10/30 completed | Avg Loss: 0.0135
2025-10-09 04:57:33 | INFO     | train_model:401 | Epoch 11/30 completed | Avg Loss: 0.0254
2025-10-09 04:58:19 | INFO     | train_model:401 | Epoch 12/30 completed | Avg Loss: 0.0574
2025-10-09 04:59:06 | INFO     | train_model:401 | Epoch 13/30 completed | Avg Loss: 0.0075
2025-10-09 04:59:52 | INFO     | train_model:401 | Epoch 14/30 completed | Avg Loss: 0.0159
2025-10-09 05:00:39 | INFO     | train_model:401 | Epoch 15/30 completed | Avg Loss: 0.0041
2025-10-09 05:01:25 | INFO     | train_model:401 | Epoch 16/30 completed | Avg Loss: 0.0034
2025-10-09 05:02:12 | INFO     | train_model:401 | Epoch 17/30 completed | Avg Loss: 0.0022
2025-10-09 05:02:58 | INFO     | train_model:401 | Epoch 18/30 completed | Avg Loss: 0.0030
2025-10-09 05:03:45 | INFO     | train_model:401 | Epoch 19/30 completed | Avg Loss: 0.0047
2025-10-09 05:04:32 | INFO     | train_model:401 | Epoch 20/30 completed | Avg Loss: 0.0041
2025-10-09 05:05:18 | INFO     | train_model:401 | Epoch 21/30 completed | Avg Loss: 0.0016
2025-10-09 05:06:05 | INFO     | train_model:401 | Epoch 22/30 completed | Avg Loss: 0.0011
2025-10-09 05:06:51 | INFO     | train_model:401 | Epoch 23/30 completed | Avg Loss: 0.0009
2025-10-09 05:07:38 | INFO     | train_model:401 | Epoch 24/30 completed | Avg Loss: 0.0011
2025-10-09 05:08:24 | INFO     | train_model:401 | Epoch 25/30 completed | Avg Loss: 0.0007
2025-10-09 05:09:11 | INFO     | train_model:401 | Epoch 26/30 completed | Avg Loss: 0.0013
2025-10-09 05:09:57 | INFO     | train_model:401 | Epoch 27/30 completed | Avg Loss: 0.0009
2025-10-09 05:10:44 | INFO     | train_model:401 | Epoch 28/30 completed | Avg Loss: 0.0007
2025-10-09 05:11:30 | INFO     | train_model:401 | Epoch 29/30 completed | Avg Loss: 0.0005
2025-10-09 05:12:17 | INFO     | train_model:401 | Epoch 30/30 completed | Avg Loss: 0.0004
2025-10-09 05:12:17 | INFO     | train_model:403 | Training complete
2025-10-09 05:12:17 | INFO     | train_model:404 | Final average loss: 0.0004
2025-10-09 05:12:17 | DEBUG    | train_model:405 | Loss history: [0.4599460895579467, 0.03318133252236913, 0.025405974002577304, 0.012874051009891852, 0.020328146017570187, 0.014465729930150778, 0.00882493053188924, 0.013393723531291781, 0.015931864845890927, 0.013510487463444154, 0.02535083785922789, 0.057385852025076255, 0.0075471675450086316, 0.015902043821892645, 0.004087792928793475, 0.003382285293287652, 0.0021857338885657805, 0.0029824960728295448, 0.004734828888587722, 0.0040773665213953095, 0.0016365940074583125, 0.001088013484401559, 0.0008669204791581154, 0.001114469859106627, 0.0007323754121085934, 0.0012706465115038458, 0.000931745461960592, 0.0007180660661996374, 0.0005238819665542093, 0.00038877410390264136]
2025-10-09 05:12:17 | INFO     | <module>:654 | === Generating synthetic patient data ===
2025-10-09 05:12:17 | INFO     | <module>:663 | 
--- Sample 1/5 ---
2025-10-09 05:12:17 | INFO     | generate_patient_sequence:443 | Generating sequence for prompt: '37 UNABLE TO OBTAIN F <demo>'
2025-10-09 05:12:17 | DEBUG    | generate_patient_sequence:447 | Prompt token IDs: [0, 3272, 121, 4444, 30876, 3842, 28214, 23177, 274, 28696, 12789, 139, 15698, 2]
2025-10-09 05:12:17 | DEBUG    | generate_patient_sequence:448 | Prompt tokens: ['<s>', '37', ' U', 'NA', 'BLE', ' TO', ' OB', 'TAIN', ' F', ' <', 'dem', 'o', '>', '</s>']
2025-10-09 05:12:17 | DEBUG    | generate_patient_sequence:457 | Special token IDs - <v>: 50265, <\v>: 50266, <END>: 50267, PAD: 1, EOS: 2
2025-10-09 05:12:17 | DEBUG    | generate_patient_sequence:464 | Initial decoder input (with forced <v>): [0, 3272, 121, 4444, 30876, 3842, 28214, 23177, 274, 28696, 12789, 139, 15698, 2, 50265]
2025-10-09 05:12:17 | DEBUG    | generate_patient_sequence:478 | After prompt, probability of <v>: 0.000000
2025-10-09 05:12:17 | DEBUG    | generate_patient_sequence:479 | After prompt, probability of <END>: 0.000000
2025-10-09 05:12:17 | DEBUG    | generate_patient_sequence:480 | After prompt, probability of PAD: 0.000000
2025-10-09 05:12:17 | DEBUG    | generate_patient_sequence:481 | After prompt, probability of EOS: 0.000000
2025-10-09 05:12:17 | DEBUG    | generate_patient_sequence:485 | Top 20 next token predictions after prompt:
2025-10-09 05:12:17 | DEBUG    | generate_patient_sequence:503 |   Rank 1:  OB                  | Prob: 0.999656 | ID: 28214
2025-10-09 05:12:17 | DEBUG    | generate_patient_sequence:503 |   Rank 2: OB                   | Prob: 0.000095 | ID: 7912
2025-10-09 05:12:17 | DEBUG    | generate_patient_sequence:503 |   Rank 3: LIN                  | Prob: 0.000043 | ID: 13748
2025-10-09 05:12:17 | DEBUG    | generate_patient_sequence:503 |   Rank 4:  UN                  | Prob: 0.000038 | ID: 2604
2025-10-09 05:12:17 | DEBUG    | generate_patient_sequence:503 |   Rank 5:  OTHER               | Prob: 0.000027 | ID: 16536
2025-10-09 05:12:17 | DEBUG    | generate_patient_sequence:503 |   Rank 6:  ob                  | Prob: 0.000004 | ID: 6168
2025-10-09 05:12:17 | DEBUG    | generate_patient_sequence:503 |   Rank 7:  SPEC                | Prob: 0.000004 | ID: 44921
2025-10-09 05:12:17 | DEBUG    | generate_patient_sequence:503 |   Rank 8: US                   | Prob: 0.000004 | ID: 3048
2025-10-09 05:12:17 | DEBUG    | generate_patient_sequence:503 |   Rank 9: AF                   | Prob: 0.000004 | ID: 8573
2025-10-09 05:12:17 | DEBUG    | generate_patient_sequence:503 |   Rank 10:  BLACK               | Prob: 0.000003 | ID: 34101
2025-10-09 05:12:17 | DEBUG    | generate_patient_sequence:503 |   Rank 11: TAIN                 | Prob: 0.000003 | ID: 23177
2025-10-09 05:12:17 | DEBUG    | generate_patient_sequence:503 |   Rank 12:  1961                | Prob: 0.000003 | ID: 20990
2025-10-09 05:12:17 | DEBUG    | generate_patient_sequence:503 |   Rank 13: KNOWN                | Prob: 0.000003 | ID: 47300
2025-10-09 05:12:17 | DEBUG    | generate_patient_sequence:503 |   Rank 14:  MIT                 | Prob: 0.000003 | ID: 20124
2025-10-09 05:12:17 | DEBUG    | generate_patient_sequence:503 |   Rank 15: 271                  | Prob: 0.000003 | ID: 32145
2025-10-09 05:12:17 | DEBUG    | generate_patient_sequence:503 |   Rank 16: 690                  | Prob: 0.000003 | ID: 33636
2025-10-09 05:12:17 | DEBUG    | generate_patient_sequence:503 |   Rank 17:  AMER                | Prob: 0.000003 | ID: 37501
2025-10-09 05:12:17 | DEBUG    | generate_patient_sequence:503 |   Rank 18: AB                   | Prob: 0.000003 | ID: 4546
2025-10-09 05:12:17 | DEBUG    | generate_patient_sequence:503 |   Rank 19:  CH                  | Prob: 0.000002 | ID: 3858
2025-10-09 05:12:17 | DEBUG    | generate_patient_sequence:503 |   Rank 20: ER                   | Prob: 0.000002 | ID: 2076
2025-10-09 05:12:17 | INFO     | generate_patient_sequence:507 | Starting generation with temp=1.3, top_k=50, max_length=256
2025-10-09 05:12:17 | DEBUG    | generate_patient_sequence:520 | Generated token IDs: [2, 0, 3272, 121, 4444, 30876, 3842, 28214, 23177, 274, 28696, 12789, 139, 15698, 2, 50265, 274, 2965, 274, 1437, 50266, 1437, 50267]
2025-10-09 05:12:17 | DEBUG    | generate_patient_sequence:521 | Generated length: 23 tokens
2025-10-09 05:12:17 | INFO     | generate_patient_sequence:529 | Generated token counts - <v>: 1, <\v>: 1, <END>: 1
2025-10-09 05:12:17 | DEBUG    | generate_patient_sequence:537 | Raw generated sequence: </s><s>37 UNABLE TO OBTAIN F <demo></s> <v>  F300 F  <\v>   <END>
2025-10-09 05:12:17 | INFO     | generate_patient_sequence:540 | Generated sequence (clean): 37 UNABLE TO OBTAIN F <demo> F300 F  
2025-10-09 05:12:17 | INFO     | <module>:663 | 
--- Sample 2/5 ---
2025-10-09 05:12:17 | INFO     | generate_patient_sequence:443 | Generating sequence for prompt: '71 OTHER F <demo>'
2025-10-09 05:12:17 | DEBUG    | generate_patient_sequence:447 | Prompt token IDs: [0, 5339, 16536, 274, 28696, 12789, 139, 15698, 2]
2025-10-09 05:12:17 | DEBUG    | generate_patient_sequence:448 | Prompt tokens: ['<s>', '71', ' OTHER', ' F', ' <', 'dem', 'o', '>', '</s>']
2025-10-09 05:12:17 | DEBUG    | generate_patient_sequence:457 | Special token IDs - <v>: 50265, <\v>: 50266, <END>: 50267, PAD: 1, EOS: 2
2025-10-09 05:12:17 | DEBUG    | generate_patient_sequence:464 | Initial decoder input (with forced <v>): [0, 5339, 16536, 274, 28696, 12789, 139, 15698, 2, 50265]
2025-10-09 05:12:17 | DEBUG    | generate_patient_sequence:478 | After prompt, probability of <v>: 0.000001
2025-10-09 05:12:17 | DEBUG    | generate_patient_sequence:479 | After prompt, probability of <END>: 0.000000
2025-10-09 05:12:17 | DEBUG    | generate_patient_sequence:480 | After prompt, probability of PAD: 0.000000
2025-10-09 05:12:17 | DEBUG    | generate_patient_sequence:481 | After prompt, probability of EOS: 0.000000
2025-10-09 05:12:17 | DEBUG    | generate_patient_sequence:485 | Top 20 next token predictions after prompt:
2025-10-09 05:12:17 | DEBUG    | generate_patient_sequence:503 |   Rank 1:  OTHER               | Prob: 0.999849 | ID: 16536
2025-10-09 05:12:17 | DEBUG    | generate_patient_sequence:503 |   Rank 2:  UN                  | Prob: 0.000040 | ID: 2604
2025-10-09 05:12:17 | DEBUG    | generate_patient_sequence:503 |   Rank 3:  SPEC                | Prob: 0.000019 | ID: 44921
2025-10-09 05:12:17 | DEBUG    | generate_patient_sequence:503 |   Rank 4:  WHITE               | Prob: 0.000013 | ID: 38503
2025-10-09 05:12:17 | DEBUG    | generate_patient_sequence:503 |   Rank 5:                      | Prob: 0.000006 | ID: 1437
2025-10-09 05:12:17 | DEBUG    | generate_patient_sequence:503 |   Rank 6:  PAT                 | Prob: 0.000005 | ID: 28284
2025-10-09 05:12:17 | DEBUG    | generate_patient_sequence:503 |   Rank 7: IAN                  | Prob: 0.000003 | ID: 10296
2025-10-09 05:12:17 | DEBUG    | generate_patient_sequence:503 |   Rank 8:  HIS                 | Prob: 0.000003 | ID: 37350
2025-10-09 05:12:17 | DEBUG    | generate_patient_sequence:503 |   Rank 9: NOT                  | Prob: 0.000002 | ID: 37049
2025-10-09 05:12:17 | DEBUG    | generate_patient_sequence:503 |   Rank 10: AF                   | Prob: 0.000002 | ID: 8573
2025-10-09 05:12:17 | DEBUG    | generate_patient_sequence:503 |   Rank 11:  BLACK               | Prob: 0.000002 | ID: 34101
2025-10-09 05:12:17 | DEBUG    | generate_patient_sequence:503 |   Rank 12: IN                   | Prob: 0.000002 | ID: 2444
2025-10-09 05:12:17 | DEBUG    | generate_patient_sequence:503 |   Rank 13:  OR                  | Prob: 0.000001 | ID: 6532
2025-10-09 05:12:17 | DEBUG    | generate_patient_sequence:503 |   Rank 14: <s>                  | Prob: 0.000001 | ID: 0
2025-10-09 05:12:17 | DEBUG    | generate_patient_sequence:503 |   Rank 15: <\v>                 | Prob: 0.000001 | ID: 50266
2025-10-09 05:12:17 | DEBUG    | generate_patient_sequence:503 |   Rank 16:  AS                  | Prob: 0.000001 | ID: 6015
2025-10-09 05:12:17 | DEBUG    | generate_patient_sequence:503 |   Rank 17: 790                  | Prob: 0.000001 | ID: 34504
2025-10-09 05:12:17 | DEBUG    | generate_patient_sequence:503 |   Rank 18: KNOWN                | Prob: 0.000001 | ID: 47300
2025-10-09 05:12:17 | DEBUG    | generate_patient_sequence:503 |   Rank 19: 71                   | Prob: 0.000001 | ID: 5339
2025-10-09 05:12:17 | DEBUG    | generate_patient_sequence:503 |   Rank 20:  E                   | Prob: 0.000001 | ID: 381
2025-10-09 05:12:17 | INFO     | generate_patient_sequence:507 | Starting generation with temp=1.3, top_k=50, max_length=256
2025-10-09 05:12:17 | DEBUG    | generate_patient_sequence:520 | Generated token IDs: [2, 0, 5339, 16536, 274, 28696, 12789, 139, 15698, 2, 50265, 274, 28696, 46128, 139, 15698, 1437, 50265, 2, 5339, 16536, 256, 28696, 12789, 366, 15698, 2, 2, 1437, 50266, 1437, 50267]
2025-10-09 05:12:17 | DEBUG    | generate_patient_sequence:521 | Generated length: 32 tokens
2025-10-09 05:12:17 | INFO     | generate_patient_sequence:529 | Generated token counts - <v>: 2, <\v>: 1, <END>: 1
2025-10-09 05:12:17 | DEBUG    | generate_patient_sequence:537 | Raw generated sequence: </s><s>71 OTHER F <demo></s> <v>  F <DEMo>  <v> </s>71 OTHER M <demos></s></s>  <\v>   <END>
2025-10-09 05:12:17 | INFO     | generate_patient_sequence:540 | Generated sequence (clean): 71 OTHER F <demo> F <DEMo> 71 OTHER M <demos>  
2025-10-09 05:12:17 | INFO     | <module>:663 | 
--- Sample 3/5 ---
2025-10-09 05:12:17 | INFO     | generate_patient_sequence:443 | Generating sequence for prompt: '62 ASIAN M <demo>'
2025-10-09 05:12:17 | DEBUG    | generate_patient_sequence:447 | Prompt token IDs: [0, 5379, 6015, 10296, 256, 28696, 12789, 139, 15698, 2]
2025-10-09 05:12:17 | DEBUG    | generate_patient_sequence:448 | Prompt tokens: ['<s>', '62', ' AS', 'IAN', ' M', ' <', 'dem', 'o', '>', '</s>']
2025-10-09 05:12:17 | DEBUG    | generate_patient_sequence:457 | Special token IDs - <v>: 50265, <\v>: 50266, <END>: 50267, PAD: 1, EOS: 2
2025-10-09 05:12:17 | DEBUG    | generate_patient_sequence:464 | Initial decoder input (with forced <v>): [0, 5379, 6015, 10296, 256, 28696, 12789, 139, 15698, 2, 50265]
2025-10-09 05:12:17 | DEBUG    | generate_patient_sequence:478 | After prompt, probability of <v>: 0.000015
2025-10-09 05:12:17 | DEBUG    | generate_patient_sequence:479 | After prompt, probability of <END>: 0.000007
2025-10-09 05:12:17 | DEBUG    | generate_patient_sequence:480 | After prompt, probability of PAD: 0.000000
2025-10-09 05:12:17 | DEBUG    | generate_patient_sequence:481 | After prompt, probability of EOS: 0.000000
2025-10-09 05:12:17 | DEBUG    | generate_patient_sequence:485 | Top 20 next token predictions after prompt:
2025-10-09 05:12:17 | DEBUG    | generate_patient_sequence:503 |   Rank 1: IAN                  | Prob: 0.988752 | ID: 10296
2025-10-09 05:12:17 | DEBUG    | generate_patient_sequence:503 |   Rank 2:  AS                  | Prob: 0.004510 | ID: 6015
2025-10-09 05:12:17 | DEBUG    | generate_patient_sequence:503 |   Rank 3:  OTHER               | Prob: 0.003673 | ID: 16536
2025-10-09 05:12:17 | DEBUG    | generate_patient_sequence:503 |   Rank 4: IC                   | Prob: 0.000509 | ID: 2371
2025-10-09 05:12:17 | DEBUG    | generate_patient_sequence:503 |   Rank 5:  UN                  | Prob: 0.000263 | ID: 2604
2025-10-09 05:12:17 | DEBUG    | generate_patient_sequence:503 |   Rank 6: IN                   | Prob: 0.000261 | ID: 2444
2025-10-09 05:12:17 | DEBUG    | generate_patient_sequence:503 |   Rank 7:  SPEC                | Prob: 0.000227 | ID: 44921
2025-10-09 05:12:17 | DEBUG    | generate_patient_sequence:503 |   Rank 8: AS                   | Prob: 0.000199 | ID: 2336
2025-10-09 05:12:17 | DEBUG    | generate_patient_sequence:503 |   Rank 9: LIN                  | Prob: 0.000183 | ID: 13748
2025-10-09 05:12:17 | DEBUG    | generate_patient_sequence:503 |   Rank 10:  PAT                 | Prob: 0.000086 | ID: 28284
2025-10-09 05:12:17 | DEBUG    | generate_patient_sequence:503 |   Rank 11:  WHITE               | Prob: 0.000063 | ID: 38503
2025-10-09 05:12:17 | DEBUG    | generate_patient_sequence:503 |   Rank 12:  HIS                 | Prob: 0.000060 | ID: 37350
2025-10-09 05:12:17 | DEBUG    | generate_patient_sequence:503 |   Rank 13: L                    | Prob: 0.000057 | ID: 574
2025-10-09 05:12:17 | DEBUG    | generate_patient_sequence:503 |   Rank 14:  IND                 | Prob: 0.000054 | ID: 12569
2025-10-09 05:12:17 | DEBUG    | generate_patient_sequence:503 |   Rank 15:  AN                  | Prob: 0.000050 | ID: 5102
2025-10-09 05:12:17 | DEBUG    | generate_patient_sequence:503 |   Rank 16: IENT                 | Prob: 0.000034 | ID: 44735
2025-10-09 05:12:17 | DEBUG    | generate_patient_sequence:503 |   Rank 17: AN                   | Prob: 0.000033 | ID: 1889
2025-10-09 05:12:17 | DEBUG    | generate_patient_sequence:503 |   Rank 18: NOT                  | Prob: 0.000033 | ID: 37049
2025-10-09 05:12:17 | DEBUG    | generate_patient_sequence:503 |   Rank 19: SI                   | Prob: 0.000032 | ID: 6850
2025-10-09 05:12:17 | DEBUG    | generate_patient_sequence:503 |   Rank 20: <\v>                 | Prob: 0.000027 | ID: 50266
2025-10-09 05:12:17 | INFO     | generate_patient_sequence:507 | Starting generation with temp=1.3, top_k=50, max_length=256
2025-10-09 05:12:18 | DEBUG    | generate_patient_sequence:520 | Generated token IDs: [2, 0, 5379, 6015, 10296, 256, 28696, 12789, 139, 15698, 2, 50265, 139, 15698, 1437, 50265, 2, 5379, 6015, 2371, 256, 28696, 24658, 139, 15698, 15698, 2, 2, 2, 4280, 15698, 2, 15698, 2, 44921, 36482, 5594, 1646, 1437, 50266, 1437, 50267]
2025-10-09 05:12:18 | DEBUG    | generate_patient_sequence:521 | Generated length: 42 tokens
2025-10-09 05:12:18 | INFO     | generate_patient_sequence:529 | Generated token counts - <v>: 2, <\v>: 1, <END>: 1
2025-10-09 05:12:18 | DEBUG    | generate_patient_sequence:537 | Raw generated sequence: </s><s>62 ASIAN M <demo></s> <v> o>  <v> </s>62 ASIC M <Demo>></s></s></s>66></s>></s> SPECIFIED 60019  <\v>   <END>
2025-10-09 05:12:18 | INFO     | generate_patient_sequence:540 | Generated sequence (clean): 62 ASIAN M <demo>o> 62 ASIC M <Demo>>66>> SPECIFIED 60019  
2025-10-09 05:12:18 | INFO     | <module>:663 | 
--- Sample 4/5 ---
2025-10-09 05:12:18 | INFO     | generate_patient_sequence:443 | Generating sequence for prompt: '39 BLACK M <demo>'
2025-10-09 05:12:18 | DEBUG    | generate_patient_sequence:447 | Prompt token IDs: [0, 3416, 34101, 256, 28696, 12789, 139, 15698, 2]
2025-10-09 05:12:18 | DEBUG    | generate_patient_sequence:448 | Prompt tokens: ['<s>', '39', ' BLACK', ' M', ' <', 'dem', 'o', '>', '</s>']
2025-10-09 05:12:18 | DEBUG    | generate_patient_sequence:457 | Special token IDs - <v>: 50265, <\v>: 50266, <END>: 50267, PAD: 1, EOS: 2
2025-10-09 05:12:18 | DEBUG    | generate_patient_sequence:464 | Initial decoder input (with forced <v>): [0, 3416, 34101, 256, 28696, 12789, 139, 15698, 2, 50265]
2025-10-09 05:12:18 | DEBUG    | generate_patient_sequence:478 | After prompt, probability of <v>: 0.000090
2025-10-09 05:12:18 | DEBUG    | generate_patient_sequence:479 | After prompt, probability of <END>: 0.000048
2025-10-09 05:12:18 | DEBUG    | generate_patient_sequence:480 | After prompt, probability of PAD: 0.000000
2025-10-09 05:12:18 | DEBUG    | generate_patient_sequence:481 | After prompt, probability of EOS: 0.000013
2025-10-09 05:12:18 | DEBUG    | generate_patient_sequence:485 | Top 20 next token predictions after prompt:
2025-10-09 05:12:18 | DEBUG    | generate_patient_sequence:503 |   Rank 1:  BLACK               | Prob: 0.948327 | ID: 34101
2025-10-09 05:12:18 | DEBUG    | generate_patient_sequence:503 |   Rank 2:  WHITE               | Prob: 0.037765 | ID: 38503
2025-10-09 05:12:18 | DEBUG    | generate_patient_sequence:503 |   Rank 3:  OTHER               | Prob: 0.004011 | ID: 16536
2025-10-09 05:12:18 | DEBUG    | generate_patient_sequence:503 |   Rank 4:  M                   | Prob: 0.001495 | ID: 256
2025-10-09 05:12:18 | DEBUG    | generate_patient_sequence:503 |   Rank 5: dem                  | Prob: 0.001335 | ID: 12789
2025-10-09 05:12:18 | DEBUG    | generate_patient_sequence:503 |   Rank 6:  HIS                 | Prob: 0.000906 | ID: 37350
2025-10-09 05:12:18 | DEBUG    | generate_patient_sequence:503 |   Rank 7: <\v>                 | Prob: 0.000233 | ID: 50266
2025-10-09 05:12:18 | DEBUG    | generate_patient_sequence:503 |   Rank 8: LIN                  | Prob: 0.000202 | ID: 13748
2025-10-09 05:12:18 | DEBUG    | generate_patient_sequence:503 |   Rank 9:  UN                  | Prob: 0.000197 | ID: 2604
2025-10-09 05:12:18 | DEBUG    | generate_patient_sequence:503 |   Rank 10: <s>                  | Prob: 0.000155 | ID: 0
2025-10-09 05:12:18 | DEBUG    | generate_patient_sequence:503 |   Rank 11:                      | Prob: 0.000154 | ID: 1437
2025-10-09 05:12:18 | DEBUG    | generate_patient_sequence:503 |   Rank 12: IC                   | Prob: 0.000152 | ID: 2371
2025-10-09 05:12:18 | DEBUG    | generate_patient_sequence:503 |   Rank 13:  SPEC                | Prob: 0.000139 | ID: 44921
2025-10-09 05:12:18 | DEBUG    | generate_patient_sequence:503 |   Rank 14: IN                   | Prob: 0.000135 | ID: 2444
2025-10-09 05:12:18 | DEBUG    | generate_patient_sequence:503 |   Rank 15:  AN                  | Prob: 0.000126 | ID: 5102
2025-10-09 05:12:18 | DEBUG    | generate_patient_sequence:503 |   Rank 16: IAN                  | Prob: 0.000117 | ID: 10296
2025-10-09 05:12:18 | DEBUG    | generate_patient_sequence:503 |   Rank 17:  Powerful            | Prob: 0.000113 | ID: 35686
2025-10-09 05:12:18 | DEBUG    | generate_patient_sequence:503 |   Rank 18:  E                   | Prob: 0.000108 | ID: 381
2025-10-09 05:12:18 | DEBUG    | generate_patient_sequence:503 |   Rank 19: AF                   | Prob: 0.000103 | ID: 8573
2025-10-09 05:12:18 | DEBUG    | generate_patient_sequence:503 |   Rank 20:  CLASS               | Prob: 0.000099 | ID: 33575
2025-10-09 05:12:18 | INFO     | generate_patient_sequence:507 | Starting generation with temp=1.3, top_k=50, max_length=256
2025-10-09 05:12:18 | DEBUG    | generate_patient_sequence:520 | Generated token IDs: [2, 0, 3416, 34101, 256, 28696, 12789, 139, 15698, 2, 50265, 195, 3416, 34101, 38503, 256, 28696, 46128, 139, 15698, 1437, 50265, 2, 3416, 34101, 73, 37049, 2, 2, 4156, 7571, 139, 15698, 15698, 2, 44921, 36482, 73, 37049, 44921, 30535, 15698, 1437, 50266, 1437, 50267]
2025-10-09 05:12:18 | DEBUG    | generate_patient_sequence:521 | Generated length: 46 tokens
2025-10-09 05:12:18 | INFO     | generate_patient_sequence:529 | Generated token counts - <v>: 2, <\v>: 1, <END>: 1
2025-10-09 05:12:18 | DEBUG    | generate_patient_sequence:537 | Raw generated sequence: </s><s>39 BLACK M <demo></s> <v>  539 BLACK WHITE M <DEMo>  <v> </s>39 BLACK/NOT</s></s>59 1960o>></s> SPECIFIED/NOT SPECINO>  <\v>   <END>
2025-10-09 05:12:18 | INFO     | generate_patient_sequence:540 | Generated sequence (clean): 39 BLACK M <demo> 539 BLACK WHITE M <DEMo> 39 BLACK/NOT59 1960o>> SPECIFIED/NOT SPECINO>  
2025-10-09 05:12:18 | INFO     | <module>:663 | 
--- Sample 5/5 ---
2025-10-09 05:12:18 | INFO     | generate_patient_sequence:443 | Generating sequence for prompt: '30 UNKNOWN/NOT SPECIFIED M <demo>'
2025-10-09 05:12:18 | DEBUG    | generate_patient_sequence:447 | Prompt token IDs: [0, 541, 2604, 47300, 73, 37049, 44921, 36482, 256, 28696, 12789, 139, 15698, 2]
2025-10-09 05:12:18 | DEBUG    | generate_patient_sequence:448 | Prompt tokens: ['<s>', '30', ' UN', 'KNOWN', '/', 'NOT', ' SPEC', 'IFIED', ' M', ' <', 'dem', 'o', '>', '</s>']
2025-10-09 05:12:18 | DEBUG    | generate_patient_sequence:457 | Special token IDs - <v>: 50265, <\v>: 50266, <END>: 50267, PAD: 1, EOS: 2
2025-10-09 05:12:18 | DEBUG    | generate_patient_sequence:464 | Initial decoder input (with forced <v>): [0, 541, 2604, 47300, 73, 37049, 44921, 36482, 256, 28696, 12789, 139, 15698, 2, 50265]
2025-10-09 05:12:18 | DEBUG    | generate_patient_sequence:478 | After prompt, probability of <v>: 0.000564
2025-10-09 05:12:18 | DEBUG    | generate_patient_sequence:479 | After prompt, probability of <END>: 0.000438
2025-10-09 05:12:18 | DEBUG    | generate_patient_sequence:480 | After prompt, probability of PAD: 0.000000
2025-10-09 05:12:18 | DEBUG    | generate_patient_sequence:481 | After prompt, probability of EOS: 0.001324
2025-10-09 05:12:18 | DEBUG    | generate_patient_sequence:485 | Top 20 next token predictions after prompt:
2025-10-09 05:12:18 | DEBUG    | generate_patient_sequence:503 |   Rank 1: o                    | Prob: 0.785051 | ID: 139
2025-10-09 05:12:18 | DEBUG    | generate_patient_sequence:503 |   Rank 2: dem                  | Prob: 0.159081 | ID: 12789
2025-10-09 05:12:18 | DEBUG    | generate_patient_sequence:503 |   Rank 3:  M                   | Prob: 0.015446 | ID: 256
2025-10-09 05:12:18 | DEBUG    | generate_patient_sequence:503 |   Rank 4: >                    | Prob: 0.002909 | ID: 15698
2025-10-09 05:12:18 | DEBUG    | generate_patient_sequence:503 |   Rank 5:  F                   | Prob: 0.002262 | ID: 274
2025-10-09 05:12:18 | DEBUG    | generate_patient_sequence:503 |   Rank 6:  UN                  | Prob: 0.001622 | ID: 2604
2025-10-09 05:12:18 | DEBUG    | generate_patient_sequence:503 |   Rank 7: IFIED                | Prob: 0.001503 | ID: 36482
2025-10-09 05:12:18 | DEBUG    | generate_patient_sequence:503 |   Rank 8:  5                   | Prob: 0.001421 | ID: 195
2025-10-09 05:12:18 | DEBUG    | generate_patient_sequence:503 |   Rank 9: <EOS>                | Prob: 0.001324 | ID: 2
2025-10-09 05:12:18 | DEBUG    | generate_patient_sequence:503 |   Rank 10: 40                   | Prob: 0.001157 | ID: 1749
2025-10-09 05:12:18 | DEBUG    | generate_patient_sequence:503 |   Rank 11: 42                   | Prob: 0.000707 | ID: 3714
2025-10-09 05:12:18 | DEBUG    | generate_patient_sequence:503 |   Rank 12:  0                   | Prob: 0.000690 | ID: 321
2025-10-09 05:12:18 | DEBUG    | generate_patient_sequence:503 |   Rank 13: 3                    | Prob: 0.000676 | ID: 246
2025-10-09 05:12:18 | DEBUG    | generate_patient_sequence:503 |   Rank 14: 49                   | Prob: 0.000667 | ID: 3414
2025-10-09 05:12:18 | DEBUG    | generate_patient_sequence:503 |   Rank 15: 9                    | Prob: 0.000610 | ID: 466
2025-10-09 05:12:18 | DEBUG    | generate_patient_sequence:503 |   Rank 16: <v>                  | Prob: 0.000564 | ID: 50265
2025-10-09 05:12:18 | DEBUG    | generate_patient_sequence:503 |   Rank 17: <\v>                 | Prob: 0.000551 | ID: 50266
2025-10-09 05:12:18 | DEBUG    | generate_patient_sequence:503 |   Rank 18:  <                   | Prob: 0.000521 | ID: 28696
2025-10-09 05:12:18 | DEBUG    | generate_patient_sequence:503 |   Rank 19: KNOWN                | Prob: 0.000519 | ID: 47300
2025-10-09 05:12:18 | DEBUG    | generate_patient_sequence:503 |   Rank 20: 2                    | Prob: 0.000517 | ID: 176
2025-10-09 05:12:18 | INFO     | generate_patient_sequence:507 | Starting generation with temp=1.3, top_k=50, max_length=256
2025-10-09 05:12:18 | DEBUG    | generate_patient_sequence:520 | Generated token IDs: [2, 0, 541, 2604, 47300, 73, 37049, 44921, 36482, 256, 28696, 12789, 139, 15698, 2, 50265, 139, 15698, 1437, 50267]
2025-10-09 05:12:18 | DEBUG    | generate_patient_sequence:521 | Generated length: 20 tokens
2025-10-09 05:12:18 | INFO     | generate_patient_sequence:529 | Generated token counts - <v>: 1, <\v>: 0, <END>: 1
2025-10-09 05:12:18 | DEBUG    | generate_patient_sequence:537 | Raw generated sequence: </s><s>30 UNKNOWN/NOT SPECIFIED M <demo></s> <v> o>  <END>
2025-10-09 05:12:18 | INFO     | generate_patient_sequence:540 | Generated sequence (clean): 30 UNKNOWN/NOT SPECIFIED M <demo>o> 
2025-10-09 05:12:18 | INFO     | <module>:677 | === Training and generation complete ===
