Job ID: 5183035
Job Name: ehr_lr0.0002_temp1.5_k50
Node: ccc0389
CUDA_VISIBLE_DEVICES: 0
Start Time: Thu Oct  9 05:12:26 CDT 2025
Working Directory: /u/jalenj4/pehr_scratch
Thu Oct  9 05:12:26 2025       
+-----------------------------------------------------------------------------------------+
| NVIDIA-SMI 575.57.08              Driver Version: 575.57.08      CUDA Version: 12.9     |
|-----------------------------------------+------------------------+----------------------+
| GPU  Name                 Persistence-M | Bus-Id          Disp.A | Volatile Uncorr. ECC |
| Fan  Temp   Perf          Pwr:Usage/Cap |           Memory-Usage | GPU-Util  Compute M. |
|                                         |                        |               MIG M. |
|=========================================+========================+======================|
|   0  NVIDIA A100-SXM4-80GB          Off |   00000000:01:00.0 Off |                    0 |
| N/A   42C    P0             69W /  500W |       0MiB /  81920MiB |      0%      Default |
|                                         |                        |             Disabled |
+-----------------------------------------+------------------------+----------------------+
                                                                                         
+-----------------------------------------------------------------------------------------+
| Processes:                                                                              |
|  GPU   GI   CI              PID   Type   Process name                        GPU Memory |
|        ID   ID                                                               Usage      |
|=========================================================================================|
|  No running processes found                                                             |
+-----------------------------------------------------------------------------------------+
Parameters:
  NUM_PATIENTS: 3000
  BATCH_SIZE: 16
  NUM_EPOCHS: 30
  LEARNING_RATE: 0.0002
  GENERATION_TEMP: 1.5
  TOP_K: 50
INFO: === EHR Generation Training Started ===
INFO: Configuration: {'model_name': 'facebook/bart-base', 'num_patients': 3000, 'max_seq_length': 256, 'batch_size': 16, 'num_epochs': 30, 'learning_rate': 0.0002, 'generation_temp': 1.5, 'generation_max_length': 256, 'num_warmup_steps': 0, 'top_k': 50, 'data_dir': 'data_files', 'mimic_paths': {'patients_path': 'data_files/PATIENTS.csv', 'admissions_path': 'data_files/ADMISSIONS.csv', 'diagnoses_path': 'data_files/DIAGNOSES_ICD.csv'}}
INFO: Using device: cuda
INFO: Loading pretrained BART model: facebook/bart-base
INFO: Added 3 special tokens: <v>, <\v>, <END>
INFO: Resized model embeddings to 50268 tokens
INFO: Loading MIMIC-III data files
INFO: Loaded 46520 patients
INFO: Loaded 58976 admissions
INFO: Loaded 651047 diagnosis records
INFO: Data processing complete. Formatting sequences...
INFO: Sequence formatting complete. Generated 3000 patient sequences
INFO: Average visits per patient: 1.27
INFO: Average tokens per sequence: 19.69
INFO: Sample patient sequences:
INFO: Sample 1: 0 ASIAN M <demo> <v> V3000 77989 7441 V053 V290 V180 <\v> <END>...
INFO: Sample 2: 72 UNKNOWN/NOT SPECIFIED M <demo> <v> 43330 4241 4019 41401 25000 V4581 <\v> <END>...
INFO: Sample 3: 0 WHITE F <demo> <v> V3000 V293 V053 <\v> <END>...
INFO: Sample 4: 82 UNKNOWN/NOT SPECIFIED F <demo> <v> 1983 1991 9971 41071 4010 5121 4280 48230 5990 51881 7866 27651 496 5070 2536 V1082 2859 2724 V1582 <\v> <END>...
INFO: Sample 5: 48 BLACK/AFRICAN AMERICAN F <demo> <v> 49301 4019 4739 53081 <\v> <END>...
INFO: Created dataset with 3000 samples, 188 batches
INFO: Optimizer: AdamW with lr=0.0002
INFO: Scheduler: linear with 0 warmup steps
INFO: Starting model training for 30 epochs
INFO: Training steps: 5640
INFO: Device: cuda
INFO: Epoch 1/30 completed | Avg Loss: 0.4966
INFO: Epoch 2/30 completed | Avg Loss: 0.0260
INFO: Epoch 3/30 completed | Avg Loss: 0.0243
INFO: Epoch 4/30 completed | Avg Loss: 0.0217
INFO: Epoch 5/30 completed | Avg Loss: 0.0174
INFO: Epoch 6/30 completed | Avg Loss: 0.0198
INFO: Epoch 7/30 completed | Avg Loss: 0.0136
INFO: Epoch 8/30 completed | Avg Loss: 0.0095
INFO: Epoch 9/30 completed | Avg Loss: 0.0097
INFO: Epoch 10/30 completed | Avg Loss: 0.0118
INFO: Epoch 11/30 completed | Avg Loss: 0.0149
INFO: Epoch 12/30 completed | Avg Loss: 0.0118
INFO: Epoch 13/30 completed | Avg Loss: 0.0060
INFO: Epoch 14/30 completed | Avg Loss: 0.0087
INFO: Epoch 15/30 completed | Avg Loss: 0.0182
INFO: Epoch 16/30 completed | Avg Loss: 0.0059
INFO: Epoch 17/30 completed | Avg Loss: 0.0047
INFO: Epoch 18/30 completed | Avg Loss: 0.0040
INFO: Epoch 19/30 completed | Avg Loss: 0.0032
INFO: Epoch 20/30 completed | Avg Loss: 0.0021
INFO: Epoch 21/30 completed | Avg Loss: 0.0022
INFO: Epoch 22/30 completed | Avg Loss: 0.0012
INFO: Epoch 23/30 completed | Avg Loss: 0.0019
INFO: Epoch 24/30 completed | Avg Loss: 0.0016
INFO: Epoch 25/30 completed | Avg Loss: 0.0018
INFO: Epoch 26/30 completed | Avg Loss: 0.0004
INFO: Epoch 27/30 completed | Avg Loss: 0.0010
INFO: Epoch 28/30 completed | Avg Loss: 0.0006
INFO: Epoch 29/30 completed | Avg Loss: 0.0008
INFO: Epoch 30/30 completed | Avg Loss: 0.0009
INFO: Training complete
INFO: Final average loss: 0.0009
INFO: === Generating synthetic patient data ===
INFO: 
--- Sample 1/5 ---
INFO: Generating sequence for prompt: '60 WHITE M <demo>'
INFO: Starting generation with temp=1.5, top_k=50, max_length=256
INFO: Generated token counts - <v>: 2, <\v>: 1, <END>: 1
INFO: Generated sequence (clean): 60 WHITE M <demo>60 WHITE F <DEMo> 6060 CHIAN  
INFO: 
--- Sample 2/5 ---
INFO: Generating sequence for prompt: '26 WHITE F <demo>'
INFO: Starting generation with temp=1.5, top_k=50, max_length=256
INFO: Generated token counts - <v>: 1, <\v>: 0, <END>: 1
INFO: Generated sequence (clean): 26 WHITE F <demo>26 WHITE CH <demothe> 
INFO: 
--- Sample 3/5 ---
INFO: Generating sequence for prompt: '59 ASIAN F <demo>'
INFO: Starting generation with temp=1.5, top_k=50, max_length=256
INFO: Generated token counts - <v>: 2, <\v>: 0, <END>: 1
INFO: Generated sequence (clean): 59 ASIAN F <demo> 59 ASIAN AMERICAN>59 ASIC F <DEMo> 59 ORICINO> 
INFO: 
--- Sample 4/5 ---
INFO: Generating sequence for prompt: '38 OTHER F <demo>'
INFO: Starting generation with temp=1.5, top_k=50, max_length=256
INFO: Generated token counts - <v>: 1, <\v>: 0, <END>: 1
INFO: Generated sequence (clean): 38 OTHER F <demo>38 OTHERF <demothe> 
INFO: 
--- Sample 5/5 ---
INFO: Generating sequence for prompt: '45 ASIAN F <demo>'
INFO: Starting generation with temp=1.5, top_k=50, max_length=256
INFO: Generated token counts - <v>: 2, <\v>: 1, <END>: 1
INFO: Generated sequence (clean): 45 ASIAN F <demo>>45 ASAS F <DEMo> 00 45 ASIAN  
INFO: === Training and generation complete ===
End Time: Thu Oct  9 05:35:58 CDT 2025
Exit Code: 0
