Job ID: 5183014
Job Name: ehr_lr0.0001_temp1.3_k50
Node: ccc0388
CUDA_VISIBLE_DEVICES: 0
Start Time: Thu Oct  9 03:14:22 CDT 2025
Working Directory: /u/jalenj4/pehr_scratch
Thu Oct  9 03:14:22 2025       
+-----------------------------------------------------------------------------------------+
| NVIDIA-SMI 580.95.05              Driver Version: 580.95.05      CUDA Version: 13.0     |
+-----------------------------------------+------------------------+----------------------+
| GPU  Name                 Persistence-M | Bus-Id          Disp.A | Volatile Uncorr. ECC |
| Fan  Temp   Perf          Pwr:Usage/Cap |           Memory-Usage | GPU-Util  Compute M. |
|                                         |                        |               MIG M. |
|=========================================+========================+======================|
|   0  NVIDIA A100-SXM4-80GB          On  |   00000000:C1:00.0 Off |                    0 |
| N/A   35C    P0             60W /  500W |       0MiB /  81920MiB |      0%      Default |
|                                         |                        |             Disabled |
+-----------------------------------------+------------------------+----------------------+

+-----------------------------------------------------------------------------------------+
| Processes:                                                                              |
|  GPU   GI   CI              PID   Type   Process name                        GPU Memory |
|        ID   ID                                                               Usage      |
|=========================================================================================|
|  No running processes found                                                             |
+-----------------------------------------------------------------------------------------+
Parameters:
  NUM_PATIENTS: 3000
  BATCH_SIZE: 16
  NUM_EPOCHS: 30
  LEARNING_RATE: 0.0001
  GENERATION_TEMP: 1.3
  TOP_K: 50
INFO: === EHR Generation Training Started ===
INFO: Configuration: {'model_name': 'facebook/bart-base', 'num_patients': 3000, 'max_seq_length': 256, 'batch_size': 16, 'num_epochs': 30, 'learning_rate': 0.0001, 'generation_temp': 1.3, 'generation_max_length': 256, 'num_warmup_steps': 0, 'top_k': 50, 'data_dir': 'data_files', 'mimic_paths': {'patients_path': 'data_files/PATIENTS.csv', 'admissions_path': 'data_files/ADMISSIONS.csv', 'diagnoses_path': 'data_files/DIAGNOSES_ICD.csv'}}
INFO: Using device: cuda
INFO: Loading pretrained BART model: facebook/bart-base
INFO: Added 3 special tokens: <v>, <\v>, <END>
INFO: Resized model embeddings to 50268 tokens
INFO: Loading MIMIC-III data files
INFO: Loaded 46520 patients
INFO: Loaded 58976 admissions
INFO: Loaded 651047 diagnosis records
INFO: Data processing complete. Formatting sequences...
INFO: Sequence formatting complete. Generated 3000 patient sequences
INFO: Average visits per patient: 1.27
INFO: Average tokens per sequence: 19.69
INFO: Sample patient sequences:
INFO: Sample 1: 78 WHITE M <demo> <v> 41011 41401 51882 78551 5849 486 5990 496 25000 <\v> <END>...
INFO: Sample 2: 75 UNKNOWN/NOT SPECIFIED M <demo> <v> 41401 4139 9971 42731 53081 V1046 4019 2720 27800 <\v> <END>...
INFO: Sample 3: 61 WHITE M <demo> <v> 1882 9971 4928 2851 5859 42789 32723 53081 2384 <\v> <END>...
INFO: Sample 4: 0 WHITE M <demo> <v> V3101 76518 76528 V290 7706 V053 <\v> <END>...
INFO: Sample 5: 44 UNKNOWN/NOT SPECIFIED F <demo> <v> 7213 5070 9973 72210 4240 <\v> <END>...
INFO: Created dataset with 3000 samples, 188 batches
INFO: Optimizer: AdamW with lr=0.0001
INFO: Scheduler: linear with 0 warmup steps
INFO: Starting model training for 30 epochs
INFO: Training steps: 5640
INFO: Device: cuda
INFO: Epoch 1/30 completed | Avg Loss: 0.4888
INFO: Epoch 2/30 completed | Avg Loss: 0.0451
INFO: Epoch 3/30 completed | Avg Loss: 0.0500
INFO: Epoch 4/30 completed | Avg Loss: 0.0349
INFO: Epoch 5/30 completed | Avg Loss: 0.0244
INFO: Epoch 6/30 completed | Avg Loss: 0.0057
INFO: Epoch 7/30 completed | Avg Loss: 0.0053
INFO: Epoch 8/30 completed | Avg Loss: 0.0029
INFO: Epoch 9/30 completed | Avg Loss: 0.0072
INFO: Epoch 10/30 completed | Avg Loss: 0.0049
INFO: Epoch 11/30 completed | Avg Loss: 0.0035
INFO: Epoch 12/30 completed | Avg Loss: 0.0025
INFO: Epoch 13/30 completed | Avg Loss: 0.0042
INFO: Epoch 14/30 completed | Avg Loss: 0.0054
INFO: Epoch 15/30 completed | Avg Loss: 0.0018
INFO: Epoch 16/30 completed | Avg Loss: 0.0043
INFO: Epoch 17/30 completed | Avg Loss: 0.0029
INFO: Epoch 18/30 completed | Avg Loss: 0.0033
INFO: Epoch 19/30 completed | Avg Loss: 0.0015
INFO: Epoch 20/30 completed | Avg Loss: 0.0014
INFO: Epoch 21/30 completed | Avg Loss: 0.0009
INFO: Epoch 22/30 completed | Avg Loss: 0.0009
INFO: Epoch 23/30 completed | Avg Loss: 0.0013
INFO: Epoch 24/30 completed | Avg Loss: 0.0015
INFO: Epoch 25/30 completed | Avg Loss: 0.0016
INFO: Epoch 26/30 completed | Avg Loss: 0.0017
INFO: Epoch 27/30 completed | Avg Loss: 0.0007
INFO: Epoch 28/30 completed | Avg Loss: 0.0010
INFO: Epoch 29/30 completed | Avg Loss: 0.0009
INFO: Epoch 30/30 completed | Avg Loss: 0.0008
INFO: Training complete
INFO: Final average loss: 0.0008
INFO: === Generating synthetic patient data ===
INFO: 
--- Sample 1/5 ---
INFO: Generating sequence for prompt: '34 UNABLE TO OBTAIN F <demo>'
INFO: Starting generation with temp=1.3, top_k=50, max_length=256
INFO: Generated token counts - <v>: 1, <\v>: 0, <END>: 1
INFO: Generated sequence (clean): 34 UNABLE TO OBTAIN F <demo>
INFO: 
--- Sample 2/5 ---
INFO: Generating sequence for prompt: '63 WHITE M <demo>'
INFO: Starting generation with temp=1.3, top_k=50, max_length=256
INFO: Generated token counts - <v>: 1, <\v>: 0, <END>: 1
INFO: Generated sequence (clean): 63 WHITE M <demo>63 WHITE E <Demo> 
INFO: 
--- Sample 3/5 ---
INFO: Generating sequence for prompt: '52 BLACK F <demo>'
INFO: Starting generation with temp=1.3, top_k=50, max_length=256
INFO: Generated token counts - <v>: 1, <\v>: 0, <END>: 1
INFO: Generated sequence (clean): 52 BLACK F <demo>52 WHITE F <Demo> 
INFO: 
--- Sample 4/5 ---
INFO: Generating sequence for prompt: '68 WHITE M <demo>'
INFO: Starting generation with temp=1.3, top_k=50, max_length=256
INFO: Generated token counts - <v>: 2, <\v>: 0, <END>: 1
INFO: Generated sequence (clean): 68 WHITE M <demo>68 BLACK M <Demo> 
INFO: 
--- Sample 5/5 ---
INFO: Generating sequence for prompt: '67 BLACK M <demo>'
INFO: Starting generation with temp=1.3, top_k=50, max_length=256
INFO: Generated token counts - <v>: 1, <\v>: 0, <END>: 1
INFO: Generated sequence (clean): 67 BLACK M <demo>67 WHITE M <Demo> 
INFO: === Training and generation complete ===
End Time: Thu Oct  9 03:37:53 CDT 2025
Exit Code: 0
