2025-10-09 04:25:15 | INFO     | <module>:562 | === EHR Generation Training Started ===
2025-10-09 04:25:15 | INFO     | <module>:583 | Configuration: {'model_name': 'facebook/bart-base', 'num_patients': 3000, 'max_seq_length': 256, 'batch_size': 16, 'num_epochs': 30, 'learning_rate': 0.0002, 'generation_temp': 1.0, 'generation_max_length': 256, 'num_warmup_steps': 0, 'top_k': 30, 'data_dir': 'data_files', 'mimic_paths': {'patients_path': 'data_files/PATIENTS.csv', 'admissions_path': 'data_files/ADMISSIONS.csv', 'diagnoses_path': 'data_files/DIAGNOSES_ICD.csv'}}
2025-10-09 04:25:16 | INFO     | <module>:587 | Using device: cuda
2025-10-09 04:25:16 | INFO     | <module>:590 | Loading pretrained BART model: facebook/bart-base
2025-10-09 04:25:16 | INFO     | <module>:599 | Added 3 special tokens: <v>, <\v>, <END>
2025-10-09 04:25:17 | INFO     | <module>:603 | Resized model embeddings to 50268 tokens
2025-10-09 04:25:17 | DEBUG    | <module>:606 | Token ID for <v>: 50265
2025-10-09 04:25:17 | DEBUG    | <module>:607 | Token ID for <\v>: 50266
2025-10-09 04:25:17 | DEBUG    | <module>:608 | Token ID for <END>: 50267
2025-10-09 04:25:17 | INFO     | load_and_format_mimic_data:147 | Loading MIMIC-III data files
2025-10-09 04:25:17 | DEBUG    | load_and_format_mimic_data:148 | Patients: data_files/PATIENTS.csv
2025-10-09 04:25:17 | DEBUG    | load_and_format_mimic_data:149 | Admissions: data_files/ADMISSIONS.csv
2025-10-09 04:25:17 | DEBUG    | load_and_format_mimic_data:150 | Diagnoses: data_files/DIAGNOSES_ICD.csv
2025-10-09 04:25:17 | INFO     | load_and_format_mimic_data:155 | Loaded 46520 patients
2025-10-09 04:25:17 | INFO     | load_and_format_mimic_data:158 | Loaded 58976 admissions
2025-10-09 04:25:17 | INFO     | load_and_format_mimic_data:161 | Loaded 651047 diagnosis records
2025-10-09 04:25:17 | INFO     | load_and_format_mimic_data:219 | Data processing complete. Formatting sequences...
2025-10-09 04:25:20 | INFO     | load_and_format_mimic_data:258 | Sequence formatting complete. Generated 3000 patient sequences
2025-10-09 04:25:20 | DEBUG    | load_and_format_mimic_data:262 | Sample sequence: 0 ASIAN M <demo> <v> V3001 V053 V290 <\v> <END>...
2025-10-09 04:25:20 | INFO     | load_and_format_mimic_data:267 | Average visits per patient: 1.27
2025-10-09 04:25:20 | INFO     | load_and_format_mimic_data:268 | Average tokens per sequence: 19.69
2025-10-09 04:25:20 | INFO     | <module>:622 | Sample patient sequences:
2025-10-09 04:25:20 | INFO     | <module>:624 | Sample 1: 78 UNKNOWN/NOT SPECIFIED M <demo> <v> 4280 4240 42731 99811 9972 4423 E8790 25000 60000 <\v> <END>...
2025-10-09 04:25:20 | INFO     | <module>:624 | Sample 2: 68 OTHER M <demo> <v> 1911 78039 4019 2720 <\v> <END>...
2025-10-09 04:25:20 | INFO     | <module>:624 | Sample 3: 59 UNKNOWN/NOT SPECIFIED M <demo> <v> 53240 9993 6823 7907 42731 44284 2740 6930 4019 <\v> <END>...
2025-10-09 04:25:20 | INFO     | <module>:624 | Sample 4: 82 WHITE M <demo> <v> 03811 44024 70715 6826 486 4280 5990 496 99591 <\v> <END>...
2025-10-09 04:25:20 | INFO     | <module>:624 | Sample 5: 71 HISPANIC OR LATINO M <demo> <v> 9729 5859 42789 7802 2720 4019 E8583 2449 42769 60000 49390 <\v> <END>...
2025-10-09 04:25:20 | DEBUG    | __init__:294 | First sequence length: 24 tokens
2025-10-09 04:25:20 | DEBUG    | __init__:295 | Pad token ID: 1
2025-10-09 04:25:20 | INFO     | <module>:628 | Created dataset with 3000 samples, 188 batches
2025-10-09 04:25:20 | INFO     | <module>:639 | Optimizer: AdamW with lr=0.0002
2025-10-09 04:25:20 | INFO     | <module>:640 | Scheduler: linear with 0 warmup steps
2025-10-09 04:25:20 | INFO     | train_model:351 | Starting model training for 30 epochs
2025-10-09 04:25:20 | INFO     | train_model:352 | Training steps: 5640
2025-10-09 04:25:20 | INFO     | train_model:353 | Device: cuda
2025-10-09 04:25:20 | DEBUG    | train_model:372 | First batch input_ids shape: torch.Size([16, 256])
2025-10-09 04:25:20 | DEBUG    | train_model:373 | First batch labels shape: torch.Size([16, 256])
2025-10-09 04:25:20 | DEBUG    | train_model:374 | First batch attention_mask shape: torch.Size([16, 256])
2025-10-09 04:25:20 | DEBUG    | train_model:375 | Initial loss: 2.6545
2025-10-09 04:25:20 | DEBUG    | train_model:382 | Special tokens in first batch: {'pad': 3365, 'masked_labels': 3365}
2025-10-09 04:26:07 | INFO     | train_model:401 | Epoch 1/30 completed | Avg Loss: 0.4751
2025-10-09 04:26:53 | INFO     | train_model:401 | Epoch 2/30 completed | Avg Loss: 0.0597
2025-10-09 04:27:40 | INFO     | train_model:401 | Epoch 3/30 completed | Avg Loss: 0.0190
2025-10-09 04:28:26 | INFO     | train_model:401 | Epoch 4/30 completed | Avg Loss: 0.0196
2025-10-09 04:29:13 | INFO     | train_model:401 | Epoch 5/30 completed | Avg Loss: 0.0265
2025-10-09 04:29:59 | INFO     | train_model:401 | Epoch 6/30 completed | Avg Loss: 0.0281
2025-10-09 04:30:46 | INFO     | train_model:401 | Epoch 7/30 completed | Avg Loss: 0.0555
2025-10-09 04:31:32 | INFO     | train_model:401 | Epoch 8/30 completed | Avg Loss: 0.0412
2025-10-09 04:32:19 | INFO     | train_model:401 | Epoch 9/30 completed | Avg Loss: 0.0120
2025-10-09 04:33:05 | INFO     | train_model:401 | Epoch 10/30 completed | Avg Loss: 0.0105
2025-10-09 04:33:52 | INFO     | train_model:401 | Epoch 11/30 completed | Avg Loss: 0.0089
2025-10-09 04:34:38 | INFO     | train_model:401 | Epoch 12/30 completed | Avg Loss: 0.0239
2025-10-09 04:35:25 | INFO     | train_model:401 | Epoch 13/30 completed | Avg Loss: 0.0134
2025-10-09 04:36:12 | INFO     | train_model:401 | Epoch 14/30 completed | Avg Loss: 0.0050
2025-10-09 04:36:58 | INFO     | train_model:401 | Epoch 15/30 completed | Avg Loss: 0.0041
2025-10-09 04:37:45 | INFO     | train_model:401 | Epoch 16/30 completed | Avg Loss: 0.0033
2025-10-09 04:38:31 | INFO     | train_model:401 | Epoch 17/30 completed | Avg Loss: 0.0034
2025-10-09 04:39:18 | INFO     | train_model:401 | Epoch 18/30 completed | Avg Loss: 0.0031
2025-10-09 04:40:04 | INFO     | train_model:401 | Epoch 19/30 completed | Avg Loss: 0.0021
2025-10-09 04:40:51 | INFO     | train_model:401 | Epoch 20/30 completed | Avg Loss: 0.0020
2025-10-09 04:41:37 | INFO     | train_model:401 | Epoch 21/30 completed | Avg Loss: 0.0014
2025-10-09 04:42:24 | INFO     | train_model:401 | Epoch 22/30 completed | Avg Loss: 0.0028
2025-10-09 04:43:10 | INFO     | train_model:401 | Epoch 23/30 completed | Avg Loss: 0.0018
2025-10-09 04:43:57 | INFO     | train_model:401 | Epoch 24/30 completed | Avg Loss: 0.0009
2025-10-09 04:44:43 | INFO     | train_model:401 | Epoch 25/30 completed | Avg Loss: 0.0007
2025-10-09 04:45:30 | INFO     | train_model:401 | Epoch 26/30 completed | Avg Loss: 0.0011
2025-10-09 04:46:16 | INFO     | train_model:401 | Epoch 27/30 completed | Avg Loss: 0.0009
2025-10-09 04:47:03 | INFO     | train_model:401 | Epoch 28/30 completed | Avg Loss: 0.0008
2025-10-09 04:47:49 | INFO     | train_model:401 | Epoch 29/30 completed | Avg Loss: 0.0006
2025-10-09 04:48:36 | INFO     | train_model:401 | Epoch 30/30 completed | Avg Loss: 0.0011
2025-10-09 04:48:36 | INFO     | train_model:403 | Training complete
2025-10-09 04:48:36 | INFO     | train_model:404 | Final average loss: 0.0011
2025-10-09 04:48:36 | DEBUG    | train_model:405 | Loss history: [0.475124027510669, 0.059715997635144145, 0.018991799522290364, 0.019558489814021703, 0.026507235543791235, 0.028056984105515246, 0.05548168015338114, 0.04124864947268779, 0.012033084954229244, 0.010488684390711182, 0.008944427700895331, 0.023937737670302283, 0.013398725861523107, 0.005003343356254342, 0.004106333840877112, 0.003321910199914821, 0.0034093303282598424, 0.0030571078908557883, 0.0020688736553022458, 0.0020030072071560733, 0.0014339979042369065, 0.0027662303939305663, 0.0018060719359051832, 0.0008573423742068661, 0.0006715624571989656, 0.0011223344659385397, 0.0008590174869571824, 0.0007755944072820793, 0.0006413202663776595, 0.0010575111423253127]
2025-10-09 04:48:36 | INFO     | <module>:654 | === Generating synthetic patient data ===
2025-10-09 04:48:36 | INFO     | <module>:663 | 
--- Sample 1/5 ---
2025-10-09 04:48:36 | INFO     | generate_patient_sequence:443 | Generating sequence for prompt: '40 OTHER F <demo>'
2025-10-09 04:48:36 | DEBUG    | generate_patient_sequence:447 | Prompt token IDs: [0, 1749, 16536, 274, 28696, 12789, 139, 15698, 2]
2025-10-09 04:48:36 | DEBUG    | generate_patient_sequence:448 | Prompt tokens: ['<s>', '40', ' OTHER', ' F', ' <', 'dem', 'o', '>', '</s>']
2025-10-09 04:48:36 | DEBUG    | generate_patient_sequence:457 | Special token IDs - <v>: 50265, <\v>: 50266, <END>: 50267, PAD: 1, EOS: 2
2025-10-09 04:48:36 | DEBUG    | generate_patient_sequence:464 | Initial decoder input (with forced <v>): [0, 1749, 16536, 274, 28696, 12789, 139, 15698, 2, 50265]
2025-10-09 04:48:36 | DEBUG    | generate_patient_sequence:478 | After prompt, probability of <v>: 0.000332
2025-10-09 04:48:36 | DEBUG    | generate_patient_sequence:479 | After prompt, probability of <END>: 0.000078
2025-10-09 04:48:36 | DEBUG    | generate_patient_sequence:480 | After prompt, probability of PAD: 0.000000
2025-10-09 04:48:36 | DEBUG    | generate_patient_sequence:481 | After prompt, probability of EOS: 0.000086
2025-10-09 04:48:36 | DEBUG    | generate_patient_sequence:485 | Top 20 next token predictions after prompt:
2025-10-09 04:48:36 | DEBUG    | generate_patient_sequence:503 |   Rank 1:  OTHER               | Prob: 0.660629 | ID: 16536
2025-10-09 04:48:36 | DEBUG    | generate_patient_sequence:503 |   Rank 2: >                    | Prob: 0.326447 | ID: 15698
2025-10-09 04:48:36 | DEBUG    | generate_patient_sequence:503 |   Rank 3: o                    | Prob: 0.002067 | ID: 139
2025-10-09 04:48:36 | DEBUG    | generate_patient_sequence:503 |   Rank 4: <s>                  | Prob: 0.001642 | ID: 0
2025-10-09 04:48:36 | DEBUG    | generate_patient_sequence:503 |   Rank 5: <\v>                 | Prob: 0.000646 | ID: 50266
2025-10-09 04:48:36 | DEBUG    | generate_patient_sequence:503 |   Rank 6:                      | Prob: 0.000449 | ID: 1437
2025-10-09 04:48:36 | DEBUG    | generate_patient_sequence:503 |   Rank 7: IFIED                | Prob: 0.000446 | ID: 36482
2025-10-09 04:48:36 | DEBUG    | generate_patient_sequence:503 |   Rank 8: <v>                  | Prob: 0.000332 | ID: 50265
2025-10-09 04:48:36 | DEBUG    | generate_patient_sequence:503 |   Rank 9:  <                   | Prob: 0.000306 | ID: 28696
2025-10-09 04:48:36 | DEBUG    | generate_patient_sequence:503 |   Rank 10:  SPEC                | Prob: 0.000276 | ID: 44921
2025-10-09 04:48:36 | DEBUG    | generate_patient_sequence:503 |   Rank 11:  UN                  | Prob: 0.000223 | ID: 2604
2025-10-09 04:48:36 | DEBUG    | generate_patient_sequence:503 |   Rank 12:  OR                  | Prob: 0.000202 | ID: 6532
2025-10-09 04:48:36 | DEBUG    | generate_patient_sequence:503 |   Rank 13: IAN                  | Prob: 0.000174 | ID: 10296
2025-10-09 04:48:36 | DEBUG    | generate_patient_sequence:503 |   Rank 14:  PAT                 | Prob: 0.000155 | ID: 28284
2025-10-09 04:48:36 | DEBUG    | generate_patient_sequence:503 |   Rank 15:  TO                  | Prob: 0.000136 | ID: 3842
2025-10-09 04:48:36 | DEBUG    | generate_patient_sequence:503 |   Rank 16: 202                  | Prob: 0.000107 | ID: 25155
2025-10-09 04:48:36 | DEBUG    | generate_patient_sequence:503 |   Rank 17: 84                   | Prob: 0.000101 | ID: 6232
2025-10-09 04:48:36 | DEBUG    | generate_patient_sequence:503 |   Rank 18: 644                  | Prob: 0.000098 | ID: 36520
2025-10-09 04:48:36 | DEBUG    | generate_patient_sequence:503 |   Rank 19: 240                  | Prob: 0.000094 | ID: 18847
2025-10-09 04:48:36 | DEBUG    | generate_patient_sequence:503 |   Rank 20: <EOS>                | Prob: 0.000086 | ID: 2
2025-10-09 04:48:36 | INFO     | generate_patient_sequence:507 | Starting generation with temp=1.0, top_k=30, max_length=256
2025-10-09 04:48:36 | DEBUG    | generate_patient_sequence:520 | Generated token IDs: [2, 0, 1749, 16536, 274, 28696, 12789, 139, 15698, 2, 50265, 204, 16536, 12569, 10296, 15698, 1437, 50265, 4981, 15698, 1437, 50267]
2025-10-09 04:48:36 | DEBUG    | generate_patient_sequence:521 | Generated length: 22 tokens
2025-10-09 04:48:36 | INFO     | generate_patient_sequence:529 | Generated token counts - <v>: 2, <\v>: 0, <END>: 1
2025-10-09 04:48:36 | DEBUG    | generate_patient_sequence:537 | Raw generated sequence: </s><s>40 OTHER F <demo></s> <v>  4 OTHER INDIAN>  <v>  57>  <END>
2025-10-09 04:48:36 | INFO     | generate_patient_sequence:540 | Generated sequence (clean): 40 OTHER F <demo> 4 OTHER INDIAN>  57> 
2025-10-09 04:48:36 | INFO     | <module>:663 | 
--- Sample 2/5 ---
2025-10-09 04:48:36 | INFO     | generate_patient_sequence:443 | Generating sequence for prompt: '63 BLACK M <demo>'
2025-10-09 04:48:36 | DEBUG    | generate_patient_sequence:447 | Prompt token IDs: [0, 5449, 34101, 256, 28696, 12789, 139, 15698, 2]
2025-10-09 04:48:36 | DEBUG    | generate_patient_sequence:448 | Prompt tokens: ['<s>', '63', ' BLACK', ' M', ' <', 'dem', 'o', '>', '</s>']
2025-10-09 04:48:36 | DEBUG    | generate_patient_sequence:457 | Special token IDs - <v>: 50265, <\v>: 50266, <END>: 50267, PAD: 1, EOS: 2
2025-10-09 04:48:36 | DEBUG    | generate_patient_sequence:464 | Initial decoder input (with forced <v>): [0, 5449, 34101, 256, 28696, 12789, 139, 15698, 2, 50265]
2025-10-09 04:48:36 | DEBUG    | generate_patient_sequence:478 | After prompt, probability of <v>: 0.000509
2025-10-09 04:48:36 | DEBUG    | generate_patient_sequence:479 | After prompt, probability of <END>: 0.000116
2025-10-09 04:48:36 | DEBUG    | generate_patient_sequence:480 | After prompt, probability of PAD: 0.000000
2025-10-09 04:48:36 | DEBUG    | generate_patient_sequence:481 | After prompt, probability of EOS: 0.000097
2025-10-09 04:48:36 | DEBUG    | generate_patient_sequence:485 | Top 20 next token predictions after prompt:
2025-10-09 04:48:36 | DEBUG    | generate_patient_sequence:503 |   Rank 1: >                    | Prob: 0.978781 | ID: 15698
2025-10-09 04:48:36 | DEBUG    | generate_patient_sequence:503 |   Rank 2:  OTHER               | Prob: 0.004223 | ID: 16536
2025-10-09 04:48:36 | DEBUG    | generate_patient_sequence:503 |   Rank 3: o                    | Prob: 0.002513 | ID: 139
2025-10-09 04:48:36 | DEBUG    | generate_patient_sequence:503 |   Rank 4:  <                   | Prob: 0.002409 | ID: 28696
2025-10-09 04:48:36 | DEBUG    | generate_patient_sequence:503 |   Rank 5: <s>                  | Prob: 0.001698 | ID: 0
2025-10-09 04:48:36 | DEBUG    | generate_patient_sequence:503 |   Rank 6: <\v>                 | Prob: 0.001056 | ID: 50266
2025-10-09 04:48:36 | DEBUG    | generate_patient_sequence:503 |   Rank 7:                      | Prob: 0.000987 | ID: 1437
2025-10-09 04:48:36 | DEBUG    | generate_patient_sequence:503 |   Rank 8: <v>                  | Prob: 0.000509 | ID: 50265
2025-10-09 04:48:36 | DEBUG    | generate_patient_sequence:503 |   Rank 9: IFIED                | Prob: 0.000251 | ID: 36482
2025-10-09 04:48:36 | DEBUG    | generate_patient_sequence:503 |   Rank 10:  BLACK               | Prob: 0.000216 | ID: 34101
2025-10-09 04:48:36 | DEBUG    | generate_patient_sequence:503 |   Rank 11:  SPEC                | Prob: 0.000196 | ID: 44921
2025-10-09 04:48:36 | DEBUG    | generate_patient_sequence:503 |   Rank 12: 444                  | Prob: 0.000174 | ID: 29903
2025-10-09 04:48:36 | DEBUG    | generate_patient_sequence:503 |   Rank 13:  311                 | Prob: 0.000135 | ID: 33067
2025-10-09 04:48:36 | DEBUG    | generate_patient_sequence:503 |   Rank 14:  WHITE               | Prob: 0.000134 | ID: 38503
2025-10-09 04:48:36 | DEBUG    | generate_patient_sequence:503 |   Rank 15: <END>                | Prob: 0.000116 | ID: 50267
2025-10-09 04:48:36 | DEBUG    | generate_patient_sequence:503 |   Rank 16: 84                   | Prob: 0.000099 | ID: 6232
2025-10-09 04:48:36 | DEBUG    | generate_patient_sequence:503 |   Rank 17: <EOS>                | Prob: 0.000097 | ID: 2
2025-10-09 04:48:36 | DEBUG    | generate_patient_sequence:503 |   Rank 18: -------------        | Prob: 0.000094 | ID: 39550
2025-10-09 04:48:36 | DEBUG    | generate_patient_sequence:503 |   Rank 19:  HIS                 | Prob: 0.000091 | ID: 37350
2025-10-09 04:48:36 | DEBUG    | generate_patient_sequence:503 |   Rank 20: IC                   | Prob: 0.000084 | ID: 2371
2025-10-09 04:48:36 | INFO     | generate_patient_sequence:507 | Starting generation with temp=1.0, top_k=30, max_length=256
2025-10-09 04:48:36 | DEBUG    | generate_patient_sequence:520 | Generated token IDs: [2, 0, 5449, 34101, 256, 28696, 12789, 139, 15698, 2, 50265, 15698, 1437, 50265, 30242, 15698, 1437, 50266, 1437, 50267]
2025-10-09 04:48:36 | DEBUG    | generate_patient_sequence:521 | Generated length: 20 tokens
2025-10-09 04:48:36 | INFO     | generate_patient_sequence:529 | Generated token counts - <v>: 2, <\v>: 1, <END>: 1
2025-10-09 04:48:36 | DEBUG    | generate_patient_sequence:537 | Raw generated sequence: </s><s>63 BLACK M <demo></s> <v> >  <v>  333>  <\v>   <END>
2025-10-09 04:48:36 | INFO     | generate_patient_sequence:540 | Generated sequence (clean): 63 BLACK M <demo>>  333>  
2025-10-09 04:48:36 | INFO     | <module>:663 | 
--- Sample 3/5 ---
2025-10-09 04:48:36 | INFO     | generate_patient_sequence:443 | Generating sequence for prompt: '58 OTHER F <demo>'
2025-10-09 04:48:36 | DEBUG    | generate_patient_sequence:447 | Prompt token IDs: [0, 4432, 16536, 274, 28696, 12789, 139, 15698, 2]
2025-10-09 04:48:36 | DEBUG    | generate_patient_sequence:448 | Prompt tokens: ['<s>', '58', ' OTHER', ' F', ' <', 'dem', 'o', '>', '</s>']
2025-10-09 04:48:36 | DEBUG    | generate_patient_sequence:457 | Special token IDs - <v>: 50265, <\v>: 50266, <END>: 50267, PAD: 1, EOS: 2
2025-10-09 04:48:36 | DEBUG    | generate_patient_sequence:464 | Initial decoder input (with forced <v>): [0, 4432, 16536, 274, 28696, 12789, 139, 15698, 2, 50265]
2025-10-09 04:48:36 | DEBUG    | generate_patient_sequence:478 | After prompt, probability of <v>: 0.000180
2025-10-09 04:48:36 | DEBUG    | generate_patient_sequence:479 | After prompt, probability of <END>: 0.000048
2025-10-09 04:48:36 | DEBUG    | generate_patient_sequence:480 | After prompt, probability of PAD: 0.000000
2025-10-09 04:48:36 | DEBUG    | generate_patient_sequence:481 | After prompt, probability of EOS: 0.000060
2025-10-09 04:48:36 | DEBUG    | generate_patient_sequence:485 | Top 20 next token predictions after prompt:
2025-10-09 04:48:36 | DEBUG    | generate_patient_sequence:503 |   Rank 1:  OTHER               | Prob: 0.758634 | ID: 16536
2025-10-09 04:48:36 | DEBUG    | generate_patient_sequence:503 |   Rank 2: >                    | Prob: 0.223048 | ID: 15698
2025-10-09 04:48:36 | DEBUG    | generate_patient_sequence:503 |   Rank 3: <s>                  | Prob: 0.003476 | ID: 0
2025-10-09 04:48:36 | DEBUG    | generate_patient_sequence:503 |   Rank 4: 58                   | Prob: 0.002045 | ID: 4432
2025-10-09 04:48:36 | DEBUG    | generate_patient_sequence:503 |   Rank 5: o                    | Prob: 0.001617 | ID: 139
2025-10-09 04:48:36 | DEBUG    | generate_patient_sequence:503 |   Rank 6:  SPEC                | Prob: 0.001162 | ID: 44921
2025-10-09 04:48:36 | DEBUG    | generate_patient_sequence:503 |   Rank 7: IFIED                | Prob: 0.000827 | ID: 36482
2025-10-09 04:48:36 | DEBUG    | generate_patient_sequence:503 |   Rank 8:                      | Prob: 0.000718 | ID: 1437
2025-10-09 04:48:36 | DEBUG    | generate_patient_sequence:503 |   Rank 9:  <                   | Prob: 0.000327 | ID: 28696
2025-10-09 04:48:36 | DEBUG    | generate_patient_sequence:503 |   Rank 10: <\v>                 | Prob: 0.000305 | ID: 50266
2025-10-09 04:48:36 | DEBUG    | generate_patient_sequence:503 |   Rank 11:  58                  | Prob: 0.000229 | ID: 4893
2025-10-09 04:48:36 | DEBUG    | generate_patient_sequence:503 |   Rank 12: <v>                  | Prob: 0.000180 | ID: 50265
2025-10-09 04:48:36 | DEBUG    | generate_patient_sequence:503 |   Rank 13:  IND                 | Prob: 0.000168 | ID: 12569
2025-10-09 04:48:36 | DEBUG    | generate_patient_sequence:503 |   Rank 14: ICAN                 | Prob: 0.000167 | ID: 25692
2025-10-09 04:48:36 | DEBUG    | generate_patient_sequence:503 |   Rank 15:  UN                  | Prob: 0.000164 | ID: 2604
2025-10-09 04:48:36 | DEBUG    | generate_patient_sequence:503 |   Rank 16: 66                   | Prob: 0.000156 | ID: 4280
2025-10-09 04:48:36 | DEBUG    | generate_patient_sequence:503 |   Rank 17: 68                   | Prob: 0.000137 | ID: 4671
2025-10-09 04:48:36 | DEBUG    | generate_patient_sequence:503 |   Rank 18: 589                  | Prob: 0.000130 | ID: 40017
2025-10-09 04:48:36 | DEBUG    | generate_patient_sequence:503 |   Rank 19: 562                  | Prob: 0.000118 | ID: 36950
2025-10-09 04:48:36 | DEBUG    | generate_patient_sequence:503 |   Rank 20: BLE                  | Prob: 0.000116 | ID: 30876
2025-10-09 04:48:36 | INFO     | generate_patient_sequence:507 | Starting generation with temp=1.0, top_k=30, max_length=256
2025-10-09 04:48:36 | DEBUG    | generate_patient_sequence:520 | Generated token IDs: [2, 0, 4432, 16536, 274, 28696, 12789, 139, 15698, 2, 50265, 4893, 16536, 12569, 10296, 15698, 1437, 50265, 42564, 15698, 1437, 50266, 1437, 50267]
2025-10-09 04:48:36 | DEBUG    | generate_patient_sequence:521 | Generated length: 24 tokens
2025-10-09 04:48:36 | INFO     | generate_patient_sequence:529 | Generated token counts - <v>: 2, <\v>: 1, <END>: 1
2025-10-09 04:48:36 | DEBUG    | generate_patient_sequence:537 | Raw generated sequence: </s><s>58 OTHER F <demo></s> <v>  58 OTHER INDIAN>  <v>  426>  <\v>   <END>
2025-10-09 04:48:36 | INFO     | generate_patient_sequence:540 | Generated sequence (clean): 58 OTHER F <demo> 58 OTHER INDIAN>  426>  
2025-10-09 04:48:36 | INFO     | <module>:663 | 
--- Sample 4/5 ---
2025-10-09 04:48:36 | INFO     | generate_patient_sequence:443 | Generating sequence for prompt: '30 WHITE M <demo>'
2025-10-09 04:48:36 | DEBUG    | generate_patient_sequence:447 | Prompt token IDs: [0, 541, 38503, 256, 28696, 12789, 139, 15698, 2]
2025-10-09 04:48:36 | DEBUG    | generate_patient_sequence:448 | Prompt tokens: ['<s>', '30', ' WHITE', ' M', ' <', 'dem', 'o', '>', '</s>']
2025-10-09 04:48:36 | DEBUG    | generate_patient_sequence:457 | Special token IDs - <v>: 50265, <\v>: 50266, <END>: 50267, PAD: 1, EOS: 2
2025-10-09 04:48:36 | DEBUG    | generate_patient_sequence:464 | Initial decoder input (with forced <v>): [0, 541, 38503, 256, 28696, 12789, 139, 15698, 2, 50265]
2025-10-09 04:48:36 | DEBUG    | generate_patient_sequence:478 | After prompt, probability of <v>: 0.001576
2025-10-09 04:48:36 | DEBUG    | generate_patient_sequence:479 | After prompt, probability of <END>: 0.000386
2025-10-09 04:48:36 | DEBUG    | generate_patient_sequence:480 | After prompt, probability of PAD: 0.000000
2025-10-09 04:48:36 | DEBUG    | generate_patient_sequence:481 | After prompt, probability of EOS: 0.000032
2025-10-09 04:48:36 | DEBUG    | generate_patient_sequence:485 | Top 20 next token predictions after prompt:
2025-10-09 04:48:36 | DEBUG    | generate_patient_sequence:503 |   Rank 1: >                    | Prob: 0.978200 | ID: 15698
2025-10-09 04:48:36 | DEBUG    | generate_patient_sequence:503 |   Rank 2: o                    | Prob: 0.006044 | ID: 139
2025-10-09 04:48:36 | DEBUG    | generate_patient_sequence:503 |   Rank 3:  <                   | Prob: 0.002985 | ID: 28696
2025-10-09 04:48:36 | DEBUG    | generate_patient_sequence:503 |   Rank 4:  OTHER               | Prob: 0.002260 | ID: 16536
2025-10-09 04:48:36 | DEBUG    | generate_patient_sequence:503 |   Rank 5: <\v>                 | Prob: 0.002159 | ID: 50266
2025-10-09 04:48:36 | DEBUG    | generate_patient_sequence:503 |   Rank 6: <v>                  | Prob: 0.001576 | ID: 50265
2025-10-09 04:48:36 | DEBUG    | generate_patient_sequence:503 |   Rank 7:                      | Prob: 0.000683 | ID: 1437
2025-10-09 04:48:36 | DEBUG    | generate_patient_sequence:503 |   Rank 8:  SPEC                | Prob: 0.000545 | ID: 44921
2025-10-09 04:48:36 | DEBUG    | generate_patient_sequence:503 |   Rank 9: <END>                | Prob: 0.000386 | ID: 50267
2025-10-09 04:48:36 | DEBUG    | generate_patient_sequence:503 |   Rank 10:  WHITE               | Prob: 0.000277 | ID: 38503
2025-10-09 04:48:36 | DEBUG    | generate_patient_sequence:503 |   Rank 11: IFIED                | Prob: 0.000205 | ID: 36482
2025-10-09 04:48:36 | DEBUG    | generate_patient_sequence:503 |   Rank 12: <s>                  | Prob: 0.000174 | ID: 0
2025-10-09 04:48:36 | DEBUG    | generate_patient_sequence:503 |   Rank 13: >.                   | Prob: 0.000115 | ID: 48691
2025-10-09 04:48:36 | DEBUG    | generate_patient_sequence:503 |   Rank 14:  HIS                 | Prob: 0.000107 | ID: 37350
2025-10-09 04:48:36 | DEBUG    | generate_patient_sequence:503 |   Rank 15:  UN                  | Prob: 0.000075 | ID: 2604
2025-10-09 04:48:36 | DEBUG    | generate_patient_sequence:503 |   Rank 16: -------------        | Prob: 0.000069 | ID: 39550
2025-10-09 04:48:36 | DEBUG    | generate_patient_sequence:503 |   Rank 17: INO                  | Prob: 0.000057 | ID: 30535
2025-10-09 04:48:36 | DEBUG    | generate_patient_sequence:503 |   Rank 18:  IND                 | Prob: 0.000055 | ID: 12569
2025-10-09 04:48:36 | DEBUG    | generate_patient_sequence:503 |   Rank 19:  PAT                 | Prob: 0.000054 | ID: 28284
2025-10-09 04:48:36 | DEBUG    | generate_patient_sequence:503 |   Rank 20: I                    | Prob: 0.000049 | ID: 100
2025-10-09 04:48:36 | INFO     | generate_patient_sequence:507 | Starting generation with temp=1.0, top_k=30, max_length=256
2025-10-09 04:48:36 | DEBUG    | generate_patient_sequence:520 | Generated token IDs: [2, 0, 541, 38503, 256, 28696, 12789, 139, 15698, 2, 50265, 15698, 1437, 50265, 204, 15698, 1437, 50266, 1437, 50267]
2025-10-09 04:48:36 | DEBUG    | generate_patient_sequence:521 | Generated length: 20 tokens
2025-10-09 04:48:36 | INFO     | generate_patient_sequence:529 | Generated token counts - <v>: 2, <\v>: 1, <END>: 1
2025-10-09 04:48:36 | DEBUG    | generate_patient_sequence:537 | Raw generated sequence: </s><s>30 WHITE M <demo></s> <v> >  <v>  4>  <\v>   <END>
2025-10-09 04:48:36 | INFO     | generate_patient_sequence:540 | Generated sequence (clean): 30 WHITE M <demo>>  4>  
2025-10-09 04:48:36 | INFO     | <module>:663 | 
--- Sample 5/5 ---
2025-10-09 04:48:36 | INFO     | generate_patient_sequence:443 | Generating sequence for prompt: '84 UNKNOWN/NOT SPECIFIED F <demo>'
2025-10-09 04:48:36 | DEBUG    | generate_patient_sequence:447 | Prompt token IDs: [0, 6232, 2604, 47300, 73, 37049, 44921, 36482, 274, 28696, 12789, 139, 15698, 2]
2025-10-09 04:48:36 | DEBUG    | generate_patient_sequence:448 | Prompt tokens: ['<s>', '84', ' UN', 'KNOWN', '/', 'NOT', ' SPEC', 'IFIED', ' F', ' <', 'dem', 'o', '>', '</s>']
2025-10-09 04:48:36 | DEBUG    | generate_patient_sequence:457 | Special token IDs - <v>: 50265, <\v>: 50266, <END>: 50267, PAD: 1, EOS: 2
2025-10-09 04:48:36 | DEBUG    | generate_patient_sequence:464 | Initial decoder input (with forced <v>): [0, 6232, 2604, 47300, 73, 37049, 44921, 36482, 274, 28696, 12789, 139, 15698, 2, 50265]
2025-10-09 04:48:36 | DEBUG    | generate_patient_sequence:478 | After prompt, probability of <v>: 0.034186
2025-10-09 04:48:36 | DEBUG    | generate_patient_sequence:479 | After prompt, probability of <END>: 0.002177
2025-10-09 04:48:36 | DEBUG    | generate_patient_sequence:480 | After prompt, probability of PAD: 0.000000
2025-10-09 04:48:36 | DEBUG    | generate_patient_sequence:481 | After prompt, probability of EOS: 0.000009
2025-10-09 04:48:36 | DEBUG    | generate_patient_sequence:485 | Top 20 next token predictions after prompt:
2025-10-09 04:48:36 | DEBUG    | generate_patient_sequence:503 |   Rank 1:  <                   | Prob: 0.651057 | ID: 28696
2025-10-09 04:48:36 | DEBUG    | generate_patient_sequence:503 |   Rank 2: >                    | Prob: 0.081361 | ID: 15698
2025-10-09 04:48:36 | DEBUG    | generate_patient_sequence:503 |   Rank 3:  UN                  | Prob: 0.038225 | ID: 2604
2025-10-09 04:48:36 | DEBUG    | generate_patient_sequence:503 |   Rank 4: <v>                  | Prob: 0.034186 | ID: 50265
2025-10-09 04:48:36 | DEBUG    | generate_patient_sequence:503 |   Rank 5:  OTHER               | Prob: 0.034146 | ID: 16536
2025-10-09 04:48:36 | DEBUG    | generate_patient_sequence:503 |   Rank 6: o                    | Prob: 0.012895 | ID: 139
2025-10-09 04:48:36 | DEBUG    | generate_patient_sequence:503 |   Rank 7: <\v>                 | Prob: 0.010366 | ID: 50266
2025-10-09 04:48:36 | DEBUG    | generate_patient_sequence:503 |   Rank 8: NOT                  | Prob: 0.010319 | ID: 37049
2025-10-09 04:48:36 | DEBUG    | generate_patient_sequence:503 |   Rank 9: 168                  | Prob: 0.009522 | ID: 25676
2025-10-09 04:48:36 | DEBUG    | generate_patient_sequence:503 |   Rank 10: dem                  | Prob: 0.005323 | ID: 12789
2025-10-09 04:48:36 | DEBUG    | generate_patient_sequence:503 |   Rank 11: KNOWN                | Prob: 0.005253 | ID: 47300
2025-10-09 04:48:36 | DEBUG    | generate_patient_sequence:503 |   Rank 12:  SPEC                | Prob: 0.004036 | ID: 44921
2025-10-09 04:48:36 | DEBUG    | generate_patient_sequence:503 |   Rank 13: IAN                  | Prob: 0.003049 | ID: 10296
2025-10-09 04:48:36 | DEBUG    | generate_patient_sequence:503 |   Rank 14:                      | Prob: 0.002947 | ID: 1437
2025-10-09 04:48:36 | DEBUG    | generate_patient_sequence:503 |   Rank 15:  IND                 | Prob: 0.002934 | ID: 12569
2025-10-09 04:48:36 | DEBUG    | generate_patient_sequence:503 |   Rank 16: IFIED                | Prob: 0.002608 | ID: 36482
2025-10-09 04:48:36 | DEBUG    | generate_patient_sequence:503 |   Rank 17: 181                  | Prob: 0.002257 | ID: 30818
2025-10-09 04:48:36 | DEBUG    | generate_patient_sequence:503 |   Rank 18: <END>                | Prob: 0.002177 | ID: 50267
2025-10-09 04:48:36 | DEBUG    | generate_patient_sequence:503 |   Rank 19: 674                  | Prob: 0.002039 | ID: 38715
2025-10-09 04:48:36 | DEBUG    | generate_patient_sequence:503 |   Rank 20:  WHITE               | Prob: 0.001879 | ID: 38503
2025-10-09 04:48:36 | INFO     | generate_patient_sequence:507 | Starting generation with temp=1.0, top_k=30, max_length=256
2025-10-09 04:48:36 | DEBUG    | generate_patient_sequence:520 | Generated token IDs: [2, 0, 6232, 2604, 47300, 73, 37049, 44921, 36482, 274, 28696, 12789, 139, 15698, 2, 50265, 15698, 1437, 50265, 204, 15698, 1437, 50267]
2025-10-09 04:48:36 | DEBUG    | generate_patient_sequence:521 | Generated length: 23 tokens
2025-10-09 04:48:36 | INFO     | generate_patient_sequence:529 | Generated token counts - <v>: 2, <\v>: 0, <END>: 1
2025-10-09 04:48:36 | DEBUG    | generate_patient_sequence:537 | Raw generated sequence: </s><s>84 UNKNOWN/NOT SPECIFIED F <demo></s> <v> >  <v>  4>  <END>
2025-10-09 04:48:36 | INFO     | generate_patient_sequence:540 | Generated sequence (clean): 84 UNKNOWN/NOT SPECIFIED F <demo>>  4> 
2025-10-09 04:48:36 | INFO     | <module>:677 | === Training and generation complete ===
