Job ID: 5183013
Job Name: ehr_lr0.0001_temp1.3_k30
Node: ccc0388
CUDA_VISIBLE_DEVICES: 0
Start Time: Thu Oct  9 03:12:06 CDT 2025
Working Directory: /u/jalenj4/pehr_scratch
Thu Oct  9 03:12:06 2025       
+-----------------------------------------------------------------------------------------+
| NVIDIA-SMI 580.95.05              Driver Version: 580.95.05      CUDA Version: 13.0     |
+-----------------------------------------+------------------------+----------------------+
| GPU  Name                 Persistence-M | Bus-Id          Disp.A | Volatile Uncorr. ECC |
| Fan  Temp   Perf          Pwr:Usage/Cap |           Memory-Usage | GPU-Util  Compute M. |
|                                         |                        |               MIG M. |
|=========================================+========================+======================|
|   0  NVIDIA A100-SXM4-80GB          On  |   00000000:81:00.0 Off |                    0 |
| N/A   44C    P0             92W /  500W |       0MiB /  81920MiB |      0%      Default |
|                                         |                        |             Disabled |
+-----------------------------------------+------------------------+----------------------+

+-----------------------------------------------------------------------------------------+
| Processes:                                                                              |
|  GPU   GI   CI              PID   Type   Process name                        GPU Memory |
|        ID   ID                                                               Usage      |
|=========================================================================================|
|  No running processes found                                                             |
+-----------------------------------------------------------------------------------------+
Parameters:
  NUM_PATIENTS: 3000
  BATCH_SIZE: 16
  NUM_EPOCHS: 30
  LEARNING_RATE: 0.0001
  GENERATION_TEMP: 1.3
  TOP_K: 30
INFO: === EHR Generation Training Started ===
INFO: Configuration: {'model_name': 'facebook/bart-base', 'num_patients': 3000, 'max_seq_length': 256, 'batch_size': 16, 'num_epochs': 30, 'learning_rate': 0.0001, 'generation_temp': 1.3, 'generation_max_length': 256, 'num_warmup_steps': 0, 'top_k': 30, 'data_dir': 'data_files', 'mimic_paths': {'patients_path': 'data_files/PATIENTS.csv', 'admissions_path': 'data_files/ADMISSIONS.csv', 'diagnoses_path': 'data_files/DIAGNOSES_ICD.csv'}}
INFO: Using device: cuda
INFO: Loading pretrained BART model: facebook/bart-base
INFO: Added 3 special tokens: <v>, <\v>, <END>
INFO: Resized model embeddings to 50268 tokens
INFO: Loading MIMIC-III data files
INFO: Loaded 46520 patients
INFO: Loaded 58976 admissions
INFO: Loaded 651047 diagnosis records
INFO: Data processing complete. Formatting sequences...
INFO: Sequence formatting complete. Generated 3000 patient sequences
INFO: Average visits per patient: 1.27
INFO: Average tokens per sequence: 19.69
INFO: Sample patient sequences:
INFO: Sample 1: 54 UNKNOWN/NOT SPECIFIED M <demo> <v> 41401 42840 30390 4160 60886 25000 4019 2720 3051 <\v> <END>...
INFO: Sample 2: 46 OTHER M <demo> <v> 5528 5849 27651 <\v> <END>...
INFO: Sample 3: 72 WHITE M <demo> <v> 3453 20190 515 486 4019 36250 E9331 4371 <\v> <END>...
INFO: Sample 4: 64 BLACK/AFRICAN AMERICAN M <demo> <v> 41401 43311 4139 5997 2767 07054 5859 4928 44021 40390 25000 5771 <\v> <END>...
INFO: Sample 5: 84 WHITE F <demo> <v> 41401 4111 4240 5119 4019 2724 25000 2449 412 43330 <\v> <END>...
INFO: Created dataset with 3000 samples, 188 batches
INFO: Optimizer: AdamW with lr=0.0001
INFO: Scheduler: linear with 0 warmup steps
INFO: Starting model training for 30 epochs
INFO: Training steps: 5640
INFO: Device: cuda
INFO: Epoch 1/30 completed | Avg Loss: 0.4390
INFO: Epoch 2/30 completed | Avg Loss: 0.0442
INFO: Epoch 3/30 completed | Avg Loss: 0.0109
INFO: Epoch 4/30 completed | Avg Loss: 0.0221
INFO: Epoch 5/30 completed | Avg Loss: 0.0279
INFO: Epoch 6/30 completed | Avg Loss: 0.0051
INFO: Epoch 7/30 completed | Avg Loss: 0.0085
INFO: Epoch 8/30 completed | Avg Loss: 0.0042
INFO: Epoch 9/30 completed | Avg Loss: 0.0505
INFO: Epoch 10/30 completed | Avg Loss: 0.0067
INFO: Epoch 11/30 completed | Avg Loss: 0.0066
INFO: Epoch 12/30 completed | Avg Loss: 0.0051
INFO: Epoch 13/30 completed | Avg Loss: 0.0041
INFO: Epoch 14/30 completed | Avg Loss: 0.0038
INFO: Epoch 15/30 completed | Avg Loss: 0.0026
INFO: Epoch 16/30 completed | Avg Loss: 0.0024
INFO: Epoch 17/30 completed | Avg Loss: 0.0014
INFO: Epoch 18/30 completed | Avg Loss: 0.0010
INFO: Epoch 19/30 completed | Avg Loss: 0.0009
INFO: Epoch 20/30 completed | Avg Loss: 0.0010
INFO: Epoch 21/30 completed | Avg Loss: 0.0009
INFO: Epoch 22/30 completed | Avg Loss: 0.0006
INFO: Epoch 23/30 completed | Avg Loss: 0.0008
INFO: Epoch 24/30 completed | Avg Loss: 0.0006
INFO: Epoch 25/30 completed | Avg Loss: 0.0004
INFO: Epoch 26/30 completed | Avg Loss: 0.0001
INFO: Epoch 27/30 completed | Avg Loss: 0.0006
INFO: Epoch 28/30 completed | Avg Loss: 0.0006
INFO: Epoch 29/30 completed | Avg Loss: 0.0006
INFO: Epoch 30/30 completed | Avg Loss: 0.0007
INFO: Training complete
INFO: Final average loss: 0.0007
INFO: === Generating synthetic patient data ===
INFO: 
--- Sample 1/5 ---
INFO: Generating sequence for prompt: '82 WHITE F <demo>'
INFO: Starting generation with temp=1.3, top_k=30, max_length=256
INFO: Generated token counts - <v>: 2, <\v>: 2, <END>: 1
INFO: Generated sequence (clean): 82 WHITE F <demo>82 WHITE E <demO> demo>.033920 <demon>62 WHITE F>  066 4273100 42731  
INFO: 
--- Sample 2/5 ---
INFO: Generating sequence for prompt: '60 OTHER F <demo>'
INFO: Starting generation with temp=1.3, top_k=30, max_length=256
INFO: Generated token counts - <v>: 2, <\v>: 1, <END>: 1
INFO: Generated sequence (clean): 60 OTHER F <demo>60 OTHER WHITE F <Demo> 60 OTHER E <demO>70 OTHER F>600 OTHER F<demo>.  
INFO: 
--- Sample 3/5 ---
INFO: Generating sequence for prompt: '79 UNKNOWN/NOT SPECIFIED F <demo>'
INFO: Starting generation with temp=1.3, top_k=30, max_length=256
INFO: Generated token counts - <v>: 1, <\v>: 0, <END>: 1
INFO: Generated sequence (clean): 79 UNKNOWN/NOT SPECIFIED F <demo>65>440>
INFO: 
--- Sample 4/5 ---
INFO: Generating sequence for prompt: '34 UNABLE TO OBTAIN M <demo>'
INFO: Starting generation with temp=1.3, top_k=30, max_length=256
INFO: Generated token counts - <v>: 2, <\v>: 1, <END>: 1
INFO: Generated sequence (clean): 34 UNABLE TO OBTAIN M <demo>demo>.66>44 UNAble TO OBRIC M <Demo> 433500 4019  
INFO: 
--- Sample 5/5 ---
INFO: Generating sequence for prompt: '47 UNABLE TO OBTAIN F <demo>'
INFO: Starting generation with temp=1.3, top_k=30, max_length=256
INFO: Generated token counts - <v>: 2, <\v>: 1, <END>: 1
INFO: Generated sequence (clean): 47 UNABLE TO OBTAIN F <demo>demo>.70 UNAble TO OBRIC F <Demo> 000BLE>70  
INFO: === Training and generation complete ===
End Time: Thu Oct  9 03:35:36 CDT 2025
Exit Code: 0
