Job ID: 5183024
Job Name: ehr_lr0.00005_temp1.3_k100
Node: ccc0389
CUDA_VISIBLE_DEVICES: 0
Start Time: Thu Oct  9 04:01:28 CDT 2025
Working Directory: /u/jalenj4/pehr_scratch
Thu Oct  9 04:01:28 2025       
+-----------------------------------------------------------------------------------------+
| NVIDIA-SMI 575.57.08              Driver Version: 575.57.08      CUDA Version: 12.9     |
|-----------------------------------------+------------------------+----------------------+
| GPU  Name                 Persistence-M | Bus-Id          Disp.A | Volatile Uncorr. ECC |
| Fan  Temp   Perf          Pwr:Usage/Cap |           Memory-Usage | GPU-Util  Compute M. |
|                                         |                        |               MIG M. |
|=========================================+========================+======================|
|   0  NVIDIA A100-SXM4-80GB          Off |   00000000:41:00.0 Off |                    0 |
| N/A   42C    P0             69W /  500W |       0MiB /  81920MiB |      0%      Default |
|                                         |                        |             Disabled |
+-----------------------------------------+------------------------+----------------------+
                                                                                         
+-----------------------------------------------------------------------------------------+
| Processes:                                                                              |
|  GPU   GI   CI              PID   Type   Process name                        GPU Memory |
|        ID   ID                                                               Usage      |
|=========================================================================================|
|  No running processes found                                                             |
+-----------------------------------------------------------------------------------------+
Parameters:
  NUM_PATIENTS: 3000
  BATCH_SIZE: 16
  NUM_EPOCHS: 30
  LEARNING_RATE: 0.00005
  GENERATION_TEMP: 1.3
  TOP_K: 100
INFO: === EHR Generation Training Started ===
INFO: Configuration: {'model_name': 'facebook/bart-base', 'num_patients': 3000, 'max_seq_length': 256, 'batch_size': 16, 'num_epochs': 30, 'learning_rate': 5e-05, 'generation_temp': 1.3, 'generation_max_length': 256, 'num_warmup_steps': 0, 'top_k': 100, 'data_dir': 'data_files', 'mimic_paths': {'patients_path': 'data_files/PATIENTS.csv', 'admissions_path': 'data_files/ADMISSIONS.csv', 'diagnoses_path': 'data_files/DIAGNOSES_ICD.csv'}}
INFO: Using device: cuda
INFO: Loading pretrained BART model: facebook/bart-base
INFO: Added 3 special tokens: <v>, <\v>, <END>
INFO: Resized model embeddings to 50268 tokens
INFO: Loading MIMIC-III data files
INFO: Loaded 46520 patients
INFO: Loaded 58976 admissions
INFO: Loaded 651047 diagnosis records
INFO: Data processing complete. Formatting sequences...
INFO: Sequence formatting complete. Generated 3000 patient sequences
INFO: Average visits per patient: 1.27
INFO: Average tokens per sequence: 19.69
INFO: Sample patient sequences:
INFO: Sample 1: 48 UNKNOWN/NOT SPECIFIED M <demo> <v> 51881 42830 30560 4619 27800 32723 7048 6930 E9308 <\v> <END>...
INFO: Sample 2: 62 WHITE M <demo> <v> 570 5712 1552 25082 70714 V5867 4019 30393 <\v> <END>...
INFO: Sample 3: 82 UNKNOWN/NOT SPECIFIED M <demo> <v> 41041 41401 9971 4271 4240 42731 486 78039 V1005 <\v> <END>...
INFO: Sample 4: 28 WHITE M <demo> <v> 48241 51882 5849 4538 99662 5990 5119 25051 1120 <\v> <END>...
INFO: Sample 5: 0 WHITE F <demo> <v> V3001 V290 V291 V053 <\v> <END>...
INFO: Created dataset with 3000 samples, 188 batches
INFO: Optimizer: AdamW with lr=5e-05
INFO: Scheduler: linear with 0 warmup steps
INFO: Starting model training for 30 epochs
INFO: Training steps: 5640
INFO: Device: cuda
INFO: Epoch 1/30 completed | Avg Loss: 0.6892
INFO: Epoch 2/30 completed | Avg Loss: 0.0999
INFO: Epoch 3/30 completed | Avg Loss: 0.0361
INFO: Epoch 4/30 completed | Avg Loss: 0.0127
INFO: Epoch 5/30 completed | Avg Loss: 0.0095
INFO: Epoch 6/30 completed | Avg Loss: 0.0071
INFO: Epoch 7/30 completed | Avg Loss: 0.0046
INFO: Epoch 8/30 completed | Avg Loss: 0.0045
INFO: Epoch 9/30 completed | Avg Loss: 0.0039
INFO: Epoch 10/30 completed | Avg Loss: 0.0039
INFO: Epoch 11/30 completed | Avg Loss: 0.0032
INFO: Epoch 12/30 completed | Avg Loss: 0.0036
INFO: Epoch 13/30 completed | Avg Loss: 0.0037
INFO: Epoch 14/30 completed | Avg Loss: 0.0016
INFO: Epoch 15/30 completed | Avg Loss: 0.0017
INFO: Epoch 16/30 completed | Avg Loss: 0.0115
INFO: Epoch 17/30 completed | Avg Loss: 0.0126
INFO: Epoch 18/30 completed | Avg Loss: 0.0043
INFO: Epoch 19/30 completed | Avg Loss: 0.0027
INFO: Epoch 20/30 completed | Avg Loss: 0.0024
INFO: Epoch 21/30 completed | Avg Loss: 0.0018
INFO: Epoch 22/30 completed | Avg Loss: 0.0019
INFO: Epoch 23/30 completed | Avg Loss: 0.0015
INFO: Epoch 24/30 completed | Avg Loss: 0.0018
INFO: Epoch 25/30 completed | Avg Loss: 0.0005
INFO: Epoch 26/30 completed | Avg Loss: 0.0005
INFO: Epoch 27/30 completed | Avg Loss: 0.0009
INFO: Epoch 28/30 completed | Avg Loss: 0.0014
INFO: Epoch 29/30 completed | Avg Loss: 0.0008
INFO: Epoch 30/30 completed | Avg Loss: 0.0008
INFO: Training complete
INFO: Final average loss: 0.0008
INFO: === Generating synthetic patient data ===
INFO: 
--- Sample 1/5 ---
INFO: Generating sequence for prompt: '85 UNKNOWN/NOT SPECIFIED F <demo>'
INFO: Starting generation with temp=1.3, top_k=100, max_length=256
INFO: Generated token counts - <v>: 1, <\v>: 0, <END>: 1
INFO: Generated sequence (clean): 85 UNKNOWN/NOT SPECIFIED F <demo>>
INFO: 
--- Sample 2/5 ---
INFO: Generating sequence for prompt: '46 OTHER F <demo>'
INFO: Starting generation with temp=1.3, top_k=100, max_length=256
INFO: Generated token counts - <v>: 1, <\v>: 0, <END>: 1
INFO: Generated sequence (clean): 46 OTHER F <demo>>demo+
INFO: 
--- Sample 3/5 ---
INFO: Generating sequence for prompt: '24 WHITE F <demo>'
INFO: Starting generation with temp=1.3, top_k=100, max_length=256
INFO: Generated token counts - <v>: 1, <\v>: 0, <END>: 1
INFO: Generated sequence (clean): 24 WHITE F <demo>
INFO: 
--- Sample 4/5 ---
INFO: Generating sequence for prompt: '31 ASIAN F <demo>'
INFO: Starting generation with temp=1.3, top_k=100, max_length=256
INFO: Generated token counts - <v>: 1, <\v>: 0, <END>: 1
INFO: Generated sequence (clean): 31 ASIAN F <demo>>
INFO: 
--- Sample 5/5 ---
INFO: Generating sequence for prompt: '54 HISPANIC OR LATINO M <demo>'
INFO: Starting generation with temp=1.3, top_k=100, max_length=256
INFO: Generated token counts - <v>: 1, <\v>: 0, <END>: 1
INFO: Generated sequence (clean): 54 HISPANIC OR LATINO M <demo>
INFO: === Training and generation complete ===
End Time: Thu Oct  9 04:24:57 CDT 2025
Exit Code: 0
