Job ID: 5183027
Job Name: ehr_lr0.00005_temp1.5_k100
Node: ccc0389
CUDA_VISIBLE_DEVICES: 0
Start Time: Thu Oct  9 04:25:08 CDT 2025
Working Directory: /u/jalenj4/pehr_scratch
Thu Oct  9 04:25:08 2025       
+-----------------------------------------------------------------------------------------+
| NVIDIA-SMI 575.57.08              Driver Version: 575.57.08      CUDA Version: 12.9     |
|-----------------------------------------+------------------------+----------------------+
| GPU  Name                 Persistence-M | Bus-Id          Disp.A | Volatile Uncorr. ECC |
| Fan  Temp   Perf          Pwr:Usage/Cap |           Memory-Usage | GPU-Util  Compute M. |
|                                         |                        |               MIG M. |
|=========================================+========================+======================|
|   0  NVIDIA A100-SXM4-80GB          Off |   00000000:01:00.0 Off |                    0 |
| N/A   42C    P0             69W /  500W |       0MiB /  81920MiB |      0%      Default |
|                                         |                        |             Disabled |
+-----------------------------------------+------------------------+----------------------+
                                                                                         
+-----------------------------------------------------------------------------------------+
| Processes:                                                                              |
|  GPU   GI   CI              PID   Type   Process name                        GPU Memory |
|        ID   ID                                                               Usage      |
|=========================================================================================|
|  No running processes found                                                             |
+-----------------------------------------------------------------------------------------+
Parameters:
  NUM_PATIENTS: 3000
  BATCH_SIZE: 16
  NUM_EPOCHS: 30
  LEARNING_RATE: 0.00005
  GENERATION_TEMP: 1.5
  TOP_K: 100
INFO: === EHR Generation Training Started ===
INFO: Configuration: {'model_name': 'facebook/bart-base', 'num_patients': 3000, 'max_seq_length': 256, 'batch_size': 16, 'num_epochs': 30, 'learning_rate': 5e-05, 'generation_temp': 1.5, 'generation_max_length': 256, 'num_warmup_steps': 0, 'top_k': 100, 'data_dir': 'data_files', 'mimic_paths': {'patients_path': 'data_files/PATIENTS.csv', 'admissions_path': 'data_files/ADMISSIONS.csv', 'diagnoses_path': 'data_files/DIAGNOSES_ICD.csv'}}
INFO: Using device: cuda
INFO: Loading pretrained BART model: facebook/bart-base
INFO: Added 3 special tokens: <v>, <\v>, <END>
INFO: Resized model embeddings to 50268 tokens
INFO: Loading MIMIC-III data files
INFO: Loaded 46520 patients
INFO: Loaded 58976 admissions
INFO: Loaded 651047 diagnosis records
INFO: Data processing complete. Formatting sequences...
INFO: Sequence formatting complete. Generated 3000 patient sequences
INFO: Average visits per patient: 1.27
INFO: Average tokens per sequence: 19.69
INFO: Sample patient sequences:
INFO: Sample 1: 41 WHITE M <demo> <v> 85206 78039 E8261 87342 87363 87343 <\v> <END>...
INFO: Sample 2: 0 UNKNOWN/NOT SPECIFIED F <demo> <v> V3401 76518 76527 <\v> <END>...
INFO: Sample 3: 66 WHITE F <demo> <v> 56089 56738 56981 56969 4928 27651 5680 56211 78321 56949 9092 E8792 V1005 3051 04111 <\v> <v> 99859 56738 9974 591 4928 56981 5...
INFO: Sample 4: 74 WHITE F <demo> <v> 82021 43411 496 99702 5990 2851 E8889 4240 73300 E8788 51889 <\v> <END>...
INFO: Sample 5: 59 WHITE M <demo> <v> 0389 41001 5570 4275 42843 5185 78551 99672 53501 44422 5845 25070 6826 4440 9971 25060 78552 73017 42731 4168 41401 4019 27801 ...
INFO: Created dataset with 3000 samples, 188 batches
INFO: Optimizer: AdamW with lr=5e-05
INFO: Scheduler: linear with 0 warmup steps
INFO: Starting model training for 30 epochs
INFO: Training steps: 5640
INFO: Device: cuda
INFO: Epoch 1/30 completed | Avg Loss: 0.6523
INFO: Epoch 2/30 completed | Avg Loss: 0.1213
INFO: Epoch 3/30 completed | Avg Loss: 0.0341
INFO: Epoch 4/30 completed | Avg Loss: 0.0089
INFO: Epoch 5/30 completed | Avg Loss: 0.0139
INFO: Epoch 6/30 completed | Avg Loss: 0.0074
INFO: Epoch 7/30 completed | Avg Loss: 0.0056
INFO: Epoch 8/30 completed | Avg Loss: 0.0067
INFO: Epoch 9/30 completed | Avg Loss: 0.0257
INFO: Epoch 10/30 completed | Avg Loss: 0.0062
INFO: Epoch 11/30 completed | Avg Loss: 0.0023
INFO: Epoch 12/30 completed | Avg Loss: 0.0032
INFO: Epoch 13/30 completed | Avg Loss: 0.0025
INFO: Epoch 14/30 completed | Avg Loss: 0.0029
INFO: Epoch 15/30 completed | Avg Loss: 0.0030
INFO: Epoch 16/30 completed | Avg Loss: 0.0016
INFO: Epoch 17/30 completed | Avg Loss: 0.0028
INFO: Epoch 18/30 completed | Avg Loss: 0.0013
INFO: Epoch 19/30 completed | Avg Loss: 0.0018
INFO: Epoch 20/30 completed | Avg Loss: 0.0013
INFO: Epoch 21/30 completed | Avg Loss: 0.0004
INFO: Epoch 22/30 completed | Avg Loss: 0.0007
INFO: Epoch 23/30 completed | Avg Loss: 0.0012
INFO: Epoch 24/30 completed | Avg Loss: 0.0007
INFO: Epoch 25/30 completed | Avg Loss: 0.0009
INFO: Epoch 26/30 completed | Avg Loss: 0.0009
INFO: Epoch 27/30 completed | Avg Loss: 0.0006
INFO: Epoch 28/30 completed | Avg Loss: 0.0010
INFO: Epoch 29/30 completed | Avg Loss: 0.0004
INFO: Epoch 30/30 completed | Avg Loss: 0.0009
INFO: Training complete
INFO: Final average loss: 0.0009
INFO: === Generating synthetic patient data ===
INFO: 
--- Sample 1/5 ---
INFO: Generating sequence for prompt: '80 BLACK F <demo>'
INFO: Starting generation with temp=1.5, top_k=100, max_length=256
INFO: Generated token counts - <v>: 1, <\v>: 0, <END>: 1
INFO: Generated sequence (clean): 80 BLACK F <demo>
INFO: 
--- Sample 2/5 ---
INFO: Generating sequence for prompt: '69 UNKNOWN/NOT SPECIFIED M <demo>'
INFO: Starting generation with temp=1.5, top_k=100, max_length=256
INFO: Generated token counts - <v>: 1, <\v>: 0, <END>: 1
INFO: Generated sequence (clean): 69 UNKNOWN/NOT SPECIFIED M <demo>
INFO: 
--- Sample 3/5 ---
INFO: Generating sequence for prompt: '34 ASIAN F <demo>'
INFO: Starting generation with temp=1.5, top_k=100, max_length=256
INFO: Generated token counts - <v>: 1, <\v>: 0, <END>: 1
INFO: Generated sequence (clean): 34 ASIAN F <demo>
INFO: 
--- Sample 4/5 ---
INFO: Generating sequence for prompt: '59 WHITE M <demo>'
INFO: Starting generation with temp=1.5, top_k=100, max_length=256
INFO: Generated token counts - <v>: 1, <\v>: 1, <END>: 1
INFO: Generated sequence (clean): 59 WHITE M <demo>>
INFO: 
--- Sample 5/5 ---
INFO: Generating sequence for prompt: '61 UNKNOWN/NOT SPECIFIED M <demo>'
INFO: Starting generation with temp=1.5, top_k=100, max_length=256
INFO: Generated token counts - <v>: 1, <\v>: 0, <END>: 1
INFO: Generated sequence (clean): 61 UNKNOWN/NOT SPECIFIED M <demo>
INFO: === Training and generation complete ===
End Time: Thu Oct  9 04:48:39 CDT 2025
Exit Code: 0
