Job ID: 5183017
Job Name: ehr_lr0.0001_temp1.5_k50
Node: ccc0388
CUDA_VISIBLE_DEVICES: 0
Start Time: Thu Oct  9 03:35:47 CDT 2025
Working Directory: /u/jalenj4/pehr_scratch
Thu Oct  9 03:35:47 2025       
+-----------------------------------------------------------------------------------------+
| NVIDIA-SMI 580.95.05              Driver Version: 580.95.05      CUDA Version: 13.0     |
+-----------------------------------------+------------------------+----------------------+
| GPU  Name                 Persistence-M | Bus-Id          Disp.A | Volatile Uncorr. ECC |
| Fan  Temp   Perf          Pwr:Usage/Cap |           Memory-Usage | GPU-Util  Compute M. |
|                                         |                        |               MIG M. |
|=========================================+========================+======================|
|   0  NVIDIA A100-SXM4-80GB          On  |   00000000:81:00.0 Off |                    0 |
| N/A   43C    P0             66W /  500W |       0MiB /  81920MiB |      0%      Default |
|                                         |                        |             Disabled |
+-----------------------------------------+------------------------+----------------------+

+-----------------------------------------------------------------------------------------+
| Processes:                                                                              |
|  GPU   GI   CI              PID   Type   Process name                        GPU Memory |
|        ID   ID                                                               Usage      |
|=========================================================================================|
|  No running processes found                                                             |
+-----------------------------------------------------------------------------------------+
Parameters:
  NUM_PATIENTS: 3000
  BATCH_SIZE: 16
  NUM_EPOCHS: 30
  LEARNING_RATE: 0.0001
  GENERATION_TEMP: 1.5
  TOP_K: 50
INFO: === EHR Generation Training Started ===
INFO: Configuration: {'model_name': 'facebook/bart-base', 'num_patients': 3000, 'max_seq_length': 256, 'batch_size': 16, 'num_epochs': 30, 'learning_rate': 0.0001, 'generation_temp': 1.5, 'generation_max_length': 256, 'num_warmup_steps': 0, 'top_k': 50, 'data_dir': 'data_files', 'mimic_paths': {'patients_path': 'data_files/PATIENTS.csv', 'admissions_path': 'data_files/ADMISSIONS.csv', 'diagnoses_path': 'data_files/DIAGNOSES_ICD.csv'}}
INFO: Using device: cuda
INFO: Loading pretrained BART model: facebook/bart-base
INFO: Added 3 special tokens: <v>, <\v>, <END>
INFO: Resized model embeddings to 50268 tokens
INFO: Loading MIMIC-III data files
INFO: Loaded 46520 patients
INFO: Loaded 58976 admissions
INFO: Loaded 651047 diagnosis records
INFO: Data processing complete. Formatting sequences...
INFO: Sequence formatting complete. Generated 3000 patient sequences
INFO: Average visits per patient: 1.27
INFO: Average tokens per sequence: 19.69
INFO: Sample patient sequences:
INFO: Sample 1: 37 ASIAN F <demo> <v> 66632 66612 64822 <\v> <END>...
INFO: Sample 2: 76 WHITE F <demo> <v> 43310 2449 2720 3051 <\v> <END>...
INFO: Sample 3: 0 WHITE M <demo> <v> V3001 76516 77981 7742 76526 77082 V290 77089 <\v> <END>...
INFO: Sample 4: 77 ASIAN M <demo> <v> 03849 51881 42731 1976 1518 78552 5849 2639 27651 2762 2848 99592 E9331 78791 V1052 V441 <\v> <END>...
INFO: Sample 5: 80 WHITE F <demo> <v> 41071 41401 9974 99889 25040 40391 24290 56989 4589 <\v> <v> 99831 40391 E8782 2720 25000 V4581 2449 2749 4439 <\v> <END>...
INFO: Created dataset with 3000 samples, 188 batches
INFO: Optimizer: AdamW with lr=0.0001
INFO: Scheduler: linear with 0 warmup steps
INFO: Starting model training for 30 epochs
INFO: Training steps: 5640
INFO: Device: cuda
INFO: Epoch 1/30 completed | Avg Loss: 0.6120
INFO: Epoch 2/30 completed | Avg Loss: 0.0670
INFO: Epoch 3/30 completed | Avg Loss: 0.0112
INFO: Epoch 4/30 completed | Avg Loss: 0.0074
INFO: Epoch 5/30 completed | Avg Loss: 0.0068
INFO: Epoch 6/30 completed | Avg Loss: 0.0083
INFO: Epoch 7/30 completed | Avg Loss: 0.0083
INFO: Epoch 8/30 completed | Avg Loss: 0.0044
INFO: Epoch 9/30 completed | Avg Loss: 0.0039
INFO: Epoch 10/30 completed | Avg Loss: 0.0037
INFO: Epoch 11/30 completed | Avg Loss: 0.0047
INFO: Epoch 12/30 completed | Avg Loss: 0.0071
INFO: Epoch 13/30 completed | Avg Loss: 0.0032
INFO: Epoch 14/30 completed | Avg Loss: 0.0056
INFO: Epoch 15/30 completed | Avg Loss: 0.0037
INFO: Epoch 16/30 completed | Avg Loss: 0.0028
INFO: Epoch 17/30 completed | Avg Loss: 0.0033
INFO: Epoch 18/30 completed | Avg Loss: 0.0025
INFO: Epoch 19/30 completed | Avg Loss: 0.0043
INFO: Epoch 20/30 completed | Avg Loss: 0.0019
INFO: Epoch 21/30 completed | Avg Loss: 0.0006
INFO: Epoch 22/30 completed | Avg Loss: 0.0025
INFO: Epoch 23/30 completed | Avg Loss: 0.0011
INFO: Epoch 24/30 completed | Avg Loss: 0.0012
INFO: Epoch 25/30 completed | Avg Loss: 0.0012
INFO: Epoch 26/30 completed | Avg Loss: 0.0007
INFO: Epoch 27/30 completed | Avg Loss: 0.0006
INFO: Epoch 28/30 completed | Avg Loss: 0.0004
INFO: Epoch 29/30 completed | Avg Loss: 0.0012
INFO: Epoch 30/30 completed | Avg Loss: 0.0003
INFO: Training complete
INFO: Final average loss: 0.0003
INFO: === Generating synthetic patient data ===
INFO: 
--- Sample 1/5 ---
INFO: Generating sequence for prompt: '71 ASIAN M <demo>'
INFO: Starting generation with temp=1.5, top_k=50, max_length=256
INFO: Generated token counts - <v>: 1, <\v>: 1, <END>: 1
INFO: Generated sequence (clean): 71 ASIAN M <demo> 4IAN M3>
INFO: 
--- Sample 2/5 ---
INFO: Generating sequence for prompt: '78 HISPANIC OR LATINO M <demo>'
INFO: Starting generation with temp=1.5, top_k=50, max_length=256
INFO: Generated token counts - <v>: 1, <\v>: 0, <END>: 1
INFO: Generated sequence (clean): 78 HISPANIC OR LATINO M <demo>
INFO: 
--- Sample 3/5 ---
INFO: Generating sequence for prompt: '25 UNKNOWN/NOT SPECIFIED M <demo>'
INFO: Starting generation with temp=1.5, top_k=50, max_length=256
INFO: Generated token counts - <v>: 1, <\v>: 0, <END>: 1
INFO: Generated sequence (clean): 25 UNKNOWN/NOT SPECIFIED M <demo>
INFO: 
--- Sample 4/5 ---
INFO: Generating sequence for prompt: '48 UNABLE TO OBTAIN M <demo>'
INFO: Starting generation with temp=1.5, top_k=50, max_length=256
INFO: Generated token counts - <v>: 1, <\v>: 0, <END>: 1
INFO: Generated sequence (clean): 48 UNABLE TO OBTAIN M <demo>
INFO: 
--- Sample 5/5 ---
INFO: Generating sequence for prompt: '47 WHITE F <demo>'
INFO: Starting generation with temp=1.5, top_k=50, max_length=256
INFO: Generated token counts - <v>: 1, <\v>: 1, <END>: 1
INFO: Generated sequence (clean): 47 WHITE F <demo>
INFO: === Training and generation complete ===
End Time: Thu Oct  9 03:59:16 CDT 2025
Exit Code: 0
