Job ID: 5183022
Job Name: ehr_lr0.00005_temp1.3_k30
Node: ccc0388
CUDA_VISIBLE_DEVICES: 0
Start Time: Thu Oct  9 04:01:28 CDT 2025
Working Directory: /u/jalenj4/pehr_scratch
Thu Oct  9 04:01:28 2025       
+-----------------------------------------------------------------------------------------+
| NVIDIA-SMI 580.95.05              Driver Version: 580.95.05      CUDA Version: 13.0     |
+-----------------------------------------+------------------------+----------------------+
| GPU  Name                 Persistence-M | Bus-Id          Disp.A | Volatile Uncorr. ECC |
| Fan  Temp   Perf          Pwr:Usage/Cap |           Memory-Usage | GPU-Util  Compute M. |
|                                         |                        |               MIG M. |
|=========================================+========================+======================|
|   0  NVIDIA A100-SXM4-80GB          On  |   00000000:C1:00.0 Off |                    0 |
| N/A   40C    P0             83W /  500W |       0MiB /  81920MiB |      0%      Default |
|                                         |                        |             Disabled |
+-----------------------------------------+------------------------+----------------------+

+-----------------------------------------------------------------------------------------+
| Processes:                                                                              |
|  GPU   GI   CI              PID   Type   Process name                        GPU Memory |
|        ID   ID                                                               Usage      |
|=========================================================================================|
|  No running processes found                                                             |
+-----------------------------------------------------------------------------------------+
Parameters:
  NUM_PATIENTS: 3000
  BATCH_SIZE: 16
  NUM_EPOCHS: 30
  LEARNING_RATE: 0.00005
  GENERATION_TEMP: 1.3
  TOP_K: 30
INFO: === EHR Generation Training Started ===
INFO: Configuration: {'model_name': 'facebook/bart-base', 'num_patients': 3000, 'max_seq_length': 256, 'batch_size': 16, 'num_epochs': 30, 'learning_rate': 5e-05, 'generation_temp': 1.3, 'generation_max_length': 256, 'num_warmup_steps': 0, 'top_k': 30, 'data_dir': 'data_files', 'mimic_paths': {'patients_path': 'data_files/PATIENTS.csv', 'admissions_path': 'data_files/ADMISSIONS.csv', 'diagnoses_path': 'data_files/DIAGNOSES_ICD.csv'}}
INFO: Using device: cuda
INFO: Loading pretrained BART model: facebook/bart-base
INFO: Added 3 special tokens: <v>, <\v>, <END>
INFO: Resized model embeddings to 50268 tokens
INFO: Loading MIMIC-III data files
INFO: Loaded 46520 patients
INFO: Loaded 58976 admissions
INFO: Loaded 651047 diagnosis records
INFO: Data processing complete. Formatting sequences...
INFO: Sequence formatting complete. Generated 3000 patient sequences
INFO: Average visits per patient: 1.27
INFO: Average tokens per sequence: 19.69
INFO: Sample patient sequences:
INFO: Sample 1: 63 WHITE M <demo> <v> 49322 30302 51882 27651 29181 3051 V600 7955 <\v> <END>...
INFO: Sample 2: 0 WHITE F <demo> <v> 76527 76517 7742 7706 V290 V721 <\v> <END>...
INFO: Sample 3: 90 UNKNOWN/NOT SPECIFIED F <demo> <v> 1508 1622 496 25000 4019 <\v> <END>...
INFO: Sample 4: 0 BLACK/AFRICAN AMERICAN M <demo> <v> V3001 7756 76408 76529 7746 V502 7784 <\v> <END>...
INFO: Sample 5: 34 WHITE F <demo> <v> 7464 4412 2859 <\v> <END>...
INFO: Created dataset with 3000 samples, 188 batches
INFO: Optimizer: AdamW with lr=5e-05
INFO: Scheduler: linear with 0 warmup steps
INFO: Starting model training for 30 epochs
INFO: Training steps: 5640
INFO: Device: cuda
INFO: Epoch 1/30 completed | Avg Loss: 0.6199
INFO: Epoch 2/30 completed | Avg Loss: 0.1022
INFO: Epoch 3/30 completed | Avg Loss: 0.0233
INFO: Epoch 4/30 completed | Avg Loss: 0.0269
INFO: Epoch 5/30 completed | Avg Loss: 0.0094
INFO: Epoch 6/30 completed | Avg Loss: 0.0053
INFO: Epoch 7/30 completed | Avg Loss: 0.0033
INFO: Epoch 8/30 completed | Avg Loss: 0.0023
INFO: Epoch 9/30 completed | Avg Loss: 0.0038
INFO: Epoch 10/30 completed | Avg Loss: 0.0021
INFO: Epoch 11/30 completed | Avg Loss: 0.0027
INFO: Epoch 12/30 completed | Avg Loss: 0.0041
INFO: Epoch 13/30 completed | Avg Loss: 0.0022
INFO: Epoch 14/30 completed | Avg Loss: 0.0021
INFO: Epoch 15/30 completed | Avg Loss: 0.0027
INFO: Epoch 16/30 completed | Avg Loss: 0.0036
INFO: Epoch 17/30 completed | Avg Loss: 0.0016
INFO: Epoch 18/30 completed | Avg Loss: 0.0014
INFO: Epoch 19/30 completed | Avg Loss: 0.0015
INFO: Epoch 20/30 completed | Avg Loss: 0.0011
INFO: Epoch 21/30 completed | Avg Loss: 0.0012
INFO: Epoch 22/30 completed | Avg Loss: 0.0016
INFO: Epoch 23/30 completed | Avg Loss: 0.0011
INFO: Epoch 24/30 completed | Avg Loss: 0.0013
INFO: Epoch 25/30 completed | Avg Loss: 0.0010
INFO: Epoch 26/30 completed | Avg Loss: 0.0007
INFO: Epoch 27/30 completed | Avg Loss: 0.0005
INFO: Epoch 28/30 completed | Avg Loss: 0.0004
INFO: Epoch 29/30 completed | Avg Loss: 0.0004
INFO: Epoch 30/30 completed | Avg Loss: 0.0004
INFO: Training complete
INFO: Final average loss: 0.0004
INFO: === Generating synthetic patient data ===
INFO: 
--- Sample 1/5 ---
INFO: Generating sequence for prompt: '21 OTHER M <demo>'
INFO: Starting generation with temp=1.3, top_k=30, max_length=256
INFO: Generated token counts - <v>: 1, <\v>: 1, <END>: 1
INFO: Generated sequence (clean): 21 OTHER M <demo>21 OTHER E <demO>
INFO: 
--- Sample 2/5 ---
INFO: Generating sequence for prompt: '57 ASIAN F <demo>'
INFO: Starting generation with temp=1.3, top_k=30, max_length=256
INFO: Generated token counts - <v>: 1, <\v>: 0, <END>: 1
INFO: Generated sequence (clean): 57 ASIAN F <demo>
INFO: 
--- Sample 3/5 ---
INFO: Generating sequence for prompt: '44 WHITE M <demo>'
INFO: Starting generation with temp=1.3, top_k=30, max_length=256
INFO: Generated token counts - <v>: 1, <\v>: 1, <END>: 1
INFO: Generated sequence (clean): 44 WHITE M <demo> WHITE M 0332>
INFO: 
--- Sample 4/5 ---
INFO: Generating sequence for prompt: '45 HISPANIC OR LATINO F <demo>'
INFO: Starting generation with temp=1.3, top_k=30, max_length=256
INFO: Generated token counts - <v>: 2, <\v>: 0, <END>: 1
INFO: Generated sequence (clean): 45 HISPANIC OR LATINO F <demo> OR LATICAN F <DEMo> 
INFO: 
--- Sample 5/5 ---
INFO: Generating sequence for prompt: '44 OTHER F <demo>'
INFO: Starting generation with temp=1.3, top_k=30, max_length=256
INFO: Generated token counts - <v>: 1, <\v>: 0, <END>: 1
INFO: Generated sequence (clean): 44 OTHER F <demo>44 OTHER E <demoh>
INFO: === Training and generation complete ===
End Time: Thu Oct  9 04:24:59 CDT 2025
Exit Code: 0
