2025-10-10 01:44:48 | INFO     | <module>:563 | === EHR Generation Training Started ===
2025-10-10 01:44:48 | INFO     | <module>:584 | Configuration: {'model_name': 'facebook/bart-base', 'num_patients': 3000, 'max_seq_length': 256, 'batch_size': 16, 'num_epochs': 15, 'learning_rate': 0.0001, 'generation_temp': 1.0, 'generation_max_length': 256, 'num_warmup_steps': 0, 'top_k': 50, 'data_dir': 'data_files', 'mimic_paths': {'patients_path': 'data_files/PATIENTS.csv', 'admissions_path': 'data_files/ADMISSIONS.csv', 'diagnoses_path': 'data_files/DIAGNOSES_ICD.csv'}}
2025-10-10 01:44:48 | INFO     | <module>:588 | Using device: cuda
2025-10-10 01:44:48 | INFO     | <module>:591 | Loading pretrained BART model: facebook/bart-base
2025-10-10 01:44:49 | INFO     | <module>:598 | Added 4 special tokens: <demo>, <v>, <\v>, <END>
2025-10-10 01:44:50 | INFO     | <module>:601 | Resized model embeddings to 50269 tokens
2025-10-10 01:44:50 | INFO     | <module>:609 | Initialized 4 new embeddings from pretrained mean
2025-10-10 01:44:50 | DEBUG    | <module>:611 | Token ID for <demo>: 50265
2025-10-10 01:44:50 | DEBUG    | <module>:612 | Token ID for <v>: 50266
2025-10-10 01:44:50 | DEBUG    | <module>:613 | Token ID for <\v>: 50267
2025-10-10 01:44:50 | DEBUG    | <module>:614 | Token ID for <END>: 50268
2025-10-10 01:44:50 | INFO     | load_and_format_mimic_data:147 | Loading MIMIC-III data files
2025-10-10 01:44:50 | DEBUG    | load_and_format_mimic_data:148 | Patients: data_files/PATIENTS.csv
2025-10-10 01:44:50 | DEBUG    | load_and_format_mimic_data:149 | Admissions: data_files/ADMISSIONS.csv
2025-10-10 01:44:50 | DEBUG    | load_and_format_mimic_data:150 | Diagnoses: data_files/DIAGNOSES_ICD.csv
2025-10-10 01:44:50 | INFO     | load_and_format_mimic_data:155 | Loaded 46520 patients
2025-10-10 01:44:50 | INFO     | load_and_format_mimic_data:158 | Loaded 58976 admissions
2025-10-10 01:44:50 | INFO     | load_and_format_mimic_data:161 | Loaded 651047 diagnosis records
2025-10-10 01:44:50 | INFO     | load_and_format_mimic_data:219 | Data processing complete. Formatting sequences...
2025-10-10 01:44:52 | INFO     | load_and_format_mimic_data:258 | Sequence formatting complete. Generated 3000 patient sequences
2025-10-10 01:44:52 | DEBUG    | load_and_format_mimic_data:262 | Sample sequence: 0 ASIAN M <demo> <v> V3001 V053 V290 <\v> <END>...
2025-10-10 01:44:52 | INFO     | load_and_format_mimic_data:267 | Average visits per patient: 1.27
2025-10-10 01:44:52 | INFO     | load_and_format_mimic_data:268 | Average tokens per sequence: 19.69
2025-10-10 01:44:52 | INFO     | <module>:628 | Sample patient sequences:
2025-10-10 01:44:52 | INFO     | <module>:630 | Sample 1: 76 WHITE M <demo> <v> 4241 4111 496 41401 V1046 4019 5920 51889 <\v> <END>...
2025-10-10 01:44:52 | INFO     | <module>:630 | Sample 2: 56 WHITE F <demo> <v> 99662 03811 78552 99592 78820 2762 25051 25061 25011 <\v> <v> 6820 42832 1749 V5867 V4585 41401 V4582 2724 2449 4019 311 4280 25...
2025-10-10 01:44:52 | INFO     | <module>:630 | Sample 3: 70 WHITE M <demo> <v> 5070 23875 2841 25000 <\v> <END>...
2025-10-10 01:44:52 | INFO     | <module>:630 | Sample 4: 69 ASIAN M <demo> <v> 5070 48249 5849 1970 1977 4019 4389 2720 V441 <\v> <END>...
2025-10-10 01:44:52 | INFO     | <module>:630 | Sample 5: 0 UNKNOWN/NOT SPECIFIED F <demo> <v> V3001 769 7742 7793 6826 76526 76516 77081 5531 22801 V053 V290 <\v> <END>...
2025-10-10 01:44:52 | DEBUG    | __init__:294 | First sequence length: 22 tokens
2025-10-10 01:44:52 | DEBUG    | __init__:295 | Pad token ID: 1
2025-10-10 01:44:52 | INFO     | <module>:634 | Created dataset with 3000 samples, 188 batches
2025-10-10 01:44:52 | INFO     | <module>:645 | Optimizer: AdamW with lr=0.0001
2025-10-10 01:44:52 | INFO     | <module>:646 | Scheduler: linear with 0 warmup steps
2025-10-10 01:44:53 | INFO     | train_model:351 | Starting model training for 15 epochs
2025-10-10 01:44:53 | INFO     | train_model:352 | Training steps: 2820
2025-10-10 01:44:53 | INFO     | train_model:353 | Device: cuda
2025-10-10 01:44:54 | DEBUG    | train_model:372 | First batch input_ids shape: torch.Size([16, 256])
2025-10-10 01:44:54 | DEBUG    | train_model:373 | First batch labels shape: torch.Size([16, 256])
2025-10-10 01:44:54 | DEBUG    | train_model:374 | First batch attention_mask shape: torch.Size([16, 256])
2025-10-10 01:44:54 | DEBUG    | train_model:375 | Initial loss: 3.1720
2025-10-10 01:44:54 | DEBUG    | train_model:382 | Special tokens in first batch: {'pad': 3269, 'masked_labels': 3269}
2025-10-10 01:45:13 | INFO     | train_model:401 | Epoch 1/15 completed | Avg Loss: 0.6446
2025-10-10 01:45:33 | INFO     | train_model:401 | Epoch 2/15 completed | Avg Loss: 0.0519
2025-10-10 01:45:52 | INFO     | train_model:401 | Epoch 3/15 completed | Avg Loss: 0.0241
2025-10-10 01:46:12 | INFO     | train_model:401 | Epoch 4/15 completed | Avg Loss: 0.0272
2025-10-10 01:46:31 | INFO     | train_model:401 | Epoch 5/15 completed | Avg Loss: 0.0315
2025-10-10 01:46:51 | INFO     | train_model:401 | Epoch 6/15 completed | Avg Loss: 0.0094
2025-10-10 01:47:10 | INFO     | train_model:401 | Epoch 7/15 completed | Avg Loss: 0.0058
2025-10-10 01:47:29 | INFO     | train_model:401 | Epoch 8/15 completed | Avg Loss: 0.0037
2025-10-10 01:47:49 | INFO     | train_model:401 | Epoch 9/15 completed | Avg Loss: 0.0036
2025-10-10 01:48:08 | INFO     | train_model:401 | Epoch 10/15 completed | Avg Loss: 0.0019
2025-10-10 01:48:28 | INFO     | train_model:401 | Epoch 11/15 completed | Avg Loss: 0.0018
2025-10-10 01:48:47 | INFO     | train_model:401 | Epoch 12/15 completed | Avg Loss: 0.0043
2025-10-10 01:49:07 | INFO     | train_model:401 | Epoch 13/15 completed | Avg Loss: 0.0015
2025-10-10 01:49:26 | INFO     | train_model:401 | Epoch 14/15 completed | Avg Loss: 0.0008
2025-10-10 01:49:46 | INFO     | train_model:401 | Epoch 15/15 completed | Avg Loss: 0.0007
2025-10-10 01:49:46 | INFO     | train_model:403 | Training complete
2025-10-10 01:49:46 | INFO     | train_model:404 | Final average loss: 0.0007
2025-10-10 01:49:46 | DEBUG    | train_model:405 | Loss history: [0.6446271173338941, 0.05192209961031504, 0.02414805866081882, 0.027213666571348785, 0.03150679222853022, 0.009393647159858447, 0.005756884505241575, 0.0036591565437079903, 0.0035546139188227244, 0.0018815540925641743, 0.0017574300643978045, 0.00425235901917752, 0.0015469283372364403, 0.0007724887258750931, 0.0006980128237046301]
2025-10-10 01:49:46 | INFO     | <module>:660 | === Generating synthetic patient data ===
2025-10-10 01:49:46 | INFO     | <module>:669 | 
--- Sample 1/5 ---
2025-10-10 01:49:46 | INFO     | generate_patient_sequence:443 | Generating sequence for prompt: '31 OTHER F <demo>'
2025-10-10 01:49:46 | DEBUG    | generate_patient_sequence:447 | Prompt token IDs: [0, 2983, 16536, 274, 1437, 50265, 2]
2025-10-10 01:49:46 | DEBUG    | generate_patient_sequence:448 | Prompt tokens: ['<s>', '31', ' OTHER', ' F', ' ', '<demo>', '</s>']
2025-10-10 01:49:46 | DEBUG    | generate_patient_sequence:457 | Special token IDs - <v>: 50266, <\v>: 50267, <END>: 50268, PAD: 1, EOS: 2
2025-10-10 01:49:46 | DEBUG    | generate_patient_sequence:464 | Initial decoder input (with forced <v>): [0, 2983, 16536, 274, 1437, 50265, 2, 50266]
2025-10-10 01:49:46 | DEBUG    | generate_patient_sequence:478 | After prompt, probability of <v>: 0.062584
2025-10-10 01:49:46 | DEBUG    | generate_patient_sequence:479 | After prompt, probability of <END>: 0.905941
2025-10-10 01:49:46 | DEBUG    | generate_patient_sequence:480 | After prompt, probability of PAD: 0.000000
2025-10-10 01:49:46 | DEBUG    | generate_patient_sequence:481 | After prompt, probability of EOS: 0.028213
2025-10-10 01:49:46 | DEBUG    | generate_patient_sequence:485 | Top 20 next token predictions after prompt:
2025-10-10 01:49:46 | DEBUG    | generate_patient_sequence:503 |   Rank 1: <END>                | Prob: 0.905941 | ID: 50268
2025-10-10 01:49:46 | DEBUG    | generate_patient_sequence:503 |   Rank 2: <v>                  | Prob: 0.062584 | ID: 50266
2025-10-10 01:49:46 | DEBUG    | generate_patient_sequence:503 |   Rank 3: <EOS>                | Prob: 0.028213 | ID: 2
2025-10-10 01:49:46 | DEBUG    | generate_patient_sequence:503 |   Rank 4: <\v>                 | Prob: 0.001038 | ID: 50267
2025-10-10 01:49:46 | DEBUG    | generate_patient_sequence:503 |   Rank 5: <demo>               | Prob: 0.000712 | ID: 50265
2025-10-10 01:49:46 | DEBUG    | generate_patient_sequence:503 |   Rank 6:  OTHER               | Prob: 0.000210 | ID: 16536
2025-10-10 01:49:46 | DEBUG    | generate_patient_sequence:503 |   Rank 7: KNOWN                | Prob: 0.000050 | ID: 47300
2025-10-10 01:49:46 | DEBUG    | generate_patient_sequence:503 |   Rank 8: LIN                  | Prob: 0.000038 | ID: 13748
2025-10-10 01:49:46 | DEBUG    | generate_patient_sequence:503 |   Rank 9: 681                  | Prob: 0.000031 | ID: 38149
2025-10-10 01:49:46 | DEBUG    | generate_patient_sequence:503 |   Rank 10:  780                 | Prob: 0.000030 | ID: 37866
2025-10-10 01:49:46 | DEBUG    | generate_patient_sequence:503 |   Rank 11: NOT                  | Prob: 0.000013 | ID: 37049
2025-10-10 01:49:46 | DEBUG    | generate_patient_sequence:503 |   Rank 12: 911                  | Prob: 0.000012 | ID: 37157
2025-10-10 01:49:46 | DEBUG    | generate_patient_sequence:503 |   Rank 13:  401                 | Prob: 0.000010 | ID: 17936
2025-10-10 01:49:46 | DEBUG    | generate_patient_sequence:503 |   Rank 14: 620                  | Prob: 0.000010 | ID: 32994
2025-10-10 01:49:46 | DEBUG    | generate_patient_sequence:503 |   Rank 15:  414                 | Prob: 0.000008 | ID: 38456
2025-10-10 01:49:46 | DEBUG    | generate_patient_sequence:503 |   Rank 16: else                 | Prob: 0.000008 | ID: 44617
2025-10-10 01:49:46 | DEBUG    | generate_patient_sequence:503 |   Rank 17: 373                  | Prob: 0.000007 | ID: 34099
2025-10-10 01:49:46 | DEBUG    | generate_patient_sequence:503 |   Rank 18: 139                  | Prob: 0.000007 | ID: 25488
2025-10-10 01:49:46 | DEBUG    | generate_patient_sequence:503 |   Rank 19: 410                  | Prob: 0.000007 | ID: 31132
2025-10-10 01:49:46 | DEBUG    | generate_patient_sequence:503 |   Rank 20:  770                 | Prob: 0.000006 | ID: 39570
2025-10-10 01:49:46 | INFO     | generate_patient_sequence:507 | Starting generation with temp=1.0, top_k=50, max_length=256
2025-10-10 01:49:46 | DEBUG    | generate_patient_sequence:521 | Generated token IDs: [2, 0, 2983, 16536, 274, 1437, 50265, 2, 50266, 4, 2983, 16536, 256, 1437, 50265, 1437, 50268]
2025-10-10 01:49:46 | DEBUG    | generate_patient_sequence:522 | Generated length: 17 tokens
2025-10-10 01:49:46 | INFO     | generate_patient_sequence:530 | Generated token counts - <v>: 1, <\v>: 0, <END>: 1
2025-10-10 01:49:46 | DEBUG    | generate_patient_sequence:538 | Raw generated sequence: </s><s>31 OTHER F  <demo> </s> <v> .31 OTHER M  <demo>   <END>
2025-10-10 01:49:46 | INFO     | generate_patient_sequence:541 | Generated sequence (clean): 31 OTHER F .31 OTHER M  
2025-10-10 01:49:46 | INFO     | <module>:669 | 
--- Sample 2/5 ---
2025-10-10 01:49:46 | INFO     | generate_patient_sequence:443 | Generating sequence for prompt: '52 OTHER M <demo>'
2025-10-10 01:49:46 | DEBUG    | generate_patient_sequence:447 | Prompt token IDs: [0, 4429, 16536, 256, 1437, 50265, 2]
2025-10-10 01:49:46 | DEBUG    | generate_patient_sequence:448 | Prompt tokens: ['<s>', '52', ' OTHER', ' M', ' ', '<demo>', '</s>']
2025-10-10 01:49:46 | DEBUG    | generate_patient_sequence:457 | Special token IDs - <v>: 50266, <\v>: 50267, <END>: 50268, PAD: 1, EOS: 2
2025-10-10 01:49:46 | DEBUG    | generate_patient_sequence:464 | Initial decoder input (with forced <v>): [0, 4429, 16536, 256, 1437, 50265, 2, 50266]
2025-10-10 01:49:46 | DEBUG    | generate_patient_sequence:478 | After prompt, probability of <v>: 0.071181
2025-10-10 01:49:46 | DEBUG    | generate_patient_sequence:479 | After prompt, probability of <END>: 0.895463
2025-10-10 01:49:46 | DEBUG    | generate_patient_sequence:480 | After prompt, probability of PAD: 0.000000
2025-10-10 01:49:46 | DEBUG    | generate_patient_sequence:481 | After prompt, probability of EOS: 0.029944
2025-10-10 01:49:46 | DEBUG    | generate_patient_sequence:485 | Top 20 next token predictions after prompt:
2025-10-10 01:49:46 | DEBUG    | generate_patient_sequence:503 |   Rank 1: <END>                | Prob: 0.895463 | ID: 50268
2025-10-10 01:49:46 | DEBUG    | generate_patient_sequence:503 |   Rank 2: <v>                  | Prob: 0.071181 | ID: 50266
2025-10-10 01:49:46 | DEBUG    | generate_patient_sequence:503 |   Rank 3: <EOS>                | Prob: 0.029944 | ID: 2
2025-10-10 01:49:46 | DEBUG    | generate_patient_sequence:503 |   Rank 4: <\v>                 | Prob: 0.001264 | ID: 50267
2025-10-10 01:49:46 | DEBUG    | generate_patient_sequence:503 |   Rank 5: <demo>               | Prob: 0.000792 | ID: 50265
2025-10-10 01:49:46 | DEBUG    | generate_patient_sequence:503 |   Rank 6:  OTHER               | Prob: 0.000162 | ID: 16536
2025-10-10 01:49:46 | DEBUG    | generate_patient_sequence:503 |   Rank 7: KNOWN                | Prob: 0.000066 | ID: 47300
2025-10-10 01:49:46 | DEBUG    | generate_patient_sequence:503 |   Rank 8: LIN                  | Prob: 0.000031 | ID: 13748
2025-10-10 01:49:46 | DEBUG    | generate_patient_sequence:503 |   Rank 9: 681                  | Prob: 0.000027 | ID: 38149
2025-10-10 01:49:46 | DEBUG    | generate_patient_sequence:503 |   Rank 10:  780                 | Prob: 0.000021 | ID: 37866
2025-10-10 01:49:46 | DEBUG    | generate_patient_sequence:503 |   Rank 11: NOT                  | Prob: 0.000015 | ID: 37049
2025-10-10 01:49:46 | DEBUG    | generate_patient_sequence:503 |   Rank 12:  401                 | Prob: 0.000011 | ID: 17936
2025-10-10 01:49:46 | DEBUG    | generate_patient_sequence:503 |   Rank 13: 911                  | Prob: 0.000010 | ID: 37157
2025-10-10 01:49:46 | DEBUG    | generate_patient_sequence:503 |   Rank 14: 139                  | Prob: 0.000009 | ID: 25488
2025-10-10 01:49:46 | DEBUG    | generate_patient_sequence:503 |   Rank 15: 620                  | Prob: 0.000008 | ID: 32994
2025-10-10 01:49:46 | DEBUG    | generate_patient_sequence:503 |   Rank 16:  414                 | Prob: 0.000008 | ID: 38456
2025-10-10 01:49:46 | DEBUG    | generate_patient_sequence:503 |   Rank 17: 181                  | Prob: 0.000006 | ID: 30818
2025-10-10 01:49:46 | DEBUG    | generate_patient_sequence:503 |   Rank 18: 373                  | Prob: 0.000006 | ID: 34099
2025-10-10 01:49:46 | DEBUG    | generate_patient_sequence:503 |   Rank 19:  770                 | Prob: 0.000006 | ID: 39570
2025-10-10 01:49:46 | DEBUG    | generate_patient_sequence:503 |   Rank 20: else                 | Prob: 0.000006 | ID: 44617
2025-10-10 01:49:46 | INFO     | generate_patient_sequence:507 | Starting generation with temp=1.0, top_k=50, max_length=256
2025-10-10 01:49:46 | DEBUG    | generate_patient_sequence:521 | Generated token IDs: [2, 0, 4429, 16536, 256, 1437, 50265, 2, 50266, 4, 4429, 16536, 448, 1437, 50265, 1437, 50268]
2025-10-10 01:49:46 | DEBUG    | generate_patient_sequence:522 | Generated length: 17 tokens
2025-10-10 01:49:46 | INFO     | generate_patient_sequence:530 | Generated token counts - <v>: 1, <\v>: 0, <END>: 1
2025-10-10 01:49:46 | DEBUG    | generate_patient_sequence:538 | Raw generated sequence: </s><s>52 OTHER M  <demo> </s> <v> .52 OTHERM  <demo>   <END>
2025-10-10 01:49:46 | INFO     | generate_patient_sequence:541 | Generated sequence (clean): 52 OTHER M .52 OTHERM  
2025-10-10 01:49:46 | INFO     | <module>:669 | 
--- Sample 3/5 ---
2025-10-10 01:49:46 | INFO     | generate_patient_sequence:443 | Generating sequence for prompt: '23 OTHER M <demo>'
2025-10-10 01:49:46 | DEBUG    | generate_patient_sequence:447 | Prompt token IDs: [0, 1922, 16536, 256, 1437, 50265, 2]
2025-10-10 01:49:46 | DEBUG    | generate_patient_sequence:448 | Prompt tokens: ['<s>', '23', ' OTHER', ' M', ' ', '<demo>', '</s>']
2025-10-10 01:49:46 | DEBUG    | generate_patient_sequence:457 | Special token IDs - <v>: 50266, <\v>: 50267, <END>: 50268, PAD: 1, EOS: 2
2025-10-10 01:49:46 | DEBUG    | generate_patient_sequence:464 | Initial decoder input (with forced <v>): [0, 1922, 16536, 256, 1437, 50265, 2, 50266]
2025-10-10 01:49:46 | DEBUG    | generate_patient_sequence:478 | After prompt, probability of <v>: 0.084393
2025-10-10 01:49:46 | DEBUG    | generate_patient_sequence:479 | After prompt, probability of <END>: 0.895493
2025-10-10 01:49:46 | DEBUG    | generate_patient_sequence:480 | After prompt, probability of PAD: 0.000000
2025-10-10 01:49:46 | DEBUG    | generate_patient_sequence:481 | After prompt, probability of EOS: 0.016815
2025-10-10 01:49:46 | DEBUG    | generate_patient_sequence:485 | Top 20 next token predictions after prompt:
2025-10-10 01:49:46 | DEBUG    | generate_patient_sequence:503 |   Rank 1: <END>                | Prob: 0.895493 | ID: 50268
2025-10-10 01:49:46 | DEBUG    | generate_patient_sequence:503 |   Rank 2: <v>                  | Prob: 0.084393 | ID: 50266
2025-10-10 01:49:46 | DEBUG    | generate_patient_sequence:503 |   Rank 3: <EOS>                | Prob: 0.016815 | ID: 2
2025-10-10 01:49:46 | DEBUG    | generate_patient_sequence:503 |   Rank 4: <\v>                 | Prob: 0.001369 | ID: 50267
2025-10-10 01:49:46 | DEBUG    | generate_patient_sequence:503 |   Rank 5: <demo>               | Prob: 0.000925 | ID: 50265
2025-10-10 01:49:46 | DEBUG    | generate_patient_sequence:503 |   Rank 6:  OTHER               | Prob: 0.000098 | ID: 16536
2025-10-10 01:49:46 | DEBUG    | generate_patient_sequence:503 |   Rank 7: KNOWN                | Prob: 0.000055 | ID: 47300
2025-10-10 01:49:46 | DEBUG    | generate_patient_sequence:503 |   Rank 8: LIN                  | Prob: 0.000021 | ID: 13748
2025-10-10 01:49:46 | DEBUG    | generate_patient_sequence:503 |   Rank 9: 681                  | Prob: 0.000020 | ID: 38149
2025-10-10 01:49:46 | DEBUG    | generate_patient_sequence:503 |   Rank 10:  780                 | Prob: 0.000017 | ID: 37866
2025-10-10 01:49:46 | DEBUG    | generate_patient_sequence:503 |   Rank 11: NOT                  | Prob: 0.000011 | ID: 37049
2025-10-10 01:49:46 | DEBUG    | generate_patient_sequence:503 |   Rank 12:  401                 | Prob: 0.000009 | ID: 17936
2025-10-10 01:49:46 | DEBUG    | generate_patient_sequence:503 |   Rank 13: 911                  | Prob: 0.000007 | ID: 37157
2025-10-10 01:49:46 | DEBUG    | generate_patient_sequence:503 |   Rank 14: 139                  | Prob: 0.000006 | ID: 25488
2025-10-10 01:49:46 | DEBUG    | generate_patient_sequence:503 |   Rank 15:  414                 | Prob: 0.000006 | ID: 38456
2025-10-10 01:49:46 | DEBUG    | generate_patient_sequence:503 |   Rank 16: 620                  | Prob: 0.000005 | ID: 32994
2025-10-10 01:49:46 | DEBUG    | generate_patient_sequence:503 |   Rank 17: 373                  | Prob: 0.000005 | ID: 34099
2025-10-10 01:49:46 | DEBUG    | generate_patient_sequence:503 |   Rank 18: 181                  | Prob: 0.000005 | ID: 30818
2025-10-10 01:49:46 | DEBUG    | generate_patient_sequence:503 |   Rank 19:  770                 | Prob: 0.000005 | ID: 39570
2025-10-10 01:49:46 | DEBUG    | generate_patient_sequence:503 |   Rank 20: IENT                 | Prob: 0.000005 | ID: 44735
2025-10-10 01:49:46 | INFO     | generate_patient_sequence:507 | Starting generation with temp=1.0, top_k=50, max_length=256
2025-10-10 01:49:46 | DEBUG    | generate_patient_sequence:521 | Generated token IDs: [2, 0, 1922, 16536, 256, 1437, 50265, 2, 50266, 564, 16536, 448, 1437, 50265, 1437, 50268]
2025-10-10 01:49:46 | DEBUG    | generate_patient_sequence:522 | Generated length: 16 tokens
2025-10-10 01:49:46 | INFO     | generate_patient_sequence:530 | Generated token counts - <v>: 1, <\v>: 0, <END>: 1
2025-10-10 01:49:46 | DEBUG    | generate_patient_sequence:538 | Raw generated sequence: </s><s>23 OTHER M  <demo> </s> <v>  25 OTHERM  <demo>   <END>
2025-10-10 01:49:46 | INFO     | generate_patient_sequence:541 | Generated sequence (clean): 23 OTHER M  25 OTHERM  
2025-10-10 01:49:46 | INFO     | <module>:669 | 
--- Sample 4/5 ---
2025-10-10 01:49:46 | INFO     | generate_patient_sequence:443 | Generating sequence for prompt: '79 WHITE F <demo>'
2025-10-10 01:49:46 | DEBUG    | generate_patient_sequence:447 | Prompt token IDs: [0, 5220, 38503, 274, 1437, 50265, 2]
2025-10-10 01:49:46 | DEBUG    | generate_patient_sequence:448 | Prompt tokens: ['<s>', '79', ' WHITE', ' F', ' ', '<demo>', '</s>']
2025-10-10 01:49:46 | DEBUG    | generate_patient_sequence:457 | Special token IDs - <v>: 50266, <\v>: 50267, <END>: 50268, PAD: 1, EOS: 2
2025-10-10 01:49:46 | DEBUG    | generate_patient_sequence:464 | Initial decoder input (with forced <v>): [0, 5220, 38503, 274, 1437, 50265, 2, 50266]
2025-10-10 01:49:46 | DEBUG    | generate_patient_sequence:478 | After prompt, probability of <v>: 0.039816
2025-10-10 01:49:46 | DEBUG    | generate_patient_sequence:479 | After prompt, probability of <END>: 0.905473
2025-10-10 01:49:46 | DEBUG    | generate_patient_sequence:480 | After prompt, probability of PAD: 0.000000
2025-10-10 01:49:46 | DEBUG    | generate_patient_sequence:481 | After prompt, probability of EOS: 0.051671
2025-10-10 01:49:46 | DEBUG    | generate_patient_sequence:485 | Top 20 next token predictions after prompt:
2025-10-10 01:49:46 | DEBUG    | generate_patient_sequence:503 |   Rank 1: <END>                | Prob: 0.905473 | ID: 50268
2025-10-10 01:49:46 | DEBUG    | generate_patient_sequence:503 |   Rank 2: <EOS>                | Prob: 0.051671 | ID: 2
2025-10-10 01:49:46 | DEBUG    | generate_patient_sequence:503 |   Rank 3: <v>                  | Prob: 0.039816 | ID: 50266
2025-10-10 01:49:46 | DEBUG    | generate_patient_sequence:503 |   Rank 4: <\v>                 | Prob: 0.001152 | ID: 50267
2025-10-10 01:49:46 | DEBUG    | generate_patient_sequence:503 |   Rank 5: <demo>               | Prob: 0.000456 | ID: 50265
2025-10-10 01:49:46 | DEBUG    | generate_patient_sequence:503 |   Rank 6:  OTHER               | Prob: 0.000170 | ID: 16536
2025-10-10 01:49:46 | DEBUG    | generate_patient_sequence:503 |   Rank 7: KNOWN                | Prob: 0.000052 | ID: 47300
2025-10-10 01:49:46 | DEBUG    | generate_patient_sequence:503 |   Rank 8:  780                 | Prob: 0.000049 | ID: 37866
2025-10-10 01:49:46 | DEBUG    | generate_patient_sequence:503 |   Rank 9: LIN                  | Prob: 0.000030 | ID: 13748
2025-10-10 01:49:46 | DEBUG    | generate_patient_sequence:503 |   Rank 10: 681                  | Prob: 0.000027 | ID: 38149
2025-10-10 01:49:46 | DEBUG    | generate_patient_sequence:503 |   Rank 11:  401                 | Prob: 0.000015 | ID: 17936
2025-10-10 01:49:46 | DEBUG    | generate_patient_sequence:503 |   Rank 12: 911                  | Prob: 0.000012 | ID: 37157
2025-10-10 01:49:46 | DEBUG    | generate_patient_sequence:503 |   Rank 13:  414                 | Prob: 0.000011 | ID: 38456
2025-10-10 01:49:46 | DEBUG    | generate_patient_sequence:503 |   Rank 14: 139                  | Prob: 0.000009 | ID: 25488
2025-10-10 01:49:46 | DEBUG    | generate_patient_sequence:503 |   Rank 15: 373                  | Prob: 0.000009 | ID: 34099
2025-10-10 01:49:46 | DEBUG    | generate_patient_sequence:503 |   Rank 16: NOT                  | Prob: 0.000008 | ID: 37049
2025-10-10 01:49:46 | DEBUG    | generate_patient_sequence:503 |   Rank 17: 620                  | Prob: 0.000007 | ID: 32994
2025-10-10 01:49:46 | DEBUG    | generate_patient_sequence:503 |   Rank 18: 181                  | Prob: 0.000007 | ID: 30818
2025-10-10 01:49:46 | DEBUG    | generate_patient_sequence:503 |   Rank 19:  6000                | Prob: 0.000007 | ID: 36300
2025-10-10 01:49:46 | DEBUG    | generate_patient_sequence:503 |   Rank 20: 71                   | Prob: 0.000007 | ID: 5339
2025-10-10 01:49:46 | INFO     | generate_patient_sequence:507 | Starting generation with temp=1.0, top_k=50, max_length=256
2025-10-10 01:49:46 | DEBUG    | generate_patient_sequence:521 | Generated token IDs: [2, 0, 5220, 38503, 274, 1437, 50265, 2, 50266, 7589, 38503, 274, 2068, 36570, 1889, 1437, 50267, 1437, 50268]
2025-10-10 01:49:46 | DEBUG    | generate_patient_sequence:522 | Generated length: 19 tokens
2025-10-10 01:49:46 | INFO     | generate_patient_sequence:530 | Generated token counts - <v>: 1, <\v>: 1, <END>: 1
2025-10-10 01:49:46 | DEBUG    | generate_patient_sequence:538 | Raw generated sequence: </s><s>79 WHITE F  <demo> </s> <v>  79 WHITE FITRICAN  <\v>   <END>
2025-10-10 01:49:46 | INFO     | generate_patient_sequence:541 | Generated sequence (clean): 79 WHITE F  79 WHITE FITRICAN  
2025-10-10 01:49:46 | INFO     | <module>:669 | 
--- Sample 5/5 ---
2025-10-10 01:49:46 | INFO     | generate_patient_sequence:443 | Generating sequence for prompt: '58 BLACK M <demo>'
2025-10-10 01:49:46 | DEBUG    | generate_patient_sequence:447 | Prompt token IDs: [0, 4432, 34101, 256, 1437, 50265, 2]
2025-10-10 01:49:46 | DEBUG    | generate_patient_sequence:448 | Prompt tokens: ['<s>', '58', ' BLACK', ' M', ' ', '<demo>', '</s>']
2025-10-10 01:49:46 | DEBUG    | generate_patient_sequence:457 | Special token IDs - <v>: 50266, <\v>: 50267, <END>: 50268, PAD: 1, EOS: 2
2025-10-10 01:49:46 | DEBUG    | generate_patient_sequence:464 | Initial decoder input (with forced <v>): [0, 4432, 34101, 256, 1437, 50265, 2, 50266]
2025-10-10 01:49:46 | DEBUG    | generate_patient_sequence:478 | After prompt, probability of <v>: 0.062235
2025-10-10 01:49:46 | DEBUG    | generate_patient_sequence:479 | After prompt, probability of <END>: 0.893440
2025-10-10 01:49:46 | DEBUG    | generate_patient_sequence:480 | After prompt, probability of PAD: 0.000000
2025-10-10 01:49:46 | DEBUG    | generate_patient_sequence:481 | After prompt, probability of EOS: 0.040799
2025-10-10 01:49:46 | DEBUG    | generate_patient_sequence:485 | Top 20 next token predictions after prompt:
2025-10-10 01:49:46 | DEBUG    | generate_patient_sequence:503 |   Rank 1: <END>                | Prob: 0.893440 | ID: 50268
2025-10-10 01:49:46 | DEBUG    | generate_patient_sequence:503 |   Rank 2: <v>                  | Prob: 0.062235 | ID: 50266
2025-10-10 01:49:46 | DEBUG    | generate_patient_sequence:503 |   Rank 3: <EOS>                | Prob: 0.040799 | ID: 2
2025-10-10 01:49:46 | DEBUG    | generate_patient_sequence:503 |   Rank 4: <\v>                 | Prob: 0.001459 | ID: 50267
2025-10-10 01:49:46 | DEBUG    | generate_patient_sequence:503 |   Rank 5: <demo>               | Prob: 0.000754 | ID: 50265
2025-10-10 01:49:46 | DEBUG    | generate_patient_sequence:503 |   Rank 6:  OTHER               | Prob: 0.000167 | ID: 16536
2025-10-10 01:49:46 | DEBUG    | generate_patient_sequence:503 |   Rank 7: KNOWN                | Prob: 0.000049 | ID: 47300
2025-10-10 01:49:46 | DEBUG    | generate_patient_sequence:503 |   Rank 8: LIN                  | Prob: 0.000031 | ID: 13748
2025-10-10 01:49:46 | DEBUG    | generate_patient_sequence:503 |   Rank 9:  780                 | Prob: 0.000027 | ID: 37866
2025-10-10 01:49:46 | DEBUG    | generate_patient_sequence:503 |   Rank 10: 681                  | Prob: 0.000027 | ID: 38149
2025-10-10 01:49:46 | DEBUG    | generate_patient_sequence:503 |   Rank 11: NOT                  | Prob: 0.000014 | ID: 37049
2025-10-10 01:49:46 | DEBUG    | generate_patient_sequence:503 |   Rank 12: 911                  | Prob: 0.000012 | ID: 37157
2025-10-10 01:49:46 | DEBUG    | generate_patient_sequence:503 |   Rank 13:  401                 | Prob: 0.000010 | ID: 17936
2025-10-10 01:49:46 | DEBUG    | generate_patient_sequence:503 |   Rank 14: 620                  | Prob: 0.000008 | ID: 32994
2025-10-10 01:49:46 | DEBUG    | generate_patient_sequence:503 |   Rank 15:  414                 | Prob: 0.000008 | ID: 38456
2025-10-10 01:49:46 | DEBUG    | generate_patient_sequence:503 |   Rank 16: 139                  | Prob: 0.000008 | ID: 25488
2025-10-10 01:49:46 | DEBUG    | generate_patient_sequence:503 |   Rank 17: 373                  | Prob: 0.000007 | ID: 34099
2025-10-10 01:49:46 | DEBUG    | generate_patient_sequence:503 |   Rank 18: 410                  | Prob: 0.000006 | ID: 31132
2025-10-10 01:49:46 | DEBUG    | generate_patient_sequence:503 |   Rank 19: 181                  | Prob: 0.000006 | ID: 30818
2025-10-10 01:49:46 | DEBUG    | generate_patient_sequence:503 |   Rank 20: 71                   | Prob: 0.000006 | ID: 5339
2025-10-10 01:49:46 | INFO     | generate_patient_sequence:507 | Starting generation with temp=1.0, top_k=50, max_length=256
2025-10-10 01:49:47 | DEBUG    | generate_patient_sequence:521 | Generated token IDs: [2, 0, 4432, 34101, 256, 1437, 50265, 2, 50266, 361, 4432, 34101, 448, 1437, 50265, 1437, 50268]
2025-10-10 01:49:47 | DEBUG    | generate_patient_sequence:522 | Generated length: 17 tokens
2025-10-10 01:49:47 | INFO     | generate_patient_sequence:530 | Generated token counts - <v>: 1, <\v>: 0, <END>: 1
2025-10-10 01:49:47 | DEBUG    | generate_patient_sequence:538 | Raw generated sequence: </s><s>58 BLACK M  <demo> </s> <v>  958 BLACKM  <demo>   <END>
2025-10-10 01:49:47 | INFO     | generate_patient_sequence:541 | Generated sequence (clean): 58 BLACK M  958 BLACKM  
2025-10-10 01:49:47 | INFO     | <module>:683 | === Training and generation complete ===
