2025-10-09 04:46:33 | INFO     | <module>:562 | === EHR Generation Training Started ===
2025-10-09 04:46:33 | INFO     | <module>:583 | Configuration: {'model_name': 'facebook/bart-base', 'num_patients': 3000, 'max_seq_length': 256, 'batch_size': 16, 'num_epochs': 30, 'learning_rate': 0.0002, 'generation_temp': 1.0, 'generation_max_length': 256, 'num_warmup_steps': 0, 'top_k': 50, 'data_dir': 'data_files', 'mimic_paths': {'patients_path': 'data_files/PATIENTS.csv', 'admissions_path': 'data_files/ADMISSIONS.csv', 'diagnoses_path': 'data_files/DIAGNOSES_ICD.csv'}}
2025-10-09 04:46:33 | INFO     | <module>:587 | Using device: cuda
2025-10-09 04:46:33 | INFO     | <module>:590 | Loading pretrained BART model: facebook/bart-base
2025-10-09 04:46:34 | INFO     | <module>:599 | Added 3 special tokens: <v>, <\v>, <END>
2025-10-09 04:46:34 | INFO     | <module>:603 | Resized model embeddings to 50268 tokens
2025-10-09 04:46:34 | DEBUG    | <module>:606 | Token ID for <v>: 50265
2025-10-09 04:46:34 | DEBUG    | <module>:607 | Token ID for <\v>: 50266
2025-10-09 04:46:34 | DEBUG    | <module>:608 | Token ID for <END>: 50267
2025-10-09 04:46:34 | INFO     | load_and_format_mimic_data:147 | Loading MIMIC-III data files
2025-10-09 04:46:34 | DEBUG    | load_and_format_mimic_data:148 | Patients: data_files/PATIENTS.csv
2025-10-09 04:46:34 | DEBUG    | load_and_format_mimic_data:149 | Admissions: data_files/ADMISSIONS.csv
2025-10-09 04:46:34 | DEBUG    | load_and_format_mimic_data:150 | Diagnoses: data_files/DIAGNOSES_ICD.csv
2025-10-09 04:46:34 | INFO     | load_and_format_mimic_data:155 | Loaded 46520 patients
2025-10-09 04:46:34 | INFO     | load_and_format_mimic_data:158 | Loaded 58976 admissions
2025-10-09 04:46:34 | INFO     | load_and_format_mimic_data:161 | Loaded 651047 diagnosis records
2025-10-09 04:46:35 | INFO     | load_and_format_mimic_data:219 | Data processing complete. Formatting sequences...
2025-10-09 04:46:37 | INFO     | load_and_format_mimic_data:258 | Sequence formatting complete. Generated 3000 patient sequences
2025-10-09 04:46:37 | DEBUG    | load_and_format_mimic_data:262 | Sample sequence: 0 ASIAN M <demo> <v> V3001 V053 V290 <\v> <END>...
2025-10-09 04:46:37 | INFO     | load_and_format_mimic_data:267 | Average visits per patient: 1.27
2025-10-09 04:46:37 | INFO     | load_and_format_mimic_data:268 | Average tokens per sequence: 19.69
2025-10-09 04:46:37 | INFO     | <module>:622 | Sample patient sequences:
2025-10-09 04:46:37 | INFO     | <module>:624 | Sample 1: 0 BLACK/AFRICAN AMERICAN F <demo> <v> V3001 7424 V053 V290 <\v> <END>...
2025-10-09 04:46:37 | INFO     | <module>:624 | Sample 2: 69 WHITE M <demo> <v> 1550 5715 99889 78039 4019 25000 5771 5723 2750 E8788 E8497 <\v> <v> 51881 4280 5845 5119 00845 40391 2867 99682 5720 78551 5745...
2025-10-09 04:46:37 | INFO     | <module>:624 | Sample 3: 0 WHITE F <demo> <v> V3001 V053 <\v> <END>...
2025-10-09 04:46:37 | INFO     | <module>:624 | Sample 4: 60 BLACK/AFRICAN AMERICAN F <demo> <v> 51881 485 1628 1970 1977 515 4254 4280 5849 7140 4019 2356 4439 <\v> <END>...
2025-10-09 04:46:37 | INFO     | <module>:624 | Sample 5: 69 WHITE M <demo> <v> 5191 4928 4019 53081 <\v> <v> 5191 496 41401 4019 4439 V4582 <\v> <END>...
2025-10-09 04:46:37 | DEBUG    | __init__:294 | First sequence length: 24 tokens
2025-10-09 04:46:37 | DEBUG    | __init__:295 | Pad token ID: 1
2025-10-09 04:46:37 | INFO     | <module>:628 | Created dataset with 3000 samples, 188 batches
2025-10-09 04:46:37 | INFO     | <module>:639 | Optimizer: AdamW with lr=0.0002
2025-10-09 04:46:37 | INFO     | <module>:640 | Scheduler: linear with 0 warmup steps
2025-10-09 04:46:37 | INFO     | train_model:351 | Starting model training for 30 epochs
2025-10-09 04:46:37 | INFO     | train_model:352 | Training steps: 5640
2025-10-09 04:46:37 | INFO     | train_model:353 | Device: cuda
2025-10-09 04:46:38 | DEBUG    | train_model:372 | First batch input_ids shape: torch.Size([16, 256])
2025-10-09 04:46:38 | DEBUG    | train_model:373 | First batch labels shape: torch.Size([16, 256])
2025-10-09 04:46:38 | DEBUG    | train_model:374 | First batch attention_mask shape: torch.Size([16, 256])
2025-10-09 04:46:38 | DEBUG    | train_model:375 | Initial loss: 2.2633
2025-10-09 04:46:38 | DEBUG    | train_model:382 | Special tokens in first batch: {'pad': 3332, 'masked_labels': 3332}
2025-10-09 04:47:24 | INFO     | train_model:401 | Epoch 1/30 completed | Avg Loss: 0.4518
2025-10-09 04:48:11 | INFO     | train_model:401 | Epoch 2/30 completed | Avg Loss: 0.0640
2025-10-09 04:48:57 | INFO     | train_model:401 | Epoch 3/30 completed | Avg Loss: 0.0270
2025-10-09 04:49:44 | INFO     | train_model:401 | Epoch 4/30 completed | Avg Loss: 0.0224
2025-10-09 04:50:30 | INFO     | train_model:401 | Epoch 5/30 completed | Avg Loss: 0.0232
2025-10-09 04:51:17 | INFO     | train_model:401 | Epoch 6/30 completed | Avg Loss: 0.0084
2025-10-09 04:52:03 | INFO     | train_model:401 | Epoch 7/30 completed | Avg Loss: 0.0088
2025-10-09 04:52:50 | INFO     | train_model:401 | Epoch 8/30 completed | Avg Loss: 0.0271
2025-10-09 04:53:36 | INFO     | train_model:401 | Epoch 9/30 completed | Avg Loss: 0.0105
2025-10-09 04:54:23 | INFO     | train_model:401 | Epoch 10/30 completed | Avg Loss: 0.0084
2025-10-09 04:55:09 | INFO     | train_model:401 | Epoch 11/30 completed | Avg Loss: 0.0102
2025-10-09 04:55:56 | INFO     | train_model:401 | Epoch 12/30 completed | Avg Loss: 0.0075
2025-10-09 04:56:43 | INFO     | train_model:401 | Epoch 13/30 completed | Avg Loss: 0.0050
2025-10-09 04:57:29 | INFO     | train_model:401 | Epoch 14/30 completed | Avg Loss: 0.0129
2025-10-09 04:58:16 | INFO     | train_model:401 | Epoch 15/30 completed | Avg Loss: 0.0366
2025-10-09 04:59:02 | INFO     | train_model:401 | Epoch 16/30 completed | Avg Loss: 0.0105
2025-10-09 04:59:49 | INFO     | train_model:401 | Epoch 17/30 completed | Avg Loss: 0.0079
2025-10-09 05:00:35 | INFO     | train_model:401 | Epoch 18/30 completed | Avg Loss: 0.0027
2025-10-09 05:01:22 | INFO     | train_model:401 | Epoch 19/30 completed | Avg Loss: 0.0020
2025-10-09 05:02:08 | INFO     | train_model:401 | Epoch 20/30 completed | Avg Loss: 0.0024
2025-10-09 05:02:55 | INFO     | train_model:401 | Epoch 21/30 completed | Avg Loss: 0.0013
2025-10-09 05:03:41 | INFO     | train_model:401 | Epoch 22/30 completed | Avg Loss: 0.0012
2025-10-09 05:04:28 | INFO     | train_model:401 | Epoch 23/30 completed | Avg Loss: 0.0015
2025-10-09 05:05:14 | INFO     | train_model:401 | Epoch 24/30 completed | Avg Loss: 0.0011
2025-10-09 05:06:01 | INFO     | train_model:401 | Epoch 25/30 completed | Avg Loss: 0.0011
2025-10-09 05:06:47 | INFO     | train_model:401 | Epoch 26/30 completed | Avg Loss: 0.0009
2025-10-09 05:07:34 | INFO     | train_model:401 | Epoch 27/30 completed | Avg Loss: 0.0009
2025-10-09 05:08:20 | INFO     | train_model:401 | Epoch 28/30 completed | Avg Loss: 0.0008
2025-10-09 05:09:07 | INFO     | train_model:401 | Epoch 29/30 completed | Avg Loss: 0.0005
2025-10-09 05:09:53 | INFO     | train_model:401 | Epoch 30/30 completed | Avg Loss: 0.0004
2025-10-09 05:09:53 | INFO     | train_model:403 | Training complete
2025-10-09 05:09:53 | INFO     | train_model:404 | Final average loss: 0.0004
2025-10-09 05:09:53 | DEBUG    | train_model:405 | Loss history: [0.45181488257614855, 0.0639548836074066, 0.027013160819014375, 0.022361028456795426, 0.023205833780477716, 0.008447782327222856, 0.008847237280783606, 0.027131187041572472, 0.01047413586561464, 0.008449977653071983, 0.010232505528039566, 0.007467092019028992, 0.004971878464470563, 0.012893076066517252, 0.03656837699344714, 0.010512379794818116, 0.007892310038632205, 0.002663772862743304, 0.0019899123952277576, 0.0023994959979740708, 0.001262783901980351, 0.0012283041630345248, 0.0015035715005456524, 0.0011027383458140515, 0.001066653338366837, 0.000863461793105284, 0.0009275766660527765, 0.000760357824529297, 0.0005453025834887082, 0.00040090211059771503]
2025-10-09 05:09:53 | INFO     | <module>:654 | === Generating synthetic patient data ===
2025-10-09 05:09:53 | INFO     | <module>:663 | 
--- Sample 1/5 ---
2025-10-09 05:09:53 | INFO     | generate_patient_sequence:443 | Generating sequence for prompt: '70 HISPANIC OR LATINO M <demo>'
2025-10-09 05:09:53 | DEBUG    | generate_patient_sequence:447 | Prompt token IDs: [0, 3083, 37350, 510, 1889, 2371, 6532, 21455, 30535, 256, 28696, 12789, 139, 15698, 2]
2025-10-09 05:09:53 | DEBUG    | generate_patient_sequence:448 | Prompt tokens: ['<s>', '70', ' HIS', 'P', 'AN', 'IC', ' OR', ' LAT', 'INO', ' M', ' <', 'dem', 'o', '>', '</s>']
2025-10-09 05:09:53 | DEBUG    | generate_patient_sequence:457 | Special token IDs - <v>: 50265, <\v>: 50266, <END>: 50267, PAD: 1, EOS: 2
2025-10-09 05:09:53 | DEBUG    | generate_patient_sequence:464 | Initial decoder input (with forced <v>): [0, 3083, 37350, 510, 1889, 2371, 6532, 21455, 30535, 256, 28696, 12789, 139, 15698, 2, 50265]
2025-10-09 05:09:53 | DEBUG    | generate_patient_sequence:478 | After prompt, probability of <v>: 0.000001
2025-10-09 05:09:53 | DEBUG    | generate_patient_sequence:479 | After prompt, probability of <END>: 0.000000
2025-10-09 05:09:53 | DEBUG    | generate_patient_sequence:480 | After prompt, probability of PAD: 0.000000
2025-10-09 05:09:53 | DEBUG    | generate_patient_sequence:481 | After prompt, probability of EOS: 0.000000
2025-10-09 05:09:53 | DEBUG    | generate_patient_sequence:485 | Top 20 next token predictions after prompt:
2025-10-09 05:09:53 | DEBUG    | generate_patient_sequence:503 |   Rank 1:  LAT                 | Prob: 0.999964 | ID: 21455
2025-10-09 05:09:53 | DEBUG    | generate_patient_sequence:503 |   Rank 2: L                    | Prob: 0.000011 | ID: 574
2025-10-09 05:09:53 | DEBUG    | generate_patient_sequence:503 |   Rank 3: AT                   | Prob: 0.000009 | ID: 2571
2025-10-09 05:09:53 | DEBUG    | generate_patient_sequence:503 |   Rank 4: AD                   | Prob: 0.000001 | ID: 2606
2025-10-09 05:09:53 | DEBUG    | generate_patient_sequence:503 |   Rank 5:  OTHER               | Prob: 0.000001 | ID: 16536
2025-10-09 05:09:53 | DEBUG    | generate_patient_sequence:503 |   Rank 6: <v>                  | Prob: 0.000001 | ID: 50265
2025-10-09 05:09:53 | DEBUG    | generate_patient_sequence:503 |   Rank 7: AL                   | Prob: 0.000001 | ID: 2118
2025-10-09 05:09:53 | DEBUG    | generate_patient_sequence:503 |   Rank 8:  PAT                 | Prob: 0.000001 | ID: 28284
2025-10-09 05:09:53 | DEBUG    | generate_patient_sequence:503 |   Rank 9: KNOWN                | Prob: 0.000001 | ID: 47300
2025-10-09 05:09:53 | DEBUG    | generate_patient_sequence:503 |   Rank 10: <END>                | Prob: 0.000000 | ID: 50267
2025-10-09 05:09:53 | DEBUG    | generate_patient_sequence:503 |   Rank 11: 95                   | Prob: 0.000000 | ID: 4015
2025-10-09 05:09:53 | DEBUG    | generate_patient_sequence:503 |   Rank 12: LD                   | Prob: 0.000000 | ID: 18048
2025-10-09 05:09:53 | DEBUG    | generate_patient_sequence:503 |   Rank 13: ULT                  | Prob: 0.000000 | ID: 25938
2025-10-09 05:09:53 | DEBUG    | generate_patient_sequence:503 |   Rank 14: <EOS>                | Prob: 0.000000 | ID: 2
2025-10-09 05:09:53 | DEBUG    | generate_patient_sequence:503 |   Rank 15: IN                   | Prob: 0.000000 | ID: 2444
2025-10-09 05:09:53 | DEBUG    | generate_patient_sequence:503 |   Rank 16: 245                  | Prob: 0.000000 | ID: 24990
2025-10-09 05:09:53 | DEBUG    | generate_patient_sequence:503 |   Rank 17: TO                   | Prob: 0.000000 | ID: 6390
2025-10-09 05:09:53 | DEBUG    | generate_patient_sequence:503 |   Rank 18: 293                  | Prob: 0.000000 | ID: 32329
2025-10-09 05:09:53 | DEBUG    | generate_patient_sequence:503 |   Rank 19: 87                   | Prob: 0.000000 | ID: 5677
2025-10-09 05:09:53 | DEBUG    | generate_patient_sequence:503 |   Rank 20: AF                   | Prob: 0.000000 | ID: 8573
2025-10-09 05:09:53 | INFO     | generate_patient_sequence:507 | Starting generation with temp=1.0, top_k=50, max_length=256
2025-10-09 05:09:54 | DEBUG    | generate_patient_sequence:520 | Generated token IDs: [2, 0, 3083, 37350, 510, 1889, 2371, 6532, 21455, 30535, 256, 28696, 12789, 139, 15698, 2, 50265, 2, 21455, 30535, 468, 28696, 12789, 12992, 15698, 2, 2, 2, 2831, 2, 47300, 2, 50267]
2025-10-09 05:09:54 | DEBUG    | generate_patient_sequence:521 | Generated length: 33 tokens
2025-10-09 05:09:54 | INFO     | generate_patient_sequence:529 | Generated token counts - <v>: 1, <\v>: 0, <END>: 1
2025-10-09 05:09:54 | DEBUG    | generate_patient_sequence:537 | Raw generated sequence: </s><s>70 HISPANIC OR LATINO M <demo></s> <v> </s> LATINO V <demois></s></s></s>99</s>KNOWN</s> <END>
2025-10-09 05:09:54 | INFO     | generate_patient_sequence:540 | Generated sequence (clean): 70 HISPANIC OR LATINO M <demo> LATINO V <demois>99KNOWN
2025-10-09 05:09:54 | INFO     | <module>:663 | 
--- Sample 2/5 ---
2025-10-09 05:09:54 | INFO     | generate_patient_sequence:443 | Generating sequence for prompt: '48 BLACK M <demo>'
2025-10-09 05:09:54 | DEBUG    | generate_patient_sequence:447 | Prompt token IDs: [0, 3818, 34101, 256, 28696, 12789, 139, 15698, 2]
2025-10-09 05:09:54 | DEBUG    | generate_patient_sequence:448 | Prompt tokens: ['<s>', '48', ' BLACK', ' M', ' <', 'dem', 'o', '>', '</s>']
2025-10-09 05:09:54 | DEBUG    | generate_patient_sequence:457 | Special token IDs - <v>: 50265, <\v>: 50266, <END>: 50267, PAD: 1, EOS: 2
2025-10-09 05:09:54 | DEBUG    | generate_patient_sequence:464 | Initial decoder input (with forced <v>): [0, 3818, 34101, 256, 28696, 12789, 139, 15698, 2, 50265]
2025-10-09 05:09:54 | DEBUG    | generate_patient_sequence:478 | After prompt, probability of <v>: 0.000071
2025-10-09 05:09:54 | DEBUG    | generate_patient_sequence:479 | After prompt, probability of <END>: 0.000015
2025-10-09 05:09:54 | DEBUG    | generate_patient_sequence:480 | After prompt, probability of PAD: 0.000000
2025-10-09 05:09:54 | DEBUG    | generate_patient_sequence:481 | After prompt, probability of EOS: 0.000011
2025-10-09 05:09:54 | DEBUG    | generate_patient_sequence:485 | Top 20 next token predictions after prompt:
2025-10-09 05:09:54 | DEBUG    | generate_patient_sequence:503 |   Rank 1:  BLACK               | Prob: 0.995292 | ID: 34101
2025-10-09 05:09:54 | DEBUG    | generate_patient_sequence:503 |   Rank 2:  WHITE               | Prob: 0.002079 | ID: 38503
2025-10-09 05:09:54 | DEBUG    | generate_patient_sequence:503 |   Rank 3: RIC                  | Prob: 0.000300 | ID: 36570
2025-10-09 05:09:54 | DEBUG    | generate_patient_sequence:503 |   Rank 4:  <                   | Prob: 0.000280 | ID: 28696
2025-10-09 05:09:54 | DEBUG    | generate_patient_sequence:503 |   Rank 5: ICAN                 | Prob: 0.000239 | ID: 25692
2025-10-09 05:09:54 | DEBUG    | generate_patient_sequence:503 |   Rank 6: ULT                  | Prob: 0.000219 | ID: 25938
2025-10-09 05:09:54 | DEBUG    | generate_patient_sequence:503 |   Rank 7: LIN                  | Prob: 0.000163 | ID: 13748
2025-10-09 05:09:54 | DEBUG    | generate_patient_sequence:503 |   Rank 8: AS                   | Prob: 0.000084 | ID: 2336
2025-10-09 05:09:54 | DEBUG    | generate_patient_sequence:503 |   Rank 9: 190                  | Prob: 0.000072 | ID: 20109
2025-10-09 05:09:54 | DEBUG    | generate_patient_sequence:503 |   Rank 10: <v>                  | Prob: 0.000071 | ID: 50265
2025-10-09 05:09:54 | DEBUG    | generate_patient_sequence:503 |   Rank 11: KNOWN                | Prob: 0.000062 | ID: 47300
2025-10-09 05:09:54 | DEBUG    | generate_patient_sequence:503 |   Rank 12: IAN                  | Prob: 0.000057 | ID: 10296
2025-10-09 05:09:54 | DEBUG    | generate_patient_sequence:503 |   Rank 13: AF                   | Prob: 0.000054 | ID: 8573
2025-10-09 05:09:54 | DEBUG    | generate_patient_sequence:503 |   Rank 14:  OTHER               | Prob: 0.000045 | ID: 16536
2025-10-09 05:09:54 | DEBUG    | generate_patient_sequence:503 |   Rank 15: AN                   | Prob: 0.000039 | ID: 1889
2025-10-09 05:09:54 | DEBUG    | generate_patient_sequence:503 |   Rank 16: 201                  | Prob: 0.000035 | ID: 16295
2025-10-09 05:09:54 | DEBUG    | generate_patient_sequence:503 |   Rank 17: 20                   | Prob: 0.000033 | ID: 844
2025-10-09 05:09:54 | DEBUG    | generate_patient_sequence:503 |   Rank 18: AT                   | Prob: 0.000031 | ID: 2571
2025-10-09 05:09:54 | DEBUG    | generate_patient_sequence:503 |   Rank 19: AL                   | Prob: 0.000024 | ID: 2118
2025-10-09 05:09:54 | DEBUG    | generate_patient_sequence:503 |   Rank 20: IN                   | Prob: 0.000023 | ID: 2444
2025-10-09 05:09:54 | INFO     | generate_patient_sequence:507 | Starting generation with temp=1.0, top_k=50, max_length=256
2025-10-09 05:09:54 | DEBUG    | generate_patient_sequence:520 | Generated token IDs: [2, 0, 3818, 34101, 256, 28696, 12789, 139, 15698, 2, 50265, 2, 28696, 12789, 12992, 15698, 1437, 50265, 2, 2, 34101, 2, 1898, 2, 2606, 3411, 36482, 2, 2, 2, 2606, 2, 2, 3414, 38503, 256, 28696, 3898, 139, 15698, 1437, 50266, 1437, 50267]
2025-10-09 05:09:54 | DEBUG    | generate_patient_sequence:521 | Generated length: 44 tokens
2025-10-09 05:09:54 | INFO     | generate_patient_sequence:529 | Generated token counts - <v>: 2, <\v>: 1, <END>: 1
2025-10-09 05:09:54 | DEBUG    | generate_patient_sequence:537 | Raw generated sequence: </s><s>48 BLACK M <demo></s> <v> </s> <demois>  <v> </s></s> BLACK</s>45</s>ADORIFIED</s></s></s>AD</s></s>49 WHITE M <deno>  <\v>   <END>
2025-10-09 05:09:54 | INFO     | generate_patient_sequence:540 | Generated sequence (clean): 48 BLACK M <demo> <demois>  BLACK45ADORIFIEDAD49 WHITE M <deno>  
2025-10-09 05:09:54 | INFO     | <module>:663 | 
--- Sample 3/5 ---
2025-10-09 05:09:54 | INFO     | generate_patient_sequence:443 | Generating sequence for prompt: '71 OTHER M <demo>'
2025-10-09 05:09:54 | DEBUG    | generate_patient_sequence:447 | Prompt token IDs: [0, 5339, 16536, 256, 28696, 12789, 139, 15698, 2]
2025-10-09 05:09:54 | DEBUG    | generate_patient_sequence:448 | Prompt tokens: ['<s>', '71', ' OTHER', ' M', ' <', 'dem', 'o', '>', '</s>']
2025-10-09 05:09:54 | DEBUG    | generate_patient_sequence:457 | Special token IDs - <v>: 50265, <\v>: 50266, <END>: 50267, PAD: 1, EOS: 2
2025-10-09 05:09:54 | DEBUG    | generate_patient_sequence:464 | Initial decoder input (with forced <v>): [0, 5339, 16536, 256, 28696, 12789, 139, 15698, 2, 50265]
2025-10-09 05:09:54 | DEBUG    | generate_patient_sequence:478 | After prompt, probability of <v>: 0.000001
2025-10-09 05:09:54 | DEBUG    | generate_patient_sequence:479 | After prompt, probability of <END>: 0.000000
2025-10-09 05:09:54 | DEBUG    | generate_patient_sequence:480 | After prompt, probability of PAD: 0.000000
2025-10-09 05:09:54 | DEBUG    | generate_patient_sequence:481 | After prompt, probability of EOS: 0.000001
2025-10-09 05:09:54 | DEBUG    | generate_patient_sequence:485 | Top 20 next token predictions after prompt:
2025-10-09 05:09:54 | DEBUG    | generate_patient_sequence:503 |   Rank 1:  <                   | Prob: 0.999949 | ID: 28696
2025-10-09 05:09:54 | DEBUG    | generate_patient_sequence:503 |   Rank 2: 70                   | Prob: 0.000006 | ID: 3083
2025-10-09 05:09:54 | DEBUG    | generate_patient_sequence:503 |   Rank 3: NOT                  | Prob: 0.000006 | ID: 37049
2025-10-09 05:09:54 | DEBUG    | generate_patient_sequence:503 |   Rank 4: KNOWN                | Prob: 0.000003 | ID: 47300
2025-10-09 05:09:54 | DEBUG    | generate_patient_sequence:503 |   Rank 5: AD                   | Prob: 0.000002 | ID: 2606
2025-10-09 05:09:54 | DEBUG    | generate_patient_sequence:503 |   Rank 6: IAN                  | Prob: 0.000002 | ID: 10296
2025-10-09 05:09:54 | DEBUG    | generate_patient_sequence:503 |   Rank 7: 81                   | Prob: 0.000001 | ID: 6668
2025-10-09 05:09:54 | DEBUG    | generate_patient_sequence:503 |   Rank 8: 201                  | Prob: 0.000001 | ID: 16295
2025-10-09 05:09:54 | DEBUG    | generate_patient_sequence:503 |   Rank 9: AT                   | Prob: 0.000001 | ID: 2571
2025-10-09 05:09:54 | DEBUG    | generate_patient_sequence:503 |   Rank 10: AL                   | Prob: 0.000001 | ID: 2118
2025-10-09 05:09:54 | DEBUG    | generate_patient_sequence:503 |   Rank 11: <EOS>                | Prob: 0.000001 | ID: 2
2025-10-09 05:09:54 | DEBUG    | generate_patient_sequence:503 |   Rank 12: ULT                  | Prob: 0.000001 | ID: 25938
2025-10-09 05:09:54 | DEBUG    | generate_patient_sequence:503 |   Rank 13: <v>                  | Prob: 0.000001 | ID: 50265
2025-10-09 05:09:54 | DEBUG    | generate_patient_sequence:503 |   Rank 14: P                    | Prob: 0.000001 | ID: 510
2025-10-09 05:09:54 | DEBUG    | generate_patient_sequence:503 |   Rank 15: NA                   | Prob: 0.000001 | ID: 4444
2025-10-09 05:09:54 | DEBUG    | generate_patient_sequence:503 |   Rank 16: 73                   | Prob: 0.000001 | ID: 5352
2025-10-09 05:09:54 | DEBUG    | generate_patient_sequence:503 |   Rank 17: 241                  | Prob: 0.000001 | ID: 31576
2025-10-09 05:09:54 | DEBUG    | generate_patient_sequence:503 |   Rank 18: AN                   | Prob: 0.000001 | ID: 1889
2025-10-09 05:09:54 | DEBUG    | generate_patient_sequence:503 |   Rank 19: 551                  | Prob: 0.000001 | ID: 38749
2025-10-09 05:09:54 | DEBUG    | generate_patient_sequence:503 |   Rank 20: 01                   | Prob: 0.000000 | ID: 2663
2025-10-09 05:09:54 | INFO     | generate_patient_sequence:507 | Starting generation with temp=1.0, top_k=50, max_length=256
2025-10-09 05:09:54 | DEBUG    | generate_patient_sequence:520 | Generated token IDs: [2, 0, 5339, 16536, 256, 28696, 12789, 139, 15698, 2, 50265, 28696, 12789, 12992, 15698, 1437, 50265, 2, 2, 2, 47300, 256, 28696, 417, 139, 15698, 1437, 50267]
2025-10-09 05:09:54 | DEBUG    | generate_patient_sequence:521 | Generated length: 28 tokens
2025-10-09 05:09:54 | INFO     | generate_patient_sequence:529 | Generated token counts - <v>: 2, <\v>: 0, <END>: 1
2025-10-09 05:09:54 | DEBUG    | generate_patient_sequence:537 | Raw generated sequence: </s><s>71 OTHER M <demo></s> <v>  <demois>  <v> </s></s></s>KNOWN M <do>  <END>
2025-10-09 05:09:54 | INFO     | generate_patient_sequence:540 | Generated sequence (clean): 71 OTHER M <demo> <demois> KNOWN M <do> 
2025-10-09 05:09:54 | INFO     | <module>:663 | 
--- Sample 4/5 ---
2025-10-09 05:09:54 | INFO     | generate_patient_sequence:443 | Generating sequence for prompt: '77 OTHER F <demo>'
2025-10-09 05:09:54 | DEBUG    | generate_patient_sequence:447 | Prompt token IDs: [0, 4718, 16536, 274, 28696, 12789, 139, 15698, 2]
2025-10-09 05:09:54 | DEBUG    | generate_patient_sequence:448 | Prompt tokens: ['<s>', '77', ' OTHER', ' F', ' <', 'dem', 'o', '>', '</s>']
2025-10-09 05:09:54 | DEBUG    | generate_patient_sequence:457 | Special token IDs - <v>: 50265, <\v>: 50266, <END>: 50267, PAD: 1, EOS: 2
2025-10-09 05:09:54 | DEBUG    | generate_patient_sequence:464 | Initial decoder input (with forced <v>): [0, 4718, 16536, 274, 28696, 12789, 139, 15698, 2, 50265]
2025-10-09 05:09:54 | DEBUG    | generate_patient_sequence:478 | After prompt, probability of <v>: 0.000046
2025-10-09 05:09:54 | DEBUG    | generate_patient_sequence:479 | After prompt, probability of <END>: 0.000011
2025-10-09 05:09:54 | DEBUG    | generate_patient_sequence:480 | After prompt, probability of PAD: 0.000000
2025-10-09 05:09:54 | DEBUG    | generate_patient_sequence:481 | After prompt, probability of EOS: 0.000010
2025-10-09 05:09:54 | DEBUG    | generate_patient_sequence:485 | Top 20 next token predictions after prompt:
2025-10-09 05:09:54 | DEBUG    | generate_patient_sequence:503 |   Rank 1:  OTHER               | Prob: 0.997176 | ID: 16536
2025-10-09 05:09:54 | DEBUG    | generate_patient_sequence:503 |   Rank 2: IAN                  | Prob: 0.000916 | ID: 10296
2025-10-09 05:09:54 | DEBUG    | generate_patient_sequence:503 |   Rank 3: AT                   | Prob: 0.000364 | ID: 2571
2025-10-09 05:09:54 | DEBUG    | generate_patient_sequence:503 |   Rank 4: AL                   | Prob: 0.000223 | ID: 2118
2025-10-09 05:09:54 | DEBUG    | generate_patient_sequence:503 |   Rank 5: ICAN                 | Prob: 0.000212 | ID: 25692
2025-10-09 05:09:54 | DEBUG    | generate_patient_sequence:503 |   Rank 6: AS                   | Prob: 0.000156 | ID: 2336
2025-10-09 05:09:54 | DEBUG    | generate_patient_sequence:503 |   Rank 7:  WHITE               | Prob: 0.000082 | ID: 38503
2025-10-09 05:09:54 | DEBUG    | generate_patient_sequence:503 |   Rank 8: AF                   | Prob: 0.000047 | ID: 8573
2025-10-09 05:09:54 | DEBUG    | generate_patient_sequence:503 |   Rank 9: RIC                  | Prob: 0.000047 | ID: 36570
2025-10-09 05:09:54 | DEBUG    | generate_patient_sequence:503 |   Rank 10: KNOWN                | Prob: 0.000047 | ID: 47300
2025-10-09 05:09:54 | DEBUG    | generate_patient_sequence:503 |   Rank 11: <v>                  | Prob: 0.000046 | ID: 50265
2025-10-09 05:09:54 | DEBUG    | generate_patient_sequence:503 |   Rank 12: NOT                  | Prob: 0.000042 | ID: 37049
2025-10-09 05:09:54 | DEBUG    | generate_patient_sequence:503 |   Rank 13: LIN                  | Prob: 0.000028 | ID: 13748
2025-10-09 05:09:54 | DEBUG    | generate_patient_sequence:503 |   Rank 14: 85                   | Prob: 0.000024 | ID: 4531
2025-10-09 05:09:54 | DEBUG    | generate_patient_sequence:503 |   Rank 15: AD                   | Prob: 0.000024 | ID: 2606
2025-10-09 05:09:54 | DEBUG    | generate_patient_sequence:503 |   Rank 16:  AS                  | Prob: 0.000022 | ID: 6015
2025-10-09 05:09:54 | DEBUG    | generate_patient_sequence:503 |   Rank 17: RE                   | Prob: 0.000018 | ID: 4629
2025-10-09 05:09:54 | DEBUG    | generate_patient_sequence:503 |   Rank 18: NA                   | Prob: 0.000017 | ID: 4444
2025-10-09 05:09:54 | DEBUG    | generate_patient_sequence:503 |   Rank 19:  PAT                 | Prob: 0.000017 | ID: 28284
2025-10-09 05:09:54 | DEBUG    | generate_patient_sequence:503 |   Rank 20: AN                   | Prob: 0.000016 | ID: 1889
2025-10-09 05:09:54 | INFO     | generate_patient_sequence:507 | Starting generation with temp=1.0, top_k=50, max_length=256
2025-10-09 05:09:54 | DEBUG    | generate_patient_sequence:520 | Generated token IDs: [2, 0, 4718, 16536, 274, 28696, 12789, 139, 15698, 2, 50265, 2, 16536, 274, 15698, 1437, 50265, 2, 2, 2, 8573, 155, 46128, 139, 15698, 1437, 50267]
2025-10-09 05:09:54 | DEBUG    | generate_patient_sequence:521 | Generated length: 27 tokens
2025-10-09 05:09:54 | INFO     | generate_patient_sequence:529 | Generated token counts - <v>: 2, <\v>: 0, <END>: 1
2025-10-09 05:09:54 | DEBUG    | generate_patient_sequence:537 | Raw generated sequence: </s><s>77 OTHER F <demo></s> <v> </s> OTHER F>  <v> </s></s></s>AF 3DEMo>  <END>
2025-10-09 05:09:54 | INFO     | generate_patient_sequence:540 | Generated sequence (clean): 77 OTHER F <demo> OTHER F> AF 3DEMo> 
2025-10-09 05:09:54 | INFO     | <module>:663 | 
--- Sample 5/5 ---
2025-10-09 05:09:54 | INFO     | generate_patient_sequence:443 | Generating sequence for prompt: '77 UNKNOWN/NOT SPECIFIED F <demo>'
2025-10-09 05:09:54 | DEBUG    | generate_patient_sequence:447 | Prompt token IDs: [0, 4718, 2604, 47300, 73, 37049, 44921, 36482, 274, 28696, 12789, 139, 15698, 2]
2025-10-09 05:09:54 | DEBUG    | generate_patient_sequence:448 | Prompt tokens: ['<s>', '77', ' UN', 'KNOWN', '/', 'NOT', ' SPEC', 'IFIED', ' F', ' <', 'dem', 'o', '>', '</s>']
2025-10-09 05:09:54 | DEBUG    | generate_patient_sequence:457 | Special token IDs - <v>: 50265, <\v>: 50266, <END>: 50267, PAD: 1, EOS: 2
2025-10-09 05:09:54 | DEBUG    | generate_patient_sequence:464 | Initial decoder input (with forced <v>): [0, 4718, 2604, 47300, 73, 37049, 44921, 36482, 274, 28696, 12789, 139, 15698, 2, 50265]
2025-10-09 05:09:54 | DEBUG    | generate_patient_sequence:478 | After prompt, probability of <v>: 0.000001
2025-10-09 05:09:54 | DEBUG    | generate_patient_sequence:479 | After prompt, probability of <END>: 0.000002
2025-10-09 05:09:54 | DEBUG    | generate_patient_sequence:480 | After prompt, probability of PAD: 0.000000
2025-10-09 05:09:54 | DEBUG    | generate_patient_sequence:481 | After prompt, probability of EOS: 0.000762
2025-10-09 05:09:54 | DEBUG    | generate_patient_sequence:485 | Top 20 next token predictions after prompt:
2025-10-09 05:09:54 | DEBUG    | generate_patient_sequence:503 |   Rank 1: NOT                  | Prob: 0.999016 | ID: 37049
2025-10-09 05:09:54 | DEBUG    | generate_patient_sequence:503 |   Rank 2: <EOS>                | Prob: 0.000762 | ID: 2
2025-10-09 05:09:54 | DEBUG    | generate_patient_sequence:503 |   Rank 3: AD                   | Prob: 0.000071 | ID: 2606
2025-10-09 05:09:54 | DEBUG    | generate_patient_sequence:503 |   Rank 4: KNOWN                | Prob: 0.000056 | ID: 47300
2025-10-09 05:09:54 | DEBUG    | generate_patient_sequence:503 |   Rank 5: AF                   | Prob: 0.000010 | ID: 8573
2025-10-09 05:09:54 | DEBUG    | generate_patient_sequence:503 |   Rank 6: P                    | Prob: 0.000009 | ID: 510
2025-10-09 05:09:54 | DEBUG    | generate_patient_sequence:503 |   Rank 7: NA                   | Prob: 0.000004 | ID: 4444
2025-10-09 05:09:54 | DEBUG    | generate_patient_sequence:503 |   Rank 8: DE                   | Prob: 0.000004 | ID: 10089
2025-10-09 05:09:54 | DEBUG    | generate_patient_sequence:503 |   Rank 9: ER                   | Prob: 0.000003 | ID: 2076
2025-10-09 05:09:54 | DEBUG    | generate_patient_sequence:503 |   Rank 10: AL                   | Prob: 0.000003 | ID: 2118
2025-10-09 05:09:54 | DEBUG    | generate_patient_sequence:503 |   Rank 11:  SPEC                | Prob: 0.000003 | ID: 44921
2025-10-09 05:09:54 | DEBUG    | generate_patient_sequence:503 |   Rank 12: <END>                | Prob: 0.000002 | ID: 50267
2025-10-09 05:09:54 | DEBUG    | generate_patient_sequence:503 |   Rank 13: LIN                  | Prob: 0.000002 | ID: 13748
2025-10-09 05:09:54 | DEBUG    | generate_patient_sequence:503 |   Rank 14: US                   | Prob: 0.000002 | ID: 3048
2025-10-09 05:09:54 | DEBUG    | generate_patient_sequence:503 |   Rank 15: 76                   | Prob: 0.000001 | ID: 5067
2025-10-09 05:09:54 | DEBUG    | generate_patient_sequence:503 |   Rank 16: RIC                  | Prob: 0.000001 | ID: 36570
2025-10-09 05:09:54 | DEBUG    | generate_patient_sequence:503 |   Rank 17: 81                   | Prob: 0.000001 | ID: 6668
2025-10-09 05:09:54 | DEBUG    | generate_patient_sequence:503 |   Rank 18:  <                   | Prob: 0.000001 | ID: 28696
2025-10-09 05:09:54 | DEBUG    | generate_patient_sequence:503 |   Rank 19: AN                   | Prob: 0.000001 | ID: 1889
2025-10-09 05:09:54 | DEBUG    | generate_patient_sequence:503 |   Rank 20: RES                  | Prob: 0.000001 | ID: 32030
2025-10-09 05:09:54 | INFO     | generate_patient_sequence:507 | Starting generation with temp=1.0, top_k=50, max_length=256
2025-10-09 05:09:54 | DEBUG    | generate_patient_sequence:520 | Generated token IDs: [2, 0, 4718, 2604, 47300, 73, 37049, 44921, 36482, 274, 28696, 12789, 139, 15698, 2, 50265, 2, 2, 36482, 2, 2, 2, 4563, 2, 2, 37049, 44921, 5330, 274, 15698, 1437, 50266, 2, 50267]
2025-10-09 05:09:54 | DEBUG    | generate_patient_sequence:521 | Generated length: 34 tokens
2025-10-09 05:09:54 | INFO     | generate_patient_sequence:529 | Generated token counts - <v>: 1, <\v>: 1, <END>: 1
2025-10-09 05:09:54 | DEBUG    | generate_patient_sequence:537 | Raw generated sequence: </s><s>77 UNKNOWN/NOT SPECIFIED F <demo></s> <v> </s></s>IFIED</s></s></s>69</s></s>NOT SPECEM F>  <\v> </s> <END>
2025-10-09 05:09:54 | INFO     | generate_patient_sequence:540 | Generated sequence (clean): 77 UNKNOWN/NOT SPECIFIED F <demo>IFIED69NOT SPECEM F> 
2025-10-09 05:09:54 | INFO     | <module>:677 | === Training and generation complete ===
