Job ID: 5183023
Job Name: ehr_lr0.00005_temp1.3_k50
Node: ccc0389
CUDA_VISIBLE_DEVICES: 0
Start Time: Thu Oct  9 04:01:28 CDT 2025
Working Directory: /u/jalenj4/pehr_scratch
Thu Oct  9 04:01:28 2025       
+-----------------------------------------------------------------------------------------+
| NVIDIA-SMI 575.57.08              Driver Version: 575.57.08      CUDA Version: 12.9     |
|-----------------------------------------+------------------------+----------------------+
| GPU  Name                 Persistence-M | Bus-Id          Disp.A | Volatile Uncorr. ECC |
| Fan  Temp   Perf          Pwr:Usage/Cap |           Memory-Usage | GPU-Util  Compute M. |
|                                         |                        |               MIG M. |
|=========================================+========================+======================|
|   0  NVIDIA A100-SXM4-80GB          Off |   00000000:01:00.0 Off |                    0 |
| N/A   47C    P0             96W /  500W |       0MiB /  81920MiB |     43%      Default |
|                                         |                        |             Disabled |
+-----------------------------------------+------------------------+----------------------+
                                                                                         
+-----------------------------------------------------------------------------------------+
| Processes:                                                                              |
|  GPU   GI   CI              PID   Type   Process name                        GPU Memory |
|        ID   ID                                                               Usage      |
|=========================================================================================|
|  No running processes found                                                             |
+-----------------------------------------------------------------------------------------+
Parameters:
  NUM_PATIENTS: 3000
  BATCH_SIZE: 16
  NUM_EPOCHS: 30
  LEARNING_RATE: 0.00005
  GENERATION_TEMP: 1.3
  TOP_K: 50
INFO: === EHR Generation Training Started ===
INFO: Configuration: {'model_name': 'facebook/bart-base', 'num_patients': 3000, 'max_seq_length': 256, 'batch_size': 16, 'num_epochs': 30, 'learning_rate': 5e-05, 'generation_temp': 1.3, 'generation_max_length': 256, 'num_warmup_steps': 0, 'top_k': 50, 'data_dir': 'data_files', 'mimic_paths': {'patients_path': 'data_files/PATIENTS.csv', 'admissions_path': 'data_files/ADMISSIONS.csv', 'diagnoses_path': 'data_files/DIAGNOSES_ICD.csv'}}
INFO: Using device: cuda
INFO: Loading pretrained BART model: facebook/bart-base
INFO: Added 3 special tokens: <v>, <\v>, <END>
INFO: Resized model embeddings to 50268 tokens
INFO: Loading MIMIC-III data files
INFO: Loaded 46520 patients
INFO: Loaded 58976 admissions
INFO: Loaded 651047 diagnosis records
INFO: Data processing complete. Formatting sequences...
INFO: Sequence formatting complete. Generated 3000 patient sequences
INFO: Average visits per patient: 1.27
INFO: Average tokens per sequence: 19.69
INFO: Sample patient sequences:
INFO: Sample 1: 37 WHITE F <demo> <v> 5770 5070 79902 27650 5771 30981 311 V1251 53370 <\v> <END>...
INFO: Sample 2: 56 UNKNOWN/NOT SPECIFIED M <demo> <v> 41401 2720 4019 4240 56210 5533 2859 49390 <\v> <END>...
INFO: Sample 3: 0 WHITE M <demo> <v> V3001 77089 2861 7484 <\v> <END>...
INFO: Sample 4: 46 WHITE F <demo> <v> 74561 4240 <\v> <END>...
INFO: Sample 5: 60 WHITE F <demo> <v> 51882 4659 33520 3578 <\v> <END>...
INFO: Created dataset with 3000 samples, 188 batches
INFO: Optimizer: AdamW with lr=5e-05
INFO: Scheduler: linear with 0 warmup steps
INFO: Starting model training for 30 epochs
INFO: Training steps: 5640
INFO: Device: cuda
INFO: Epoch 1/30 completed | Avg Loss: 0.6491
INFO: Epoch 2/30 completed | Avg Loss: 0.1141
INFO: Epoch 3/30 completed | Avg Loss: 0.0487
INFO: Epoch 4/30 completed | Avg Loss: 0.0178
INFO: Epoch 5/30 completed | Avg Loss: 0.0071
INFO: Epoch 6/30 completed | Avg Loss: 0.0045
INFO: Epoch 7/30 completed | Avg Loss: 0.0047
INFO: Epoch 8/30 completed | Avg Loss: 0.0034
INFO: Epoch 9/30 completed | Avg Loss: 0.0029
INFO: Epoch 10/30 completed | Avg Loss: 0.0023
INFO: Epoch 11/30 completed | Avg Loss: 0.0026
INFO: Epoch 12/30 completed | Avg Loss: 0.0021
INFO: Epoch 13/30 completed | Avg Loss: 0.0025
INFO: Epoch 14/30 completed | Avg Loss: 0.0025
INFO: Epoch 15/30 completed | Avg Loss: 0.0018
INFO: Epoch 16/30 completed | Avg Loss: 0.0023
INFO: Epoch 17/30 completed | Avg Loss: 0.0028
INFO: Epoch 18/30 completed | Avg Loss: 0.0020
INFO: Epoch 19/30 completed | Avg Loss: 0.0028
INFO: Epoch 20/30 completed | Avg Loss: 0.0013
INFO: Epoch 21/30 completed | Avg Loss: 0.0016
INFO: Epoch 22/30 completed | Avg Loss: 0.0008
INFO: Epoch 23/30 completed | Avg Loss: 0.0013
INFO: Epoch 24/30 completed | Avg Loss: 0.0007
INFO: Epoch 25/30 completed | Avg Loss: 0.0010
INFO: Epoch 26/30 completed | Avg Loss: 0.0007
INFO: Epoch 27/30 completed | Avg Loss: 0.0008
INFO: Epoch 28/30 completed | Avg Loss: 0.0004
INFO: Epoch 29/30 completed | Avg Loss: 0.0005
INFO: Epoch 30/30 completed | Avg Loss: 0.0003
INFO: Training complete
INFO: Final average loss: 0.0003
INFO: === Generating synthetic patient data ===
INFO: 
--- Sample 1/5 ---
INFO: Generating sequence for prompt: '84 BLACK F <demo>'
INFO: Starting generation with temp=1.3, top_k=50, max_length=256
INFO: Generated token counts - <v>: 1, <\v>: 0, <END>: 1
INFO: Generated sequence (clean): 84 BLACK F <demo> BLACK F
INFO: 
--- Sample 2/5 ---
INFO: Generating sequence for prompt: '20 WHITE M <demo>'
INFO: Starting generation with temp=1.3, top_k=50, max_length=256
INFO: Generated token counts - <v>: 1, <\v>: 1, <END>: 1
INFO: Generated sequence (clean): 20 WHITE M <demo>
INFO: 
--- Sample 3/5 ---
INFO: Generating sequence for prompt: '67 UNABLE TO OBTAIN F <demo>'
INFO: Starting generation with temp=1.3, top_k=50, max_length=256
INFO: Generated token counts - <v>: 1, <\v>: 0, <END>: 1
INFO: Generated sequence (clean): 67 UNABLE TO OBTAIN F <demo>
INFO: 
--- Sample 4/5 ---
INFO: Generating sequence for prompt: '86 OTHER F <demo>'
INFO: Starting generation with temp=1.3, top_k=50, max_length=256
INFO: Generated token counts - <v>: 1, <\v>: 0, <END>: 1
INFO: Generated sequence (clean): 86 OTHER F <demo> OTHER F<demo>.
INFO: 
--- Sample 5/5 ---
INFO: Generating sequence for prompt: '22 BLACK M <demo>'
INFO: Starting generation with temp=1.3, top_k=50, max_length=256
INFO: Generated token counts - <v>: 1, <\v>: 1, <END>: 1
INFO: Generated sequence (clean): 22 BLACK M <demo>
INFO: === Training and generation complete ===
End Time: Thu Oct  9 04:24:59 CDT 2025
Exit Code: 0
