Job ID: 5183029
Job Name: ehr_lr0.0002_temp1.0_k50
Node: ccc0388
CUDA_VISIBLE_DEVICES: 0
Start Time: Thu Oct  9 04:46:26 CDT 2025
Working Directory: /u/jalenj4/pehr_scratch
Thu Oct  9 04:46:26 2025       
+-----------------------------------------------------------------------------------------+
| NVIDIA-SMI 580.95.05              Driver Version: 580.95.05      CUDA Version: 13.0     |
+-----------------------------------------+------------------------+----------------------+
| GPU  Name                 Persistence-M | Bus-Id          Disp.A | Volatile Uncorr. ECC |
| Fan  Temp   Perf          Pwr:Usage/Cap |           Memory-Usage | GPU-Util  Compute M. |
|                                         |                        |               MIG M. |
|=========================================+========================+======================|
|   0  NVIDIA A100-SXM4-80GB          On  |   00000000:81:00.0 Off |                    0 |
| N/A   46C    P0             92W /  500W |       0MiB /  81920MiB |      0%      Default |
|                                         |                        |             Disabled |
+-----------------------------------------+------------------------+----------------------+

+-----------------------------------------------------------------------------------------+
| Processes:                                                                              |
|  GPU   GI   CI              PID   Type   Process name                        GPU Memory |
|        ID   ID                                                               Usage      |
|=========================================================================================|
|  No running processes found                                                             |
+-----------------------------------------------------------------------------------------+
Parameters:
  NUM_PATIENTS: 3000
  BATCH_SIZE: 16
  NUM_EPOCHS: 30
  LEARNING_RATE: 0.0002
  GENERATION_TEMP: 1.0
  TOP_K: 50
INFO: === EHR Generation Training Started ===
INFO: Configuration: {'model_name': 'facebook/bart-base', 'num_patients': 3000, 'max_seq_length': 256, 'batch_size': 16, 'num_epochs': 30, 'learning_rate': 0.0002, 'generation_temp': 1.0, 'generation_max_length': 256, 'num_warmup_steps': 0, 'top_k': 50, 'data_dir': 'data_files', 'mimic_paths': {'patients_path': 'data_files/PATIENTS.csv', 'admissions_path': 'data_files/ADMISSIONS.csv', 'diagnoses_path': 'data_files/DIAGNOSES_ICD.csv'}}
INFO: Using device: cuda
INFO: Loading pretrained BART model: facebook/bart-base
INFO: Added 3 special tokens: <v>, <\v>, <END>
INFO: Resized model embeddings to 50268 tokens
INFO: Loading MIMIC-III data files
INFO: Loaded 46520 patients
INFO: Loaded 58976 admissions
INFO: Loaded 651047 diagnosis records
INFO: Data processing complete. Formatting sequences...
INFO: Sequence formatting complete. Generated 3000 patient sequences
INFO: Average visits per patient: 1.27
INFO: Average tokens per sequence: 19.69
INFO: Sample patient sequences:
INFO: Sample 1: 0 BLACK/AFRICAN AMERICAN F <demo> <v> V3001 7424 V053 V290 <\v> <END>...
INFO: Sample 2: 69 WHITE M <demo> <v> 1550 5715 99889 78039 4019 25000 5771 5723 2750 E8788 E8497 <\v> <v> 51881 4280 5845 5119 00845 40391 2867 99682 5720 78551 5745...
INFO: Sample 3: 0 WHITE F <demo> <v> V3001 V053 <\v> <END>...
INFO: Sample 4: 60 BLACK/AFRICAN AMERICAN F <demo> <v> 51881 485 1628 1970 1977 515 4254 4280 5849 7140 4019 2356 4439 <\v> <END>...
INFO: Sample 5: 69 WHITE M <demo> <v> 5191 4928 4019 53081 <\v> <v> 5191 496 41401 4019 4439 V4582 <\v> <END>...
INFO: Created dataset with 3000 samples, 188 batches
INFO: Optimizer: AdamW with lr=0.0002
INFO: Scheduler: linear with 0 warmup steps
INFO: Starting model training for 30 epochs
INFO: Training steps: 5640
INFO: Device: cuda
INFO: Epoch 1/30 completed | Avg Loss: 0.4518
INFO: Epoch 2/30 completed | Avg Loss: 0.0640
INFO: Epoch 3/30 completed | Avg Loss: 0.0270
INFO: Epoch 4/30 completed | Avg Loss: 0.0224
INFO: Epoch 5/30 completed | Avg Loss: 0.0232
INFO: Epoch 6/30 completed | Avg Loss: 0.0084
INFO: Epoch 7/30 completed | Avg Loss: 0.0088
INFO: Epoch 8/30 completed | Avg Loss: 0.0271
INFO: Epoch 9/30 completed | Avg Loss: 0.0105
INFO: Epoch 10/30 completed | Avg Loss: 0.0084
INFO: Epoch 11/30 completed | Avg Loss: 0.0102
INFO: Epoch 12/30 completed | Avg Loss: 0.0075
INFO: Epoch 13/30 completed | Avg Loss: 0.0050
INFO: Epoch 14/30 completed | Avg Loss: 0.0129
INFO: Epoch 15/30 completed | Avg Loss: 0.0366
INFO: Epoch 16/30 completed | Avg Loss: 0.0105
INFO: Epoch 17/30 completed | Avg Loss: 0.0079
INFO: Epoch 18/30 completed | Avg Loss: 0.0027
INFO: Epoch 19/30 completed | Avg Loss: 0.0020
INFO: Epoch 20/30 completed | Avg Loss: 0.0024
INFO: Epoch 21/30 completed | Avg Loss: 0.0013
INFO: Epoch 22/30 completed | Avg Loss: 0.0012
INFO: Epoch 23/30 completed | Avg Loss: 0.0015
INFO: Epoch 24/30 completed | Avg Loss: 0.0011
INFO: Epoch 25/30 completed | Avg Loss: 0.0011
INFO: Epoch 26/30 completed | Avg Loss: 0.0009
INFO: Epoch 27/30 completed | Avg Loss: 0.0009
INFO: Epoch 28/30 completed | Avg Loss: 0.0008
INFO: Epoch 29/30 completed | Avg Loss: 0.0005
INFO: Epoch 30/30 completed | Avg Loss: 0.0004
INFO: Training complete
INFO: Final average loss: 0.0004
INFO: === Generating synthetic patient data ===
INFO: 
--- Sample 1/5 ---
INFO: Generating sequence for prompt: '70 HISPANIC OR LATINO M <demo>'
INFO: Starting generation with temp=1.0, top_k=50, max_length=256
INFO: Generated token counts - <v>: 1, <\v>: 0, <END>: 1
INFO: Generated sequence (clean): 70 HISPANIC OR LATINO M <demo> LATINO V <demois>99KNOWN
INFO: 
--- Sample 2/5 ---
INFO: Generating sequence for prompt: '48 BLACK M <demo>'
INFO: Starting generation with temp=1.0, top_k=50, max_length=256
INFO: Generated token counts - <v>: 2, <\v>: 1, <END>: 1
INFO: Generated sequence (clean): 48 BLACK M <demo> <demois>  BLACK45ADORIFIEDAD49 WHITE M <deno>  
INFO: 
--- Sample 3/5 ---
INFO: Generating sequence for prompt: '71 OTHER M <demo>'
INFO: Starting generation with temp=1.0, top_k=50, max_length=256
INFO: Generated token counts - <v>: 2, <\v>: 0, <END>: 1
INFO: Generated sequence (clean): 71 OTHER M <demo> <demois> KNOWN M <do> 
INFO: 
--- Sample 4/5 ---
INFO: Generating sequence for prompt: '77 OTHER F <demo>'
INFO: Starting generation with temp=1.0, top_k=50, max_length=256
INFO: Generated token counts - <v>: 2, <\v>: 0, <END>: 1
INFO: Generated sequence (clean): 77 OTHER F <demo> OTHER F> AF 3DEMo> 
INFO: 
--- Sample 5/5 ---
INFO: Generating sequence for prompt: '77 UNKNOWN/NOT SPECIFIED F <demo>'
INFO: Starting generation with temp=1.0, top_k=50, max_length=256
INFO: Generated token counts - <v>: 1, <\v>: 1, <END>: 1
INFO: Generated sequence (clean): 77 UNKNOWN/NOT SPECIFIED F <demo>IFIED69NOT SPECEM F> 
INFO: === Training and generation complete ===
End Time: Thu Oct  9 05:09:55 CDT 2025
Exit Code: 0
