2025-10-09 02:50:48 | INFO     | <module>:562 | === EHR Generation Training Started ===
2025-10-09 02:50:48 | INFO     | <module>:583 | Configuration: {'model_name': 'facebook/bart-base', 'num_patients': 3000, 'max_seq_length': 256, 'batch_size': 16, 'num_epochs': 30, 'learning_rate': 0.0001, 'generation_temp': 1.0, 'generation_max_length': 256, 'num_warmup_steps': 0, 'top_k': 30, 'data_dir': 'data_files', 'mimic_paths': {'patients_path': 'data_files/PATIENTS.csv', 'admissions_path': 'data_files/ADMISSIONS.csv', 'diagnoses_path': 'data_files/DIAGNOSES_ICD.csv'}}
2025-10-09 02:50:48 | INFO     | <module>:587 | Using device: cuda
2025-10-09 02:50:48 | INFO     | <module>:590 | Loading pretrained BART model: facebook/bart-base
2025-10-09 02:50:49 | INFO     | <module>:599 | Added 3 special tokens: <v>, <\v>, <END>
2025-10-09 02:50:50 | INFO     | <module>:603 | Resized model embeddings to 50268 tokens
2025-10-09 02:50:50 | DEBUG    | <module>:606 | Token ID for <v>: 50265
2025-10-09 02:50:50 | DEBUG    | <module>:607 | Token ID for <\v>: 50266
2025-10-09 02:50:50 | DEBUG    | <module>:608 | Token ID for <END>: 50267
2025-10-09 02:50:50 | INFO     | load_and_format_mimic_data:147 | Loading MIMIC-III data files
2025-10-09 02:50:50 | DEBUG    | load_and_format_mimic_data:148 | Patients: data_files/PATIENTS.csv
2025-10-09 02:50:50 | DEBUG    | load_and_format_mimic_data:149 | Admissions: data_files/ADMISSIONS.csv
2025-10-09 02:50:50 | DEBUG    | load_and_format_mimic_data:150 | Diagnoses: data_files/DIAGNOSES_ICD.csv
2025-10-09 02:50:50 | INFO     | load_and_format_mimic_data:155 | Loaded 46520 patients
2025-10-09 02:50:50 | INFO     | load_and_format_mimic_data:158 | Loaded 58976 admissions
2025-10-09 02:50:50 | INFO     | load_and_format_mimic_data:161 | Loaded 651047 diagnosis records
2025-10-09 02:50:50 | INFO     | load_and_format_mimic_data:219 | Data processing complete. Formatting sequences...
2025-10-09 02:50:53 | INFO     | load_and_format_mimic_data:258 | Sequence formatting complete. Generated 3000 patient sequences
2025-10-09 02:50:53 | DEBUG    | load_and_format_mimic_data:262 | Sample sequence: 0 ASIAN M <demo> <v> V3001 V053 V290 <\v> <END>...
2025-10-09 02:50:53 | INFO     | load_and_format_mimic_data:267 | Average visits per patient: 1.27
2025-10-09 02:50:53 | INFO     | load_and_format_mimic_data:268 | Average tokens per sequence: 19.69
2025-10-09 02:50:53 | INFO     | <module>:622 | Sample patient sequences:
2025-10-09 02:50:53 | INFO     | <module>:624 | Sample 1: 69 BLACK/AFRICAN AMERICAN F <demo> <v> 1983 56985 2800 1628 56982 25000 4019 <\v> <END>...
2025-10-09 02:50:53 | INFO     | <module>:624 | Sample 2: 0 HISPANIC OR LATINO M <demo> <v> V3000 V290 V502 V053 <\v> <END>...
2025-10-09 02:50:53 | INFO     | <module>:624 | Sample 3: 58 WHITE F <demo> <v> 73734 9971 42731 9974 5601 2851 7384 9051 E9290 <\v> <v> 43411 3485 3484 1970 5119 2536 1977 34290 42731 73300 7843 1991 27541 <...
2025-10-09 02:50:53 | INFO     | <module>:624 | Sample 4: 81 UNKNOWN/NOT SPECIFIED F <demo> <v> 82022 5849 4280 2851 70705 70703 70707 42822 5990 42731 4240 E8844 4148 4552 4555 4019 V4581 25000 V5861 <\v> <E...
2025-10-09 02:50:53 | INFO     | <module>:624 | Sample 5: 0 WHITE F <demo> <v> V3001 77081 7742 7793 76527 76516 77981 V053 V290 <\v> <END>...
2025-10-09 02:50:53 | DEBUG    | __init__:294 | First sequence length: 24 tokens
2025-10-09 02:50:53 | DEBUG    | __init__:295 | Pad token ID: 1
2025-10-09 02:50:53 | INFO     | <module>:628 | Created dataset with 3000 samples, 188 batches
2025-10-09 02:50:53 | INFO     | <module>:639 | Optimizer: AdamW with lr=0.0001
2025-10-09 02:50:53 | INFO     | <module>:640 | Scheduler: linear with 0 warmup steps
2025-10-09 02:50:53 | INFO     | train_model:351 | Starting model training for 30 epochs
2025-10-09 02:50:53 | INFO     | train_model:352 | Training steps: 5640
2025-10-09 02:50:53 | INFO     | train_model:353 | Device: cuda
2025-10-09 02:50:54 | DEBUG    | train_model:372 | First batch input_ids shape: torch.Size([16, 256])
2025-10-09 02:50:54 | DEBUG    | train_model:373 | First batch labels shape: torch.Size([16, 256])
2025-10-09 02:50:54 | DEBUG    | train_model:374 | First batch attention_mask shape: torch.Size([16, 256])
2025-10-09 02:50:54 | DEBUG    | train_model:375 | Initial loss: 2.2595
2025-10-09 02:50:54 | DEBUG    | train_model:382 | Special tokens in first batch: {'pad': 3372, 'masked_labels': 3372}
2025-10-09 02:51:40 | INFO     | train_model:401 | Epoch 1/30 completed | Avg Loss: 0.5494
2025-10-09 02:52:27 | INFO     | train_model:401 | Epoch 2/30 completed | Avg Loss: 0.0667
2025-10-09 02:53:13 | INFO     | train_model:401 | Epoch 3/30 completed | Avg Loss: 0.0160
2025-10-09 02:54:00 | INFO     | train_model:401 | Epoch 4/30 completed | Avg Loss: 0.0097
2025-10-09 02:54:46 | INFO     | train_model:401 | Epoch 5/30 completed | Avg Loss: 0.0090
2025-10-09 02:55:33 | INFO     | train_model:401 | Epoch 6/30 completed | Avg Loss: 0.0065
2025-10-09 02:56:19 | INFO     | train_model:401 | Epoch 7/30 completed | Avg Loss: 0.0059
2025-10-09 02:57:06 | INFO     | train_model:401 | Epoch 8/30 completed | Avg Loss: 0.0076
2025-10-09 02:57:52 | INFO     | train_model:401 | Epoch 9/30 completed | Avg Loss: 0.0046
2025-10-09 02:58:39 | INFO     | train_model:401 | Epoch 10/30 completed | Avg Loss: 0.0048
2025-10-09 02:59:26 | INFO     | train_model:401 | Epoch 11/30 completed | Avg Loss: 0.0050
2025-10-09 03:00:12 | INFO     | train_model:401 | Epoch 12/30 completed | Avg Loss: 0.0116
2025-10-09 03:00:59 | INFO     | train_model:401 | Epoch 13/30 completed | Avg Loss: 0.0074
2025-10-09 03:01:45 | INFO     | train_model:401 | Epoch 14/30 completed | Avg Loss: 0.0065
2025-10-09 03:02:32 | INFO     | train_model:401 | Epoch 15/30 completed | Avg Loss: 0.0021
2025-10-09 03:03:18 | INFO     | train_model:401 | Epoch 16/30 completed | Avg Loss: 0.0026
2025-10-09 03:04:05 | INFO     | train_model:401 | Epoch 17/30 completed | Avg Loss: 0.0025
2025-10-09 03:04:51 | INFO     | train_model:401 | Epoch 18/30 completed | Avg Loss: 0.0018
2025-10-09 03:05:38 | INFO     | train_model:401 | Epoch 19/30 completed | Avg Loss: 0.0019
2025-10-09 03:06:24 | INFO     | train_model:401 | Epoch 20/30 completed | Avg Loss: 0.0017
2025-10-09 03:07:11 | INFO     | train_model:401 | Epoch 21/30 completed | Avg Loss: 0.0008
2025-10-09 03:07:58 | INFO     | train_model:401 | Epoch 22/30 completed | Avg Loss: 0.0009
2025-10-09 03:08:44 | INFO     | train_model:401 | Epoch 23/30 completed | Avg Loss: 0.0034
2025-10-09 03:09:31 | INFO     | train_model:401 | Epoch 24/30 completed | Avg Loss: 0.0018
2025-10-09 03:10:17 | INFO     | train_model:401 | Epoch 25/30 completed | Avg Loss: 0.0022
2025-10-09 03:11:04 | INFO     | train_model:401 | Epoch 26/30 completed | Avg Loss: 0.0019
2025-10-09 03:11:50 | INFO     | train_model:401 | Epoch 27/30 completed | Avg Loss: 0.0012
2025-10-09 03:12:37 | INFO     | train_model:401 | Epoch 28/30 completed | Avg Loss: 0.0012
2025-10-09 03:13:23 | INFO     | train_model:401 | Epoch 29/30 completed | Avg Loss: 0.0004
2025-10-09 03:14:10 | INFO     | train_model:401 | Epoch 30/30 completed | Avg Loss: 0.0004
2025-10-09 03:14:10 | INFO     | train_model:403 | Training complete
2025-10-09 03:14:10 | INFO     | train_model:404 | Final average loss: 0.0004
2025-10-09 03:14:10 | DEBUG    | train_model:405 | Loss history: [0.5494154223657035, 0.06672256762419451, 0.015952970623286402, 0.00966054834784603, 0.0090158568760826, 0.006492073164058929, 0.005879591242038704, 0.007619748013700914, 0.004559767294577273, 0.0047529492203079345, 0.004954436813738752, 0.01160025404587554, 0.007366531149873094, 0.006492733952906379, 0.0021145675302559927, 0.0026163207555540834, 0.00245145136258098, 0.0018000703264678644, 0.001916137664514455, 0.0016638996757466613, 0.0007777194674959669, 0.0009448294202887523, 0.003373294699021573, 0.001814780965821441, 0.0022242024446932967, 0.0019488155052618202, 0.001179814620124315, 0.0012142945920749434, 0.000379608856708225, 0.00041740257202423466]
2025-10-09 03:14:10 | INFO     | <module>:654 | === Generating synthetic patient data ===
2025-10-09 03:14:10 | INFO     | <module>:663 | 
--- Sample 1/5 ---
2025-10-09 03:14:10 | INFO     | generate_patient_sequence:443 | Generating sequence for prompt: '40 BLACK M <demo>'
2025-10-09 03:14:10 | DEBUG    | generate_patient_sequence:447 | Prompt token IDs: [0, 1749, 34101, 256, 28696, 12789, 139, 15698, 2]
2025-10-09 03:14:10 | DEBUG    | generate_patient_sequence:448 | Prompt tokens: ['<s>', '40', ' BLACK', ' M', ' <', 'dem', 'o', '>', '</s>']
2025-10-09 03:14:10 | DEBUG    | generate_patient_sequence:457 | Special token IDs - <v>: 50265, <\v>: 50266, <END>: 50267, PAD: 1, EOS: 2
2025-10-09 03:14:10 | DEBUG    | generate_patient_sequence:464 | Initial decoder input (with forced <v>): [0, 1749, 34101, 256, 28696, 12789, 139, 15698, 2, 50265]
2025-10-09 03:14:10 | DEBUG    | generate_patient_sequence:478 | After prompt, probability of <v>: 0.005265
2025-10-09 03:14:10 | DEBUG    | generate_patient_sequence:479 | After prompt, probability of <END>: 0.001049
2025-10-09 03:14:10 | DEBUG    | generate_patient_sequence:480 | After prompt, probability of PAD: 0.000000
2025-10-09 03:14:10 | DEBUG    | generate_patient_sequence:481 | After prompt, probability of EOS: 0.993201
2025-10-09 03:14:10 | DEBUG    | generate_patient_sequence:485 | Top 20 next token predictions after prompt:
2025-10-09 03:14:10 | DEBUG    | generate_patient_sequence:503 |   Rank 1: <EOS>                | Prob: 0.993201 | ID: 2
2025-10-09 03:14:10 | DEBUG    | generate_patient_sequence:503 |   Rank 2: <v>                  | Prob: 0.005265 | ID: 50265
2025-10-09 03:14:10 | DEBUG    | generate_patient_sequence:503 |   Rank 3: <END>                | Prob: 0.001049 | ID: 50267
2025-10-09 03:14:10 | DEBUG    | generate_patient_sequence:503 |   Rank 4: <\v>                 | Prob: 0.000168 | ID: 50266
2025-10-09 03:14:10 | DEBUG    | generate_patient_sequence:503 |   Rank 5:                      | Prob: 0.000089 | ID: 1437
2025-10-09 03:14:10 | DEBUG    | generate_patient_sequence:503 |   Rank 6: NOT                  | Prob: 0.000030 | ID: 37049
2025-10-09 03:14:10 | DEBUG    | generate_patient_sequence:503 |   Rank 7: o                    | Prob: 0.000014 | ID: 139
2025-10-09 03:14:10 | DEBUG    | generate_patient_sequence:503 |   Rank 8: P                    | Prob: 0.000010 | ID: 510
2025-10-09 03:14:10 | DEBUG    | generate_patient_sequence:503 |   Rank 9: L                    | Prob: 0.000008 | ID: 574
2025-10-09 03:14:10 | DEBUG    | generate_patient_sequence:503 |   Rank 10: E                    | Prob: 0.000006 | ID: 717
2025-10-09 03:14:10 | DEBUG    | generate_patient_sequence:503 |   Rank 11: dem                  | Prob: 0.000006 | ID: 12789
2025-10-09 03:14:10 | DEBUG    | generate_patient_sequence:503 |   Rank 12: ED                   | Prob: 0.000005 | ID: 1691
2025-10-09 03:14:10 | DEBUG    | generate_patient_sequence:503 |   Rank 13: I                    | Prob: 0.000003 | ID: 100
2025-10-09 03:14:10 | DEBUG    | generate_patient_sequence:503 |   Rank 14: 0                    | Prob: 0.000003 | ID: 288
2025-10-09 03:14:10 | DEBUG    | generate_patient_sequence:503 |   Rank 15: 440                  | Prob: 0.000003 | ID: 26634
2025-10-09 03:14:10 | DEBUG    | generate_patient_sequence:503 |   Rank 16: IC                   | Prob: 0.000003 | ID: 2371
2025-10-09 03:14:10 | DEBUG    | generate_patient_sequence:503 |   Rank 17: 280                  | Prob: 0.000003 | ID: 21070
2025-10-09 03:14:10 | DEBUG    | generate_patient_sequence:503 |   Rank 18: 140                  | Prob: 0.000003 | ID: 14753
2025-10-09 03:14:10 | DEBUG    | generate_patient_sequence:503 |   Rank 19: US                   | Prob: 0.000002 | ID: 3048
2025-10-09 03:14:10 | DEBUG    | generate_patient_sequence:503 |   Rank 20: 100                  | Prob: 0.000002 | ID: 1866
2025-10-09 03:14:10 | INFO     | generate_patient_sequence:507 | Starting generation with temp=1.0, top_k=30, max_length=256
2025-10-09 03:14:10 | DEBUG    | generate_patient_sequence:520 | Generated token IDs: [2, 0, 1749, 34101, 256, 28696, 12789, 139, 15698, 2, 50265, 2, 2, 2, 50266, 2, 50267]
2025-10-09 03:14:10 | DEBUG    | generate_patient_sequence:521 | Generated length: 17 tokens
2025-10-09 03:14:10 | INFO     | generate_patient_sequence:529 | Generated token counts - <v>: 1, <\v>: 1, <END>: 1
2025-10-09 03:14:10 | DEBUG    | generate_patient_sequence:537 | Raw generated sequence: </s><s>40 BLACK M <demo></s> <v> </s></s></s> <\v> </s> <END>
2025-10-09 03:14:10 | INFO     | generate_patient_sequence:540 | Generated sequence (clean): 40 BLACK M <demo>
2025-10-09 03:14:10 | INFO     | <module>:663 | 
--- Sample 2/5 ---
2025-10-09 03:14:10 | INFO     | generate_patient_sequence:443 | Generating sequence for prompt: '42 HISPANIC OR LATINO F <demo>'
2025-10-09 03:14:10 | DEBUG    | generate_patient_sequence:447 | Prompt token IDs: [0, 3714, 37350, 510, 1889, 2371, 6532, 21455, 30535, 274, 28696, 12789, 139, 15698, 2]
2025-10-09 03:14:10 | DEBUG    | generate_patient_sequence:448 | Prompt tokens: ['<s>', '42', ' HIS', 'P', 'AN', 'IC', ' OR', ' LAT', 'INO', ' F', ' <', 'dem', 'o', '>', '</s>']
2025-10-09 03:14:10 | DEBUG    | generate_patient_sequence:457 | Special token IDs - <v>: 50265, <\v>: 50266, <END>: 50267, PAD: 1, EOS: 2
2025-10-09 03:14:10 | DEBUG    | generate_patient_sequence:464 | Initial decoder input (with forced <v>): [0, 3714, 37350, 510, 1889, 2371, 6532, 21455, 30535, 274, 28696, 12789, 139, 15698, 2, 50265]
2025-10-09 03:14:10 | DEBUG    | generate_patient_sequence:478 | After prompt, probability of <v>: 0.000461
2025-10-09 03:14:10 | DEBUG    | generate_patient_sequence:479 | After prompt, probability of <END>: 0.000252
2025-10-09 03:14:10 | DEBUG    | generate_patient_sequence:480 | After prompt, probability of PAD: 0.000000
2025-10-09 03:14:10 | DEBUG    | generate_patient_sequence:481 | After prompt, probability of EOS: 0.999059
2025-10-09 03:14:10 | DEBUG    | generate_patient_sequence:485 | Top 20 next token predictions after prompt:
2025-10-09 03:14:10 | DEBUG    | generate_patient_sequence:503 |   Rank 1: <EOS>                | Prob: 0.999059 | ID: 2
2025-10-09 03:14:10 | DEBUG    | generate_patient_sequence:503 |   Rank 2: <v>                  | Prob: 0.000461 | ID: 50265
2025-10-09 03:14:10 | DEBUG    | generate_patient_sequence:503 |   Rank 3: <END>                | Prob: 0.000252 | ID: 50267
2025-10-09 03:14:10 | DEBUG    | generate_patient_sequence:503 |   Rank 4: <\v>                 | Prob: 0.000112 | ID: 50266
2025-10-09 03:14:10 | DEBUG    | generate_patient_sequence:503 |   Rank 5:                      | Prob: 0.000013 | ID: 1437
2025-10-09 03:14:10 | DEBUG    | generate_patient_sequence:503 |   Rank 6: dem                  | Prob: 0.000011 | ID: 12789
2025-10-09 03:14:10 | DEBUG    | generate_patient_sequence:503 |   Rank 7: NOT                  | Prob: 0.000009 | ID: 37049
2025-10-09 03:14:10 | DEBUG    | generate_patient_sequence:503 |   Rank 8: o                    | Prob: 0.000007 | ID: 139
2025-10-09 03:14:10 | DEBUG    | generate_patient_sequence:503 |   Rank 9: P                    | Prob: 0.000006 | ID: 510
2025-10-09 03:14:10 | DEBUG    | generate_patient_sequence:503 |   Rank 10: L                    | Prob: 0.000003 | ID: 574
2025-10-09 03:14:10 | DEBUG    | generate_patient_sequence:503 |   Rank 11: 0                    | Prob: 0.000003 | ID: 288
2025-10-09 03:14:10 | DEBUG    | generate_patient_sequence:503 |   Rank 12: E                    | Prob: 0.000002 | ID: 717
2025-10-09 03:14:10 | DEBUG    | generate_patient_sequence:503 |   Rank 13: I                    | Prob: 0.000001 | ID: 100
2025-10-09 03:14:10 | DEBUG    | generate_patient_sequence:503 |   Rank 14: 440                  | Prob: 0.000001 | ID: 26634
2025-10-09 03:14:10 | DEBUG    | generate_patient_sequence:503 |   Rank 15: 2                    | Prob: 0.000001 | ID: 176
2025-10-09 03:14:10 | DEBUG    | generate_patient_sequence:503 |   Rank 16: s                    | Prob: 0.000001 | ID: 29
2025-10-09 03:14:10 | DEBUG    | generate_patient_sequence:503 |   Rank 17: O                    | Prob: 0.000001 | ID: 673
2025-10-09 03:14:10 | DEBUG    | generate_patient_sequence:503 |   Rank 18: 1                    | Prob: 0.000001 | ID: 134
2025-10-09 03:14:10 | DEBUG    | generate_patient_sequence:503 |   Rank 19: US                   | Prob: 0.000001 | ID: 3048
2025-10-09 03:14:10 | DEBUG    | generate_patient_sequence:503 |   Rank 20: ED                   | Prob: 0.000001 | ID: 1691
2025-10-09 03:14:10 | INFO     | generate_patient_sequence:507 | Starting generation with temp=1.0, top_k=30, max_length=256
2025-10-09 03:14:10 | DEBUG    | generate_patient_sequence:520 | Generated token IDs: [2, 0, 3714, 37350, 510, 1889, 2371, 6532, 21455, 30535, 274, 28696, 12789, 139, 15698, 2, 50265, 2, 50267]
2025-10-09 03:14:10 | DEBUG    | generate_patient_sequence:521 | Generated length: 19 tokens
2025-10-09 03:14:10 | INFO     | generate_patient_sequence:529 | Generated token counts - <v>: 1, <\v>: 0, <END>: 1
2025-10-09 03:14:10 | DEBUG    | generate_patient_sequence:537 | Raw generated sequence: </s><s>42 HISPANIC OR LATINO F <demo></s> <v> </s> <END>
2025-10-09 03:14:10 | INFO     | generate_patient_sequence:540 | Generated sequence (clean): 42 HISPANIC OR LATINO F <demo>
2025-10-09 03:14:10 | INFO     | <module>:663 | 
--- Sample 3/5 ---
2025-10-09 03:14:10 | INFO     | generate_patient_sequence:443 | Generating sequence for prompt: '90 WHITE M <demo>'
2025-10-09 03:14:10 | DEBUG    | generate_patient_sequence:447 | Prompt token IDs: [0, 3248, 38503, 256, 28696, 12789, 139, 15698, 2]
2025-10-09 03:14:10 | DEBUG    | generate_patient_sequence:448 | Prompt tokens: ['<s>', '90', ' WHITE', ' M', ' <', 'dem', 'o', '>', '</s>']
2025-10-09 03:14:10 | DEBUG    | generate_patient_sequence:457 | Special token IDs - <v>: 50265, <\v>: 50266, <END>: 50267, PAD: 1, EOS: 2
2025-10-09 03:14:10 | DEBUG    | generate_patient_sequence:464 | Initial decoder input (with forced <v>): [0, 3248, 38503, 256, 28696, 12789, 139, 15698, 2, 50265]
2025-10-09 03:14:10 | DEBUG    | generate_patient_sequence:478 | After prompt, probability of <v>: 0.003548
2025-10-09 03:14:10 | DEBUG    | generate_patient_sequence:479 | After prompt, probability of <END>: 0.000620
2025-10-09 03:14:10 | DEBUG    | generate_patient_sequence:480 | After prompt, probability of PAD: 0.000000
2025-10-09 03:14:10 | DEBUG    | generate_patient_sequence:481 | After prompt, probability of EOS: 0.995227
2025-10-09 03:14:10 | DEBUG    | generate_patient_sequence:485 | Top 20 next token predictions after prompt:
2025-10-09 03:14:10 | DEBUG    | generate_patient_sequence:503 |   Rank 1: <EOS>                | Prob: 0.995227 | ID: 2
2025-10-09 03:14:10 | DEBUG    | generate_patient_sequence:503 |   Rank 2: <v>                  | Prob: 0.003548 | ID: 50265
2025-10-09 03:14:10 | DEBUG    | generate_patient_sequence:503 |   Rank 3: <END>                | Prob: 0.000620 | ID: 50267
2025-10-09 03:14:10 | DEBUG    | generate_patient_sequence:503 |   Rank 4: <\v>                 | Prob: 0.000162 | ID: 50266
2025-10-09 03:14:10 | DEBUG    | generate_patient_sequence:503 |   Rank 5:                      | Prob: 0.000052 | ID: 1437
2025-10-09 03:14:10 | DEBUG    | generate_patient_sequence:503 |   Rank 6: NOT                  | Prob: 0.000041 | ID: 37049
2025-10-09 03:14:10 | DEBUG    | generate_patient_sequence:503 |   Rank 7: P                    | Prob: 0.000016 | ID: 510
2025-10-09 03:14:10 | DEBUG    | generate_patient_sequence:503 |   Rank 8: o                    | Prob: 0.000012 | ID: 139
2025-10-09 03:14:10 | DEBUG    | generate_patient_sequence:503 |   Rank 9: L                    | Prob: 0.000010 | ID: 574
2025-10-09 03:14:10 | DEBUG    | generate_patient_sequence:503 |   Rank 10: 0                    | Prob: 0.000009 | ID: 288
2025-10-09 03:14:10 | DEBUG    | generate_patient_sequence:503 |   Rank 11: 140                  | Prob: 0.000008 | ID: 14753
2025-10-09 03:14:10 | DEBUG    | generate_patient_sequence:503 |   Rank 12: E                    | Prob: 0.000007 | ID: 717
2025-10-09 03:14:10 | DEBUG    | generate_patient_sequence:503 |   Rank 13: 990                  | Prob: 0.000007 | ID: 27204
2025-10-09 03:14:10 | DEBUG    | generate_patient_sequence:503 |   Rank 14: ED                   | Prob: 0.000007 | ID: 1691
2025-10-09 03:14:10 | DEBUG    | generate_patient_sequence:503 |   Rank 15: 280                  | Prob: 0.000006 | ID: 21070
2025-10-09 03:14:10 | DEBUG    | generate_patient_sequence:503 |   Rank 16: 100                  | Prob: 0.000006 | ID: 1866
2025-10-09 03:14:10 | DEBUG    | generate_patient_sequence:503 |   Rank 17: 90                   | Prob: 0.000005 | ID: 3248
2025-10-09 03:14:10 | DEBUG    | generate_patient_sequence:503 |   Rank 18: I                    | Prob: 0.000005 | ID: 100
2025-10-09 03:14:10 | DEBUG    | generate_patient_sequence:503 |   Rank 19: O                    | Prob: 0.000004 | ID: 673
2025-10-09 03:14:10 | DEBUG    | generate_patient_sequence:503 |   Rank 20: 000                  | Prob: 0.000004 | ID: 151
2025-10-09 03:14:10 | INFO     | generate_patient_sequence:507 | Starting generation with temp=1.0, top_k=30, max_length=256
2025-10-09 03:14:10 | DEBUG    | generate_patient_sequence:520 | Generated token IDs: [2, 0, 3248, 38503, 256, 28696, 12789, 139, 15698, 2, 50265, 2, 2, 2, 50267]
2025-10-09 03:14:10 | DEBUG    | generate_patient_sequence:521 | Generated length: 15 tokens
2025-10-09 03:14:10 | INFO     | generate_patient_sequence:529 | Generated token counts - <v>: 1, <\v>: 0, <END>: 1
2025-10-09 03:14:10 | DEBUG    | generate_patient_sequence:537 | Raw generated sequence: </s><s>90 WHITE M <demo></s> <v> </s></s></s> <END>
2025-10-09 03:14:10 | INFO     | generate_patient_sequence:540 | Generated sequence (clean): 90 WHITE M <demo>
2025-10-09 03:14:10 | INFO     | <module>:663 | 
--- Sample 4/5 ---
2025-10-09 03:14:10 | INFO     | generate_patient_sequence:443 | Generating sequence for prompt: '54 HISPANIC OR LATINO M <demo>'
2025-10-09 03:14:10 | DEBUG    | generate_patient_sequence:447 | Prompt token IDs: [0, 4283, 37350, 510, 1889, 2371, 6532, 21455, 30535, 256, 28696, 12789, 139, 15698, 2]
2025-10-09 03:14:10 | DEBUG    | generate_patient_sequence:448 | Prompt tokens: ['<s>', '54', ' HIS', 'P', 'AN', 'IC', ' OR', ' LAT', 'INO', ' M', ' <', 'dem', 'o', '>', '</s>']
2025-10-09 03:14:10 | DEBUG    | generate_patient_sequence:457 | Special token IDs - <v>: 50265, <\v>: 50266, <END>: 50267, PAD: 1, EOS: 2
2025-10-09 03:14:10 | DEBUG    | generate_patient_sequence:464 | Initial decoder input (with forced <v>): [0, 4283, 37350, 510, 1889, 2371, 6532, 21455, 30535, 256, 28696, 12789, 139, 15698, 2, 50265]
2025-10-09 03:14:10 | DEBUG    | generate_patient_sequence:478 | After prompt, probability of <v>: 0.000591
2025-10-09 03:14:10 | DEBUG    | generate_patient_sequence:479 | After prompt, probability of <END>: 0.000352
2025-10-09 03:14:10 | DEBUG    | generate_patient_sequence:480 | After prompt, probability of PAD: 0.000000
2025-10-09 03:14:10 | DEBUG    | generate_patient_sequence:481 | After prompt, probability of EOS: 0.998778
2025-10-09 03:14:10 | DEBUG    | generate_patient_sequence:485 | Top 20 next token predictions after prompt:
2025-10-09 03:14:10 | DEBUG    | generate_patient_sequence:503 |   Rank 1: <EOS>                | Prob: 0.998778 | ID: 2
2025-10-09 03:14:10 | DEBUG    | generate_patient_sequence:503 |   Rank 2: <v>                  | Prob: 0.000591 | ID: 50265
2025-10-09 03:14:10 | DEBUG    | generate_patient_sequence:503 |   Rank 3: <END>                | Prob: 0.000352 | ID: 50267
2025-10-09 03:14:10 | DEBUG    | generate_patient_sequence:503 |   Rank 4: <\v>                 | Prob: 0.000132 | ID: 50266
2025-10-09 03:14:10 | DEBUG    | generate_patient_sequence:503 |   Rank 5: dem                  | Prob: 0.000016 | ID: 12789
2025-10-09 03:14:10 | DEBUG    | generate_patient_sequence:503 |   Rank 6: NOT                  | Prob: 0.000010 | ID: 37049
2025-10-09 03:14:10 | DEBUG    | generate_patient_sequence:503 |   Rank 7:                      | Prob: 0.000008 | ID: 1437
2025-10-09 03:14:10 | DEBUG    | generate_patient_sequence:503 |   Rank 8: o                    | Prob: 0.000007 | ID: 139
2025-10-09 03:14:10 | DEBUG    | generate_patient_sequence:503 |   Rank 9: 0                    | Prob: 0.000005 | ID: 288
2025-10-09 03:14:10 | DEBUG    | generate_patient_sequence:503 |   Rank 10: L                    | Prob: 0.000005 | ID: 574
2025-10-09 03:14:10 | DEBUG    | generate_patient_sequence:503 |   Rank 11: P                    | Prob: 0.000005 | ID: 510
2025-10-09 03:14:10 | DEBUG    | generate_patient_sequence:503 |   Rank 12: I                    | Prob: 0.000002 | ID: 100
2025-10-09 03:14:10 | DEBUG    | generate_patient_sequence:503 |   Rank 13: 440                  | Prob: 0.000002 | ID: 26634
2025-10-09 03:14:10 | DEBUG    | generate_patient_sequence:503 |   Rank 14: s                    | Prob: 0.000001 | ID: 29
2025-10-09 03:14:10 | DEBUG    | generate_patient_sequence:503 |   Rank 15: E                    | Prob: 0.000001 | ID: 717
2025-10-09 03:14:10 | DEBUG    | generate_patient_sequence:503 |   Rank 16: ED                   | Prob: 0.000001 | ID: 1691
2025-10-09 03:14:10 | DEBUG    | generate_patient_sequence:503 |   Rank 17: 2                    | Prob: 0.000001 | ID: 176
2025-10-09 03:14:10 | DEBUG    | generate_patient_sequence:503 |   Rank 18: 280                  | Prob: 0.000001 | ID: 21070
2025-10-09 03:14:10 | DEBUG    | generate_patient_sequence:503 |   Rank 19: IC                   | Prob: 0.000001 | ID: 2371
2025-10-09 03:14:10 | DEBUG    | generate_patient_sequence:503 |   Rank 20: 1                    | Prob: 0.000001 | ID: 134
2025-10-09 03:14:10 | INFO     | generate_patient_sequence:507 | Starting generation with temp=1.0, top_k=30, max_length=256
2025-10-09 03:14:10 | DEBUG    | generate_patient_sequence:520 | Generated token IDs: [2, 0, 4283, 37350, 510, 1889, 2371, 6532, 21455, 30535, 256, 28696, 12789, 139, 15698, 2, 50265, 2, 50267]
2025-10-09 03:14:10 | DEBUG    | generate_patient_sequence:521 | Generated length: 19 tokens
2025-10-09 03:14:10 | INFO     | generate_patient_sequence:529 | Generated token counts - <v>: 1, <\v>: 0, <END>: 1
2025-10-09 03:14:10 | DEBUG    | generate_patient_sequence:537 | Raw generated sequence: </s><s>54 HISPANIC OR LATINO M <demo></s> <v> </s> <END>
2025-10-09 03:14:10 | INFO     | generate_patient_sequence:540 | Generated sequence (clean): 54 HISPANIC OR LATINO M <demo>
2025-10-09 03:14:10 | INFO     | <module>:663 | 
--- Sample 5/5 ---
2025-10-09 03:14:10 | INFO     | generate_patient_sequence:443 | Generating sequence for prompt: '54 UNKNOWN/NOT SPECIFIED M <demo>'
2025-10-09 03:14:10 | DEBUG    | generate_patient_sequence:447 | Prompt token IDs: [0, 4283, 2604, 47300, 73, 37049, 44921, 36482, 256, 28696, 12789, 139, 15698, 2]
2025-10-09 03:14:10 | DEBUG    | generate_patient_sequence:448 | Prompt tokens: ['<s>', '54', ' UN', 'KNOWN', '/', 'NOT', ' SPEC', 'IFIED', ' M', ' <', 'dem', 'o', '>', '</s>']
2025-10-09 03:14:10 | DEBUG    | generate_patient_sequence:457 | Special token IDs - <v>: 50265, <\v>: 50266, <END>: 50267, PAD: 1, EOS: 2
2025-10-09 03:14:10 | DEBUG    | generate_patient_sequence:464 | Initial decoder input (with forced <v>): [0, 4283, 2604, 47300, 73, 37049, 44921, 36482, 256, 28696, 12789, 139, 15698, 2, 50265]
2025-10-09 03:14:10 | DEBUG    | generate_patient_sequence:478 | After prompt, probability of <v>: 0.001029
2025-10-09 03:14:10 | DEBUG    | generate_patient_sequence:479 | After prompt, probability of <END>: 0.000472
2025-10-09 03:14:10 | DEBUG    | generate_patient_sequence:480 | After prompt, probability of PAD: 0.000000
2025-10-09 03:14:10 | DEBUG    | generate_patient_sequence:481 | After prompt, probability of EOS: 0.995967
2025-10-09 03:14:10 | DEBUG    | generate_patient_sequence:485 | Top 20 next token predictions after prompt:
2025-10-09 03:14:10 | DEBUG    | generate_patient_sequence:503 |   Rank 1: <EOS>                | Prob: 0.995967 | ID: 2
2025-10-09 03:14:10 | DEBUG    | generate_patient_sequence:503 |   Rank 2: NOT                  | Prob: 0.001905 | ID: 37049
2025-10-09 03:14:10 | DEBUG    | generate_patient_sequence:503 |   Rank 3: <v>                  | Prob: 0.001029 | ID: 50265
2025-10-09 03:14:10 | DEBUG    | generate_patient_sequence:503 |   Rank 4: <END>                | Prob: 0.000472 | ID: 50267
2025-10-09 03:14:10 | DEBUG    | generate_patient_sequence:503 |   Rank 5: <\v>                 | Prob: 0.000233 | ID: 50266
2025-10-09 03:14:10 | DEBUG    | generate_patient_sequence:503 |   Rank 6:                      | Prob: 0.000025 | ID: 1437
2025-10-09 03:14:10 | DEBUG    | generate_patient_sequence:503 |   Rank 7: dem                  | Prob: 0.000022 | ID: 12789
2025-10-09 03:14:10 | DEBUG    | generate_patient_sequence:503 |   Rank 8: 0                    | Prob: 0.000014 | ID: 288
2025-10-09 03:14:10 | DEBUG    | generate_patient_sequence:503 |   Rank 9: P                    | Prob: 0.000011 | ID: 510
2025-10-09 03:14:10 | DEBUG    | generate_patient_sequence:503 |   Rank 10: L                    | Prob: 0.000011 | ID: 574
2025-10-09 03:14:10 | DEBUG    | generate_patient_sequence:503 |   Rank 11: o                    | Prob: 0.000010 | ID: 139
2025-10-09 03:14:10 | DEBUG    | generate_patient_sequence:503 |   Rank 12: IC                   | Prob: 0.000007 | ID: 2371
2025-10-09 03:14:10 | DEBUG    | generate_patient_sequence:503 |   Rank 13: US                   | Prob: 0.000006 | ID: 3048
2025-10-09 03:14:10 | DEBUG    | generate_patient_sequence:503 |   Rank 14: I                    | Prob: 0.000006 | ID: 100
2025-10-09 03:14:10 | DEBUG    | generate_patient_sequence:503 |   Rank 15: ED                   | Prob: 0.000006 | ID: 1691
2025-10-09 03:14:10 | DEBUG    | generate_patient_sequence:503 |   Rank 16: AF                   | Prob: 0.000005 | ID: 8573
2025-10-09 03:14:10 | DEBUG    | generate_patient_sequence:503 |   Rank 17: LIN                  | Prob: 0.000005 | ID: 13748
2025-10-09 03:14:10 | DEBUG    | generate_patient_sequence:503 |   Rank 18: E                    | Prob: 0.000005 | ID: 717
2025-10-09 03:14:10 | DEBUG    | generate_patient_sequence:503 |   Rank 19: 2                    | Prob: 0.000004 | ID: 176
2025-10-09 03:14:10 | DEBUG    | generate_patient_sequence:503 |   Rank 20: AL                   | Prob: 0.000004 | ID: 2118
2025-10-09 03:14:10 | INFO     | generate_patient_sequence:507 | Starting generation with temp=1.0, top_k=30, max_length=256
2025-10-09 03:14:10 | DEBUG    | generate_patient_sequence:520 | Generated token IDs: [2, 0, 4283, 2604, 47300, 73, 37049, 44921, 36482, 256, 28696, 12789, 139, 15698, 2, 50265, 2, 50267]
2025-10-09 03:14:10 | DEBUG    | generate_patient_sequence:521 | Generated length: 18 tokens
2025-10-09 03:14:10 | INFO     | generate_patient_sequence:529 | Generated token counts - <v>: 1, <\v>: 0, <END>: 1
2025-10-09 03:14:10 | DEBUG    | generate_patient_sequence:537 | Raw generated sequence: </s><s>54 UNKNOWN/NOT SPECIFIED M <demo></s> <v> </s> <END>
2025-10-09 03:14:10 | INFO     | generate_patient_sequence:540 | Generated sequence (clean): 54 UNKNOWN/NOT SPECIFIED M <demo>
2025-10-09 03:14:10 | INFO     | <module>:677 | === Training and generation complete ===
