2025-10-09 04:01:35 | INFO     | <module>:562 | === EHR Generation Training Started ===
2025-10-09 04:01:35 | INFO     | <module>:583 | Configuration: {'model_name': 'facebook/bart-base', 'num_patients': 3000, 'max_seq_length': 256, 'batch_size': 16, 'num_epochs': 30, 'learning_rate': 5e-05, 'generation_temp': 1.3, 'generation_max_length': 256, 'num_warmup_steps': 0, 'top_k': 100, 'data_dir': 'data_files', 'mimic_paths': {'patients_path': 'data_files/PATIENTS.csv', 'admissions_path': 'data_files/ADMISSIONS.csv', 'diagnoses_path': 'data_files/DIAGNOSES_ICD.csv'}}
2025-10-09 04:01:35 | INFO     | <module>:587 | Using device: cuda
2025-10-09 04:01:35 | INFO     | <module>:590 | Loading pretrained BART model: facebook/bart-base
2025-10-09 04:01:36 | INFO     | <module>:599 | Added 3 special tokens: <v>, <\v>, <END>
2025-10-09 04:01:36 | INFO     | <module>:603 | Resized model embeddings to 50268 tokens
2025-10-09 04:01:36 | DEBUG    | <module>:606 | Token ID for <v>: 50265
2025-10-09 04:01:36 | DEBUG    | <module>:607 | Token ID for <\v>: 50266
2025-10-09 04:01:36 | DEBUG    | <module>:608 | Token ID for <END>: 50267
2025-10-09 04:01:36 | INFO     | load_and_format_mimic_data:147 | Loading MIMIC-III data files
2025-10-09 04:01:36 | DEBUG    | load_and_format_mimic_data:148 | Patients: data_files/PATIENTS.csv
2025-10-09 04:01:36 | DEBUG    | load_and_format_mimic_data:149 | Admissions: data_files/ADMISSIONS.csv
2025-10-09 04:01:36 | DEBUG    | load_and_format_mimic_data:150 | Diagnoses: data_files/DIAGNOSES_ICD.csv
2025-10-09 04:01:36 | INFO     | load_and_format_mimic_data:155 | Loaded 46520 patients
2025-10-09 04:01:37 | INFO     | load_and_format_mimic_data:158 | Loaded 58976 admissions
2025-10-09 04:01:37 | INFO     | load_and_format_mimic_data:161 | Loaded 651047 diagnosis records
2025-10-09 04:01:37 | INFO     | load_and_format_mimic_data:219 | Data processing complete. Formatting sequences...
2025-10-09 04:01:40 | INFO     | load_and_format_mimic_data:258 | Sequence formatting complete. Generated 3000 patient sequences
2025-10-09 04:01:40 | DEBUG    | load_and_format_mimic_data:262 | Sample sequence: 0 ASIAN M <demo> <v> V3001 V053 V290 <\v> <END>...
2025-10-09 04:01:40 | INFO     | load_and_format_mimic_data:267 | Average visits per patient: 1.27
2025-10-09 04:01:40 | INFO     | load_and_format_mimic_data:268 | Average tokens per sequence: 19.69
2025-10-09 04:01:40 | INFO     | <module>:622 | Sample patient sequences:
2025-10-09 04:01:40 | INFO     | <module>:624 | Sample 1: 48 UNKNOWN/NOT SPECIFIED M <demo> <v> 51881 42830 30560 4619 27800 32723 7048 6930 E9308 <\v> <END>...
2025-10-09 04:01:40 | INFO     | <module>:624 | Sample 2: 62 WHITE M <demo> <v> 570 5712 1552 25082 70714 V5867 4019 30393 <\v> <END>...
2025-10-09 04:01:40 | INFO     | <module>:624 | Sample 3: 82 UNKNOWN/NOT SPECIFIED M <demo> <v> 41041 41401 9971 4271 4240 42731 486 78039 V1005 <\v> <END>...
2025-10-09 04:01:40 | INFO     | <module>:624 | Sample 4: 28 WHITE M <demo> <v> 48241 51882 5849 4538 99662 5990 5119 25051 1120 <\v> <END>...
2025-10-09 04:01:40 | INFO     | <module>:624 | Sample 5: 0 WHITE F <demo> <v> V3001 V290 V291 V053 <\v> <END>...
2025-10-09 04:01:40 | DEBUG    | __init__:294 | First sequence length: 24 tokens
2025-10-09 04:01:40 | DEBUG    | __init__:295 | Pad token ID: 1
2025-10-09 04:01:40 | INFO     | <module>:628 | Created dataset with 3000 samples, 188 batches
2025-10-09 04:01:40 | INFO     | <module>:639 | Optimizer: AdamW with lr=5e-05
2025-10-09 04:01:40 | INFO     | <module>:640 | Scheduler: linear with 0 warmup steps
2025-10-09 04:01:40 | INFO     | train_model:351 | Starting model training for 30 epochs
2025-10-09 04:01:40 | INFO     | train_model:352 | Training steps: 5640
2025-10-09 04:01:40 | INFO     | train_model:353 | Device: cuda
2025-10-09 04:01:40 | DEBUG    | train_model:372 | First batch input_ids shape: torch.Size([16, 256])
2025-10-09 04:01:40 | DEBUG    | train_model:373 | First batch labels shape: torch.Size([16, 256])
2025-10-09 04:01:40 | DEBUG    | train_model:374 | First batch attention_mask shape: torch.Size([16, 256])
2025-10-09 04:01:40 | DEBUG    | train_model:375 | Initial loss: 2.6556
2025-10-09 04:01:40 | DEBUG    | train_model:382 | Special tokens in first batch: {'pad': 3565, 'masked_labels': 3565}
2025-10-09 04:02:27 | INFO     | train_model:401 | Epoch 1/30 completed | Avg Loss: 0.6892
2025-10-09 04:03:13 | INFO     | train_model:401 | Epoch 2/30 completed | Avg Loss: 0.0999
2025-10-09 04:04:00 | INFO     | train_model:401 | Epoch 3/30 completed | Avg Loss: 0.0361
2025-10-09 04:04:46 | INFO     | train_model:401 | Epoch 4/30 completed | Avg Loss: 0.0127
2025-10-09 04:05:33 | INFO     | train_model:401 | Epoch 5/30 completed | Avg Loss: 0.0095
2025-10-09 04:06:19 | INFO     | train_model:401 | Epoch 6/30 completed | Avg Loss: 0.0071
2025-10-09 04:07:06 | INFO     | train_model:401 | Epoch 7/30 completed | Avg Loss: 0.0046
2025-10-09 04:07:52 | INFO     | train_model:401 | Epoch 8/30 completed | Avg Loss: 0.0045
2025-10-09 04:08:39 | INFO     | train_model:401 | Epoch 9/30 completed | Avg Loss: 0.0039
2025-10-09 04:09:25 | INFO     | train_model:401 | Epoch 10/30 completed | Avg Loss: 0.0039
2025-10-09 04:10:12 | INFO     | train_model:401 | Epoch 11/30 completed | Avg Loss: 0.0032
2025-10-09 04:10:58 | INFO     | train_model:401 | Epoch 12/30 completed | Avg Loss: 0.0036
2025-10-09 04:11:45 | INFO     | train_model:401 | Epoch 13/30 completed | Avg Loss: 0.0037
2025-10-09 04:12:31 | INFO     | train_model:401 | Epoch 14/30 completed | Avg Loss: 0.0016
2025-10-09 04:13:18 | INFO     | train_model:401 | Epoch 15/30 completed | Avg Loss: 0.0017
2025-10-09 04:14:05 | INFO     | train_model:401 | Epoch 16/30 completed | Avg Loss: 0.0115
2025-10-09 04:14:51 | INFO     | train_model:401 | Epoch 17/30 completed | Avg Loss: 0.0126
2025-10-09 04:15:38 | INFO     | train_model:401 | Epoch 18/30 completed | Avg Loss: 0.0043
2025-10-09 04:16:24 | INFO     | train_model:401 | Epoch 19/30 completed | Avg Loss: 0.0027
2025-10-09 04:17:11 | INFO     | train_model:401 | Epoch 20/30 completed | Avg Loss: 0.0024
2025-10-09 04:17:57 | INFO     | train_model:401 | Epoch 21/30 completed | Avg Loss: 0.0018
2025-10-09 04:18:44 | INFO     | train_model:401 | Epoch 22/30 completed | Avg Loss: 0.0019
2025-10-09 04:19:30 | INFO     | train_model:401 | Epoch 23/30 completed | Avg Loss: 0.0015
2025-10-09 04:20:17 | INFO     | train_model:401 | Epoch 24/30 completed | Avg Loss: 0.0018
2025-10-09 04:21:03 | INFO     | train_model:401 | Epoch 25/30 completed | Avg Loss: 0.0005
2025-10-09 04:21:50 | INFO     | train_model:401 | Epoch 26/30 completed | Avg Loss: 0.0005
2025-10-09 04:22:36 | INFO     | train_model:401 | Epoch 27/30 completed | Avg Loss: 0.0009
2025-10-09 04:23:23 | INFO     | train_model:401 | Epoch 28/30 completed | Avg Loss: 0.0014
2025-10-09 04:24:09 | INFO     | train_model:401 | Epoch 29/30 completed | Avg Loss: 0.0008
2025-10-09 04:24:56 | INFO     | train_model:401 | Epoch 30/30 completed | Avg Loss: 0.0008
2025-10-09 04:24:56 | INFO     | train_model:403 | Training complete
2025-10-09 04:24:56 | INFO     | train_model:404 | Final average loss: 0.0008
2025-10-09 04:24:56 | DEBUG    | train_model:405 | Loss history: [0.6891524893172244, 0.09991375527324829, 0.03611719813396005, 0.01266376054697135, 0.009457656908706029, 0.007067753058397509, 0.004595296874151941, 0.004501153862950927, 0.003854184373228642, 0.003915348454029299, 0.003200080595598457, 0.0036040107501940704, 0.003688465062642787, 0.0015899304624404163, 0.0017123765098036297, 0.011531806024651543, 0.012609621186671343, 0.004262752429566079, 0.002670325134107422, 0.0024044631805891377, 0.0018119814740976893, 0.0018825300203195396, 0.001519964502763964, 0.0017789272112187315, 0.0005322400327791098, 0.000495349713519124, 0.0008994416272431176, 0.0013886019276353491, 0.000769426550098789, 0.0007859603119868552]
2025-10-09 04:24:56 | INFO     | <module>:654 | === Generating synthetic patient data ===
2025-10-09 04:24:56 | INFO     | <module>:663 | 
--- Sample 1/5 ---
2025-10-09 04:24:56 | INFO     | generate_patient_sequence:443 | Generating sequence for prompt: '85 UNKNOWN/NOT SPECIFIED F <demo>'
2025-10-09 04:24:56 | DEBUG    | generate_patient_sequence:447 | Prompt token IDs: [0, 4531, 2604, 47300, 73, 37049, 44921, 36482, 274, 28696, 12789, 139, 15698, 2]
2025-10-09 04:24:56 | DEBUG    | generate_patient_sequence:448 | Prompt tokens: ['<s>', '85', ' UN', 'KNOWN', '/', 'NOT', ' SPEC', 'IFIED', ' F', ' <', 'dem', 'o', '>', '</s>']
2025-10-09 04:24:56 | DEBUG    | generate_patient_sequence:457 | Special token IDs - <v>: 50265, <\v>: 50266, <END>: 50267, PAD: 1, EOS: 2
2025-10-09 04:24:56 | DEBUG    | generate_patient_sequence:464 | Initial decoder input (with forced <v>): [0, 4531, 2604, 47300, 73, 37049, 44921, 36482, 274, 28696, 12789, 139, 15698, 2, 50265]
2025-10-09 04:24:56 | DEBUG    | generate_patient_sequence:478 | After prompt, probability of <v>: 0.000008
2025-10-09 04:24:56 | DEBUG    | generate_patient_sequence:479 | After prompt, probability of <END>: 0.000013
2025-10-09 04:24:56 | DEBUG    | generate_patient_sequence:480 | After prompt, probability of PAD: 0.000000
2025-10-09 04:24:56 | DEBUG    | generate_patient_sequence:481 | After prompt, probability of EOS: 0.166868
2025-10-09 04:24:56 | DEBUG    | generate_patient_sequence:485 | Top 20 next token predictions after prompt:
2025-10-09 04:24:56 | DEBUG    | generate_patient_sequence:503 |   Rank 1: dem                  | Prob: 0.832726 | ID: 12789
2025-10-09 04:24:56 | DEBUG    | generate_patient_sequence:503 |   Rank 2: <EOS>                | Prob: 0.166868 | ID: 2
2025-10-09 04:24:56 | DEBUG    | generate_patient_sequence:503 |   Rank 3: 85                   | Prob: 0.000181 | ID: 4531
2025-10-09 04:24:56 | DEBUG    | generate_patient_sequence:503 |   Rank 4: 80                   | Prob: 0.000026 | ID: 2940
2025-10-09 04:24:56 | DEBUG    | generate_patient_sequence:503 |   Rank 5: DEM                  | Prob: 0.000016 | ID: 46128
2025-10-09 04:24:56 | DEBUG    | generate_patient_sequence:503 |   Rank 6: <END>                | Prob: 0.000013 | ID: 50267
2025-10-09 04:24:56 | DEBUG    | generate_patient_sequence:503 |   Rank 7: 45                   | Prob: 0.000009 | ID: 1898
2025-10-09 04:24:56 | DEBUG    | generate_patient_sequence:503 |   Rank 8: <v>                  | Prob: 0.000008 | ID: 50265
2025-10-09 04:24:56 | DEBUG    | generate_patient_sequence:503 |   Rank 9: 86                   | Prob: 0.000007 | ID: 5334
2025-10-09 04:24:56 | DEBUG    | generate_patient_sequence:503 |   Rank 10: Dem                  | Prob: 0.000006 | ID: 24658
2025-10-09 04:24:56 | DEBUG    | generate_patient_sequence:503 |   Rank 11: 65                   | Prob: 0.000006 | ID: 3506
2025-10-09 04:24:56 | DEBUG    | generate_patient_sequence:503 |   Rank 12: 240                  | Prob: 0.000006 | ID: 18847
2025-10-09 04:24:56 | DEBUG    | generate_patient_sequence:503 |   Rank 13: 89                   | Prob: 0.000006 | ID: 5046
2025-10-09 04:24:56 | DEBUG    | generate_patient_sequence:503 |   Rank 14: <\v>                 | Prob: 0.000006 | ID: 50266
2025-10-09 04:24:56 | DEBUG    | generate_patient_sequence:503 |   Rank 15: 88                   | Prob: 0.000005 | ID: 4652
2025-10-09 04:24:56 | DEBUG    | generate_patient_sequence:503 |   Rank 16: 440                  | Prob: 0.000004 | ID: 26634
2025-10-09 04:24:56 | DEBUG    | generate_patient_sequence:503 |   Rank 17: 1986                 | Prob: 0.000003 | ID: 43479
2025-10-09 04:24:56 | DEBUG    | generate_patient_sequence:503 |   Rank 18: 82                   | Prob: 0.000002 | ID: 6551
2025-10-09 04:24:56 | DEBUG    | generate_patient_sequence:503 |   Rank 19: 40                   | Prob: 0.000002 | ID: 1749
2025-10-09 04:24:56 | DEBUG    | generate_patient_sequence:503 |   Rank 20: 470                  | Prob: 0.000002 | ID: 29748
2025-10-09 04:24:56 | INFO     | generate_patient_sequence:507 | Starting generation with temp=1.3, top_k=100, max_length=256
2025-10-09 04:24:56 | DEBUG    | generate_patient_sequence:520 | Generated token IDs: [2, 0, 4531, 2604, 47300, 73, 37049, 44921, 36482, 274, 28696, 12789, 139, 15698, 2, 50265, 15698, 2, 50267]
2025-10-09 04:24:56 | DEBUG    | generate_patient_sequence:521 | Generated length: 19 tokens
2025-10-09 04:24:56 | INFO     | generate_patient_sequence:529 | Generated token counts - <v>: 1, <\v>: 0, <END>: 1
2025-10-09 04:24:56 | DEBUG    | generate_patient_sequence:537 | Raw generated sequence: </s><s>85 UNKNOWN/NOT SPECIFIED F <demo></s> <v> ></s> <END>
2025-10-09 04:24:56 | INFO     | generate_patient_sequence:540 | Generated sequence (clean): 85 UNKNOWN/NOT SPECIFIED F <demo>>
2025-10-09 04:24:56 | INFO     | <module>:663 | 
--- Sample 2/5 ---
2025-10-09 04:24:56 | INFO     | generate_patient_sequence:443 | Generating sequence for prompt: '46 OTHER F <demo>'
2025-10-09 04:24:56 | DEBUG    | generate_patient_sequence:447 | Prompt token IDs: [0, 3761, 16536, 274, 28696, 12789, 139, 15698, 2]
2025-10-09 04:24:56 | DEBUG    | generate_patient_sequence:448 | Prompt tokens: ['<s>', '46', ' OTHER', ' F', ' <', 'dem', 'o', '>', '</s>']
2025-10-09 04:24:56 | DEBUG    | generate_patient_sequence:457 | Special token IDs - <v>: 50265, <\v>: 50266, <END>: 50267, PAD: 1, EOS: 2
2025-10-09 04:24:56 | DEBUG    | generate_patient_sequence:464 | Initial decoder input (with forced <v>): [0, 3761, 16536, 274, 28696, 12789, 139, 15698, 2, 50265]
2025-10-09 04:24:56 | DEBUG    | generate_patient_sequence:478 | After prompt, probability of <v>: 0.000001
2025-10-09 04:24:56 | DEBUG    | generate_patient_sequence:479 | After prompt, probability of <END>: 0.000001
2025-10-09 04:24:56 | DEBUG    | generate_patient_sequence:480 | After prompt, probability of PAD: 0.000000
2025-10-09 04:24:56 | DEBUG    | generate_patient_sequence:481 | After prompt, probability of EOS: 0.000366
2025-10-09 04:24:56 | DEBUG    | generate_patient_sequence:485 | Top 20 next token predictions after prompt:
2025-10-09 04:24:56 | DEBUG    | generate_patient_sequence:503 |   Rank 1: 46                   | Prob: 0.999374 | ID: 3761
2025-10-09 04:24:56 | DEBUG    | generate_patient_sequence:503 |   Rank 2: <EOS>                | Prob: 0.000366 | ID: 2
2025-10-09 04:24:56 | DEBUG    | generate_patient_sequence:503 |   Rank 3: dem                  | Prob: 0.000100 | ID: 12789
2025-10-09 04:24:56 | DEBUG    | generate_patient_sequence:503 |   Rank 4: 45                   | Prob: 0.000033 | ID: 1898
2025-10-09 04:24:56 | DEBUG    | generate_patient_sequence:503 |   Rank 5: 254                  | Prob: 0.000018 | ID: 30959
2025-10-09 04:24:56 | DEBUG    | generate_patient_sequence:503 |   Rank 6: L                    | Prob: 0.000007 | ID: 574
2025-10-09 04:24:56 | DEBUG    | generate_patient_sequence:503 |   Rank 7:  46                  | Prob: 0.000006 | ID: 4059
2025-10-09 04:24:56 | DEBUG    | generate_patient_sequence:503 |   Rank 8: 444                  | Prob: 0.000004 | ID: 29903
2025-10-09 04:24:56 | DEBUG    | generate_patient_sequence:503 |   Rank 9: 44                   | Prob: 0.000004 | ID: 3305
2025-10-09 04:24:56 | DEBUG    | generate_patient_sequence:503 |   Rank 10: 96                   | Prob: 0.000004 | ID: 5607
2025-10-09 04:24:56 | DEBUG    | generate_patient_sequence:503 |   Rank 11: 86                   | Prob: 0.000003 | ID: 5334
2025-10-09 04:24:56 | DEBUG    | generate_patient_sequence:503 |   Rank 12: 59                   | Prob: 0.000003 | ID: 4156
2025-10-09 04:24:56 | DEBUG    | generate_patient_sequence:503 |   Rank 13: 481                  | Prob: 0.000002 | ID: 34490
2025-10-09 04:24:56 | DEBUG    | generate_patient_sequence:503 |   Rank 14: 440                  | Prob: 0.000002 | ID: 26634
2025-10-09 04:24:56 | DEBUG    | generate_patient_sequence:503 |   Rank 15: 47                   | Prob: 0.000002 | ID: 3706
2025-10-09 04:24:56 | DEBUG    | generate_patient_sequence:503 |   Rank 16: 471                  | Prob: 0.000002 | ID: 36678
2025-10-09 04:24:56 | DEBUG    | generate_patient_sequence:503 |   Rank 17: 76                   | Prob: 0.000002 | ID: 5067
2025-10-09 04:24:56 | DEBUG    | generate_patient_sequence:503 |   Rank 18: 36                   | Prob: 0.000002 | ID: 3367
2025-10-09 04:24:56 | DEBUG    | generate_patient_sequence:503 |   Rank 19: 759                  | Prob: 0.000002 | ID: 39055
2025-10-09 04:24:56 | DEBUG    | generate_patient_sequence:503 |   Rank 20: <v>                  | Prob: 0.000001 | ID: 50265
2025-10-09 04:24:56 | INFO     | generate_patient_sequence:507 | Starting generation with temp=1.3, top_k=100, max_length=256
2025-10-09 04:24:56 | DEBUG    | generate_patient_sequence:520 | Generated token IDs: [2, 0, 3761, 16536, 274, 28696, 12789, 139, 15698, 2, 50265, 15698, 2, 12789, 139, 2744, 2, 2, 2, 50267]
2025-10-09 04:24:56 | DEBUG    | generate_patient_sequence:521 | Generated length: 20 tokens
2025-10-09 04:24:56 | INFO     | generate_patient_sequence:529 | Generated token counts - <v>: 1, <\v>: 0, <END>: 1
2025-10-09 04:24:56 | DEBUG    | generate_patient_sequence:537 | Raw generated sequence: </s><s>46 OTHER F <demo></s> <v> ></s>demo+</s></s></s> <END>
2025-10-09 04:24:56 | INFO     | generate_patient_sequence:540 | Generated sequence (clean): 46 OTHER F <demo>>demo+
2025-10-09 04:24:56 | INFO     | <module>:663 | 
--- Sample 3/5 ---
2025-10-09 04:24:56 | INFO     | generate_patient_sequence:443 | Generating sequence for prompt: '24 WHITE F <demo>'
2025-10-09 04:24:56 | DEBUG    | generate_patient_sequence:447 | Prompt token IDs: [0, 1978, 38503, 274, 28696, 12789, 139, 15698, 2]
2025-10-09 04:24:56 | DEBUG    | generate_patient_sequence:448 | Prompt tokens: ['<s>', '24', ' WHITE', ' F', ' <', 'dem', 'o', '>', '</s>']
2025-10-09 04:24:56 | DEBUG    | generate_patient_sequence:457 | Special token IDs - <v>: 50265, <\v>: 50266, <END>: 50267, PAD: 1, EOS: 2
2025-10-09 04:24:56 | DEBUG    | generate_patient_sequence:464 | Initial decoder input (with forced <v>): [0, 1978, 38503, 274, 28696, 12789, 139, 15698, 2, 50265]
2025-10-09 04:24:56 | DEBUG    | generate_patient_sequence:478 | After prompt, probability of <v>: 0.000094
2025-10-09 04:24:56 | DEBUG    | generate_patient_sequence:479 | After prompt, probability of <END>: 0.000063
2025-10-09 04:24:56 | DEBUG    | generate_patient_sequence:480 | After prompt, probability of PAD: 0.000000
2025-10-09 04:24:56 | DEBUG    | generate_patient_sequence:481 | After prompt, probability of EOS: 0.071787
2025-10-09 04:24:56 | DEBUG    | generate_patient_sequence:485 | Top 20 next token predictions after prompt:
2025-10-09 04:24:56 | DEBUG    | generate_patient_sequence:503 |   Rank 1: 24                   | Prob: 0.920957 | ID: 1978
2025-10-09 04:24:56 | DEBUG    | generate_patient_sequence:503 |   Rank 2: <EOS>                | Prob: 0.071787 | ID: 2
2025-10-09 04:24:56 | DEBUG    | generate_patient_sequence:503 |   Rank 3:  WHITE               | Prob: 0.001038 | ID: 38503
2025-10-09 04:24:56 | DEBUG    | generate_patient_sequence:503 |   Rank 4: dem                  | Prob: 0.000759 | ID: 12789
2025-10-09 04:24:56 | DEBUG    | generate_patient_sequence:503 |   Rank 5: 247                  | Prob: 0.000541 | ID: 27011
2025-10-09 04:24:56 | DEBUG    | generate_patient_sequence:503 |   Rank 6: 240                  | Prob: 0.000505 | ID: 18847
2025-10-09 04:24:56 | DEBUG    | generate_patient_sequence:503 |   Rank 7:  24                  | Prob: 0.000338 | ID: 706
2025-10-09 04:24:56 | DEBUG    | generate_patient_sequence:503 |   Rank 8: 239                  | Prob: 0.000284 | ID: 29561
2025-10-09 04:24:56 | DEBUG    | generate_patient_sequence:503 |   Rank 9: 96                   | Prob: 0.000233 | ID: 5607
2025-10-09 04:24:56 | DEBUG    | generate_patient_sequence:503 |   Rank 10: 254                  | Prob: 0.000231 | ID: 30959
2025-10-09 04:24:56 | DEBUG    | generate_patient_sequence:503 |   Rank 11: 144                  | Prob: 0.000210 | ID: 25208
2025-10-09 04:24:56 | DEBUG    | generate_patient_sequence:503 |   Rank 12: 242                  | Prob: 0.000164 | ID: 28698
2025-10-09 04:24:56 | DEBUG    | generate_patient_sequence:503 |   Rank 13: 84                   | Prob: 0.000128 | ID: 6232
2025-10-09 04:24:56 | DEBUG    | generate_patient_sequence:503 |   Rank 14:  288                 | Prob: 0.000111 | ID: 35395
2025-10-09 04:24:56 | DEBUG    | generate_patient_sequence:503 |   Rank 15: <v>                  | Prob: 0.000094 | ID: 50265
2025-10-09 04:24:56 | DEBUG    | generate_patient_sequence:503 |   Rank 16: 1001                 | Prob: 0.000092 | ID: 45792
2025-10-09 04:24:56 | DEBUG    | generate_patient_sequence:503 |   Rank 17: 89                   | Prob: 0.000077 | ID: 5046
2025-10-09 04:24:56 | DEBUG    | generate_patient_sequence:503 |   Rank 18: 44                   | Prob: 0.000063 | ID: 3305
2025-10-09 04:24:56 | DEBUG    | generate_patient_sequence:503 |   Rank 19: <END>                | Prob: 0.000063 | ID: 50267
2025-10-09 04:24:56 | DEBUG    | generate_patient_sequence:503 |   Rank 20: 74                   | Prob: 0.000059 | ID: 5243
2025-10-09 04:24:56 | INFO     | generate_patient_sequence:507 | Starting generation with temp=1.3, top_k=100, max_length=256
2025-10-09 04:24:56 | DEBUG    | generate_patient_sequence:520 | Generated token IDs: [2, 0, 1978, 38503, 274, 28696, 12789, 139, 15698, 2, 50265, 2, 2, 2, 50267]
2025-10-09 04:24:56 | DEBUG    | generate_patient_sequence:521 | Generated length: 15 tokens
2025-10-09 04:24:56 | INFO     | generate_patient_sequence:529 | Generated token counts - <v>: 1, <\v>: 0, <END>: 1
2025-10-09 04:24:56 | DEBUG    | generate_patient_sequence:537 | Raw generated sequence: </s><s>24 WHITE F <demo></s> <v> </s></s></s> <END>
2025-10-09 04:24:56 | INFO     | generate_patient_sequence:540 | Generated sequence (clean): 24 WHITE F <demo>
2025-10-09 04:24:56 | INFO     | <module>:663 | 
--- Sample 4/5 ---
2025-10-09 04:24:56 | INFO     | generate_patient_sequence:443 | Generating sequence for prompt: '31 ASIAN F <demo>'
2025-10-09 04:24:56 | DEBUG    | generate_patient_sequence:447 | Prompt token IDs: [0, 2983, 6015, 10296, 274, 28696, 12789, 139, 15698, 2]
2025-10-09 04:24:56 | DEBUG    | generate_patient_sequence:448 | Prompt tokens: ['<s>', '31', ' AS', 'IAN', ' F', ' <', 'dem', 'o', '>', '</s>']
2025-10-09 04:24:56 | DEBUG    | generate_patient_sequence:457 | Special token IDs - <v>: 50265, <\v>: 50266, <END>: 50267, PAD: 1, EOS: 2
2025-10-09 04:24:56 | DEBUG    | generate_patient_sequence:464 | Initial decoder input (with forced <v>): [0, 2983, 6015, 10296, 274, 28696, 12789, 139, 15698, 2, 50265]
2025-10-09 04:24:56 | DEBUG    | generate_patient_sequence:478 | After prompt, probability of <v>: 0.000043
2025-10-09 04:24:56 | DEBUG    | generate_patient_sequence:479 | After prompt, probability of <END>: 0.000016
2025-10-09 04:24:56 | DEBUG    | generate_patient_sequence:480 | After prompt, probability of PAD: 0.000000
2025-10-09 04:24:56 | DEBUG    | generate_patient_sequence:481 | After prompt, probability of EOS: 0.012027
2025-10-09 04:24:56 | DEBUG    | generate_patient_sequence:485 | Top 20 next token predictions after prompt:
2025-10-09 04:24:56 | DEBUG    | generate_patient_sequence:503 |   Rank 1: 31                   | Prob: 0.983542 | ID: 2983
2025-10-09 04:24:56 | DEBUG    | generate_patient_sequence:503 |   Rank 2: <EOS>                | Prob: 0.012027 | ID: 2
2025-10-09 04:24:56 | DEBUG    | generate_patient_sequence:503 |   Rank 3: 121                  | Prob: 0.001151 | ID: 22388
2025-10-09 04:24:56 | DEBUG    | generate_patient_sequence:503 |   Rank 4: dem                  | Prob: 0.000505 | ID: 12789
2025-10-09 04:24:56 | DEBUG    | generate_patient_sequence:503 |   Rank 5: 161                  | Prob: 0.000389 | ID: 28490
2025-10-09 04:24:56 | DEBUG    | generate_patient_sequence:503 |   Rank 6: 1001                 | Prob: 0.000347 | ID: 45792
2025-10-09 04:24:56 | DEBUG    | generate_patient_sequence:503 |   Rank 7: 241                  | Prob: 0.000181 | ID: 31576
2025-10-09 04:24:56 | DEBUG    | generate_patient_sequence:503 |   Rank 8: 41                   | Prob: 0.000120 | ID: 4006
2025-10-09 04:24:56 | DEBUG    | generate_patient_sequence:503 |   Rank 9: 71                   | Prob: 0.000112 | ID: 5339
2025-10-09 04:24:56 | DEBUG    | generate_patient_sequence:503 |   Rank 10: 281                  | Prob: 0.000091 | ID: 32071
2025-10-09 04:24:56 | DEBUG    | generate_patient_sequence:503 |   Rank 11: 01                   | Prob: 0.000052 | ID: 2663
2025-10-09 04:24:56 | DEBUG    | generate_patient_sequence:503 |   Rank 12: 91                   | Prob: 0.000049 | ID: 6468
2025-10-09 04:24:56 | DEBUG    | generate_patient_sequence:503 |   Rank 13: 271                  | Prob: 0.000045 | ID: 32145
2025-10-09 04:24:56 | DEBUG    | generate_patient_sequence:503 |   Rank 14: <v>                  | Prob: 0.000043 | ID: 50265
2025-10-09 04:24:56 | DEBUG    | generate_patient_sequence:503 |   Rank 15: 706                  | Prob: 0.000039 | ID: 34993
2025-10-09 04:24:56 | DEBUG    | generate_patient_sequence:503 |   Rank 16: 342                  | Prob: 0.000038 | ID: 33192
2025-10-09 04:24:56 | DEBUG    | generate_patient_sequence:503 |   Rank 17: 283                  | Prob: 0.000038 | ID: 32307
2025-10-09 04:24:56 | DEBUG    | generate_patient_sequence:503 |   Rank 18: 311                  | Prob: 0.000030 | ID: 35925
2025-10-09 04:24:56 | DEBUG    | generate_patient_sequence:503 |   Rank 19: 21                   | Prob: 0.000028 | ID: 2146
2025-10-09 04:24:56 | DEBUG    | generate_patient_sequence:503 |   Rank 20: 148                  | Prob: 0.000027 | ID: 26300
2025-10-09 04:24:56 | INFO     | generate_patient_sequence:507 | Starting generation with temp=1.3, top_k=100, max_length=256
2025-10-09 04:24:56 | DEBUG    | generate_patient_sequence:520 | Generated token IDs: [2, 0, 2983, 6015, 10296, 274, 28696, 12789, 139, 15698, 2, 50265, 15698, 2, 2, 2, 50267]
2025-10-09 04:24:56 | DEBUG    | generate_patient_sequence:521 | Generated length: 17 tokens
2025-10-09 04:24:56 | INFO     | generate_patient_sequence:529 | Generated token counts - <v>: 1, <\v>: 0, <END>: 1
2025-10-09 04:24:56 | DEBUG    | generate_patient_sequence:537 | Raw generated sequence: </s><s>31 ASIAN F <demo></s> <v> ></s></s></s> <END>
2025-10-09 04:24:56 | INFO     | generate_patient_sequence:540 | Generated sequence (clean): 31 ASIAN F <demo>>
2025-10-09 04:24:56 | INFO     | <module>:663 | 
--- Sample 5/5 ---
2025-10-09 04:24:56 | INFO     | generate_patient_sequence:443 | Generating sequence for prompt: '54 HISPANIC OR LATINO M <demo>'
2025-10-09 04:24:56 | DEBUG    | generate_patient_sequence:447 | Prompt token IDs: [0, 4283, 37350, 510, 1889, 2371, 6532, 21455, 30535, 256, 28696, 12789, 139, 15698, 2]
2025-10-09 04:24:56 | DEBUG    | generate_patient_sequence:448 | Prompt tokens: ['<s>', '54', ' HIS', 'P', 'AN', 'IC', ' OR', ' LAT', 'INO', ' M', ' <', 'dem', 'o', '>', '</s>']
2025-10-09 04:24:56 | DEBUG    | generate_patient_sequence:457 | Special token IDs - <v>: 50265, <\v>: 50266, <END>: 50267, PAD: 1, EOS: 2
2025-10-09 04:24:56 | DEBUG    | generate_patient_sequence:464 | Initial decoder input (with forced <v>): [0, 4283, 37350, 510, 1889, 2371, 6532, 21455, 30535, 256, 28696, 12789, 139, 15698, 2, 50265]
2025-10-09 04:24:56 | DEBUG    | generate_patient_sequence:478 | After prompt, probability of <v>: 0.000032
2025-10-09 04:24:56 | DEBUG    | generate_patient_sequence:479 | After prompt, probability of <END>: 0.000048
2025-10-09 04:24:56 | DEBUG    | generate_patient_sequence:480 | After prompt, probability of PAD: 0.000000
2025-10-09 04:24:56 | DEBUG    | generate_patient_sequence:481 | After prompt, probability of EOS: 0.210333
2025-10-09 04:24:56 | DEBUG    | generate_patient_sequence:485 | Top 20 next token predictions after prompt:
2025-10-09 04:24:56 | DEBUG    | generate_patient_sequence:503 |   Rank 1: dem                  | Prob: 0.789504 | ID: 12789
2025-10-09 04:24:56 | DEBUG    | generate_patient_sequence:503 |   Rank 2: <EOS>                | Prob: 0.210333 | ID: 2
2025-10-09 04:24:56 | DEBUG    | generate_patient_sequence:503 |   Rank 3: <END>                | Prob: 0.000048 | ID: 50267
2025-10-09 04:24:56 | DEBUG    | generate_patient_sequence:503 |   Rank 4: <v>                  | Prob: 0.000032 | ID: 50265
2025-10-09 04:24:56 | DEBUG    | generate_patient_sequence:503 |   Rank 5: <\v>                 | Prob: 0.000016 | ID: 50266
2025-10-09 04:24:56 | DEBUG    | generate_patient_sequence:503 |   Rank 6: DEM                  | Prob: 0.000011 | ID: 46128
2025-10-09 04:24:56 | DEBUG    | generate_patient_sequence:503 |   Rank 7: Dem                  | Prob: 0.000004 | ID: 24658
2025-10-09 04:24:56 | DEBUG    | generate_patient_sequence:503 |   Rank 8: 470                  | Prob: 0.000002 | ID: 29748
2025-10-09 04:24:56 | DEBUG    | generate_patient_sequence:503 |   Rank 9: 440                  | Prob: 0.000001 | ID: 26634
2025-10-09 04:24:56 | DEBUG    | generate_patient_sequence:503 |   Rank 10: 54                   | Prob: 0.000001 | ID: 4283
2025-10-09 04:24:56 | DEBUG    | generate_patient_sequence:503 |   Rank 11: 45                   | Prob: 0.000001 | ID: 1898
2025-10-09 04:24:56 | DEBUG    | generate_patient_sequence:503 |   Rank 12: 240                  | Prob: 0.000001 | ID: 18847
2025-10-09 04:24:56 | DEBUG    | generate_patient_sequence:503 |   Rank 13: 89                   | Prob: 0.000001 | ID: 5046
2025-10-09 04:24:56 | DEBUG    | generate_patient_sequence:503 |   Rank 14: 242                  | Prob: 0.000001 | ID: 28698
2025-10-09 04:24:56 | DEBUG    | generate_patient_sequence:503 |   Rank 15: 74                   | Prob: 0.000001 | ID: 5243
2025-10-09 04:24:56 | DEBUG    | generate_patient_sequence:503 |   Rank 16: L                    | Prob: 0.000001 | ID: 574
2025-10-09 04:24:56 | DEBUG    | generate_patient_sequence:503 |   Rank 17: 80                   | Prob: 0.000001 | ID: 2940
2025-10-09 04:24:56 | DEBUG    | generate_patient_sequence:503 |   Rank 18: united               | Prob: 0.000001 | ID: 33557
2025-10-09 04:24:56 | DEBUG    | generate_patient_sequence:503 |   Rank 19: 86                   | Prob: 0.000000 | ID: 5334
2025-10-09 04:24:56 | DEBUG    | generate_patient_sequence:503 |   Rank 20: 52                   | Prob: 0.000000 | ID: 4429
2025-10-09 04:24:56 | INFO     | generate_patient_sequence:507 | Starting generation with temp=1.3, top_k=100, max_length=256
2025-10-09 04:24:57 | DEBUG    | generate_patient_sequence:520 | Generated token IDs: [2, 0, 4283, 37350, 510, 1889, 2371, 6532, 21455, 30535, 256, 28696, 12789, 139, 15698, 2, 50265, 2, 50267]
2025-10-09 04:24:57 | DEBUG    | generate_patient_sequence:521 | Generated length: 19 tokens
2025-10-09 04:24:57 | INFO     | generate_patient_sequence:529 | Generated token counts - <v>: 1, <\v>: 0, <END>: 1
2025-10-09 04:24:57 | DEBUG    | generate_patient_sequence:537 | Raw generated sequence: </s><s>54 HISPANIC OR LATINO M <demo></s> <v> </s> <END>
2025-10-09 04:24:57 | INFO     | generate_patient_sequence:540 | Generated sequence (clean): 54 HISPANIC OR LATINO M <demo>
2025-10-09 04:24:57 | INFO     | <module>:677 | === Training and generation complete ===
